-- Found ament_cmake: 2.5.6 (/opt/ros/jazzy/share/ament_cmake/cmake)
-- Found rclcpp: 28.1.18 (/opt/ros/jazzy/share/rclcpp/cmake)
-- Found rosidl_generator_c: 4.6.7 (/opt/ros/jazzy/share/rosidl_generator_c/cmake)
-- Found rosidl_generator_cpp: 4.6.7 (/opt/ros/jazzy/share/rosidl_generator_cpp/cmake)
-- Using all available rosidl_typesupport_c: rosidl_typesupport_fastrtps_c;rosidl_typesupport_introspection_c
-- Using all available rosidl_typesupport_cpp: rosidl_typesupport_fastrtps_cpp;rosidl_typesupport_introspection_cpp
-- Found rmw_implementation_cmake: 7.3.3 (/opt/ros/jazzy/share/rmw_implementation_cmake/cmake)
-- Found rmw_fastrtps_cpp: 8.4.3 (/opt/ros/jazzy/share/rmw_fastrtps_cpp/cmake)
-- Using RMW implementation 'rmw_fastrtps_cpp' as default
-- Found custom_interfaces: 0.0.0 (/home/yura/firstprogram/install/custom_interfaces/share/custom_interfaces/cmake)
-- Found turtlesim: 1.8.3 (/home/yura/firstprogram/install/turtlesim/share/turtlesim/cmake)
-- Found ament_lint_auto: 0.17.5 (/opt/ros/jazzy/share/ament_lint_auto/cmake)
-- Added test 'cppcheck' to perform static code analysis on C / C++ code
-- Configured cppcheck include dirs: 
-- Configured cppcheck exclude dirs and/or files: 
-- Added test 'lint_cmake' to check CMake code style
-- Added test 'uncrustify' to check C / C++ code style
-- Configured uncrustify additional arguments: 
-- Added test 'xmllint' to check XML markup files
-- Configuring done (0.4s)
-- Generating done (0.0s)
-- Build files have been written to: /home/yura/firstprogram/build/cpp_pubsub
[ 25%] [32mBuilding CXX object CMakeFiles/minimal_publisher.dir/src/minimal_publisher.cpp.o[0m
[ 50%] [32mBuilding CXX object CMakeFiles/minimal_subscriber.dir/src/minimal_subscriber.cpp.o[0m
[01m[K/home/yura/firstprogram/src/cpp_pubsub/src/minimal_publisher.cpp:31:45:[m[K [01;31m[Kerror: [m[K‘[01m[Kcoord[m[K’ is not a member of ‘[01m[Kcustom_interfaces::msg[m[K’; did you mean ‘[01m[KCoord[m[K’?
   31 |   rclcpp::Publisher<custom_interfaces::msg::[01;31m[Kcoord[m[K>::SharedPtr publisher_;
      |                                             [01;31m[K^~~~~[m[K
      |                                             [32m[KCoord[m[K
[01m[K/home/yura/firstprogram/src/cpp_pubsub/src/minimal_publisher.cpp:31:50:[m[K [01;31m[Kerror: [m[Ktemplate argument 1 is invalid
   31 |   rclcpp::Publisher<custom_interfaces::msg::coord[01;31m[K>[m[K::SharedPtr publisher_;
      |                                                  [01;31m[K^[m[K
[01m[K/home/yura/firstprogram/src/cpp_pubsub/src/minimal_publisher.cpp:31:53:[m[K [01;31m[Kerror: [m[Kexpected ‘[01m[K;[m[K’ at end of member declaration
   31 |   rclcpp::Publisher<custom_interfaces::msg::coord>::[01;31m[KSharedPtr[m[K publisher_;
      |                                                     [01;31m[K^~~~~~~~~[m[K
      |                                                              [32m[K;[m[K
[01m[K/home/yura/firstprogram/src/cpp_pubsub/src/minimal_publisher.cpp:31:63:[m[K [01;31m[Kerror: [m[K‘[01m[Kpublisher_[m[K’ does not name a type; did you mean ‘[01m[Krmw_publisher_t[m[K’?
   31 |   rclcpp::Publisher<custom_interfaces::msg::coord>::SharedPtr [01;31m[Kpublisher_[m[K;
      |                                                               [01;31m[K^~~~~~~~~~[m[K
      |                                                               [32m[Krmw_publisher_t[m[K
[01m[K/home/yura/firstprogram/src/cpp_pubsub/src/minimal_publisher.cpp:[m[K In constructor ‘[01m[KMinimalPublisher::[01;32m[KMinimalPublisher[m[K()[m[K’:
[01m[K/home/yura/firstprogram/src/cpp_pubsub/src/minimal_publisher.cpp:16:5:[m[K [01;31m[Kerror: [m[K‘[01m[Kpublisher_[m[K’ was not declared in this scope; did you mean ‘[01m[Krmw_publisher_t[m[K’?
   16 |     [01;31m[Kpublisher_[m[K = this->create_publisher<custom_interfaces::msg::coord>("topic", 10);
      |     [01;31m[K^~~~~~~~~~[m[K
      |     [32m[Krmw_publisher_t[m[K
[01m[K/home/yura/firstprogram/src/cpp_pubsub/src/minimal_publisher.cpp:16:65:[m[K [01;31m[Kerror: [m[K‘[01m[Kcoord[m[K’ is not a member of ‘[01m[Kcustom_interfaces::msg[m[K’; did you mean ‘[01m[KCoord[m[K’?
   16 |     publisher_ = this->create_publisher<custom_interfaces::msg::[01;31m[Kcoord[m[K>("topic", 10);
      |                                                                 [01;31m[K^~~~~[m[K
      |                                                                 [32m[KCoord[m[K
[01m[K/home/yura/firstprogram/src/cpp_pubsub/src/minimal_publisher.cpp:16:71:[m[K [01;31m[Kerror: [m[Kno matching function for call to ‘[01m[KMinimalPublisher::create_publisher<<expression error> >(const char [6], int)[m[K’
   16 |     publisher_ = [01;31m[Kthis->create_publisher<custom_interfaces::msg::coord>("topic", 10)[m[K;
      |                  [01;31m[K~~~~~~~~~~~~~~~~~~~~~~~~~~~~~~~~~~~~~~~~~~~~~~~~~~~~~^~~~~~~~~~~~~[m[K
In file included from [01m[K/opt/ros/jazzy/include/rclcpp/rclcpp/executors/single_threaded_executor.hpp:28[m[K,
                 from [01m[K/opt/ros/jazzy/include/rclcpp/rclcpp/executors.hpp:22[m[K,
                 from [01m[K/opt/ros/jazzy/include/rclcpp/rclcpp/rclcpp.hpp:172[m[K,
                 from [01m[K/home/yura/firstprogram/src/cpp_pubsub/src/minimal_publisher.cpp:4[m[K:
[01m[K/opt/ros/jazzy/include/rclcpp/rclcpp/node.hpp:197:3:[m[K [01;36m[Knote: [m[Kcandidate: ‘[01m[Ktemplate<class MessageT, class AllocatorT, class PublisherT> std::shared_ptr<PublisherT> rclcpp::Node::[01;32m[Kcreate_publisher[m[K(const std::string&, const rclcpp::QoS&, const rclcpp::PublisherOptionsWithAllocator<AllocatorT>&)[m[K’
  197 |   [01;36m[Kcreate_publisher[m[K(
      |   [01;36m[K^~~~~~~~~~~~~~~~[m[K
[01m[K/opt/ros/jazzy/include/rclcpp/rclcpp/node.hpp:197:3:[m[K [01;36m[Knote: [m[K  template argument deduction/substitution failed:
[01m[K/home/yura/firstprogram/src/cpp_pubsub/src/minimal_publisher.cpp:16:71:[m[K [01;31m[Kerror: [m[Ktemplate argument 1 is invalid
   16 |     publisher_ = [01;31m[Kthis->create_publisher<custom_interfaces::msg::coord>("topic", 10)[m[K;
      |                  [01;31m[K~~~~~~~~~~~~~~~~~~~~~~~~~~~~~~~~~~~~~~~~~~~~~~~~~~~~~^~~~~~~~~~~~~[m[K
[01m[K/home/yura/firstprogram/src/cpp_pubsub/src/minimal_publisher.cpp:[m[K In lambda function:
[01m[K/home/yura/firstprogram/src/cpp_pubsub/src/minimal_publisher.cpp:19:48:[m[K [01;31m[Kerror: [m[K‘[01m[Kcoord[m[K’ is not a member of ‘[01m[Kcustom_interfaces::msg[m[K’; did you mean ‘[01m[KCoord[m[K’?
   19 |         auto message = custom_interfaces::msg::[01;31m[Kcoord[m[K();
      |                                                [01;31m[K^~~~~[m[K
      |                                                [32m[KCoord[m[K
[01m[K/home/yura/firstprogram/src/cpp_pubsub/src/minimal_publisher.cpp:24:15:[m[K [01;31m[Kerror: [m[K‘[01m[Kclass MinimalPublisher[m[K’ has no member named ‘[01m[Kpublisher_[m[K’
   24 |         this->[01;31m[Kpublisher_[m[K->publish(message);
      |               [01;31m[K^~~~~~~~~~[m[K
[01m[K/home/yura/firstprogram/src/cpp_pubsub/src/minimal_subscriber.cpp:26:29:[m[K [01;31m[Kerror: [m[K‘[01m[Kros_tutorials[m[K’ does not name a type
   26 |   void topic_callback(const [01;31m[Kros_tutorials[m[K::msg::coord::SharedPtr msg)
      |                             [01;31m[K^~~~~~~~~~~~~[m[K
[01m[K/home/yura/firstprogram/src/cpp_pubsub/src/minimal_subscriber.cpp:26:47:[m[K [01;31m[Kerror: [m[Kexpected unqualified-id before ‘[01m[K::[m[K’ token
   26 |   void topic_callback(const ros_tutorials::msg[01;31m[K::[m[Kcoord::SharedPtr msg)
      |                                               [01;31m[K^~[m[K
[01m[K/home/yura/firstprogram/src/cpp_pubsub/src/minimal_subscriber.cpp:26:47:[m[K [01;31m[Kerror: [m[Kexpected ‘[01m[K)[m[K’ before ‘[01m[K::[m[K’ token
   26 |   void topic_callback[34m[K([m[Kconst ros_tutorials::msg[01;31m[K:[m[K[32m[K:[m[Kcoord::SharedPtr msg)
      |                      [34m[K~[m[K                        [01;31m[K^[m[K[32m[K~[m[K
      |                                               [32m[K)[m[K
[01m[K/home/yura/firstprogram/src/cpp_pubsub/src/minimal_subscriber.cpp:26:44:[m[K [01;31m[Kerror: [m[Kexpected ‘[01m[K;[m[K’ at end of member declaration
   26 |   void topic_callback(const ros_tutorials::[01;31m[Kmsg[m[K::coord::SharedPtr msg)
      |                                            [01;31m[K^~~[m[K
      |                                               [32m[K;[m[K
[01m[K/home/yura/firstprogram/src/cpp_pubsub/src/minimal_subscriber.cpp:26:49:[m[K [01;31m[Kerror: [m[K‘[01m[Kcoord[m[K’ in namespace ‘[01m[K::[m[K’ does not name a type
   26 |   void topic_callback(const ros_tutorials::msg::[01;31m[Kcoord[m[K::SharedPtr msg)
      |                                                 [01;31m[K^~~~~[m[K
[01m[K/home/yura/firstprogram/src/cpp_pubsub/src/minimal_subscriber.cpp:58:24:[m[K [01;31m[Kerror: [m[K‘[01m[Kros_tutorials[m[K’ was not declared in this scope
   58 |   rclcpp::Subscription<[01;31m[Kros_tutorials[m[K::msg::coord>::SharedPtr subscription_;
      |                        [01;31m[K^~~~~~~~~~~~~[m[K
[01m[K/home/yura/firstprogram/src/cpp_pubsub/src/minimal_subscriber.cpp:58:49:[m[K [01;31m[Kerror: [m[Ktemplate argument 1 is invalid
   58 |   rclcpp::Subscription<ros_tutorials::msg::coord[01;31m[K>[m[K::SharedPtr subscription_;
      |                                                 [01;31m[K^[m[K
[01m[K/home/yura/firstprogram/src/cpp_pubsub/src/minimal_subscriber.cpp:58:49:[m[K [01;31m[Kerror: [m[Ktemplate argument 3 is invalid
[01m[K/home/yura/firstprogram/src/cpp_pubsub/src/minimal_subscriber.cpp:58:49:[m[K [01;31m[Kerror: [m[Ktemplate argument 4 is invalid
[01m[K/home/yura/firstprogram/src/cpp_pubsub/src/minimal_subscriber.cpp:58:49:[m[K [01;31m[Kerror: [m[Ktemplate argument 5 is invalid
[01m[K/home/yura/firstprogram/src/cpp_pubsub/src/minimal_subscriber.cpp:58:52:[m[K [01;31m[Kerror: [m[Kexpected ‘[01m[K;[m[K’ at end of member declaration
   58 |   rclcpp::Subscription<ros_tutorials::msg::coord>::[01;31m[KSharedPtr[m[K subscription_;
      |                                                    [01;31m[K^~~~~~~~~[m[K
      |                                                             [32m[K;[m[K
[01m[K/home/yura/firstprogram/src/cpp_pubsub/src/minimal_subscriber.cpp:58:62:[m[K [01;31m[Kerror: [m[K‘[01m[Ksubscription_[m[K’ does not name a type; did you mean ‘[01m[Krmw_subscription_t[m[K’?
   58 |   rclcpp::Subscription<ros_tutorials::msg::coord>::SharedPtr [01;31m[Ksubscription_[m[K;
      |                                                              [01;31m[K^~~~~~~~~~~~~[m[K
      |                                                              [32m[Krmw_subscription_t[m[K
[01m[K/home/yura/firstprogram/src/cpp_pubsub/src/minimal_subscriber.cpp:[m[K In constructor ‘[01m[KMinimalSubscriber::[01;32m[KMinimalSubscriber[m[K()[m[K’:
[01m[K/home/yura/firstprogram/src/cpp_pubsub/src/minimal_subscriber.cpp:20:5:[m[K [01;31m[Kerror: [m[K‘[01m[Ksubscription_[m[K’ was not declared in this scope; did you mean ‘[01m[Krmw_subscription_t[m[K’?
   20 |     [01;31m[Ksubscription_[m[K = this->create_subscription<ros_tutorials::msg::coord>(
      |     [01;31m[K^~~~~~~~~~~~~[m[K
      |     [32m[Krmw_subscription_t[m[K
[01m[K/home/yura/firstprogram/src/cpp_pubsub/src/minimal_subscriber.cpp:20:47:[m[K [01;31m[Kerror: [m[K‘[01m[Kros_tutorials[m[K’ was not declared in this scope
   20 |     subscription_ = this->create_subscription<[01;31m[Kros_tutorials[m[K::msg::coord>(
      |                                               [01;31m[K^~~~~~~~~~~~~[m[K
[01m[K/home/yura/firstprogram/src/cpp_pubsub/src/minimal_subscriber.cpp:20:27:[m[K [01;31m[Kerror: [m[Kparse error in template argument list
   20 |     subscription_ = this->[01;31m[Kcreate_subscription<ros_tutorials::msg::coord>[m[K(
      |                           [01;31m[K^~~~~~~~~~~~~~~~~~~~~~~~~~~~~~~~~~~~~~~~~~~~~~[m[K
[01m[K/home/yura/firstprogram/src/cpp_pubsub/src/minimal_subscriber.cpp:20:73:[m[K [01;31m[Kerror: [m[Kno matching function for call to ‘[01m[KMinimalSubscriber::create_subscription<<expression error> >(const char [6], int, std::_Bind_helper<false, void (MinimalSubscriber::*)(...), MinimalSubscriber*, const std::_Placeholder<1>&>::type)[m[K’
   20 |     subscription_ = [01;31m[Kthis->create_subscription<ros_tutorials::msg::coord>([m[K
      |                     [01;31m[K~~~~~~~~~~~~~~~~~~~~~~~~~~~~~~~~~~~~~~~~~~~~~~~~~~~~^[m[K
   21 | [01;31m[K      "topic", 10, std::bind(&MinimalSubscriber::topic_callback, this, std::placeholders::_1))[m[K;
      |       [01;31m[K~~~~~~~~~~~~~~~~~~~~~~~~~~~~~~~~~~~~~~~~~~~~~~~~~~~~~~~~~~~~~~~~~~~~~~~~~~~~~~~~~~~~~~~~[m[K
In file included from [01m[K/opt/ros/jazzy/include/rclcpp/rclcpp/executors/single_threaded_executor.hpp:28[m[K,
                 from [01m[K/opt/ros/jazzy/include/rclcpp/rclcpp/executors.hpp:22[m[K,
                 from [01m[K/opt/ros/jazzy/include/rclcpp/rclcpp/rclcpp.hpp:172[m[K,
                 from [01m[K/home/yura/firstprogram/src/cpp_pubsub/src/minimal_subscriber.cpp:4[m[K:
[01m[K/opt/ros/jazzy/include/rclcpp/rclcpp/node.hpp:221:3:[m[K [01;36m[Knote: [m[Kcandidate: ‘[01m[Ktemplate<class MessageT, class CallbackT, class AllocatorT, class SubscriptionT, class MessageMemoryStrategyT> std::shared_ptr<ROSMessageT> rclcpp::Node::[01;32m[Kcreate_subscription[m[K(const std::string&, const rclcpp::QoS&, CallbackT&&, const rclcpp::SubscriptionOptionsWithAllocator<AllocatorT>&, typename MessageMemoryStrategyT::SharedPtr)[m[K’
  221 |   [01;36m[Kcreate_subscription[m[K(
      |   [01;36m[K^~~~~~~~~~~~~~~~~~~[m[K
[01m[K/opt/ros/jazzy/include/rclcpp/rclcpp/node.hpp:221:3:[m[K [01;36m[Knote: [m[K  template argument deduction/substitution failed:
[01m[K/home/yura/firstprogram/src/cpp_pubsub/src/minimal_subscriber.cpp:20:73:[m[K [01;31m[Kerror: [m[Ktemplate argument 1 is invalid
   20 |     subscription_ = [01;31m[Kthis->create_subscription<ros_tutorials::msg::coord>([m[K
      |                     [01;31m[K~~~~~~~~~~~~~~~~~~~~~~~~~~~~~~~~~~~~~~~~~~~~~~~~~~~~^[m[K
   21 | [01;31m[K      "topic", 10, std::bind(&MinimalSubscriber::topic_callback, this, std::placeholders::_1))[m[K;
      |       [01;31m[K~~~~~~~~~~~~~~~~~~~~~~~~~~~~~~~~~~~~~~~~~~~~~~~~~~~~~~~~~~~~~~~~~~~~~~~~~~~~~~~~~~~~~~~~[m[K
gmake[2]: *** [CMakeFiles/minimal_publisher.dir/build.make:76: CMakeFiles/minimal_publisher.dir/src/minimal_publisher.cpp.o] Error 1
gmake[1]: *** [CMakeFiles/Makefile2:165: CMakeFiles/minimal_publisher.dir/all] Error 2
gmake[1]: *** Waiting for unfinished jobs....
gmake[2]: *** [CMakeFiles/minimal_subscriber.dir/build.make:76: CMakeFiles/minimal_subscriber.dir/src/minimal_subscriber.cpp.o] Error 1
gmake[1]: *** [CMakeFiles/Makefile2:139: CMakeFiles/minimal_subscriber.dir/all] Error 2
gmake: *** [Makefile:146: all] Error 2
