[0.011s] Invoking command in '/home/yura/firstprogram/build/cpp_pubsub': CMAKE_PREFIX_PATH=/home/yura/firstprogram/install/turtlesim:/home/yura/firstprogram/install/custom_interfaces:/home/yura/firstprogram/install/simplepubsub:/home/yura/firstprogram/install/tutorial_interfaces:/home/yura/firstprogram/install/firstprog:/home/yura/firstprogram/install/cpp_srvcli:/home/yura/firstprogram/install/cpp_pubsub:/opt/ros/jazzy/opt/sdformat_vendor:/opt/ros/jazzy/opt/gz_math_vendor:/opt/ros/jazzy/opt/gz_utils_vendor:/opt/ros/jazzy/opt/gz_tools_vendor:/opt/ros/jazzy/opt/gz_cmake_vendor:/opt/ros/jazzy DEBUGINFOD_URLS=https://debuginfod.ubuntu.com LD_LIBRARY_PATH=/home/yura/firstprogram/install/turtlesim/lib:/home/yura/firstprogram/install/custom_interfaces/lib:/home/yura/firstprogram/install/tutorial_interfaces/lib:/opt/ros/jazzy/opt/sdformat_vendor/lib:/opt/ros/jazzy/opt/rviz_ogre_vendor/lib:/opt/ros/jazzy/lib/x86_64-linux-gnu:/opt/ros/jazzy/opt/gz_math_vendor/lib:/opt/ros/jazzy/opt/gz_utils_vendor/lib:/opt/ros/jazzy/opt/gz_tools_vendor/lib:/opt/ros/jazzy/opt/gz_cmake_vendor/lib:/opt/ros/jazzy/lib PYTHONPATH=/home/yura/firstprogram/install/turtlesim/lib/python3.12/site-packages:/home/yura/firstprogram/install/custom_interfaces/lib/python3.12/site-packages:/home/yura/firstprogram/install/tutorial_interfaces/lib/python3.12/site-packages:/opt/ros/jazzy/lib/python3.12/site-packages /usr/bin/cmake --build /home/yura/firstprogram/build/cpp_pubsub -- -j12 -l12
[0.031s] -- Found ament_cmake: 2.5.6 (/opt/ros/jazzy/share/ament_cmake/cmake)
[0.182s] -- Found rclcpp: 28.1.18 (/opt/ros/jazzy/share/rclcpp/cmake)
[0.199s] -- Found rosidl_generator_c: 4.6.7 (/opt/ros/jazzy/share/rosidl_generator_c/cmake)
[0.204s] -- Found rosidl_generator_cpp: 4.6.7 (/opt/ros/jazzy/share/rosidl_generator_cpp/cmake)
[0.211s] -- Using all available rosidl_typesupport_c: rosidl_typesupport_fastrtps_c;rosidl_typesupport_introspection_c
[0.219s] -- Using all available rosidl_typesupport_cpp: rosidl_typesupport_fastrtps_cpp;rosidl_typesupport_introspection_cpp
[0.258s] -- Found rmw_implementation_cmake: 7.3.3 (/opt/ros/jazzy/share/rmw_implementation_cmake/cmake)
[0.259s] -- Found rmw_fastrtps_cpp: 8.4.3 (/opt/ros/jazzy/share/rmw_fastrtps_cpp/cmake)
[0.309s] -- Using RMW implementation 'rmw_fastrtps_cpp' as default
[0.350s] -- Found custom_interfaces: 0.0.0 (/home/yura/firstprogram/install/custom_interfaces/share/custom_interfaces/cmake)
[0.356s] -- Found turtlesim: 1.8.3 (/home/yura/firstprogram/install/turtlesim/share/turtlesim/cmake)
[0.390s] -- Found ament_lint_auto: 0.17.5 (/opt/ros/jazzy/share/ament_lint_auto/cmake)
[0.455s] -- Added test 'cppcheck' to perform static code analysis on C / C++ code
[0.455s] -- Configured cppcheck include dirs: 
[0.455s] -- Configured cppcheck exclude dirs and/or files: 
[0.455s] -- Added test 'lint_cmake' to check CMake code style
[0.456s] -- Added test 'uncrustify' to check C / C++ code style
[0.456s] -- Configured uncrustify additional arguments: 
[0.456s] -- Added test 'xmllint' to check XML markup files
[0.456s] -- Configuring done (0.4s)
[0.465s] -- Generating done (0.0s)
[0.468s] -- Build files have been written to: /home/yura/firstprogram/build/cpp_pubsub
[0.497s] [ 25%] [32mBuilding CXX object CMakeFiles/minimal_publisher.dir/src/minimal_publisher.cpp.o[0m
[0.497s] [ 50%] [32mBuilding CXX object CMakeFiles/minimal_subscriber.dir/src/minimal_subscriber.cpp.o[0m
[1.824s] [01m[K/home/yura/firstprogram/src/cpp_pubsub/src/minimal_publisher.cpp:31:45:[m[K [01;31m[Kerror: [m[K‘[01m[Kcoord[m[K’ is not a member of ‘[01m[Kcustom_interfaces::msg[m[K’; did you mean ‘[01m[KCoord[m[K’?
[1.824s]    31 |   rclcpp::Publisher<custom_interfaces::msg::[01;31m[Kcoord[m[K>::SharedPtr publisher_;
[1.824s]       |                                             [01;31m[K^~~~~[m[K
[1.824s]       |                                             [32m[KCoord[m[K
[1.824s] [01m[K/home/yura/firstprogram/src/cpp_pubsub/src/minimal_publisher.cpp:31:50:[m[K [01;31m[Kerror: [m[Ktemplate argument 1 is invalid
[1.824s]    31 |   rclcpp::Publisher<custom_interfaces::msg::coord[01;31m[K>[m[K::SharedPtr publisher_;
[1.824s]       |                                                  [01;31m[K^[m[K
[1.824s] [01m[K/home/yura/firstprogram/src/cpp_pubsub/src/minimal_publisher.cpp:31:53:[m[K [01;31m[Kerror: [m[Kexpected ‘[01m[K;[m[K’ at end of member declaration
[1.824s]    31 |   rclcpp::Publisher<custom_interfaces::msg::coord>::[01;31m[KSharedPtr[m[K publisher_;
[1.824s]       |                                                     [01;31m[K^~~~~~~~~[m[K
[1.824s]       |                                                              [32m[K;[m[K
[1.826s] [01m[K/home/yura/firstprogram/src/cpp_pubsub/src/minimal_publisher.cpp:31:63:[m[K [01;31m[Kerror: [m[K‘[01m[Kpublisher_[m[K’ does not name a type; did you mean ‘[01m[Krmw_publisher_t[m[K’?
[1.826s]    31 |   rclcpp::Publisher<custom_interfaces::msg::coord>::SharedPtr [01;31m[Kpublisher_[m[K;
[1.826s]       |                                                               [01;31m[K^~~~~~~~~~[m[K
[1.826s]       |                                                               [32m[Krmw_publisher_t[m[K
[1.832s] [01m[K/home/yura/firstprogram/src/cpp_pubsub/src/minimal_publisher.cpp:[m[K In constructor ‘[01m[KMinimalPublisher::[01;32m[KMinimalPublisher[m[K()[m[K’:
[1.832s] [01m[K/home/yura/firstprogram/src/cpp_pubsub/src/minimal_publisher.cpp:16:5:[m[K [01;31m[Kerror: [m[K‘[01m[Kpublisher_[m[K’ was not declared in this scope; did you mean ‘[01m[Krmw_publisher_t[m[K’?
[1.832s]    16 |     [01;31m[Kpublisher_[m[K = this->create_publisher<custom_interfaces::msg::coord>("topic", 10);
[1.832s]       |     [01;31m[K^~~~~~~~~~[m[K
[1.832s]       |     [32m[Krmw_publisher_t[m[K
[1.832s] [01m[K/home/yura/firstprogram/src/cpp_pubsub/src/minimal_publisher.cpp:16:65:[m[K [01;31m[Kerror: [m[K‘[01m[Kcoord[m[K’ is not a member of ‘[01m[Kcustom_interfaces::msg[m[K’; did you mean ‘[01m[KCoord[m[K’?
[1.832s]    16 |     publisher_ = this->create_publisher<custom_interfaces::msg::[01;31m[Kcoord[m[K>("topic", 10);
[1.832s]       |                                                                 [01;31m[K^~~~~[m[K
[1.832s]       |                                                                 [32m[KCoord[m[K
[1.832s] [01m[K/home/yura/firstprogram/src/cpp_pubsub/src/minimal_publisher.cpp:16:71:[m[K [01;31m[Kerror: [m[Kno matching function for call to ‘[01m[KMinimalPublisher::create_publisher<<expression error> >(const char [6], int)[m[K’
[1.833s]    16 |     publisher_ = [01;31m[Kthis->create_publisher<custom_interfaces::msg::coord>("topic", 10)[m[K;
[1.833s]       |                  [01;31m[K~~~~~~~~~~~~~~~~~~~~~~~~~~~~~~~~~~~~~~~~~~~~~~~~~~~~~^~~~~~~~~~~~~[m[K
[1.833s] In file included from [01m[K/opt/ros/jazzy/include/rclcpp/rclcpp/executors/single_threaded_executor.hpp:28[m[K,
[1.833s]                  from [01m[K/opt/ros/jazzy/include/rclcpp/rclcpp/executors.hpp:22[m[K,
[1.833s]                  from [01m[K/opt/ros/jazzy/include/rclcpp/rclcpp/rclcpp.hpp:172[m[K,
[1.833s]                  from [01m[K/home/yura/firstprogram/src/cpp_pubsub/src/minimal_publisher.cpp:4[m[K:
[1.833s] [01m[K/opt/ros/jazzy/include/rclcpp/rclcpp/node.hpp:197:3:[m[K [01;36m[Knote: [m[Kcandidate: ‘[01m[Ktemplate<class MessageT, class AllocatorT, class PublisherT> std::shared_ptr<PublisherT> rclcpp::Node::[01;32m[Kcreate_publisher[m[K(const std::string&, const rclcpp::QoS&, const rclcpp::PublisherOptionsWithAllocator<AllocatorT>&)[m[K’
[1.833s]   197 |   [01;36m[Kcreate_publisher[m[K(
[1.833s]       |   [01;36m[K^~~~~~~~~~~~~~~~[m[K
[1.833s] [01m[K/opt/ros/jazzy/include/rclcpp/rclcpp/node.hpp:197:3:[m[K [01;36m[Knote: [m[K  template argument deduction/substitution failed:
[1.833s] [01m[K/home/yura/firstprogram/src/cpp_pubsub/src/minimal_publisher.cpp:16:71:[m[K [01;31m[Kerror: [m[Ktemplate argument 1 is invalid
[1.834s]    16 |     publisher_ = [01;31m[Kthis->create_publisher<custom_interfaces::msg::coord>("topic", 10)[m[K;
[1.834s]       |                  [01;31m[K~~~~~~~~~~~~~~~~~~~~~~~~~~~~~~~~~~~~~~~~~~~~~~~~~~~~~^~~~~~~~~~~~~[m[K
[1.834s] [01m[K/home/yura/firstprogram/src/cpp_pubsub/src/minimal_publisher.cpp:[m[K In lambda function:
[1.834s] [01m[K/home/yura/firstprogram/src/cpp_pubsub/src/minimal_publisher.cpp:19:48:[m[K [01;31m[Kerror: [m[K‘[01m[Kcoord[m[K’ is not a member of ‘[01m[Kcustom_interfaces::msg[m[K’; did you mean ‘[01m[KCoord[m[K’?
[1.834s]    19 |         auto message = custom_interfaces::msg::[01;31m[Kcoord[m[K();
[1.834s]       |                                                [01;31m[K^~~~~[m[K
[1.834s]       |                                                [32m[KCoord[m[K
[1.834s] [01m[K/home/yura/firstprogram/src/cpp_pubsub/src/minimal_publisher.cpp:24:15:[m[K [01;31m[Kerror: [m[K‘[01m[Kclass MinimalPublisher[m[K’ has no member named ‘[01m[Kpublisher_[m[K’
[1.834s]    24 |         this->[01;31m[Kpublisher_[m[K->publish(message);
[1.834s]       |               [01;31m[K^~~~~~~~~~[m[K
[1.835s] [01m[K/home/yura/firstprogram/src/cpp_pubsub/src/minimal_subscriber.cpp:26:29:[m[K [01;31m[Kerror: [m[K‘[01m[Kros_tutorials[m[K’ does not name a type
[1.835s]    26 |   void topic_callback(const [01;31m[Kros_tutorials[m[K::msg::coord::SharedPtr msg)
[1.835s]       |                             [01;31m[K^~~~~~~~~~~~~[m[K
[1.835s] [01m[K/home/yura/firstprogram/src/cpp_pubsub/src/minimal_subscriber.cpp:26:47:[m[K [01;31m[Kerror: [m[Kexpected unqualified-id before ‘[01m[K::[m[K’ token
[1.836s]    26 |   void topic_callback(const ros_tutorials::msg[01;31m[K::[m[Kcoord::SharedPtr msg)
[1.836s]       |                                               [01;31m[K^~[m[K
[1.836s] [01m[K/home/yura/firstprogram/src/cpp_pubsub/src/minimal_subscriber.cpp:26:47:[m[K [01;31m[Kerror: [m[Kexpected ‘[01m[K)[m[K’ before ‘[01m[K::[m[K’ token
[1.836s]    26 |   void topic_callback[34m[K([m[Kconst ros_tutorials::msg[01;31m[K:[m[K[32m[K:[m[Kcoord::SharedPtr msg)
[1.836s]       |                      [34m[K~[m[K                        [01;31m[K^[m[K[32m[K~[m[K
[1.836s]       |                                               [32m[K)[m[K
[1.836s] [01m[K/home/yura/firstprogram/src/cpp_pubsub/src/minimal_subscriber.cpp:26:44:[m[K [01;31m[Kerror: [m[Kexpected ‘[01m[K;[m[K’ at end of member declaration
[1.836s]    26 |   void topic_callback(const ros_tutorials::[01;31m[Kmsg[m[K::coord::SharedPtr msg)
[1.836s]       |                                            [01;31m[K^~~[m[K
[1.836s]       |                                               [32m[K;[m[K
[1.837s] [01m[K/home/yura/firstprogram/src/cpp_pubsub/src/minimal_subscriber.cpp:26:49:[m[K [01;31m[Kerror: [m[K‘[01m[Kcoord[m[K’ in namespace ‘[01m[K::[m[K’ does not name a type
[1.837s]    26 |   void topic_callback(const ros_tutorials::msg::[01;31m[Kcoord[m[K::SharedPtr msg)
[1.837s]       |                                                 [01;31m[K^~~~~[m[K
[1.843s] [01m[K/home/yura/firstprogram/src/cpp_pubsub/src/minimal_subscriber.cpp:58:24:[m[K [01;31m[Kerror: [m[K‘[01m[Kros_tutorials[m[K’ was not declared in this scope
[1.843s]    58 |   rclcpp::Subscription<[01;31m[Kros_tutorials[m[K::msg::coord>::SharedPtr subscription_;
[1.843s]       |                        [01;31m[K^~~~~~~~~~~~~[m[K
[1.843s] [01m[K/home/yura/firstprogram/src/cpp_pubsub/src/minimal_subscriber.cpp:58:49:[m[K [01;31m[Kerror: [m[Ktemplate argument 1 is invalid
[1.843s]    58 |   rclcpp::Subscription<ros_tutorials::msg::coord[01;31m[K>[m[K::SharedPtr subscription_;
[1.843s]       |                                                 [01;31m[K^[m[K
[1.843s] [01m[K/home/yura/firstprogram/src/cpp_pubsub/src/minimal_subscriber.cpp:58:49:[m[K [01;31m[Kerror: [m[Ktemplate argument 3 is invalid
[1.843s] [01m[K/home/yura/firstprogram/src/cpp_pubsub/src/minimal_subscriber.cpp:58:49:[m[K [01;31m[Kerror: [m[Ktemplate argument 4 is invalid
[1.843s] [01m[K/home/yura/firstprogram/src/cpp_pubsub/src/minimal_subscriber.cpp:58:49:[m[K [01;31m[Kerror: [m[Ktemplate argument 5 is invalid
[1.843s] [01m[K/home/yura/firstprogram/src/cpp_pubsub/src/minimal_subscriber.cpp:58:52:[m[K [01;31m[Kerror: [m[Kexpected ‘[01m[K;[m[K’ at end of member declaration
[1.844s]    58 |   rclcpp::Subscription<ros_tutorials::msg::coord>::[01;31m[KSharedPtr[m[K subscription_;
[1.844s]       |                                                    [01;31m[K^~~~~~~~~[m[K
[1.844s]       |                                                             [32m[K;[m[K
[1.845s] [01m[K/home/yura/firstprogram/src/cpp_pubsub/src/minimal_subscriber.cpp:58:62:[m[K [01;31m[Kerror: [m[K‘[01m[Ksubscription_[m[K’ does not name a type; did you mean ‘[01m[Krmw_subscription_t[m[K’?
[1.845s]    58 |   rclcpp::Subscription<ros_tutorials::msg::coord>::SharedPtr [01;31m[Ksubscription_[m[K;
[1.845s]       |                                                              [01;31m[K^~~~~~~~~~~~~[m[K
[1.845s]       |                                                              [32m[Krmw_subscription_t[m[K
[1.857s] [01m[K/home/yura/firstprogram/src/cpp_pubsub/src/minimal_subscriber.cpp:[m[K In constructor ‘[01m[KMinimalSubscriber::[01;32m[KMinimalSubscriber[m[K()[m[K’:
[1.857s] [01m[K/home/yura/firstprogram/src/cpp_pubsub/src/minimal_subscriber.cpp:20:5:[m[K [01;31m[Kerror: [m[K‘[01m[Ksubscription_[m[K’ was not declared in this scope; did you mean ‘[01m[Krmw_subscription_t[m[K’?
[1.857s]    20 |     [01;31m[Ksubscription_[m[K = this->create_subscription<ros_tutorials::msg::coord>(
[1.857s]       |     [01;31m[K^~~~~~~~~~~~~[m[K
[1.857s]       |     [32m[Krmw_subscription_t[m[K
[1.863s] [01m[K/home/yura/firstprogram/src/cpp_pubsub/src/minimal_subscriber.cpp:20:47:[m[K [01;31m[Kerror: [m[K‘[01m[Kros_tutorials[m[K’ was not declared in this scope
[1.863s]    20 |     subscription_ = this->create_subscription<[01;31m[Kros_tutorials[m[K::msg::coord>(
[1.863s]       |                                               [01;31m[K^~~~~~~~~~~~~[m[K
[1.863s] [01m[K/home/yura/firstprogram/src/cpp_pubsub/src/minimal_subscriber.cpp:20:27:[m[K [01;31m[Kerror: [m[Kparse error in template argument list
[1.863s]    20 |     subscription_ = this->[01;31m[Kcreate_subscription<ros_tutorials::msg::coord>[m[K(
[1.863s]       |                           [01;31m[K^~~~~~~~~~~~~~~~~~~~~~~~~~~~~~~~~~~~~~~~~~~~~~[m[K
[1.867s] [01m[K/home/yura/firstprogram/src/cpp_pubsub/src/minimal_subscriber.cpp:20:73:[m[K [01;31m[Kerror: [m[Kno matching function for call to ‘[01m[KMinimalSubscriber::create_subscription<<expression error> >(const char [6], int, std::_Bind_helper<false, void (MinimalSubscriber::*)(...), MinimalSubscriber*, const std::_Placeholder<1>&>::type)[m[K’
[1.867s]    20 |     subscription_ = [01;31m[Kthis->create_subscription<ros_tutorials::msg::coord>([m[K
[1.867s]       |                     [01;31m[K~~~~~~~~~~~~~~~~~~~~~~~~~~~~~~~~~~~~~~~~~~~~~~~~~~~~^[m[K
[1.867s]    21 | [01;31m[K      "topic", 10, std::bind(&MinimalSubscriber::topic_callback, this, std::placeholders::_1))[m[K;
[1.867s]       |       [01;31m[K~~~~~~~~~~~~~~~~~~~~~~~~~~~~~~~~~~~~~~~~~~~~~~~~~~~~~~~~~~~~~~~~~~~~~~~~~~~~~~~~~~~~~~~~[m[K
[1.867s] In file included from [01m[K/opt/ros/jazzy/include/rclcpp/rclcpp/executors/single_threaded_executor.hpp:28[m[K,
[1.867s]                  from [01m[K/opt/ros/jazzy/include/rclcpp/rclcpp/executors.hpp:22[m[K,
[1.867s]                  from [01m[K/opt/ros/jazzy/include/rclcpp/rclcpp/rclcpp.hpp:172[m[K,
[1.867s]                  from [01m[K/home/yura/firstprogram/src/cpp_pubsub/src/minimal_subscriber.cpp:4[m[K:
[1.867s] [01m[K/opt/ros/jazzy/include/rclcpp/rclcpp/node.hpp:221:3:[m[K [01;36m[Knote: [m[Kcandidate: ‘[01m[Ktemplate<class MessageT, class CallbackT, class AllocatorT, class SubscriptionT, class MessageMemoryStrategyT> std::shared_ptr<ROSMessageT> rclcpp::Node::[01;32m[Kcreate_subscription[m[K(const std::string&, const rclcpp::QoS&, CallbackT&&, const rclcpp::SubscriptionOptionsWithAllocator<AllocatorT>&, typename MessageMemoryStrategyT::SharedPtr)[m[K’
[1.867s]   221 |   [01;36m[Kcreate_subscription[m[K(
[1.867s]       |   [01;36m[K^~~~~~~~~~~~~~~~~~~[m[K
[1.867s] [01m[K/opt/ros/jazzy/include/rclcpp/rclcpp/node.hpp:221:3:[m[K [01;36m[Knote: [m[K  template argument deduction/substitution failed:
[1.868s] [01m[K/home/yura/firstprogram/src/cpp_pubsub/src/minimal_subscriber.cpp:20:73:[m[K [01;31m[Kerror: [m[Ktemplate argument 1 is invalid
[1.868s]    20 |     subscription_ = [01;31m[Kthis->create_subscription<ros_tutorials::msg::coord>([m[K
[1.868s]       |                     [01;31m[K~~~~~~~~~~~~~~~~~~~~~~~~~~~~~~~~~~~~~~~~~~~~~~~~~~~~^[m[K
[1.868s]    21 | [01;31m[K      "topic", 10, std::bind(&MinimalSubscriber::topic_callback, this, std::placeholders::_1))[m[K;
[1.868s]       |       [01;31m[K~~~~~~~~~~~~~~~~~~~~~~~~~~~~~~~~~~~~~~~~~~~~~~~~~~~~~~~~~~~~~~~~~~~~~~~~~~~~~~~~~~~~~~~~[m[K
[2.242s] gmake[2]: *** [CMakeFiles/minimal_publisher.dir/build.make:76: CMakeFiles/minimal_publisher.dir/src/minimal_publisher.cpp.o] Error 1
[2.242s] gmake[1]: *** [CMakeFiles/Makefile2:165: CMakeFiles/minimal_publisher.dir/all] Error 2
[2.242s] gmake[1]: *** Waiting for unfinished jobs....
[2.371s] gmake[2]: *** [CMakeFiles/minimal_subscriber.dir/build.make:76: CMakeFiles/minimal_subscriber.dir/src/minimal_subscriber.cpp.o] Error 1
[2.371s] gmake[1]: *** [CMakeFiles/Makefile2:139: CMakeFiles/minimal_subscriber.dir/all] Error 2
[2.371s] gmake: *** [Makefile:146: all] Error 2
[2.373s] Invoked command in '/home/yura/firstprogram/build/cpp_pubsub' returned '2': CMAKE_PREFIX_PATH=/home/yura/firstprogram/install/turtlesim:/home/yura/firstprogram/install/custom_interfaces:/home/yura/firstprogram/install/simplepubsub:/home/yura/firstprogram/install/tutorial_interfaces:/home/yura/firstprogram/install/firstprog:/home/yura/firstprogram/install/cpp_srvcli:/home/yura/firstprogram/install/cpp_pubsub:/opt/ros/jazzy/opt/sdformat_vendor:/opt/ros/jazzy/opt/gz_math_vendor:/opt/ros/jazzy/opt/gz_utils_vendor:/opt/ros/jazzy/opt/gz_tools_vendor:/opt/ros/jazzy/opt/gz_cmake_vendor:/opt/ros/jazzy DEBUGINFOD_URLS=https://debuginfod.ubuntu.com LD_LIBRARY_PATH=/home/yura/firstprogram/install/turtlesim/lib:/home/yura/firstprogram/install/custom_interfaces/lib:/home/yura/firstprogram/install/tutorial_interfaces/lib:/opt/ros/jazzy/opt/sdformat_vendor/lib:/opt/ros/jazzy/opt/rviz_ogre_vendor/lib:/opt/ros/jazzy/lib/x86_64-linux-gnu:/opt/ros/jazzy/opt/gz_math_vendor/lib:/opt/ros/jazzy/opt/gz_utils_vendor/lib:/opt/ros/jazzy/opt/gz_tools_vendor/lib:/opt/ros/jazzy/opt/gz_cmake_vendor/lib:/opt/ros/jazzy/lib PYTHONPATH=/home/yura/firstprogram/install/turtlesim/lib/python3.12/site-packages:/home/yura/firstprogram/install/custom_interfaces/lib/python3.12/site-packages:/home/yura/firstprogram/install/tutorial_interfaces/lib/python3.12/site-packages:/opt/ros/jazzy/lib/python3.12/site-packages /usr/bin/cmake --build /home/yura/firstprogram/build/cpp_pubsub -- -j12 -l12
