[0.008s] Invoking command in '/home/yura/firstprogram/build/custom_interfaces': CMAKE_PREFIX_PATH=${CMAKE_PREFIX_PATH}:/opt/ros/jazzy DEBUGINFOD_URLS=https://debuginfod.ubuntu.com /usr/bin/cmake --build /home/yura/firstprogram/build/custom_interfaces -- -j12 -l12
[0.031s] -- Found ament_cmake: 2.5.6 (/opt/ros/jazzy/share/ament_cmake/cmake)
[0.129s] -- Found rosidl_default_generators: 1.6.0 (/opt/ros/jazzy/share/rosidl_default_generators/cmake)
[0.132s] -- Using all available rosidl_typesupport_c: rosidl_typesupport_fastrtps_c;rosidl_typesupport_introspection_c
[0.155s] -- Using all available rosidl_typesupport_cpp: rosidl_typesupport_fastrtps_cpp;rosidl_typesupport_introspection_cpp
[0.180s] -- Found rosidl_adapter: 4.6.7 (/opt/ros/jazzy/share/rosidl_adapter/cmake)
[0.355s] -- Found ament_cmake_ros: 0.12.0 (/opt/ros/jazzy/share/ament_cmake_ros/cmake)
[0.426s] -- Using all available rosidl_typesupport_c: rosidl_typesupport_fastrtps_c;rosidl_typesupport_introspection_c
[0.524s] -- Using all available rosidl_typesupport_cpp: rosidl_typesupport_fastrtps_cpp;rosidl_typesupport_introspection_cpp
[0.526s] -- Found python_cmake_module: 0.11.1 (/opt/ros/jazzy/share/python_cmake_module/cmake)
[0.710s] -- Found Python3: /usr/bin/python3 (found version "3.12.3") found components: Interpreter Development NumPy Development.Module Development.Embed 
[0.740s] -- Found Python3: /usr/bin/python3 (found version "3.12.3") found components: Interpreter 
[0.741s] -- Found ament_lint_auto: 0.17.5 (/opt/ros/jazzy/share/ament_lint_auto/cmake)
[0.751s] -- Added test 'lint_cmake' to check CMake code style
[0.751s] -- Added test 'xmllint' to check XML markup files
[0.754s] -- Configuring done (0.7s)
[0.778s] -- Generating done (0.0s)
[0.785s] -- Build files have been written to: /home/yura/firstprogram/build/custom_interfaces
[0.815s] [  5%] Built target custom_interfaces__rs
[0.815s] [  5%] Built target custom_interfaces__rosidl_generator_type_description
[0.823s] [  5%] Built target ament_cmake_python_copy_custom_interfaces
[0.832s] [ 20%] Built target custom_interfaces__rosidl_generator_c
[0.832s] [ 22%] Built target custom_interfaces__cpp
[0.852s] [ 40%] Built target custom_interfaces__rosidl_typesupport_c
[0.852s] [ 40%] Built target custom_interfaces__rosidl_typesupport_introspection_c
[0.852s] [ 48%] Built target custom_interfaces__rosidl_typesupport_fastrtps_c
[0.871s] [ 57%] Built target custom_interfaces__rosidl_typesupport_introspection_cpp
[0.873s] [ 74%] Built target custom_interfaces__rosidl_typesupport_cpp
[0.873s] [ 74%] Built target custom_interfaces__rosidl_typesupport_fastrtps_cpp
[0.891s] [ 74%] Built target custom_interfaces
[0.907s] [ 77%] Built target custom_interfaces__py
[0.927s] [ 82%] Built target custom_interfaces__rosidl_generator_py
[0.950s] [ 97%] Built target custom_interfaces_s__rosidl_typesupport_introspection_c
[0.950s] [100%] Built target custom_interfaces_s__rosidl_typesupport_c
[0.950s] [100%] Built target custom_interfaces_s__rosidl_typesupport_fastrtps_c
[0.965s] running egg_info
[0.976s] writing custom_interfaces.egg-info/PKG-INFO
[0.976s] writing dependency_links to custom_interfaces.egg-info/dependency_links.txt
[0.976s] writing top-level names to custom_interfaces.egg-info/top_level.txt
[1.007s] reading manifest file 'custom_interfaces.egg-info/SOURCES.txt'
[1.007s] writing manifest file 'custom_interfaces.egg-info/SOURCES.txt'
[1.028s] [100%] Built target ament_cmake_python_build_custom_interfaces_egg
[1.038s] Invoked command in '/home/yura/firstprogram/build/custom_interfaces' returned '0': CMAKE_PREFIX_PATH=${CMAKE_PREFIX_PATH}:/opt/ros/jazzy DEBUGINFOD_URLS=https://debuginfod.ubuntu.com /usr/bin/cmake --build /home/yura/firstprogram/build/custom_interfaces -- -j12 -l12
[1.040s] Invoking command in '/home/yura/firstprogram/build/custom_interfaces': CMAKE_PREFIX_PATH=${CMAKE_PREFIX_PATH}:/opt/ros/jazzy DEBUGINFOD_URLS=https://debuginfod.ubuntu.com /usr/bin/cmake --install /home/yura/firstprogram/build/custom_interfaces
[1.045s] -- Install configuration: ""
[1.045s] -- Up-to-date: /home/yura/firstprogram/install/custom_interfaces/share/ament_index/resource_index/rosidl_interfaces/custom_interfaces
[1.045s] -- Up-to-date: /home/yura/firstprogram/install/custom_interfaces/share/custom_interfaces/msg/Coord.json
[1.045s] -- Up-to-date: /home/yura/firstprogram/install/custom_interfaces/include/custom_interfaces/custom_interfaces
[1.045s] -- Up-to-date: /home/yura/firstprogram/install/custom_interfaces/include/custom_interfaces/custom_interfaces/msg
[1.045s] -- Up-to-date: /home/yura/firstprogram/install/custom_interfaces/include/custom_interfaces/custom_interfaces/msg/detail
[1.046s] -- Up-to-date: /home/yura/firstprogram/install/custom_interfaces/include/custom_interfaces/custom_interfaces/msg/detail/coord__description.c
[1.046s] -- Up-to-date: /home/yura/firstprogram/install/custom_interfaces/include/custom_interfaces/custom_interfaces/msg/detail/coord__type_support.h
[1.046s] -- Up-to-date: /home/yura/firstprogram/install/custom_interfaces/include/custom_interfaces/custom_interfaces/msg/detail/coord__type_support.c
[1.046s] -- Up-to-date: /home/yura/firstprogram/install/custom_interfaces/include/custom_interfaces/custom_interfaces/msg/detail/coord__struct.h
[1.046s] -- Up-to-date: /home/yura/firstprogram/install/custom_interfaces/include/custom_interfaces/custom_interfaces/msg/detail/coord__functions.c
[1.046s] -- Up-to-date: /home/yura/firstprogram/install/custom_interfaces/include/custom_interfaces/custom_interfaces/msg/detail/coord__functions.h
[1.046s] -- Up-to-date: /home/yura/firstprogram/install/custom_interfaces/include/custom_interfaces/custom_interfaces/msg/rosidl_generator_c__visibility_control.h
[1.046s] -- Up-to-date: /home/yura/firstprogram/install/custom_interfaces/include/custom_interfaces/custom_interfaces/msg/coord.h
[1.047s] -- Up-to-date: /home/yura/firstprogram/install/custom_interfaces/share/custom_interfaces/environment/library_path.sh
[1.047s] -- Up-to-date: /home/yura/firstprogram/install/custom_interfaces/share/custom_interfaces/environment/library_path.dsv
[1.047s] -- Up-to-date: /home/yura/firstprogram/install/custom_interfaces/lib/libcustom_interfaces__rosidl_generator_c.so
[1.047s] -- Up-to-date: /home/yura/firstprogram/install/custom_interfaces/include/custom_interfaces/custom_interfaces
[1.047s] -- Up-to-date: /home/yura/firstprogram/install/custom_interfaces/include/custom_interfaces/custom_interfaces/msg
[1.047s] -- Up-to-date: /home/yura/firstprogram/install/custom_interfaces/include/custom_interfaces/custom_interfaces/msg/rosidl_typesupport_fastrtps_c__visibility_control.h
[1.047s] -- Up-to-date: /home/yura/firstprogram/install/custom_interfaces/include/custom_interfaces/custom_interfaces/msg/detail
[1.047s] -- Up-to-date: /home/yura/firstprogram/install/custom_interfaces/include/custom_interfaces/custom_interfaces/msg/detail/coord__rosidl_typesupport_fastrtps_c.h
[1.047s] -- Up-to-date: /home/yura/firstprogram/install/custom_interfaces/lib/libcustom_interfaces__rosidl_typesupport_fastrtps_c.so
[1.047s] -- Up-to-date: /home/yura/firstprogram/install/custom_interfaces/include/custom_interfaces/custom_interfaces
[1.047s] -- Up-to-date: /home/yura/firstprogram/install/custom_interfaces/include/custom_interfaces/custom_interfaces/msg
[1.047s] -- Up-to-date: /home/yura/firstprogram/install/custom_interfaces/include/custom_interfaces/custom_interfaces/msg/detail
[1.047s] -- Up-to-date: /home/yura/firstprogram/install/custom_interfaces/include/custom_interfaces/custom_interfaces/msg/detail/coord__type_support.c
[1.047s] -- Up-to-date: /home/yura/firstprogram/install/custom_interfaces/include/custom_interfaces/custom_interfaces/msg/detail/coord__rosidl_typesupport_introspection_c.h
[1.047s] -- Up-to-date: /home/yura/firstprogram/install/custom_interfaces/include/custom_interfaces/custom_interfaces/msg/rosidl_typesupport_introspection_c__visibility_control.h
[1.047s] -- Up-to-date: /home/yura/firstprogram/install/custom_interfaces/lib/libcustom_interfaces__rosidl_typesupport_introspection_c.so
[1.047s] -- Up-to-date: /home/yura/firstprogram/install/custom_interfaces/lib/libcustom_interfaces__rosidl_typesupport_c.so
[1.047s] -- Up-to-date: /home/yura/firstprogram/install/custom_interfaces/include/custom_interfaces/custom_interfaces
[1.047s] -- Up-to-date: /home/yura/firstprogram/install/custom_interfaces/include/custom_interfaces/custom_interfaces/msg
[1.047s] -- Up-to-date: /home/yura/firstprogram/install/custom_interfaces/include/custom_interfaces/custom_interfaces/msg/detail
[1.047s] -- Up-to-date: /home/yura/firstprogram/install/custom_interfaces/include/custom_interfaces/custom_interfaces/msg/detail/coord__type_support.hpp
[1.047s] -- Up-to-date: /home/yura/firstprogram/install/custom_interfaces/include/custom_interfaces/custom_interfaces/msg/detail/coord__struct.hpp
[1.047s] -- Up-to-date: /home/yura/firstprogram/install/custom_interfaces/include/custom_interfaces/custom_interfaces/msg/detail/coord__builder.hpp
[1.047s] -- Up-to-date: /home/yura/firstprogram/install/custom_interfaces/include/custom_interfaces/custom_interfaces/msg/detail/coord__traits.hpp
[1.048s] -- Up-to-date: /home/yura/firstprogram/install/custom_interfaces/include/custom_interfaces/custom_interfaces/msg/rosidl_generator_cpp__visibility_control.hpp
[1.048s] -- Up-to-date: /home/yura/firstprogram/install/custom_interfaces/include/custom_interfaces/custom_interfaces/msg/coord.hpp
[1.048s] -- Up-to-date: /home/yura/firstprogram/install/custom_interfaces/include/custom_interfaces/custom_interfaces
[1.048s] -- Up-to-date: /home/yura/firstprogram/install/custom_interfaces/include/custom_interfaces/custom_interfaces/msg
[1.048s] -- Up-to-date: /home/yura/firstprogram/install/custom_interfaces/include/custom_interfaces/custom_interfaces/msg/rosidl_typesupport_fastrtps_cpp__visibility_control.h
[1.048s] -- Up-to-date: /home/yura/firstprogram/install/custom_interfaces/include/custom_interfaces/custom_interfaces/msg/detail
[1.048s] -- Up-to-date: /home/yura/firstprogram/install/custom_interfaces/include/custom_interfaces/custom_interfaces/msg/detail/dds_fastrtps
[1.048s] -- Up-to-date: /home/yura/firstprogram/install/custom_interfaces/include/custom_interfaces/custom_interfaces/msg/detail/coord__rosidl_typesupport_fastrtps_cpp.hpp
[1.048s] -- Up-to-date: /home/yura/firstprogram/install/custom_interfaces/lib/libcustom_interfaces__rosidl_typesupport_fastrtps_cpp.so
[1.048s] -- Up-to-date: /home/yura/firstprogram/install/custom_interfaces/include/custom_interfaces/custom_interfaces
[1.048s] -- Up-to-date: /home/yura/firstprogram/install/custom_interfaces/include/custom_interfaces/custom_interfaces/msg
[1.048s] -- Up-to-date: /home/yura/firstprogram/install/custom_interfaces/include/custom_interfaces/custom_interfaces/msg/detail
[1.048s] -- Up-to-date: /home/yura/firstprogram/install/custom_interfaces/include/custom_interfaces/custom_interfaces/msg/detail/coord__type_support.cpp
[1.048s] -- Up-to-date: /home/yura/firstprogram/install/custom_interfaces/include/custom_interfaces/custom_interfaces/msg/detail/coord__rosidl_typesupport_introspection_cpp.hpp
[1.048s] -- Up-to-date: /home/yura/firstprogram/install/custom_interfaces/lib/libcustom_interfaces__rosidl_typesupport_introspection_cpp.so
[1.048s] -- Up-to-date: /home/yura/firstprogram/install/custom_interfaces/lib/libcustom_interfaces__rosidl_typesupport_cpp.so
[1.048s] -- Up-to-date: /home/yura/firstprogram/install/custom_interfaces/share/custom_interfaces/environment/pythonpath.sh
[1.048s] -- Up-to-date: /home/yura/firstprogram/install/custom_interfaces/share/custom_interfaces/environment/pythonpath.dsv
[1.048s] -- Up-to-date: /home/yura/firstprogram/install/custom_interfaces/lib/python3.12/site-packages/custom_interfaces-0.0.0-py3.12.egg-info
[1.048s] -- Installing: /home/yura/firstprogram/install/custom_interfaces/lib/python3.12/site-packages/custom_interfaces-0.0.0-py3.12.egg-info/PKG-INFO
[1.048s] -- Installing: /home/yura/firstprogram/install/custom_interfaces/lib/python3.12/site-packages/custom_interfaces-0.0.0-py3.12.egg-info/dependency_links.txt
[1.048s] -- Installing: /home/yura/firstprogram/install/custom_interfaces/lib/python3.12/site-packages/custom_interfaces-0.0.0-py3.12.egg-info/SOURCES.txt
[1.048s] -- Installing: /home/yura/firstprogram/install/custom_interfaces/lib/python3.12/site-packages/custom_interfaces-0.0.0-py3.12.egg-info/top_level.txt
[1.048s] -- Up-to-date: /home/yura/firstprogram/install/custom_interfaces/lib/python3.12/site-packages/custom_interfaces
[1.048s] -- Up-to-date: /home/yura/firstprogram/install/custom_interfaces/lib/python3.12/site-packages/custom_interfaces/msg
[1.048s] -- Up-to-date: /home/yura/firstprogram/install/custom_interfaces/lib/python3.12/site-packages/custom_interfaces/msg/_coord_s.c
[1.048s] -- Up-to-date: /home/yura/firstprogram/install/custom_interfaces/lib/python3.12/site-packages/custom_interfaces/msg/_coord.py
[1.048s] -- Up-to-date: /home/yura/firstprogram/install/custom_interfaces/lib/python3.12/site-packages/custom_interfaces/msg/__init__.py
[1.048s] -- Up-to-date: /home/yura/firstprogram/install/custom_interfaces/lib/python3.12/site-packages/custom_interfaces/custom_interfaces_s__rosidl_typesupport_fastrtps_c.so
[1.048s] -- Up-to-date: /home/yura/firstprogram/install/custom_interfaces/lib/python3.12/site-packages/custom_interfaces/_custom_interfaces_s.ep.rosidl_typesupport_fastrtps_c.c
[1.049s] -- Installing: /home/yura/firstprogram/install/custom_interfaces/lib/python3.12/site-packages/custom_interfaces/__init__.py
[1.049s] -- Up-to-date: /home/yura/firstprogram/install/custom_interfaces/lib/python3.12/site-packages/custom_interfaces/custom_interfaces_s__rosidl_typesupport_c.so
[1.049s] -- Up-to-date: /home/yura/firstprogram/install/custom_interfaces/lib/python3.12/site-packages/custom_interfaces/_custom_interfaces_s.ep.rosidl_typesupport_c.c
[1.049s] -- Up-to-date: /home/yura/firstprogram/install/custom_interfaces/lib/python3.12/site-packages/custom_interfaces/custom_interfaces_s__rosidl_typesupport_introspection_c.so
[1.049s] -- Up-to-date: /home/yura/firstprogram/install/custom_interfaces/lib/python3.12/site-packages/custom_interfaces/_custom_interfaces_s.ep.rosidl_typesupport_introspection_c.c
[1.072s] Listing '/home/yura/firstprogram/install/custom_interfaces/lib/python3.12/site-packages/custom_interfaces'...
[1.072s] Compiling '/home/yura/firstprogram/install/custom_interfaces/lib/python3.12/site-packages/custom_interfaces/__init__.py'...
[1.072s] Listing '/home/yura/firstprogram/install/custom_interfaces/lib/python3.12/site-packages/custom_interfaces/msg'...
[1.075s] -- Up-to-date: /home/yura/firstprogram/install/custom_interfaces/lib/python3.12/site-packages/custom_interfaces/custom_interfaces_s__rosidl_typesupport_fastrtps_c.so
[1.076s] -- Up-to-date: /home/yura/firstprogram/install/custom_interfaces/lib/python3.12/site-packages/custom_interfaces/custom_interfaces_s__rosidl_typesupport_introspection_c.so
[1.076s] -- Up-to-date: /home/yura/firstprogram/install/custom_interfaces/lib/python3.12/site-packages/custom_interfaces/custom_interfaces_s__rosidl_typesupport_c.so
[1.076s] -- Up-to-date: /home/yura/firstprogram/install/custom_interfaces/lib/libcustom_interfaces__rosidl_generator_py.so
[1.076s] -- Up-to-date: /home/yura/firstprogram/install/custom_interfaces/share/ament_index/resource_index/rust_packages/custom_interfaces
[1.076s] -- Up-to-date: /home/yura/firstprogram/install/custom_interfaces/share/custom_interfaces/rust
[1.076s] -- Up-to-date: /home/yura/firstprogram/install/custom_interfaces/share/custom_interfaces/rust/Cargo.toml
[1.076s] -- Up-to-date: /home/yura/firstprogram/install/custom_interfaces/share/custom_interfaces/rust/src
[1.076s] -- Up-to-date: /home/yura/firstprogram/install/custom_interfaces/share/custom_interfaces/rust/src/msg.rs
[1.076s] -- Up-to-date: /home/yura/firstprogram/install/custom_interfaces/share/custom_interfaces/rust/src/msg
[1.076s] -- Up-to-date: /home/yura/firstprogram/install/custom_interfaces/share/custom_interfaces/rust/src/msg/rmw.rs
[1.076s] -- Up-to-date: /home/yura/firstprogram/install/custom_interfaces/share/custom_interfaces/rust/src/lib.rs
[1.076s] -- Up-to-date: /home/yura/firstprogram/install/custom_interfaces/share/custom_interfaces/rust/build.rs
[1.076s] -- Up-to-date: /home/yura/firstprogram/install/custom_interfaces/share/custom_interfaces/msg/Coord.idl
[1.076s] -- Installing: /home/yura/firstprogram/install/custom_interfaces/share/custom_interfaces/msg/Coord.msg
[1.076s] -- Up-to-date: /home/yura/firstprogram/install/custom_interfaces/share/ament_index/resource_index/package_run_dependencies/custom_interfaces
[1.076s] -- Installing: /home/yura/firstprogram/install/custom_interfaces/share/ament_index/resource_index/parent_prefix_path/custom_interfaces
[1.077s] -- Up-to-date: /home/yura/firstprogram/install/custom_interfaces/share/custom_interfaces/environment/ament_prefix_path.sh
[1.077s] -- Up-to-date: /home/yura/firstprogram/install/custom_interfaces/share/custom_interfaces/environment/ament_prefix_path.dsv
[1.077s] -- Up-to-date: /home/yura/firstprogram/install/custom_interfaces/share/custom_interfaces/environment/path.sh
[1.077s] -- Up-to-date: /home/yura/firstprogram/install/custom_interfaces/share/custom_interfaces/environment/path.dsv
[1.077s] -- Up-to-date: /home/yura/firstprogram/install/custom_interfaces/share/custom_interfaces/local_setup.bash
[1.077s] -- Up-to-date: /home/yura/firstprogram/install/custom_interfaces/share/custom_interfaces/local_setup.sh
[1.077s] -- Up-to-date: /home/yura/firstprogram/install/custom_interfaces/share/custom_interfaces/local_setup.zsh
[1.077s] -- Up-to-date: /home/yura/firstprogram/install/custom_interfaces/share/custom_interfaces/local_setup.dsv
[1.077s] -- Installing: /home/yura/firstprogram/install/custom_interfaces/share/custom_interfaces/package.dsv
[1.077s] -- Up-to-date: /home/yura/firstprogram/install/custom_interfaces/share/ament_index/resource_index/packages/custom_interfaces
[1.077s] -- Up-to-date: /home/yura/firstprogram/install/custom_interfaces/share/custom_interfaces/cmake/export_custom_interfaces__rosidl_generator_cExport.cmake
[1.077s] -- Up-to-date: /home/yura/firstprogram/install/custom_interfaces/share/custom_interfaces/cmake/export_custom_interfaces__rosidl_generator_cExport-noconfig.cmake
[1.077s] -- Up-to-date: /home/yura/firstprogram/install/custom_interfaces/share/custom_interfaces/cmake/export_custom_interfaces__rosidl_typesupport_fastrtps_cExport.cmake
[1.077s] -- Up-to-date: /home/yura/firstprogram/install/custom_interfaces/share/custom_interfaces/cmake/export_custom_interfaces__rosidl_typesupport_fastrtps_cExport-noconfig.cmake
[1.077s] -- Up-to-date: /home/yura/firstprogram/install/custom_interfaces/share/custom_interfaces/cmake/custom_interfaces__rosidl_typesupport_introspection_cExport.cmake
[1.077s] -- Up-to-date: /home/yura/firstprogram/install/custom_interfaces/share/custom_interfaces/cmake/custom_interfaces__rosidl_typesupport_introspection_cExport-noconfig.cmake
[1.077s] -- Up-to-date: /home/yura/firstprogram/install/custom_interfaces/share/custom_interfaces/cmake/custom_interfaces__rosidl_typesupport_cExport.cmake
[1.077s] -- Up-to-date: /home/yura/firstprogram/install/custom_interfaces/share/custom_interfaces/cmake/custom_interfaces__rosidl_typesupport_cExport-noconfig.cmake
[1.077s] -- Up-to-date: /home/yura/firstprogram/install/custom_interfaces/share/custom_interfaces/cmake/export_custom_interfaces__rosidl_generator_cppExport.cmake
[1.077s] -- Up-to-date: /home/yura/firstprogram/install/custom_interfaces/share/custom_interfaces/cmake/export_custom_interfaces__rosidl_typesupport_fastrtps_cppExport.cmake
[1.077s] -- Up-to-date: /home/yura/firstprogram/install/custom_interfaces/share/custom_interfaces/cmake/export_custom_interfaces__rosidl_typesupport_fastrtps_cppExport-noconfig.cmake
[1.077s] -- Up-to-date: /home/yura/firstprogram/install/custom_interfaces/share/custom_interfaces/cmake/custom_interfaces__rosidl_typesupport_introspection_cppExport.cmake
[1.077s] -- Up-to-date: /home/yura/firstprogram/install/custom_interfaces/share/custom_interfaces/cmake/custom_interfaces__rosidl_typesupport_introspection_cppExport-noconfig.cmake
[1.077s] -- Up-to-date: /home/yura/firstprogram/install/custom_interfaces/share/custom_interfaces/cmake/custom_interfaces__rosidl_typesupport_cppExport.cmake
[1.077s] -- Up-to-date: /home/yura/firstprogram/install/custom_interfaces/share/custom_interfaces/cmake/custom_interfaces__rosidl_typesupport_cppExport-noconfig.cmake
[1.077s] -- Up-to-date: /home/yura/firstprogram/install/custom_interfaces/share/custom_interfaces/cmake/export_custom_interfaces__rosidl_generator_pyExport.cmake
[1.078s] -- Up-to-date: /home/yura/firstprogram/install/custom_interfaces/share/custom_interfaces/cmake/export_custom_interfaces__rosidl_generator_pyExport-noconfig.cmake
[1.078s] -- Up-to-date: /home/yura/firstprogram/install/custom_interfaces/share/custom_interfaces/cmake/rosidl_cmake-extras.cmake
[1.078s] -- Up-to-date: /home/yura/firstprogram/install/custom_interfaces/share/custom_interfaces/cmake/ament_cmake_export_include_directories-extras.cmake
[1.078s] -- Up-to-date: /home/yura/firstprogram/install/custom_interfaces/share/custom_interfaces/cmake/ament_cmake_export_libraries-extras.cmake
[1.078s] -- Up-to-date: /home/yura/firstprogram/install/custom_interfaces/share/custom_interfaces/cmake/ament_cmake_export_targets-extras.cmake
[1.078s] -- Up-to-date: /home/yura/firstprogram/install/custom_interfaces/share/custom_interfaces/cmake/rosidl_cmake_export_typesupport_targets-extras.cmake
[1.078s] -- Up-to-date: /home/yura/firstprogram/install/custom_interfaces/share/custom_interfaces/cmake/ament_cmake_export_dependencies-extras.cmake
[1.078s] -- Up-to-date: /home/yura/firstprogram/install/custom_interfaces/share/custom_interfaces/cmake/rosidl_cmake_export_typesupport_libraries-extras.cmake
[1.078s] -- Up-to-date: /home/yura/firstprogram/install/custom_interfaces/share/custom_interfaces/cmake/custom_interfacesConfig.cmake
[1.078s] -- Up-to-date: /home/yura/firstprogram/install/custom_interfaces/share/custom_interfaces/cmake/custom_interfacesConfig-version.cmake
[1.078s] -- Up-to-date: /home/yura/firstprogram/install/custom_interfaces/share/custom_interfaces/package.xml
[1.078s] Invoked command in '/home/yura/firstprogram/build/custom_interfaces' returned '0': CMAKE_PREFIX_PATH=${CMAKE_PREFIX_PATH}:/opt/ros/jazzy DEBUGINFOD_URLS=https://debuginfod.ubuntu.com /usr/bin/cmake --install /home/yura/firstprogram/build/custom_interfaces
