[0.007s] Invoking command in '/home/yura/firstprogram/build/turtlesim': CMAKE_PREFIX_PATH=${CMAKE_PREFIX_PATH}:/opt/ros/jazzy DEBUGINFOD_URLS=https://debuginfod.ubuntu.com /usr/bin/cmake --build /home/yura/firstprogram/build/turtlesim -- -j12 -l12
[0.054s] [  1%] Built target turtlesim__rs
[0.056s] [  2%] Built target turtlesim__rosidl_generator_type_description
[0.063s] [  2%] Built target ament_cmake_python_copy_turtlesim
[0.074s] [  2%] Built target turtlesim__cpp
[0.080s] [ 25%] Built target turtlesim__rosidl_generator_c
[0.103s] [ 34%] Built target turtlesim__rosidl_typesupport_c
[0.104s] [ 42%] Built target turtlesim__rosidl_typesupport_cpp
[0.104s] [ 51%] Built target turtlesim__rosidl_typesupport_introspection_c
[0.106s] [ 67%] Built target turtlesim__rosidl_typesupport_introspection_cpp
[0.106s] [ 68%] Built target turtlesim__rosidl_typesupport_fastrtps_c
[0.107s] [ 76%] Built target turtlesim__rosidl_typesupport_fastrtps_cpp
[0.122s] [ 76%] Built target turtlesim
[0.125s] [ 78%] Built target mimic
[0.126s] [ 79%] Built target draw_square
[0.128s] [ 84%] Built target turtle_teleop_key
[0.128s] [ 86%] Built target turtlesim_node
[0.141s] [ 87%] Built target turtlesim__py
[0.164s] [ 94%] Built target turtlesim__rosidl_generator_py
[0.185s] [100%] Built target turtlesim_s__rosidl_typesupport_introspection_c
[0.185s] [100%] Built target turtlesim_s__rosidl_typesupport_c
[0.185s] [100%] Built target turtlesim_s__rosidl_typesupport_fastrtps_c
[0.221s] running egg_info
[0.232s] writing turtlesim.egg-info/PKG-INFO
[0.232s] writing dependency_links to turtlesim.egg-info/dependency_links.txt
[0.233s] writing top-level names to turtlesim.egg-info/top_level.txt
[0.269s] reading manifest file 'turtlesim.egg-info/SOURCES.txt'
[0.269s] writing manifest file 'turtlesim.egg-info/SOURCES.txt'
[0.291s] [100%] Built target ament_cmake_python_build_turtlesim_egg
