[0.007s] Invoking command in '/home/yura/firstprogram/build/cpp_srvcli': CMAKE_PREFIX_PATH=${CMAKE_PREFIX_PATH}:/opt/ros/jazzy DEBUGINFOD_URLS=https://debuginfod.ubuntu.com /usr/bin/cmake /home/yura/firstprogram/src/cpp_srvcli -DCMAKE_INSTALL_PREFIX=/home/yura/firstprogram/install/cpp_srvcli
[0.077s] -- The C compiler identification is GNU 13.3.0
[0.119s] -- The CXX compiler identification is GNU 13.3.0
[0.132s] -- Detecting C compiler ABI info
[0.207s] -- Detecting C compiler ABI info - done
[0.217s] -- Check for working C compiler: /usr/bin/cc - skipped
[0.217s] -- Detecting C compile features
[0.217s] -- Detecting C compile features - done
[0.224s] -- Detecting CXX compiler ABI info
[0.306s] -- Detecting CXX compiler ABI info - done
[0.317s] -- Check for working CXX compiler: /usr/bin/c++ - skipped
[0.317s] -- Detecting CXX compile features
[0.317s] -- Detecting CXX compile features - done
[0.319s] -- Found ament_cmake: 2.5.6 (/opt/ros/jazzy/share/ament_cmake/cmake)
[0.415s] -- Found Python3: /usr/bin/python3 (found version "3.12.3") found components: Interpreter 
[0.481s] -- Found rclcpp: 28.1.18 (/opt/ros/jazzy/share/rclcpp/cmake)
[0.505s] -- Found rosidl_generator_c: 4.6.7 (/opt/ros/jazzy/share/rosidl_generator_c/cmake)
[0.514s] -- Found rosidl_generator_cpp: 4.6.7 (/opt/ros/jazzy/share/rosidl_generator_cpp/cmake)
[0.523s] -- Using all available rosidl_typesupport_c: rosidl_typesupport_fastrtps_c;rosidl_typesupport_introspection_c
[0.534s] -- Using all available rosidl_typesupport_cpp: rosidl_typesupport_fastrtps_cpp;rosidl_typesupport_introspection_cpp
[0.580s] -- Found rmw_implementation_cmake: 7.3.3 (/opt/ros/jazzy/share/rmw_implementation_cmake/cmake)
[0.582s] -- Found rmw_fastrtps_cpp: 8.4.3 (/opt/ros/jazzy/share/rmw_fastrtps_cpp/cmake)
[0.649s] -- Found OpenSSL: /usr/lib/x86_64-linux-gnu/libcrypto.so (found version "3.0.13")  
[0.671s] -- Found FastRTPS: /opt/ros/jazzy/include (Required is at least version "2.13") 
[0.690s] -- Using RMW implementation 'rmw_fastrtps_cpp' as default
[0.740s] -- Found example_interfaces: 0.12.0 (/opt/ros/jazzy/share/example_interfaces/cmake)
[0.782s] -- Found ament_lint_auto: 0.17.5 (/opt/ros/jazzy/share/ament_lint_auto/cmake)
[0.859s] -- Added test 'cppcheck' to perform static code analysis on C / C++ code
[0.859s] -- Configured cppcheck include dirs: 
[0.859s] -- Configured cppcheck exclude dirs and/or files: 
[0.859s] -- Added test 'lint_cmake' to check CMake code style
[0.860s] -- Added test 'uncrustify' to check C / C++ code style
[0.860s] -- Configured uncrustify additional arguments: 
[0.860s] -- Added test 'xmllint' to check XML markup files
[0.861s] -- Configuring done (0.8s)
[0.869s] -- Generating done (0.0s)
[0.871s] -- Build files have been written to: /home/yura/firstprogram/build/cpp_srvcli
[0.879s] Invoked command in '/home/yura/firstprogram/build/cpp_srvcli' returned '0': CMAKE_PREFIX_PATH=${CMAKE_PREFIX_PATH}:/opt/ros/jazzy DEBUGINFOD_URLS=https://debuginfod.ubuntu.com /usr/bin/cmake /home/yura/firstprogram/src/cpp_srvcli -DCMAKE_INSTALL_PREFIX=/home/yura/firstprogram/install/cpp_srvcli
[0.880s] Invoking command in '/home/yura/firstprogram/build/cpp_srvcli': CMAKE_PREFIX_PATH=${CMAKE_PREFIX_PATH}:/opt/ros/jazzy DEBUGINFOD_URLS=https://debuginfod.ubuntu.com /usr/bin/cmake --build /home/yura/firstprogram/build/cpp_srvcli -- -j12 -l12
[0.917s] [ 25%] [32mBuilding CXX object CMakeFiles/server.dir/src/sum.cpp.o[0m
[0.919s] [ 50%] [32mBuilding CXX object CMakeFiles/client.dir/src/client.cpp.o[0m
[3.024s] [ 75%] [32m[1mLinking CXX executable server[0m
[3.131s] [ 75%] Built target server
[3.150s] [100%] [32m[1mLinking CXX executable client[0m
[3.249s] [100%] Built target client
[3.256s] Invoked command in '/home/yura/firstprogram/build/cpp_srvcli' returned '0': CMAKE_PREFIX_PATH=${CMAKE_PREFIX_PATH}:/opt/ros/jazzy DEBUGINFOD_URLS=https://debuginfod.ubuntu.com /usr/bin/cmake --build /home/yura/firstprogram/build/cpp_srvcli -- -j12 -l12
[3.265s] Invoking command in '/home/yura/firstprogram/build/cpp_srvcli': CMAKE_PREFIX_PATH=${CMAKE_PREFIX_PATH}:/opt/ros/jazzy DEBUGINFOD_URLS=https://debuginfod.ubuntu.com /usr/bin/cmake --install /home/yura/firstprogram/build/cpp_srvcli
[3.271s] -- Install configuration: ""
[3.271s] -- Installing: /home/yura/firstprogram/install/cpp_srvcli/lib/cpp_srvcli/server
[3.271s] -- Set non-toolchain portion of runtime path of "/home/yura/firstprogram/install/cpp_srvcli/lib/cpp_srvcli/server" to ""
[3.272s] -- Installing: /home/yura/firstprogram/install/cpp_srvcli/lib/cpp_srvcli/client
[3.272s] -- Set non-toolchain portion of runtime path of "/home/yura/firstprogram/install/cpp_srvcli/lib/cpp_srvcli/client" to ""
[3.272s] -- Installing: /home/yura/firstprogram/install/cpp_srvcli/share/ament_index/resource_index/package_run_dependencies/cpp_srvcli
[3.272s] -- Installing: /home/yura/firstprogram/install/cpp_srvcli/share/ament_index/resource_index/parent_prefix_path/cpp_srvcli
[3.272s] -- Installing: /home/yura/firstprogram/install/cpp_srvcli/share/cpp_srvcli/environment/ament_prefix_path.sh
[3.273s] -- Installing: /home/yura/firstprogram/install/cpp_srvcli/share/cpp_srvcli/environment/ament_prefix_path.dsv
[3.273s] -- Installing: /home/yura/firstprogram/install/cpp_srvcli/share/cpp_srvcli/environment/path.sh
[3.273s] -- Installing: /home/yura/firstprogram/install/cpp_srvcli/share/cpp_srvcli/environment/path.dsv
[3.273s] -- Installing: /home/yura/firstprogram/install/cpp_srvcli/share/cpp_srvcli/local_setup.bash
[3.273s] -- Installing: /home/yura/firstprogram/install/cpp_srvcli/share/cpp_srvcli/local_setup.sh
[3.273s] -- Installing: /home/yura/firstprogram/install/cpp_srvcli/share/cpp_srvcli/local_setup.zsh
[3.273s] -- Installing: /home/yura/firstprogram/install/cpp_srvcli/share/cpp_srvcli/local_setup.dsv
[3.273s] -- Installing: /home/yura/firstprogram/install/cpp_srvcli/share/cpp_srvcli/package.dsv
[3.273s] -- Installing: /home/yura/firstprogram/install/cpp_srvcli/share/ament_index/resource_index/packages/cpp_srvcli
[3.273s] -- Installing: /home/yura/firstprogram/install/cpp_srvcli/share/cpp_srvcli/cmake/cpp_srvcliConfig.cmake
[3.273s] -- Installing: /home/yura/firstprogram/install/cpp_srvcli/share/cpp_srvcli/cmake/cpp_srvcliConfig-version.cmake
[3.273s] -- Installing: /home/yura/firstprogram/install/cpp_srvcli/share/cpp_srvcli/package.xml
[3.274s] Invoked command in '/home/yura/firstprogram/build/cpp_srvcli' returned '0': CMAKE_PREFIX_PATH=${CMAKE_PREFIX_PATH}:/opt/ros/jazzy DEBUGINFOD_URLS=https://debuginfod.ubuntu.com /usr/bin/cmake --install /home/yura/firstprogram/build/cpp_srvcli
