-- Found ament_cmake: 2.5.6 (/opt/ros/jazzy/share/ament_cmake/cmake)
-- Found rclcpp: 28.1.18 (/opt/ros/jazzy/share/rclcpp/cmake)
-- Found rosidl_generator_c: 4.6.7 (/opt/ros/jazzy/share/rosidl_generator_c/cmake)
-- Found rosidl_generator_cpp: 4.6.7 (/opt/ros/jazzy/share/rosidl_generator_cpp/cmake)
-- Using all available rosidl_typesupport_c: rosidl_typesupport_fastrtps_c;rosidl_typesupport_introspection_c
-- Using all available rosidl_typesupport_cpp: rosidl_typesupport_fastrtps_cpp;rosidl_typesupport_introspection_cpp
-- Found rmw_implementation_cmake: 7.3.3 (/opt/ros/jazzy/share/rmw_implementation_cmake/cmake)
-- Found rmw_fastrtps_cpp: 8.4.3 (/opt/ros/jazzy/share/rmw_fastrtps_cpp/cmake)
-- Using RMW implementation 'rmw_fastrtps_cpp' as default
-- Found turtlesim: 1.8.3 (/home/yura/firstprogram/install/turtlesim/share/turtlesim/cmake)
-- Found tutorial_interfaces: 0.0.0 (/home/yura/firstprogram/install/tutorial_interfaces/share/tutorial_interfaces/cmake)
-- Found ament_lint_auto: 0.17.5 (/opt/ros/jazzy/share/ament_lint_auto/cmake)
-- Added test 'cppcheck' to perform static code analysis on C / C++ code
-- Configured cppcheck include dirs: 
-- Configured cppcheck exclude dirs and/or files: 
-- Added test 'lint_cmake' to check CMake code style
-- Added test 'uncrustify' to check C / C++ code style
-- Configured uncrustify additional arguments: 
-- Added test 'xmllint' to check XML markup files
-- Configuring done (0.5s)
-- Generating done (0.0s)
-- Build files have been written to: /home/yura/firstprogram/build/simplepubsub
[ 25%] [32mBuilding CXX object CMakeFiles/listener.dir/src/subscriber.cpp.o[0m
[ 75%] Built target talker
[100%] [32m[1mLinking CXX executable listener[0m
[100%] Built target listener
-- Install configuration: ""
-- Installing: /home/yura/firstprogram/install/simplepubsub/lib/simplepubsub/talker
-- Set non-toolchain portion of runtime path of "/home/yura/firstprogram/install/simplepubsub/lib/simplepubsub/talker" to ""
-- Installing: /home/yura/firstprogram/install/simplepubsub/lib/simplepubsub/listener
-- Set non-toolchain portion of runtime path of "/home/yura/firstprogram/install/simplepubsub/lib/simplepubsub/listener" to ""
-- Installing: /home/yura/firstprogram/install/simplepubsub/share/ament_index/resource_index/package_run_dependencies/simplepubsub
-- Installing: /home/yura/firstprogram/install/simplepubsub/share/ament_index/resource_index/parent_prefix_path/simplepubsub
-- Up-to-date: /home/yura/firstprogram/install/simplepubsub/share/simplepubsub/environment/ament_prefix_path.sh
-- Up-to-date: /home/yura/firstprogram/install/simplepubsub/share/simplepubsub/environment/ament_prefix_path.dsv
-- Up-to-date: /home/yura/firstprogram/install/simplepubsub/share/simplepubsub/environment/path.sh
-- Up-to-date: /home/yura/firstprogram/install/simplepubsub/share/simplepubsub/environment/path.dsv
-- Up-to-date: /home/yura/firstprogram/install/simplepubsub/share/simplepubsub/local_setup.bash
-- Up-to-date: /home/yura/firstprogram/install/simplepubsub/share/simplepubsub/local_setup.sh
-- Up-to-date: /home/yura/firstprogram/install/simplepubsub/share/simplepubsub/local_setup.zsh
-- Up-to-date: /home/yura/firstprogram/install/simplepubsub/share/simplepubsub/local_setup.dsv
-- Installing: /home/yura/firstprogram/install/simplepubsub/share/simplepubsub/package.dsv
-- Up-to-date: /home/yura/firstprogram/install/simplepubsub/share/ament_index/resource_index/packages/simplepubsub
-- Up-to-date: /home/yura/firstprogram/install/simplepubsub/share/simplepubsub/cmake/simplepubsubConfig.cmake
-- Up-to-date: /home/yura/firstprogram/install/simplepubsub/share/simplepubsub/cmake/simplepubsubConfig-version.cmake
-- Installing: /home/yura/firstprogram/install/simplepubsub/share/simplepubsub/package.xml
