[0.008s] Invoking command in '/home/yura/firstprogram/build/firstprog': CMAKE_PREFIX_PATH=${CMAKE_PREFIX_PATH}:/opt/ros/jazzy DEBUGINFOD_URLS=https://debuginfod.ubuntu.com /usr/bin/cmake --build /home/yura/firstprogram/build/firstprog -- -j12 -l12
[0.046s] [100%] Built target my_node
[0.054s] Invoked command in '/home/yura/firstprogram/build/firstprog' returned '0': CMAKE_PREFIX_PATH=${CMAKE_PREFIX_PATH}:/opt/ros/jazzy DEBUGINFOD_URLS=https://debuginfod.ubuntu.com /usr/bin/cmake --build /home/yura/firstprogram/build/firstprog -- -j12 -l12
[0.062s] Invoking command in '/home/yura/firstprogram/build/firstprog': CMAKE_PREFIX_PATH=${CMAKE_PREFIX_PATH}:/opt/ros/jazzy DEBUGINFOD_URLS=https://debuginfod.ubuntu.com /usr/bin/cmake --install /home/yura/firstprogram/build/firstprog
[0.067s] -- Install configuration: ""
[0.067s] -- Up-to-date: /home/yura/firstprogram/install/firstprog/lib/firstprog/my_node
[0.067s] -- Up-to-date: /home/yura/firstprogram/install/firstprog/share/ament_index/resource_index/package_run_dependencies/firstprog
[0.067s] -- Up-to-date: /home/yura/firstprogram/install/firstprog/share/ament_index/resource_index/parent_prefix_path/firstprog
[0.068s] -- Up-to-date: /home/yura/firstprogram/install/firstprog/share/firstprog/environment/ament_prefix_path.sh
[0.068s] -- Up-to-date: /home/yura/firstprogram/install/firstprog/share/firstprog/environment/ament_prefix_path.dsv
[0.068s] -- Up-to-date: /home/yura/firstprogram/install/firstprog/share/firstprog/environment/path.sh
[0.068s] -- Up-to-date: /home/yura/firstprogram/install/firstprog/share/firstprog/environment/path.dsv
[0.068s] -- Up-to-date: /home/yura/firstprogram/install/firstprog/share/firstprog/local_setup.bash
[0.068s] -- Up-to-date: /home/yura/firstprogram/install/firstprog/share/firstprog/local_setup.sh
[0.068s] -- Up-to-date: /home/yura/firstprogram/install/firstprog/share/firstprog/local_setup.zsh
[0.068s] -- Up-to-date: /home/yura/firstprogram/install/firstprog/share/firstprog/local_setup.dsv
[0.068s] -- Installing: /home/yura/firstprogram/install/firstprog/share/firstprog/package.dsv
[0.068s] -- Up-to-date: /home/yura/firstprogram/install/firstprog/share/ament_index/resource_index/packages/firstprog
[0.068s] -- Up-to-date: /home/yura/firstprogram/install/firstprog/share/firstprog/cmake/firstprogConfig.cmake
[0.069s] -- Up-to-date: /home/yura/firstprogram/install/firstprog/share/firstprog/cmake/firstprogConfig-version.cmake
[0.069s] -- Up-to-date: /home/yura/firstprogram/install/firstprog/share/firstprog/package.xml
[0.069s] Invoked command in '/home/yura/firstprogram/build/firstprog' returned '0': CMAKE_PREFIX_PATH=${CMAKE_PREFIX_PATH}:/opt/ros/jazzy DEBUGINFOD_URLS=https://debuginfod.ubuntu.com /usr/bin/cmake --install /home/yura/firstprogram/build/firstprog
