[0.013s] Invoking command in '/home/yura/firstprogram/build/cpp_pubsub': CMAKE_PREFIX_PATH=${CMAKE_PREFIX_PATH}:/home/yura/ros2_ws/install/python_package:/home/yura/ros2_ws/install/python:/home/yura/ros2_ws/install/py_srvcli:/home/yura/ros2_ws/install/py_pubsub:/home/yura/ros2_ws/install/launch_testing_examples:/home/yura/ros2_ws/install/examples_rclpy_pointcloud_publisher:/home/yura/ros2_ws/install/examples_rclpy_minimal_subscriber:/home/yura/ros2_ws/install/examples_rclpy_minimal_service:/home/yura/ros2_ws/install/examples_rclpy_minimal_publisher:/home/yura/ros2_ws/install/examples_rclpy_minimal_client:/home/yura/ros2_ws/install/examples_rclpy_minimal_action_server:/home/yura/ros2_ws/install/examples_rclpy_minimal_action_client:/home/yura/ros2_ws/install/examples_rclpy_guard_conditions:/home/yura/ros2_ws/install/examples_rclpy_executors:/opt/ros/jazzy DEBUGINFOD_URLS=https://debuginfod.ubuntu.com /usr/bin/cmake --build /home/yura/firstprogram/build/cpp_pubsub -- -j12 -l12
[0.044s] Invoked command in '/home/yura/firstprogram/build/cpp_pubsub' returned '0': CMAKE_PREFIX_PATH=${CMAKE_PREFIX_PATH}:/home/yura/ros2_ws/install/python_package:/home/yura/ros2_ws/install/python:/home/yura/ros2_ws/install/py_srvcli:/home/yura/ros2_ws/install/py_pubsub:/home/yura/ros2_ws/install/launch_testing_examples:/home/yura/ros2_ws/install/examples_rclpy_pointcloud_publisher:/home/yura/ros2_ws/install/examples_rclpy_minimal_subscriber:/home/yura/ros2_ws/install/examples_rclpy_minimal_service:/home/yura/ros2_ws/install/examples_rclpy_minimal_publisher:/home/yura/ros2_ws/install/examples_rclpy_minimal_client:/home/yura/ros2_ws/install/examples_rclpy_minimal_action_server:/home/yura/ros2_ws/install/examples_rclpy_minimal_action_client:/home/yura/ros2_ws/install/examples_rclpy_guard_conditions:/home/yura/ros2_ws/install/examples_rclpy_executors:/opt/ros/jazzy DEBUGINFOD_URLS=https://debuginfod.ubuntu.com /usr/bin/cmake --build /home/yura/firstprogram/build/cpp_pubsub -- -j12 -l12
[0.051s] Invoking command in '/home/yura/firstprogram/build/cpp_pubsub': CMAKE_PREFIX_PATH=${CMAKE_PREFIX_PATH}:/home/yura/ros2_ws/install/python_package:/home/yura/ros2_ws/install/python:/home/yura/ros2_ws/install/py_srvcli:/home/yura/ros2_ws/install/py_pubsub:/home/yura/ros2_ws/install/launch_testing_examples:/home/yura/ros2_ws/install/examples_rclpy_pointcloud_publisher:/home/yura/ros2_ws/install/examples_rclpy_minimal_subscriber:/home/yura/ros2_ws/install/examples_rclpy_minimal_service:/home/yura/ros2_ws/install/examples_rclpy_minimal_publisher:/home/yura/ros2_ws/install/examples_rclpy_minimal_client:/home/yura/ros2_ws/install/examples_rclpy_minimal_action_server:/home/yura/ros2_ws/install/examples_rclpy_minimal_action_client:/home/yura/ros2_ws/install/examples_rclpy_guard_conditions:/home/yura/ros2_ws/install/examples_rclpy_executors:/opt/ros/jazzy DEBUGINFOD_URLS=https://debuginfod.ubuntu.com /usr/bin/cmake --install /home/yura/firstprogram/build/cpp_pubsub
[0.059s] -- Install configuration: ""
[0.059s] -- Up-to-date: /home/yura/firstprogram/install/cpp_pubsub/share/ament_index/resource_index/package_run_dependencies/cpp_pubsub
[0.059s] -- Up-to-date: /home/yura/firstprogram/install/cpp_pubsub/share/ament_index/resource_index/parent_prefix_path/cpp_pubsub
[0.059s] -- Up-to-date: /home/yura/firstprogram/install/cpp_pubsub/share/cpp_pubsub/environment/ament_prefix_path.sh
[0.059s] -- Up-to-date: /home/yura/firstprogram/install/cpp_pubsub/share/cpp_pubsub/environment/ament_prefix_path.dsv
[0.059s] -- Up-to-date: /home/yura/firstprogram/install/cpp_pubsub/share/cpp_pubsub/environment/path.sh
[0.059s] -- Up-to-date: /home/yura/firstprogram/install/cpp_pubsub/share/cpp_pubsub/environment/path.dsv
[0.059s] -- Up-to-date: /home/yura/firstprogram/install/cpp_pubsub/share/cpp_pubsub/local_setup.bash
[0.059s] -- Up-to-date: /home/yura/firstprogram/install/cpp_pubsub/share/cpp_pubsub/local_setup.sh
[0.059s] -- Up-to-date: /home/yura/firstprogram/install/cpp_pubsub/share/cpp_pubsub/local_setup.zsh
[0.059s] -- Up-to-date: /home/yura/firstprogram/install/cpp_pubsub/share/cpp_pubsub/local_setup.dsv
[0.060s] -- Up-to-date: /home/yura/firstprogram/install/cpp_pubsub/share/cpp_pubsub/package.dsv
[0.060s] -- Up-to-date: /home/yura/firstprogram/install/cpp_pubsub/share/ament_index/resource_index/packages/cpp_pubsub
[0.060s] -- Up-to-date: /home/yura/firstprogram/install/cpp_pubsub/share/cpp_pubsub/cmake/cpp_pubsubConfig.cmake
[0.060s] -- Up-to-date: /home/yura/firstprogram/install/cpp_pubsub/share/cpp_pubsub/cmake/cpp_pubsubConfig-version.cmake
[0.060s] -- Up-to-date: /home/yura/firstprogram/install/cpp_pubsub/share/cpp_pubsub/package.xml
[0.061s] Invoked command in '/home/yura/firstprogram/build/cpp_pubsub' returned '0': CMAKE_PREFIX_PATH=${CMAKE_PREFIX_PATH}:/home/yura/ros2_ws/install/python_package:/home/yura/ros2_ws/install/python:/home/yura/ros2_ws/install/py_srvcli:/home/yura/ros2_ws/install/py_pubsub:/home/yura/ros2_ws/install/launch_testing_examples:/home/yura/ros2_ws/install/examples_rclpy_pointcloud_publisher:/home/yura/ros2_ws/install/examples_rclpy_minimal_subscriber:/home/yura/ros2_ws/install/examples_rclpy_minimal_service:/home/yura/ros2_ws/install/examples_rclpy_minimal_publisher:/home/yura/ros2_ws/install/examples_rclpy_minimal_client:/home/yura/ros2_ws/install/examples_rclpy_minimal_action_server:/home/yura/ros2_ws/install/examples_rclpy_minimal_action_client:/home/yura/ros2_ws/install/examples_rclpy_guard_conditions:/home/yura/ros2_ws/install/examples_rclpy_executors:/opt/ros/jazzy DEBUGINFOD_URLS=https://debuginfod.ubuntu.com /usr/bin/cmake --install /home/yura/firstprogram/build/cpp_pubsub
