[ 25%] [32mBuilding CXX object CMakeFiles/minimal_subscriber.dir/src/minimal_subscriber.cpp.o[0m
[ 50%] [32mBuilding CXX object CMakeFiles/minimal_publisher.dir/src/minimal_publisher.cpp.o[0m
[ 75%] [32m[1mLinking CXX executable minimal_publisher[0m
[ 75%] Built target minimal_publisher
[100%] [32m[1mLinking CXX executable minimal_subscriber[0m
[100%] Built target minimal_subscriber
-- Install configuration: ""
-- Installing: /home/yura/firstprogram/install/cpp_pubsub/lib/cpp_pubsub/minimal_subscriber
-- Set non-toolchain portion of runtime path of "/home/yura/firstprogram/install/cpp_pubsub/lib/cpp_pubsub/minimal_subscriber" to ""
-- Installing: /home/yura/firstprogram/install/cpp_pubsub/lib/cpp_pubsub/minimal_publisher
-- Set non-toolchain portion of runtime path of "/home/yura/firstprogram/install/cpp_pubsub/lib/cpp_pubsub/minimal_publisher" to ""
-- Up-to-date: /home/yura/firstprogram/install/cpp_pubsub/share/ament_index/resource_index/package_run_dependencies/cpp_pubsub
-- Up-to-date: /home/yura/firstprogram/install/cpp_pubsub/share/ament_index/resource_index/parent_prefix_path/cpp_pubsub
-- Up-to-date: /home/yura/firstprogram/install/cpp_pubsub/share/cpp_pubsub/environment/ament_prefix_path.sh
-- Up-to-date: /home/yura/firstprogram/install/cpp_pubsub/share/cpp_pubsub/environment/ament_prefix_path.dsv
-- Up-to-date: /home/yura/firstprogram/install/cpp_pubsub/share/cpp_pubsub/environment/path.sh
-- Up-to-date: /home/yura/firstprogram/install/cpp_pubsub/share/cpp_pubsub/environment/path.dsv
-- Up-to-date: /home/yura/firstprogram/install/cpp_pubsub/share/cpp_pubsub/local_setup.bash
-- Up-to-date: /home/yura/firstprogram/install/cpp_pubsub/share/cpp_pubsub/local_setup.sh
-- Up-to-date: /home/yura/firstprogram/install/cpp_pubsub/share/cpp_pubsub/local_setup.zsh
-- Up-to-date: /home/yura/firstprogram/install/cpp_pubsub/share/cpp_pubsub/local_setup.dsv
-- Installing: /home/yura/firstprogram/install/cpp_pubsub/share/cpp_pubsub/package.dsv
-- Up-to-date: /home/yura/firstprogram/install/cpp_pubsub/share/ament_index/resource_index/packages/cpp_pubsub
-- Up-to-date: /home/yura/firstprogram/install/cpp_pubsub/share/cpp_pubsub/cmake/cpp_pubsubConfig.cmake
-- Up-to-date: /home/yura/firstprogram/install/cpp_pubsub/share/cpp_pubsub/cmake/cpp_pubsubConfig-version.cmake
-- Up-to-date: /home/yura/firstprogram/install/cpp_pubsub/share/cpp_pubsub/package.xml
