[0.010s] Invoking command in '/home/yura/firstprogram/build/cpp_pubsub': CMAKE_PREFIX_PATH=/home/yura/firstprogram/install/turtlesim:/home/yura/firstprogram/install/custom_interfaces:/home/yura/firstprogram/install/simplepubsub:/home/yura/firstprogram/install/tutorial_interfaces:/home/yura/firstprogram/install/cpp_pubsub:/home/yura/firstprogram/install/firstprog:/home/yura/firstprogram/install/cpp_srvcli:/opt/ros/jazzy/opt/sdformat_vendor:/opt/ros/jazzy/opt/gz_math_vendor:/opt/ros/jazzy/opt/gz_utils_vendor:/opt/ros/jazzy/opt/gz_tools_vendor:/opt/ros/jazzy/opt/gz_cmake_vendor:/opt/ros/jazzy DEBUGINFOD_URLS=https://debuginfod.ubuntu.com LD_LIBRARY_PATH=/home/yura/firstprogram/install/turtlesim/lib:/home/yura/firstprogram/install/custom_interfaces/lib:/home/yura/firstprogram/install/tutorial_interfaces/lib:/opt/ros/jazzy/opt/sdformat_vendor/lib:/opt/ros/jazzy/opt/rviz_ogre_vendor/lib:/opt/ros/jazzy/lib/x86_64-linux-gnu:/opt/ros/jazzy/opt/gz_math_vendor/lib:/opt/ros/jazzy/opt/gz_utils_vendor/lib:/opt/ros/jazzy/opt/gz_tools_vendor/lib:/opt/ros/jazzy/opt/gz_cmake_vendor/lib:/opt/ros/jazzy/lib PYTHONPATH=/home/yura/firstprogram/install/turtlesim/lib/python3.12/site-packages:/home/yura/firstprogram/install/custom_interfaces/lib/python3.12/site-packages:/home/yura/firstprogram/install/tutorial_interfaces/lib/python3.12/site-packages:/opt/ros/jazzy/lib/python3.12/site-packages /usr/bin/cmake --build /home/yura/firstprogram/build/cpp_pubsub -- -j12 -l12
[0.065s] [ 25%] [32mBuilding CXX object CMakeFiles/minimal_subscriber.dir/src/minimal_subscriber.cpp.o[0m
[0.065s] [ 50%] [32mBuilding CXX object CMakeFiles/minimal_publisher.dir/src/minimal_publisher.cpp.o[0m
[2.824s] [ 75%] [32m[1mLinking CXX executable minimal_publisher[0m
[2.959s] [ 75%] Built target minimal_publisher
[4.946s] [100%] [32m[1mLinking CXX executable minimal_subscriber[0m
[5.147s] [100%] Built target minimal_subscriber
[5.156s] Invoked command in '/home/yura/firstprogram/build/cpp_pubsub' returned '0': CMAKE_PREFIX_PATH=/home/yura/firstprogram/install/turtlesim:/home/yura/firstprogram/install/custom_interfaces:/home/yura/firstprogram/install/simplepubsub:/home/yura/firstprogram/install/tutorial_interfaces:/home/yura/firstprogram/install/cpp_pubsub:/home/yura/firstprogram/install/firstprog:/home/yura/firstprogram/install/cpp_srvcli:/opt/ros/jazzy/opt/sdformat_vendor:/opt/ros/jazzy/opt/gz_math_vendor:/opt/ros/jazzy/opt/gz_utils_vendor:/opt/ros/jazzy/opt/gz_tools_vendor:/opt/ros/jazzy/opt/gz_cmake_vendor:/opt/ros/jazzy DEBUGINFOD_URLS=https://debuginfod.ubuntu.com LD_LIBRARY_PATH=/home/yura/firstprogram/install/turtlesim/lib:/home/yura/firstprogram/install/custom_interfaces/lib:/home/yura/firstprogram/install/tutorial_interfaces/lib:/opt/ros/jazzy/opt/sdformat_vendor/lib:/opt/ros/jazzy/opt/rviz_ogre_vendor/lib:/opt/ros/jazzy/lib/x86_64-linux-gnu:/opt/ros/jazzy/opt/gz_math_vendor/lib:/opt/ros/jazzy/opt/gz_utils_vendor/lib:/opt/ros/jazzy/opt/gz_tools_vendor/lib:/opt/ros/jazzy/opt/gz_cmake_vendor/lib:/opt/ros/jazzy/lib PYTHONPATH=/home/yura/firstprogram/install/turtlesim/lib/python3.12/site-packages:/home/yura/firstprogram/install/custom_interfaces/lib/python3.12/site-packages:/home/yura/firstprogram/install/tutorial_interfaces/lib/python3.12/site-packages:/opt/ros/jazzy/lib/python3.12/site-packages /usr/bin/cmake --build /home/yura/firstprogram/build/cpp_pubsub -- -j12 -l12
[5.157s] Invoking command in '/home/yura/firstprogram/build/cpp_pubsub': CMAKE_PREFIX_PATH=/home/yura/firstprogram/install/turtlesim:/home/yura/firstprogram/install/custom_interfaces:/home/yura/firstprogram/install/simplepubsub:/home/yura/firstprogram/install/tutorial_interfaces:/home/yura/firstprogram/install/cpp_pubsub:/home/yura/firstprogram/install/firstprog:/home/yura/firstprogram/install/cpp_srvcli:/opt/ros/jazzy/opt/sdformat_vendor:/opt/ros/jazzy/opt/gz_math_vendor:/opt/ros/jazzy/opt/gz_utils_vendor:/opt/ros/jazzy/opt/gz_tools_vendor:/opt/ros/jazzy/opt/gz_cmake_vendor:/opt/ros/jazzy DEBUGINFOD_URLS=https://debuginfod.ubuntu.com LD_LIBRARY_PATH=/home/yura/firstprogram/install/turtlesim/lib:/home/yura/firstprogram/install/custom_interfaces/lib:/home/yura/firstprogram/install/tutorial_interfaces/lib:/opt/ros/jazzy/opt/sdformat_vendor/lib:/opt/ros/jazzy/opt/rviz_ogre_vendor/lib:/opt/ros/jazzy/lib/x86_64-linux-gnu:/opt/ros/jazzy/opt/gz_math_vendor/lib:/opt/ros/jazzy/opt/gz_utils_vendor/lib:/opt/ros/jazzy/opt/gz_tools_vendor/lib:/opt/ros/jazzy/opt/gz_cmake_vendor/lib:/opt/ros/jazzy/lib PYTHONPATH=/home/yura/firstprogram/install/turtlesim/lib/python3.12/site-packages:/home/yura/firstprogram/install/custom_interfaces/lib/python3.12/site-packages:/home/yura/firstprogram/install/tutorial_interfaces/lib/python3.12/site-packages:/opt/ros/jazzy/lib/python3.12/site-packages /usr/bin/cmake --install /home/yura/firstprogram/build/cpp_pubsub
[5.164s] -- Install configuration: ""
[5.164s] -- Installing: /home/yura/firstprogram/install/cpp_pubsub/lib/cpp_pubsub/minimal_subscriber
[5.166s] -- Set non-toolchain portion of runtime path of "/home/yura/firstprogram/install/cpp_pubsub/lib/cpp_pubsub/minimal_subscriber" to ""
[5.167s] -- Installing: /home/yura/firstprogram/install/cpp_pubsub/lib/cpp_pubsub/minimal_publisher
[5.167s] -- Set non-toolchain portion of runtime path of "/home/yura/firstprogram/install/cpp_pubsub/lib/cpp_pubsub/minimal_publisher" to ""
[5.167s] -- Up-to-date: /home/yura/firstprogram/install/cpp_pubsub/share/ament_index/resource_index/package_run_dependencies/cpp_pubsub
[5.167s] -- Up-to-date: /home/yura/firstprogram/install/cpp_pubsub/share/ament_index/resource_index/parent_prefix_path/cpp_pubsub
[5.168s] -- Up-to-date: /home/yura/firstprogram/install/cpp_pubsub/share/cpp_pubsub/environment/ament_prefix_path.sh
[5.168s] -- Up-to-date: /home/yura/firstprogram/install/cpp_pubsub/share/cpp_pubsub/environment/ament_prefix_path.dsv
[5.168s] -- Up-to-date: /home/yura/firstprogram/install/cpp_pubsub/share/cpp_pubsub/environment/path.sh
[5.168s] -- Up-to-date: /home/yura/firstprogram/install/cpp_pubsub/share/cpp_pubsub/environment/path.dsv
[5.168s] -- Up-to-date: /home/yura/firstprogram/install/cpp_pubsub/share/cpp_pubsub/local_setup.bash
[5.168s] -- Up-to-date: /home/yura/firstprogram/install/cpp_pubsub/share/cpp_pubsub/local_setup.sh
[5.168s] -- Up-to-date: /home/yura/firstprogram/install/cpp_pubsub/share/cpp_pubsub/local_setup.zsh
[5.168s] -- Up-to-date: /home/yura/firstprogram/install/cpp_pubsub/share/cpp_pubsub/local_setup.dsv
[5.169s] -- Installing: /home/yura/firstprogram/install/cpp_pubsub/share/cpp_pubsub/package.dsv
[5.169s] -- Up-to-date: /home/yura/firstprogram/install/cpp_pubsub/share/ament_index/resource_index/packages/cpp_pubsub
[5.169s] -- Up-to-date: /home/yura/firstprogram/install/cpp_pubsub/share/cpp_pubsub/cmake/cpp_pubsubConfig.cmake
[5.170s] -- Up-to-date: /home/yura/firstprogram/install/cpp_pubsub/share/cpp_pubsub/cmake/cpp_pubsubConfig-version.cmake
[5.170s] -- Up-to-date: /home/yura/firstprogram/install/cpp_pubsub/share/cpp_pubsub/package.xml
[5.170s] Invoked command in '/home/yura/firstprogram/build/cpp_pubsub' returned '0': CMAKE_PREFIX_PATH=/home/yura/firstprogram/install/turtlesim:/home/yura/firstprogram/install/custom_interfaces:/home/yura/firstprogram/install/simplepubsub:/home/yura/firstprogram/install/tutorial_interfaces:/home/yura/firstprogram/install/cpp_pubsub:/home/yura/firstprogram/install/firstprog:/home/yura/firstprogram/install/cpp_srvcli:/opt/ros/jazzy/opt/sdformat_vendor:/opt/ros/jazzy/opt/gz_math_vendor:/opt/ros/jazzy/opt/gz_utils_vendor:/opt/ros/jazzy/opt/gz_tools_vendor:/opt/ros/jazzy/opt/gz_cmake_vendor:/opt/ros/jazzy DEBUGINFOD_URLS=https://debuginfod.ubuntu.com LD_LIBRARY_PATH=/home/yura/firstprogram/install/turtlesim/lib:/home/yura/firstprogram/install/custom_interfaces/lib:/home/yura/firstprogram/install/tutorial_interfaces/lib:/opt/ros/jazzy/opt/sdformat_vendor/lib:/opt/ros/jazzy/opt/rviz_ogre_vendor/lib:/opt/ros/jazzy/lib/x86_64-linux-gnu:/opt/ros/jazzy/opt/gz_math_vendor/lib:/opt/ros/jazzy/opt/gz_utils_vendor/lib:/opt/ros/jazzy/opt/gz_tools_vendor/lib:/opt/ros/jazzy/opt/gz_cmake_vendor/lib:/opt/ros/jazzy/lib PYTHONPATH=/home/yura/firstprogram/install/turtlesim/lib/python3.12/site-packages:/home/yura/firstprogram/install/custom_interfaces/lib/python3.12/site-packages:/home/yura/firstprogram/install/tutorial_interfaces/lib/python3.12/site-packages:/opt/ros/jazzy/lib/python3.12/site-packages /usr/bin/cmake --install /home/yura/firstprogram/build/cpp_pubsub
