[0.009s] Invoking command in '/home/yura/firstprogram/build/cpp_pubsub': CMAKE_PREFIX_PATH=/home/yura/firstprogram/install/turtlesim:/home/yura/firstprogram/install/custom_interfaces:/home/yura/firstprogram/install/simplepubsub:/home/yura/firstprogram/install/tutorial_interfaces:/home/yura/firstprogram/install/firstprog:/home/yura/firstprogram/install/cpp_srvcli:/home/yura/firstprogram/install/cpp_pubsub:/opt/ros/jazzy/opt/sdformat_vendor:/opt/ros/jazzy/opt/gz_math_vendor:/opt/ros/jazzy/opt/gz_utils_vendor:/opt/ros/jazzy/opt/gz_tools_vendor:/opt/ros/jazzy/opt/gz_cmake_vendor:/opt/ros/jazzy DEBUGINFOD_URLS=https://debuginfod.ubuntu.com LD_LIBRARY_PATH=/home/yura/firstprogram/install/turtlesim/lib:/home/yura/firstprogram/install/custom_interfaces/lib:/home/yura/firstprogram/install/tutorial_interfaces/lib:/opt/ros/jazzy/opt/sdformat_vendor/lib:/opt/ros/jazzy/opt/rviz_ogre_vendor/lib:/opt/ros/jazzy/lib/x86_64-linux-gnu:/opt/ros/jazzy/opt/gz_math_vendor/lib:/opt/ros/jazzy/opt/gz_utils_vendor/lib:/opt/ros/jazzy/opt/gz_tools_vendor/lib:/opt/ros/jazzy/opt/gz_cmake_vendor/lib:/opt/ros/jazzy/lib PYTHONPATH=/home/yura/firstprogram/install/turtlesim/lib/python3.12/site-packages:/home/yura/firstprogram/install/custom_interfaces/lib/python3.12/site-packages:/home/yura/firstprogram/install/tutorial_interfaces/lib/python3.12/site-packages:/opt/ros/jazzy/lib/python3.12/site-packages /usr/bin/cmake --build /home/yura/firstprogram/build/cpp_pubsub -- -j12 -l12
[0.060s] [ 25%] [32mBuilding CXX object CMakeFiles/minimal_publisher.dir/src/minimal_publisher.cpp.o[0m
[0.060s] [ 50%] [32mBuilding CXX object CMakeFiles/minimal_subscriber.dir/src/minimal_subscriber.cpp.o[0m
[1.377s] [01m[K/home/yura/firstprogram/src/cpp_pubsub/src/minimal_publisher.cpp:[m[K In lambda function:
[1.377s] [01m[K/home/yura/firstprogram/src/cpp_pubsub/src/minimal_publisher.cpp:20:16:[m[K [01;31m[Kerror: [m[Kbase operand of ‘[01m[K->[m[K’ has non-pointer type ‘[01m[Kcustom_interfaces::msg::Coord_<std::allocator<void> >[m[K’
[1.377s]    20 |         message[01;31m[K->[m[Kx = count_+2;
[1.378s]       |                [01;31m[K^~[m[K
[1.378s] [01m[K/home/yura/firstprogram/src/cpp_pubsub/src/minimal_publisher.cpp:21:16:[m[K [01;31m[Kerror: [m[Kbase operand of ‘[01m[K->[m[K’ has non-pointer type ‘[01m[Kcustom_interfaces::msg::Coord_<std::allocator<void> >[m[K’
[1.378s]    21 |         message[01;31m[K->[m[Ky = count_+2;
[1.378s]       |                [01;31m[K^~[m[K
[1.378s] [01m[K/home/yura/firstprogram/src/cpp_pubsub/src/minimal_publisher.cpp:22:16:[m[K [01;31m[Kerror: [m[Kbase operand of ‘[01m[K->[m[K’ has non-pointer type ‘[01m[Kcustom_interfaces::msg::Coord_<std::allocator<void> >[m[K’
[1.378s]    22 |         message[01;31m[K->[m[Ktheta = count_+2;
[1.378s]       |                [01;31m[K^~[m[K
[1.378s] In file included from [01m[K/opt/ros/jazzy/include/rclcpp/rclcpp/logging.hpp:24[m[K,
[1.378s]                  from [01m[K/opt/ros/jazzy/include/rclcpp/rclcpp/copy_all_parameter_values.hpp:27[m[K,
[1.378s]                  from [01m[K/opt/ros/jazzy/include/rclcpp/rclcpp/rclcpp.hpp:171[m[K,
[1.378s]                  from [01m[K/home/yura/firstprogram/src/cpp_pubsub/src/minimal_publisher.cpp:4[m[K:
[1.379s] [01m[K/home/yura/firstprogram/src/cpp_pubsub/src/minimal_publisher.cpp:23:111:[m[K [01;31m[Kerror: [m[K‘[01m[Kstruct custom_interfaces::msg::Coord_<std::allocator<void> >[m[K’ has no member named ‘[01m[Ktheta[m[K’
[1.379s]    23 |         RCLCPP_INFO(this->get_logger(), "Publishing coord: x:%f, y:%f, theta:%f", message.x,message.y,message.[01;31m[Ktheta[m[K);
[1.379s]       |                                                                                                               [01;31m[K^~~~~[m[K
[1.390s] [01m[K/home/yura/firstprogram/src/cpp_pubsub/src/minimal_subscriber.cpp:26:29:[m[K [01;31m[Kerror: [m[K‘[01m[Kros_tutorials[m[K’ does not name a type
[1.390s]    26 |   void topic_callback(const [01;31m[Kros_tutorials[m[K::msg::Coord::SharedPtr msg)
[1.390s]       |                             [01;31m[K^~~~~~~~~~~~~[m[K
[1.390s] [01m[K/home/yura/firstprogram/src/cpp_pubsub/src/minimal_subscriber.cpp:26:47:[m[K [01;31m[Kerror: [m[Kexpected unqualified-id before ‘[01m[K::[m[K’ token
[1.390s]    26 |   void topic_callback(const ros_tutorials::msg[01;31m[K::[m[KCoord::SharedPtr msg)
[1.391s]       |                                               [01;31m[K^~[m[K
[1.391s] [01m[K/home/yura/firstprogram/src/cpp_pubsub/src/minimal_subscriber.cpp:26:47:[m[K [01;31m[Kerror: [m[Kexpected ‘[01m[K)[m[K’ before ‘[01m[K::[m[K’ token
[1.391s]    26 |   void topic_callback[34m[K([m[Kconst ros_tutorials::msg[01;31m[K:[m[K[32m[K:[m[KCoord::SharedPtr msg)
[1.391s]       |                      [34m[K~[m[K                        [01;31m[K^[m[K[32m[K~[m[K
[1.391s]       |                                               [32m[K)[m[K
[1.391s] [01m[K/home/yura/firstprogram/src/cpp_pubsub/src/minimal_subscriber.cpp:26:44:[m[K [01;31m[Kerror: [m[Kexpected ‘[01m[K;[m[K’ at end of member declaration
[1.391s]    26 |   void topic_callback(const ros_tutorials::[01;31m[Kmsg[m[K::Coord::SharedPtr msg)
[1.391s]       |                                            [01;31m[K^~~[m[K
[1.391s]       |                                               [32m[K;[m[K
[1.392s] [01m[K/home/yura/firstprogram/src/cpp_pubsub/src/minimal_subscriber.cpp:26:49:[m[K [01;31m[Kerror: [m[K‘[01m[KCoord[m[K’ in namespace ‘[01m[K::[m[K’ does not name a type
[1.392s]    26 |   void topic_callback(const ros_tutorials::msg::[01;31m[KCoord[m[K::SharedPtr msg)
[1.392s]       |                                                 [01;31m[K^~~~~[m[K
[1.398s] [01m[K/home/yura/firstprogram/src/cpp_pubsub/src/minimal_subscriber.cpp:58:24:[m[K [01;31m[Kerror: [m[K‘[01m[Kros_tutorials[m[K’ was not declared in this scope
[1.398s]    58 |   rclcpp::Subscription<[01;31m[Kros_tutorials[m[K::msg::Coord>::SharedPtr subscription_;
[1.398s]       |                        [01;31m[K^~~~~~~~~~~~~[m[K
[1.398s] [01m[K/home/yura/firstprogram/src/cpp_pubsub/src/minimal_subscriber.cpp:58:49:[m[K [01;31m[Kerror: [m[Ktemplate argument 1 is invalid
[1.398s]    58 |   rclcpp::Subscription<ros_tutorials::msg::Coord[01;31m[K>[m[K::SharedPtr subscription_;
[1.398s]       |                                                 [01;31m[K^[m[K
[1.398s] [01m[K/home/yura/firstprogram/src/cpp_pubsub/src/minimal_subscriber.cpp:58:49:[m[K [01;31m[Kerror: [m[Ktemplate argument 3 is invalid
[1.398s] [01m[K/home/yura/firstprogram/src/cpp_pubsub/src/minimal_subscriber.cpp:58:49:[m[K [01;31m[Kerror: [m[Ktemplate argument 4 is invalid
[1.398s] [01m[K/home/yura/firstprogram/src/cpp_pubsub/src/minimal_subscriber.cpp:58:49:[m[K [01;31m[Kerror: [m[Ktemplate argument 5 is invalid
[1.398s] [01m[K/home/yura/firstprogram/src/cpp_pubsub/src/minimal_subscriber.cpp:58:52:[m[K [01;31m[Kerror: [m[Kexpected ‘[01m[K;[m[K’ at end of member declaration
[1.398s]    58 |   rclcpp::Subscription<ros_tutorials::msg::Coord>::[01;31m[KSharedPtr[m[K subscription_;
[1.399s]       |                                                    [01;31m[K^~~~~~~~~[m[K
[1.399s]       |                                                             [32m[K;[m[K
[1.399s] [01m[K/home/yura/firstprogram/src/cpp_pubsub/src/minimal_subscriber.cpp:58:62:[m[K [01;31m[Kerror: [m[K‘[01m[Ksubscription_[m[K’ does not name a type; did you mean ‘[01m[Krmw_subscription_t[m[K’?
[1.399s]    58 |   rclcpp::Subscription<ros_tutorials::msg::Coord>::SharedPtr [01;31m[Ksubscription_[m[K;
[1.400s]       |                                                              [01;31m[K^~~~~~~~~~~~~[m[K
[1.400s]       |                                                              [32m[Krmw_subscription_t[m[K
[1.412s] [01m[K/home/yura/firstprogram/src/cpp_pubsub/src/minimal_subscriber.cpp:[m[K In constructor ‘[01m[KMinimalSubscriber::[01;32m[KMinimalSubscriber[m[K()[m[K’:
[1.412s] [01m[K/home/yura/firstprogram/src/cpp_pubsub/src/minimal_subscriber.cpp:20:5:[m[K [01;31m[Kerror: [m[K‘[01m[Ksubscription_[m[K’ was not declared in this scope; did you mean ‘[01m[Krmw_subscription_t[m[K’?
[1.412s]    20 |     [01;31m[Ksubscription_[m[K = this->create_subscription<ros_tutorials::msg::Coord>(
[1.412s]       |     [01;31m[K^~~~~~~~~~~~~[m[K
[1.412s]       |     [32m[Krmw_subscription_t[m[K
[1.418s] [01m[K/home/yura/firstprogram/src/cpp_pubsub/src/minimal_subscriber.cpp:20:47:[m[K [01;31m[Kerror: [m[K‘[01m[Kros_tutorials[m[K’ was not declared in this scope
[1.418s]    20 |     subscription_ = this->create_subscription<[01;31m[Kros_tutorials[m[K::msg::Coord>(
[1.418s]       |                                               [01;31m[K^~~~~~~~~~~~~[m[K
[1.418s] [01m[K/home/yura/firstprogram/src/cpp_pubsub/src/minimal_subscriber.cpp:20:27:[m[K [01;31m[Kerror: [m[Kparse error in template argument list
[1.418s]    20 |     subscription_ = this->[01;31m[Kcreate_subscription<ros_tutorials::msg::Coord>[m[K(
[1.418s]       |                           [01;31m[K^~~~~~~~~~~~~~~~~~~~~~~~~~~~~~~~~~~~~~~~~~~~~~[m[K
[1.421s] [01m[K/home/yura/firstprogram/src/cpp_pubsub/src/minimal_subscriber.cpp:20:73:[m[K [01;31m[Kerror: [m[Kno matching function for call to ‘[01m[KMinimalSubscriber::create_subscription<<expression error> >(const char [6], int, std::_Bind_helper<false, void (MinimalSubscriber::*)(...), MinimalSubscriber*, const std::_Placeholder<1>&>::type)[m[K’
[1.421s]    20 |     subscription_ = [01;31m[Kthis->create_subscription<ros_tutorials::msg::Coord>([m[K
[1.421s]       |                     [01;31m[K~~~~~~~~~~~~~~~~~~~~~~~~~~~~~~~~~~~~~~~~~~~~~~~~~~~~^[m[K
[1.421s]    21 | [01;31m[K      "topic", 10, std::bind(&MinimalSubscriber::topic_callback, this, std::placeholders::_1))[m[K;
[1.421s]       |       [01;31m[K~~~~~~~~~~~~~~~~~~~~~~~~~~~~~~~~~~~~~~~~~~~~~~~~~~~~~~~~~~~~~~~~~~~~~~~~~~~~~~~~~~~~~~~~[m[K
[1.421s] In file included from [01m[K/opt/ros/jazzy/include/rclcpp/rclcpp/executors/single_threaded_executor.hpp:28[m[K,
[1.421s]                  from [01m[K/opt/ros/jazzy/include/rclcpp/rclcpp/executors.hpp:22[m[K,
[1.421s]                  from [01m[K/opt/ros/jazzy/include/rclcpp/rclcpp/rclcpp.hpp:172[m[K,
[1.421s]                  from [01m[K/home/yura/firstprogram/src/cpp_pubsub/src/minimal_subscriber.cpp:4[m[K:
[1.422s] [01m[K/opt/ros/jazzy/include/rclcpp/rclcpp/node.hpp:221:3:[m[K [01;36m[Knote: [m[Kcandidate: ‘[01m[Ktemplate<class MessageT, class CallbackT, class AllocatorT, class SubscriptionT, class MessageMemoryStrategyT> std::shared_ptr<ROSMessageT> rclcpp::Node::[01;32m[Kcreate_subscription[m[K(const std::string&, const rclcpp::QoS&, CallbackT&&, const rclcpp::SubscriptionOptionsWithAllocator<AllocatorT>&, typename MessageMemoryStrategyT::SharedPtr)[m[K’
[1.422s]   221 |   [01;36m[Kcreate_subscription[m[K(
[1.422s]       |   [01;36m[K^~~~~~~~~~~~~~~~~~~[m[K
[1.422s] [01m[K/opt/ros/jazzy/include/rclcpp/rclcpp/node.hpp:221:3:[m[K [01;36m[Knote: [m[K  template argument deduction/substitution failed:
[1.422s] [01m[K/home/yura/firstprogram/src/cpp_pubsub/src/minimal_subscriber.cpp:20:73:[m[K [01;31m[Kerror: [m[Ktemplate argument 1 is invalid
[1.422s]    20 |     subscription_ = [01;31m[Kthis->create_subscription<ros_tutorials::msg::Coord>([m[K
[1.422s]       |                     [01;31m[K~~~~~~~~~~~~~~~~~~~~~~~~~~~~~~~~~~~~~~~~~~~~~~~~~~~~^[m[K
[1.422s]    21 | [01;31m[K      "topic", 10, std::bind(&MinimalSubscriber::topic_callback, this, std::placeholders::_1))[m[K;
[1.422s]       |       [01;31m[K~~~~~~~~~~~~~~~~~~~~~~~~~~~~~~~~~~~~~~~~~~~~~~~~~~~~~~~~~~~~~~~~~~~~~~~~~~~~~~~~~~~~~~~~[m[K
[1.937s] gmake[2]: *** [CMakeFiles/minimal_subscriber.dir/build.make:76: CMakeFiles/minimal_subscriber.dir/src/minimal_subscriber.cpp.o] Error 1
[1.938s] gmake[1]: *** [CMakeFiles/Makefile2:139: CMakeFiles/minimal_subscriber.dir/all] Error 2
[1.938s] gmake[1]: *** Waiting for unfinished jobs....
[1.993s] gmake[2]: *** [CMakeFiles/minimal_publisher.dir/build.make:76: CMakeFiles/minimal_publisher.dir/src/minimal_publisher.cpp.o] Error 1
[1.993s] gmake[1]: *** [CMakeFiles/Makefile2:165: CMakeFiles/minimal_publisher.dir/all] Error 2
[1.994s] gmake: *** [Makefile:146: all] Error 2
[1.995s] Invoked command in '/home/yura/firstprogram/build/cpp_pubsub' returned '2': CMAKE_PREFIX_PATH=/home/yura/firstprogram/install/turtlesim:/home/yura/firstprogram/install/custom_interfaces:/home/yura/firstprogram/install/simplepubsub:/home/yura/firstprogram/install/tutorial_interfaces:/home/yura/firstprogram/install/firstprog:/home/yura/firstprogram/install/cpp_srvcli:/home/yura/firstprogram/install/cpp_pubsub:/opt/ros/jazzy/opt/sdformat_vendor:/opt/ros/jazzy/opt/gz_math_vendor:/opt/ros/jazzy/opt/gz_utils_vendor:/opt/ros/jazzy/opt/gz_tools_vendor:/opt/ros/jazzy/opt/gz_cmake_vendor:/opt/ros/jazzy DEBUGINFOD_URLS=https://debuginfod.ubuntu.com LD_LIBRARY_PATH=/home/yura/firstprogram/install/turtlesim/lib:/home/yura/firstprogram/install/custom_interfaces/lib:/home/yura/firstprogram/install/tutorial_interfaces/lib:/opt/ros/jazzy/opt/sdformat_vendor/lib:/opt/ros/jazzy/opt/rviz_ogre_vendor/lib:/opt/ros/jazzy/lib/x86_64-linux-gnu:/opt/ros/jazzy/opt/gz_math_vendor/lib:/opt/ros/jazzy/opt/gz_utils_vendor/lib:/opt/ros/jazzy/opt/gz_tools_vendor/lib:/opt/ros/jazzy/opt/gz_cmake_vendor/lib:/opt/ros/jazzy/lib PYTHONPATH=/home/yura/firstprogram/install/turtlesim/lib/python3.12/site-packages:/home/yura/firstprogram/install/custom_interfaces/lib/python3.12/site-packages:/home/yura/firstprogram/install/tutorial_interfaces/lib/python3.12/site-packages:/opt/ros/jazzy/lib/python3.12/site-packages /usr/bin/cmake --build /home/yura/firstprogram/build/cpp_pubsub -- -j12 -l12
