-- Found ament_cmake: 2.5.6 (/opt/ros/jazzy/share/ament_cmake/cmake)
-- Found geometry_msgs: 5.3.7 (/opt/ros/jazzy/share/geometry_msgs/cmake)
-- Found rosidl_generator_c: 4.6.7 (/opt/ros/jazzy/share/rosidl_generator_c/cmake)
-- Found rosidl_generator_cpp: 4.6.7 (/opt/ros/jazzy/share/rosidl_generator_cpp/cmake)
-- Using all available rosidl_typesupport_c: rosidl_typesupport_fastrtps_c;rosidl_typesupport_introspection_c
-- Using all available rosidl_typesupport_cpp: rosidl_typesupport_fastrtps_cpp;rosidl_typesupport_introspection_cpp
-- Found rosidl_default_generators: 1.6.0 (/opt/ros/jazzy/share/rosidl_default_generators/cmake)
-- Found rosidl_adapter: 4.6.7 (/opt/ros/jazzy/share/rosidl_adapter/cmake)
[31mCMake Error at /opt/ros/jazzy/share/rosidl_adapter/cmake/rosidl_adapt_interfaces.cmake:57 (message):
  execute_process(/usr/bin/python3 -m rosidl_adapter --package-name
  tutorial_interfaces --arguments-file
  /home/yura/firstprogram/build/tutorial_interfaces/rosidl_adapter__arguments__tutorial_interfaces.json
  --output-dir
  /home/yura/firstprogram/build/tutorial_interfaces/rosidl_adapter/tutorial_interfaces
  --output-file
  /home/yura/firstprogram/build/tutorial_interfaces/rosidl_adapter/tutorial_interfaces.idls)
  returned error code 1:

  Error processing 'int[3] coordinates' of 'tutorial_interfaces/Coord':
  ''int' is an invalid message name.  It should have the pattern
  '^[A-Z][A-Za-z0-9]*$''

  Traceback (most recent call last):

    File "<frozen runpy>", line 198, in _run_module_as_main
    File "<frozen runpy>", line 88, in _run_code
    File "/opt/ros/jazzy/lib/python3.12/site-packages/rosidl_adapter/__main__.py", line 19, in <module>
      sys.exit(main())
               ^^^^^^
    File "/opt/ros/jazzy/lib/python3.12/site-packages/rosidl_adapter/main.py", line 53, in main
      abs_idl_file = convert_to_idl(
                     ^^^^^^^^^^^^^^^
    File "/opt/ros/jazzy/lib/python3.12/site-packages/rosidl_adapter/__init__.py", line 19, in convert_to_idl
      return convert_msg_to_idl(
             ^^^^^^^^^^^^^^^^^^^
    File "/opt/ros/jazzy/lib/python3.12/site-packages/rosidl_adapter/msg/__init__.py", line 28, in convert_msg_to_idl
      msg = parse_message_string(package_name, input_file.stem, content)
            ^^^^^^^^^^^^^^^^^^^^^^^^^^^^^^^^^^^^^^^^^^^^^^^^^^^^^^^^^^^^
    File "/opt/ros/jazzy/lib/python3.12/site-packages/rosidl_adapter/parser.py", line 521, in parse_message_string
      Type(type_string, context_package_name=pkg_name),
      ^^^^^^^^^^^^^^^^^^^^^^^^^^^^^^^^^^^^^^^^^^^^^^^^
    File "/opt/ros/jazzy/lib/python3.12/site-packages/rosidl_adapter/parser.py", line 278, in __init__
      super(Type, self).__init__(
    File "/opt/ros/jazzy/lib/python3.12/site-packages/rosidl_adapter/parser.py", line 206, in __init__
      raise InvalidResourceName(

  rosidl_adapter.parser.InvalidResourceName: 'int' is an invalid message
  name.  It should have the pattern '^[A-Z][A-Za-z0-9]*$'

Call Stack (most recent call first):
  /opt/ros/jazzy/share/rosidl_cmake/cmake/rosidl_generate_interfaces.cmake:132 (rosidl_adapt_interfaces)
  CMakeLists.txt:13 (rosidl_generate_interfaces)

[0m
-- Configuring incomplete, errors occurred!
gmake: *** [Makefile:1369: cmake_check_build_system] Error 1
