[0.011s] Invoking command in '/home/yura/firstprogram/build/tutorial_interfaces': CMAKE_PREFIX_PATH=${CMAKE_PREFIX_PATH}:/opt/ros/jazzy DEBUGINFOD_URLS=https://debuginfod.ubuntu.com /usr/bin/cmake --build /home/yura/firstprogram/build/tutorial_interfaces -- -j12 -l12
[0.031s] -- Found ament_cmake: 2.5.6 (/opt/ros/jazzy/share/ament_cmake/cmake)
[0.104s] -- Found geometry_msgs: 5.3.7 (/opt/ros/jazzy/share/geometry_msgs/cmake)
[0.120s] -- Found rosidl_generator_c: 4.6.7 (/opt/ros/jazzy/share/rosidl_generator_c/cmake)
[0.125s] -- Found rosidl_generator_cpp: 4.6.7 (/opt/ros/jazzy/share/rosidl_generator_cpp/cmake)
[0.132s] -- Using all available rosidl_typesupport_c: rosidl_typesupport_fastrtps_c;rosidl_typesupport_introspection_c
[0.140s] -- Using all available rosidl_typesupport_cpp: rosidl_typesupport_fastrtps_cpp;rosidl_typesupport_introspection_cpp
[0.165s] -- Found rosidl_default_generators: 1.6.0 (/opt/ros/jazzy/share/rosidl_default_generators/cmake)
[0.172s] -- Found rosidl_adapter: 4.6.7 (/opt/ros/jazzy/share/rosidl_adapter/cmake)
[0.284s] [31mCMake Error at /opt/ros/jazzy/share/rosidl_adapter/cmake/rosidl_adapt_interfaces.cmake:57 (message):
[0.284s]   execute_process(/usr/bin/python3 -m rosidl_adapter --package-name
[0.284s]   tutorial_interfaces --arguments-file
[0.284s]   /home/yura/firstprogram/build/tutorial_interfaces/rosidl_adapter__arguments__tutorial_interfaces.json
[0.284s]   --output-dir
[0.284s]   /home/yura/firstprogram/build/tutorial_interfaces/rosidl_adapter/tutorial_interfaces
[0.285s]   --output-file
[0.285s]   /home/yura/firstprogram/build/tutorial_interfaces/rosidl_adapter/tutorial_interfaces.idls)
[0.285s]   returned error code 1:
[0.285s] 
[0.285s]   Error processing 'int[3] coordinates' of 'tutorial_interfaces/Coord':
[0.285s]   ''int' is an invalid message name.  It should have the pattern
[0.285s]   '^[A-Z][A-Za-z0-9]*$''
[0.285s] 
[0.285s]   Traceback (most recent call last):
[0.285s] 
[0.285s]     File "<frozen runpy>", line 198, in _run_module_as_main
[0.285s]     File "<frozen runpy>", line 88, in _run_code
[0.285s]     File "/opt/ros/jazzy/lib/python3.12/site-packages/rosidl_adapter/__main__.py", line 19, in <module>
[0.285s]       sys.exit(main())
[0.286s]                ^^^^^^
[0.286s]     File "/opt/ros/jazzy/lib/python3.12/site-packages/rosidl_adapter/main.py", line 53, in main
[0.286s]       abs_idl_file = convert_to_idl(
[0.286s]                      ^^^^^^^^^^^^^^^
[0.286s]     File "/opt/ros/jazzy/lib/python3.12/site-packages/rosidl_adapter/__init__.py", line 19, in convert_to_idl
[0.286s]       return convert_msg_to_idl(
[0.286s]              ^^^^^^^^^^^^^^^^^^^
[0.286s]     File "/opt/ros/jazzy/lib/python3.12/site-packages/rosidl_adapter/msg/__init__.py", line 28, in convert_msg_to_idl
[0.286s]       msg = parse_message_string(package_name, input_file.stem, content)
[0.286s]             ^^^^^^^^^^^^^^^^^^^^^^^^^^^^^^^^^^^^^^^^^^^^^^^^^^^^^^^^^^^^
[0.286s]     File "/opt/ros/jazzy/lib/python3.12/site-packages/rosidl_adapter/parser.py", line 521, in parse_message_string
[0.286s]       Type(type_string, context_package_name=pkg_name),
[0.286s]       ^^^^^^^^^^^^^^^^^^^^^^^^^^^^^^^^^^^^^^^^^^^^^^^^
[0.286s]     File "/opt/ros/jazzy/lib/python3.12/site-packages/rosidl_adapter/parser.py", line 278, in __init__
[0.287s]       super(Type, self).__init__(
[0.287s]     File "/opt/ros/jazzy/lib/python3.12/site-packages/rosidl_adapter/parser.py", line 206, in __init__
[0.287s]       raise InvalidResourceName(
[0.287s] 
[0.287s]   rosidl_adapter.parser.InvalidResourceName: 'int' is an invalid message
[0.287s]   name.  It should have the pattern '^[A-Z][A-Za-z0-9]*$'
[0.287s] 
[0.287s] Call Stack (most recent call first):
[0.287s]   /opt/ros/jazzy/share/rosidl_cmake/cmake/rosidl_generate_interfaces.cmake:132 (rosidl_adapt_interfaces)
[0.287s]   CMakeLists.txt:13 (rosidl_generate_interfaces)
[0.287s] 
[0.287s] [0m
[0.287s] -- Configuring incomplete, errors occurred!
[0.288s] gmake: *** [Makefile:1369: cmake_check_build_system] Error 1
[0.290s] Invoked command in '/home/yura/firstprogram/build/tutorial_interfaces' returned '2': CMAKE_PREFIX_PATH=${CMAKE_PREFIX_PATH}:/opt/ros/jazzy DEBUGINFOD_URLS=https://debuginfod.ubuntu.com /usr/bin/cmake --build /home/yura/firstprogram/build/tutorial_interfaces -- -j12 -l12
