[0.009s] Invoking command in '/home/yura/firstprogram/build/simplepubsub': CMAKE_PREFIX_PATH=${CMAKE_PREFIX_PATH}:/opt/ros/jazzy DEBUGINFOD_URLS=https://debuginfod.ubuntu.com /usr/bin/cmake /home/yura/firstprogram/src/simplepubsub -DCMAKE_INSTALL_PREFIX=/home/yura/firstprogram/install/simplepubsub
[0.019s] -- Found ament_cmake: 2.5.6 (/opt/ros/jazzy/share/ament_cmake/cmake)
[0.176s] -- Found rclcpp: 28.1.18 (/opt/ros/jazzy/share/rclcpp/cmake)
[0.192s] -- Found rosidl_generator_c: 4.6.7 (/opt/ros/jazzy/share/rosidl_generator_c/cmake)
[0.198s] -- Found rosidl_generator_cpp: 4.6.7 (/opt/ros/jazzy/share/rosidl_generator_cpp/cmake)
[0.206s] -- Using all available rosidl_typesupport_c: rosidl_typesupport_fastrtps_c;rosidl_typesupport_introspection_c
[0.214s] -- Using all available rosidl_typesupport_cpp: rosidl_typesupport_fastrtps_cpp;rosidl_typesupport_introspection_cpp
[0.252s] -- Found rmw_implementation_cmake: 7.3.3 (/opt/ros/jazzy/share/rmw_implementation_cmake/cmake)
[0.253s] -- Found rmw_fastrtps_cpp: 8.4.3 (/opt/ros/jazzy/share/rmw_fastrtps_cpp/cmake)
[0.302s] -- Using RMW implementation 'rmw_fastrtps_cpp' as default
[0.343s] -- Found tutorial_interfaces: 0.0.0 (/home/yura/firstprogram/install/tutorial_interfaces/share/tutorial_interfaces/cmake)
[0.377s] -- Found ament_lint_auto: 0.17.5 (/opt/ros/jazzy/share/ament_lint_auto/cmake)
[0.436s] -- Added test 'cppcheck' to perform static code analysis on C / C++ code
[0.437s] -- Configured cppcheck include dirs: 
[0.437s] -- Configured cppcheck exclude dirs and/or files: 
[0.437s] -- Added test 'lint_cmake' to check CMake code style
[0.437s] -- Added test 'uncrustify' to check C / C++ code style
[0.437s] -- Configured uncrustify additional arguments: 
[0.437s] -- Added test 'xmllint' to check XML markup files
[0.438s] -- Configuring done (0.4s)
[0.446s] -- Generating done (0.0s)
[0.449s] -- Build files have been written to: /home/yura/firstprogram/build/simplepubsub
[0.454s] Invoked command in '/home/yura/firstprogram/build/simplepubsub' returned '0': CMAKE_PREFIX_PATH=${CMAKE_PREFIX_PATH}:/opt/ros/jazzy DEBUGINFOD_URLS=https://debuginfod.ubuntu.com /usr/bin/cmake /home/yura/firstprogram/src/simplepubsub -DCMAKE_INSTALL_PREFIX=/home/yura/firstprogram/install/simplepubsub
[0.455s] Invoking command in '/home/yura/firstprogram/build/simplepubsub': CMAKE_PREFIX_PATH=${CMAKE_PREFIX_PATH}:/opt/ros/jazzy DEBUGINFOD_URLS=https://debuginfod.ubuntu.com /usr/bin/cmake --build /home/yura/firstprogram/build/simplepubsub -- -j12 -l12
[0.497s] [ 25%] [32mBuilding CXX object CMakeFiles/talker.dir/src/publisher.cpp.o[0m
[0.498s] [ 50%] [32mBuilding CXX object CMakeFiles/listener.dir/src/subscriber.cpp.o[0m
[3.115s] [ 75%] [32m[1mLinking CXX executable talker[0m
[3.233s] [ 75%] Built target talker
[4.876s] [100%] [32m[1mLinking CXX executable listener[0m
[5.039s] [100%] Built target listener
[5.047s] Invoked command in '/home/yura/firstprogram/build/simplepubsub' returned '0': CMAKE_PREFIX_PATH=${CMAKE_PREFIX_PATH}:/opt/ros/jazzy DEBUGINFOD_URLS=https://debuginfod.ubuntu.com /usr/bin/cmake --build /home/yura/firstprogram/build/simplepubsub -- -j12 -l12
[5.055s] Invoking command in '/home/yura/firstprogram/build/simplepubsub': CMAKE_PREFIX_PATH=${CMAKE_PREFIX_PATH}:/opt/ros/jazzy DEBUGINFOD_URLS=https://debuginfod.ubuntu.com /usr/bin/cmake --install /home/yura/firstprogram/build/simplepubsub
[5.061s] -- Install configuration: ""
[5.061s] -- Installing: /home/yura/firstprogram/install/simplepubsub/lib/simplepubsub/talker
[5.061s] -- Set non-toolchain portion of runtime path of "/home/yura/firstprogram/install/simplepubsub/lib/simplepubsub/talker" to ""
[5.061s] -- Installing: /home/yura/firstprogram/install/simplepubsub/lib/simplepubsub/listener
[5.063s] -- Set non-toolchain portion of runtime path of "/home/yura/firstprogram/install/simplepubsub/lib/simplepubsub/listener" to ""
[5.063s] -- Installing: /home/yura/firstprogram/install/simplepubsub/share/ament_index/resource_index/package_run_dependencies/simplepubsub
[5.063s] -- Installing: /home/yura/firstprogram/install/simplepubsub/share/ament_index/resource_index/parent_prefix_path/simplepubsub
[5.064s] -- Installing: /home/yura/firstprogram/install/simplepubsub/share/simplepubsub/environment/ament_prefix_path.sh
[5.064s] -- Installing: /home/yura/firstprogram/install/simplepubsub/share/simplepubsub/environment/ament_prefix_path.dsv
[5.064s] -- Installing: /home/yura/firstprogram/install/simplepubsub/share/simplepubsub/environment/path.sh
[5.064s] -- Installing: /home/yura/firstprogram/install/simplepubsub/share/simplepubsub/environment/path.dsv
[5.064s] -- Installing: /home/yura/firstprogram/install/simplepubsub/share/simplepubsub/local_setup.bash
[5.064s] -- Installing: /home/yura/firstprogram/install/simplepubsub/share/simplepubsub/local_setup.sh
[5.064s] -- Installing: /home/yura/firstprogram/install/simplepubsub/share/simplepubsub/local_setup.zsh
[5.064s] -- Installing: /home/yura/firstprogram/install/simplepubsub/share/simplepubsub/local_setup.dsv
[5.064s] -- Installing: /home/yura/firstprogram/install/simplepubsub/share/simplepubsub/package.dsv
[5.064s] -- Installing: /home/yura/firstprogram/install/simplepubsub/share/ament_index/resource_index/packages/simplepubsub
[5.064s] -- Installing: /home/yura/firstprogram/install/simplepubsub/share/simplepubsub/cmake/simplepubsubConfig.cmake
[5.064s] -- Installing: /home/yura/firstprogram/install/simplepubsub/share/simplepubsub/cmake/simplepubsubConfig-version.cmake
[5.065s] -- Installing: /home/yura/firstprogram/install/simplepubsub/share/simplepubsub/package.xml
[5.065s] Invoked command in '/home/yura/firstprogram/build/simplepubsub' returned '0': CMAKE_PREFIX_PATH=${CMAKE_PREFIX_PATH}:/opt/ros/jazzy DEBUGINFOD_URLS=https://debuginfod.ubuntu.com /usr/bin/cmake --install /home/yura/firstprogram/build/simplepubsub
