[ 50%] Built target publisher
[ 75%] [32mBuilding CXX object CMakeFiles/subscriber.dir/src/minimal_subscriber.cpp.o[0m
[01m[K/home/yura/firstprogram/src/cpp_pubsub/src/minimal_subscriber.cpp:[m[K In lambda function:
[01m[K/home/yura/firstprogram/src/cpp_pubsub/src/minimal_subscriber.cpp:31:77:[m[K [01;35m[Kwarning: [m[Kunused parameter ‘[01m[Kfuture[m[K’ [[01;35m[K]8;;https://gcc.gnu.org/onlinedocs/gcc/Warning-Options.html#index-Wunused-parameter-Wunused-parameter]8;;[m[K]
   31 | [01;35m[Klute>::SharedFuture future[m[K) {
      | [01;35m[K~~~~~~~~~~~~~~~~~~~~^~~~~~[m[K

[100%] [32m[1mLinking CXX executable subscriber[0m
[100%] Built target subscriber
-- Install configuration: ""
-- Installing: /home/yura/firstprogram/install/cpp_pubsub/lib/cpp_pubsub/subscriber
-- Set non-toolchain portion of runtime path of "/home/yura/firstprogram/install/cpp_pubsub/lib/cpp_pubsub/subscriber" to ""
-- Installing: /home/yura/firstprogram/install/cpp_pubsub/lib/cpp_pubsub/publisher
-- Set non-toolchain portion of runtime path of "/home/yura/firstprogram/install/cpp_pubsub/lib/cpp_pubsub/publisher" to ""
-- Up-to-date: /home/yura/firstprogram/install/cpp_pubsub/share/ament_index/resource_index/package_run_dependencies/cpp_pubsub
-- Installing: /home/yura/firstprogram/install/cpp_pubsub/share/ament_index/resource_index/parent_prefix_path/cpp_pubsub
-- Up-to-date: /home/yura/firstprogram/install/cpp_pubsub/share/cpp_pubsub/environment/ament_prefix_path.sh
-- Up-to-date: /home/yura/firstprogram/install/cpp_pubsub/share/cpp_pubsub/environment/ament_prefix_path.dsv
-- Up-to-date: /home/yura/firstprogram/install/cpp_pubsub/share/cpp_pubsub/environment/path.sh
-- Up-to-date: /home/yura/firstprogram/install/cpp_pubsub/share/cpp_pubsub/environment/path.dsv
-- Up-to-date: /home/yura/firstprogram/install/cpp_pubsub/share/cpp_pubsub/local_setup.bash
-- Up-to-date: /home/yura/firstprogram/install/cpp_pubsub/share/cpp_pubsub/local_setup.sh
-- Up-to-date: /home/yura/firstprogram/install/cpp_pubsub/share/cpp_pubsub/local_setup.zsh
-- Up-to-date: /home/yura/firstprogram/install/cpp_pubsub/share/cpp_pubsub/local_setup.dsv
-- Installing: /home/yura/firstprogram/install/cpp_pubsub/share/cpp_pubsub/package.dsv
-- Up-to-date: /home/yura/firstprogram/install/cpp_pubsub/share/ament_index/resource_index/packages/cpp_pubsub
-- Up-to-date: /home/yura/firstprogram/install/cpp_pubsub/share/cpp_pubsub/cmake/cpp_pubsubConfig.cmake
-- Up-to-date: /home/yura/firstprogram/install/cpp_pubsub/share/cpp_pubsub/cmake/cpp_pubsubConfig-version.cmake
-- Up-to-date: /home/yura/firstprogram/install/cpp_pubsub/share/cpp_pubsub/package.xml
