[0.010s] Invoking command in '/home/yura/firstprogram/build/cpp_pubsub': CMAKE_PREFIX_PATH=/home/yura/firstprogram/install/turtlesim:/home/yura/firstprogram/install/custom_interfaces:/home/yura/firstprogram/install/simplepubsub:/home/yura/firstprogram/install/tutorial_interfaces:/home/yura/firstprogram/install/firstprog:/home/yura/firstprogram/install/cpp_srvcli:/home/yura/firstprogram/install/cpp_pubsub:/opt/ros/jazzy/opt/sdformat_vendor:/opt/ros/jazzy/opt/gz_math_vendor:/opt/ros/jazzy/opt/gz_utils_vendor:/opt/ros/jazzy/opt/gz_tools_vendor:/opt/ros/jazzy/opt/gz_cmake_vendor:/opt/ros/jazzy DEBUGINFOD_URLS=https://debuginfod.ubuntu.com LD_LIBRARY_PATH=/home/yura/firstprogram/install/turtlesim/lib:/home/yura/firstprogram/install/tutorial_interfaces/lib:/opt/ros/jazzy/opt/sdformat_vendor/lib:/opt/ros/jazzy/opt/rviz_ogre_vendor/lib:/opt/ros/jazzy/lib/x86_64-linux-gnu:/opt/ros/jazzy/opt/gz_math_vendor/lib:/opt/ros/jazzy/opt/gz_utils_vendor/lib:/opt/ros/jazzy/opt/gz_tools_vendor/lib:/opt/ros/jazzy/opt/gz_cmake_vendor/lib:/opt/ros/jazzy/lib PYTHONPATH=/home/yura/firstprogram/install/turtlesim/lib/python3.12/site-packages:/home/yura/firstprogram/install/tutorial_interfaces/lib/python3.12/site-packages:/opt/ros/jazzy/lib/python3.12/site-packages /usr/bin/cmake --build /home/yura/firstprogram/build/cpp_pubsub -- -j12 -l12
[0.031s] -- Found ament_cmake: 2.5.6 (/opt/ros/jazzy/share/ament_cmake/cmake)
[0.194s] -- Found rclcpp: 28.1.18 (/opt/ros/jazzy/share/rclcpp/cmake)
[0.211s] -- Found rosidl_generator_c: 4.6.7 (/opt/ros/jazzy/share/rosidl_generator_c/cmake)
[0.216s] -- Found rosidl_generator_cpp: 4.6.7 (/opt/ros/jazzy/share/rosidl_generator_cpp/cmake)
[0.223s] -- Using all available rosidl_typesupport_c: rosidl_typesupport_fastrtps_c;rosidl_typesupport_introspection_c
[0.232s] -- Using all available rosidl_typesupport_cpp: rosidl_typesupport_fastrtps_cpp;rosidl_typesupport_introspection_cpp
[0.270s] -- Found rmw_implementation_cmake: 7.3.3 (/opt/ros/jazzy/share/rmw_implementation_cmake/cmake)
[0.271s] -- Found rmw_fastrtps_cpp: 8.4.3 (/opt/ros/jazzy/share/rmw_fastrtps_cpp/cmake)
[0.323s] -- Using RMW implementation 'rmw_fastrtps_cpp' as default
[0.364s] -- Found custom_interfaces: 0.0.0 (/home/yura/firstprogram/install/custom_interfaces/share/custom_interfaces/cmake)
[0.364s] -- Found turtlesim: 1.8.3 (/home/yura/firstprogram/install/turtlesim/share/turtlesim/cmake)
[0.398s] -- Found ament_lint_auto: 0.17.5 (/opt/ros/jazzy/share/ament_lint_auto/cmake)
[0.461s] -- Added test 'cppcheck' to perform static code analysis on C / C++ code
[0.462s] -- Configured cppcheck include dirs: 
[0.462s] -- Configured cppcheck exclude dirs and/or files: 
[0.462s] -- Added test 'lint_cmake' to check CMake code style
[0.462s] -- Added test 'uncrustify' to check C / C++ code style
[0.462s] -- Configured uncrustify additional arguments: 
[0.462s] -- Added test 'xmllint' to check XML markup files
[0.463s] -- Configuring done (0.4s)
[0.469s] -- Generating done (0.0s)
[0.473s] -- Build files have been written to: /home/yura/firstprogram/build/cpp_pubsub
[0.502s] [ 25%] [32mBuilding CXX object CMakeFiles/minimal_publisher.dir/src/minimal_publisher.cpp.o[0m
[0.503s] [ 50%] [32mBuilding CXX object CMakeFiles/minimal_subscriber.dir/src/minimal_subscriber.cpp.o[0m
[0.558s] [01m[K/home/yura/firstprogram/src/cpp_pubsub/src/minimal_publisher.cpp:4:10:[m[K [01;31m[Kfatal error: [m[Krclcpp/rclcpp.hpp: No such file or directory
[0.558s]     4 | #include [01;31m[K"rclcpp/rclcpp.hpp"[m[K
[0.558s]       |          [01;31m[K^~~~~~~~~~~~~~~~~~~[m[K
[0.558s] compilation terminated.
[0.558s] gmake[2]: *** [CMakeFiles/minimal_publisher.dir/build.make:76: CMakeFiles/minimal_publisher.dir/src/minimal_publisher.cpp.o] Error 1
[0.558s] gmake[1]: *** [CMakeFiles/Makefile2:165: CMakeFiles/minimal_publisher.dir/all] Error 2
[0.558s] gmake[1]: *** Waiting for unfinished jobs....
[0.744s] [01m[K/home/yura/firstprogram/src/cpp_pubsub/src/minimal_subscriber.cpp:5:10:[m[K [01;31m[Kfatal error: [m[Kcustom_interfaces/msg/coord.hpp: No such file or directory
[0.744s]     5 | #include [01;31m[K"custom_interfaces/msg/coord.hpp"[m[K
[0.744s]       |          [01;31m[K^~~~~~~~~~~~~~~~~~~~~~~~~~~~~~~~~[m[K
[0.744s] compilation terminated.
[0.745s] gmake[2]: *** [CMakeFiles/minimal_subscriber.dir/build.make:76: CMakeFiles/minimal_subscriber.dir/src/minimal_subscriber.cpp.o] Error 1
[0.745s] gmake[1]: *** [CMakeFiles/Makefile2:139: CMakeFiles/minimal_subscriber.dir/all] Error 2
[0.745s] gmake: *** [Makefile:146: all] Error 2
[0.747s] Invoked command in '/home/yura/firstprogram/build/cpp_pubsub' returned '2': CMAKE_PREFIX_PATH=/home/yura/firstprogram/install/turtlesim:/home/yura/firstprogram/install/custom_interfaces:/home/yura/firstprogram/install/simplepubsub:/home/yura/firstprogram/install/tutorial_interfaces:/home/yura/firstprogram/install/firstprog:/home/yura/firstprogram/install/cpp_srvcli:/home/yura/firstprogram/install/cpp_pubsub:/opt/ros/jazzy/opt/sdformat_vendor:/opt/ros/jazzy/opt/gz_math_vendor:/opt/ros/jazzy/opt/gz_utils_vendor:/opt/ros/jazzy/opt/gz_tools_vendor:/opt/ros/jazzy/opt/gz_cmake_vendor:/opt/ros/jazzy DEBUGINFOD_URLS=https://debuginfod.ubuntu.com LD_LIBRARY_PATH=/home/yura/firstprogram/install/turtlesim/lib:/home/yura/firstprogram/install/tutorial_interfaces/lib:/opt/ros/jazzy/opt/sdformat_vendor/lib:/opt/ros/jazzy/opt/rviz_ogre_vendor/lib:/opt/ros/jazzy/lib/x86_64-linux-gnu:/opt/ros/jazzy/opt/gz_math_vendor/lib:/opt/ros/jazzy/opt/gz_utils_vendor/lib:/opt/ros/jazzy/opt/gz_tools_vendor/lib:/opt/ros/jazzy/opt/gz_cmake_vendor/lib:/opt/ros/jazzy/lib PYTHONPATH=/home/yura/firstprogram/install/turtlesim/lib/python3.12/site-packages:/home/yura/firstprogram/install/tutorial_interfaces/lib/python3.12/site-packages:/opt/ros/jazzy/lib/python3.12/site-packages /usr/bin/cmake --build /home/yura/firstprogram/build/cpp_pubsub -- -j12 -l12
