-- The C compiler identification is GNU 13.3.0
-- The CXX compiler identification is GNU 13.3.0
-- Detecting C compiler ABI info
-- Detecting C compiler ABI info - done
-- Check for working C compiler: /usr/bin/cc - skipped
-- Detecting C compile features
-- Detecting C compile features - done
-- Detecting CXX compiler ABI info
-- Detecting CXX compiler ABI info - done
-- Check for working CXX compiler: /usr/bin/c++ - skipped
-- Detecting CXX compile features
-- Detecting CXX compile features - done
-- Found ament_cmake: 2.5.6 (/opt/ros/jazzy/share/ament_cmake/cmake)
-- Found Python3: /usr/bin/python3 (found version "3.12.3") found components: Interpreter 
-- Found ament_lint_auto: 0.17.5 (/opt/ros/jazzy/share/ament_lint_auto/cmake)
-- Added test 'cppcheck' to perform static code analysis on C / C++ code
-- Configured cppcheck include dirs: $<BUILD_INTERFACE:/home/yura/firstprogram/src/firstprog/include>
-- Configured cppcheck exclude dirs and/or files: 
-- Added test 'lint_cmake' to check CMake code style
-- Added test 'uncrustify' to check C / C++ code style
-- Configured uncrustify additional arguments: 
-- Added test 'xmllint' to check XML markup files
-- Configuring done (0.6s)
-- Generating done (0.0s)
-- Build files have been written to: /home/yura/firstprogram/build/firstprog
[ 50%] [32mBuilding CXX object CMakeFiles/my_node.dir/src/my_node.cpp.o[0m
[100%] [32m[1mLinking CXX executable my_node[0m
[100%] Built target my_node
-- Install configuration: ""
-- Installing: /home/yura/firstprogram/install/firstprog/lib/firstprog/my_node
-- Installing: /home/yura/firstprogram/install/firstprog/share/ament_index/resource_index/package_run_dependencies/firstprog
-- Installing: /home/yura/firstprogram/install/firstprog/share/ament_index/resource_index/parent_prefix_path/firstprog
-- Installing: /home/yura/firstprogram/install/firstprog/share/firstprog/environment/ament_prefix_path.sh
-- Installing: /home/yura/firstprogram/install/firstprog/share/firstprog/environment/ament_prefix_path.dsv
-- Installing: /home/yura/firstprogram/install/firstprog/share/firstprog/environment/path.sh
-- Installing: /home/yura/firstprogram/install/firstprog/share/firstprog/environment/path.dsv
-- Installing: /home/yura/firstprogram/install/firstprog/share/firstprog/local_setup.bash
-- Installing: /home/yura/firstprogram/install/firstprog/share/firstprog/local_setup.sh
-- Installing: /home/yura/firstprogram/install/firstprog/share/firstprog/local_setup.zsh
-- Installing: /home/yura/firstprogram/install/firstprog/share/firstprog/local_setup.dsv
-- Installing: /home/yura/firstprogram/install/firstprog/share/firstprog/package.dsv
-- Installing: /home/yura/firstprogram/install/firstprog/share/ament_index/resource_index/packages/firstprog
-- Installing: /home/yura/firstprogram/install/firstprog/share/firstprog/cmake/firstprogConfig.cmake
-- Installing: /home/yura/firstprogram/install/firstprog/share/firstprog/cmake/firstprogConfig-version.cmake
-- Installing: /home/yura/firstprogram/install/firstprog/share/firstprog/package.xml
