[0.010s] Invoking command in '/home/yura/firstprogram/build/firstprog': CMAKE_PREFIX_PATH=${CMAKE_PREFIX_PATH}:/home/yura/ros2_ws/install/python_package:/home/yura/ros2_ws/install/python:/home/yura/ros2_ws/install/py_srvcli:/home/yura/ros2_ws/install/py_pubsub:/home/yura/ros2_ws/install/launch_testing_examples:/home/yura/ros2_ws/install/examples_rclpy_pointcloud_publisher:/home/yura/ros2_ws/install/examples_rclpy_minimal_subscriber:/home/yura/ros2_ws/install/examples_rclpy_minimal_service:/home/yura/ros2_ws/install/examples_rclpy_minimal_publisher:/home/yura/ros2_ws/install/examples_rclpy_minimal_client:/home/yura/ros2_ws/install/examples_rclpy_minimal_action_server:/home/yura/ros2_ws/install/examples_rclpy_minimal_action_client:/home/yura/ros2_ws/install/examples_rclpy_guard_conditions:/home/yura/ros2_ws/install/examples_rclpy_executors:/opt/ros/jazzy DEBUGINFOD_URLS=https://debuginfod.ubuntu.com /usr/bin/cmake /home/yura/firstprogram/src/firstprog -DCMAKE_INSTALL_PREFIX=/home/yura/firstprogram/install/firstprog
[0.056s] -- The C compiler identification is GNU 13.3.0
[0.104s] -- The CXX compiler identification is GNU 13.3.0
[0.119s] -- Detecting C compiler ABI info
[0.185s] -- Detecting C compiler ABI info - done
[0.191s] -- Check for working C compiler: /usr/bin/cc - skipped
[0.191s] -- Detecting C compile features
[0.191s] -- Detecting C compile features - done
[0.199s] -- Detecting CXX compiler ABI info
[0.278s] -- Detecting CXX compiler ABI info - done
[0.289s] -- Check for working CXX compiler: /usr/bin/c++ - skipped
[0.289s] -- Detecting CXX compile features
[0.290s] -- Detecting CXX compile features - done
[0.297s] -- Found ament_cmake: 2.5.6 (/opt/ros/jazzy/share/ament_cmake/cmake)
[0.441s] -- Found Python3: /usr/bin/python3 (found version "3.12.3") found components: Interpreter 
[0.537s] -- Found ament_lint_auto: 0.17.5 (/opt/ros/jazzy/share/ament_lint_auto/cmake)
[0.623s] -- Added test 'cppcheck' to perform static code analysis on C / C++ code
[0.624s] -- Configured cppcheck include dirs: $<BUILD_INTERFACE:/home/yura/firstprogram/src/firstprog/include>
[0.624s] -- Configured cppcheck exclude dirs and/or files: 
[0.625s] -- Added test 'lint_cmake' to check CMake code style
[0.626s] -- Added test 'uncrustify' to check C / C++ code style
[0.626s] -- Configured uncrustify additional arguments: 
[0.626s] -- Added test 'xmllint' to check XML markup files
[0.628s] -- Configuring done (0.6s)
[0.630s] -- Generating done (0.0s)
[0.631s] -- Build files have been written to: /home/yura/firstprogram/build/firstprog
[0.635s] Invoked command in '/home/yura/firstprogram/build/firstprog' returned '0': CMAKE_PREFIX_PATH=${CMAKE_PREFIX_PATH}:/home/yura/ros2_ws/install/python_package:/home/yura/ros2_ws/install/python:/home/yura/ros2_ws/install/py_srvcli:/home/yura/ros2_ws/install/py_pubsub:/home/yura/ros2_ws/install/launch_testing_examples:/home/yura/ros2_ws/install/examples_rclpy_pointcloud_publisher:/home/yura/ros2_ws/install/examples_rclpy_minimal_subscriber:/home/yura/ros2_ws/install/examples_rclpy_minimal_service:/home/yura/ros2_ws/install/examples_rclpy_minimal_publisher:/home/yura/ros2_ws/install/examples_rclpy_minimal_client:/home/yura/ros2_ws/install/examples_rclpy_minimal_action_server:/home/yura/ros2_ws/install/examples_rclpy_minimal_action_client:/home/yura/ros2_ws/install/examples_rclpy_guard_conditions:/home/yura/ros2_ws/install/examples_rclpy_executors:/opt/ros/jazzy DEBUGINFOD_URLS=https://debuginfod.ubuntu.com /usr/bin/cmake /home/yura/firstprogram/src/firstprog -DCMAKE_INSTALL_PREFIX=/home/yura/firstprogram/install/firstprog
[0.635s] Invoking command in '/home/yura/firstprogram/build/firstprog': CMAKE_PREFIX_PATH=${CMAKE_PREFIX_PATH}:/home/yura/ros2_ws/install/python_package:/home/yura/ros2_ws/install/python:/home/yura/ros2_ws/install/py_srvcli:/home/yura/ros2_ws/install/py_pubsub:/home/yura/ros2_ws/install/launch_testing_examples:/home/yura/ros2_ws/install/examples_rclpy_pointcloud_publisher:/home/yura/ros2_ws/install/examples_rclpy_minimal_subscriber:/home/yura/ros2_ws/install/examples_rclpy_minimal_service:/home/yura/ros2_ws/install/examples_rclpy_minimal_publisher:/home/yura/ros2_ws/install/examples_rclpy_minimal_client:/home/yura/ros2_ws/install/examples_rclpy_minimal_action_server:/home/yura/ros2_ws/install/examples_rclpy_minimal_action_client:/home/yura/ros2_ws/install/examples_rclpy_guard_conditions:/home/yura/ros2_ws/install/examples_rclpy_executors:/opt/ros/jazzy DEBUGINFOD_URLS=https://debuginfod.ubuntu.com /usr/bin/cmake --build /home/yura/firstprogram/build/firstprog -- -j12 -l12
[0.678s] [ 50%] [32mBuilding CXX object CMakeFiles/my_node.dir/src/my_node.cpp.o[0m
[0.705s] [100%] [32m[1mLinking CXX executable my_node[0m
[0.742s] [100%] Built target my_node
[0.751s] Invoked command in '/home/yura/firstprogram/build/firstprog' returned '0': CMAKE_PREFIX_PATH=${CMAKE_PREFIX_PATH}:/home/yura/ros2_ws/install/python_package:/home/yura/ros2_ws/install/python:/home/yura/ros2_ws/install/py_srvcli:/home/yura/ros2_ws/install/py_pubsub:/home/yura/ros2_ws/install/launch_testing_examples:/home/yura/ros2_ws/install/examples_rclpy_pointcloud_publisher:/home/yura/ros2_ws/install/examples_rclpy_minimal_subscriber:/home/yura/ros2_ws/install/examples_rclpy_minimal_service:/home/yura/ros2_ws/install/examples_rclpy_minimal_publisher:/home/yura/ros2_ws/install/examples_rclpy_minimal_client:/home/yura/ros2_ws/install/examples_rclpy_minimal_action_server:/home/yura/ros2_ws/install/examples_rclpy_minimal_action_client:/home/yura/ros2_ws/install/examples_rclpy_guard_conditions:/home/yura/ros2_ws/install/examples_rclpy_executors:/opt/ros/jazzy DEBUGINFOD_URLS=https://debuginfod.ubuntu.com /usr/bin/cmake --build /home/yura/firstprogram/build/firstprog -- -j12 -l12
[0.761s] Invoking command in '/home/yura/firstprogram/build/firstprog': CMAKE_PREFIX_PATH=${CMAKE_PREFIX_PATH}:/home/yura/ros2_ws/install/python_package:/home/yura/ros2_ws/install/python:/home/yura/ros2_ws/install/py_srvcli:/home/yura/ros2_ws/install/py_pubsub:/home/yura/ros2_ws/install/launch_testing_examples:/home/yura/ros2_ws/install/examples_rclpy_pointcloud_publisher:/home/yura/ros2_ws/install/examples_rclpy_minimal_subscriber:/home/yura/ros2_ws/install/examples_rclpy_minimal_service:/home/yura/ros2_ws/install/examples_rclpy_minimal_publisher:/home/yura/ros2_ws/install/examples_rclpy_minimal_client:/home/yura/ros2_ws/install/examples_rclpy_minimal_action_server:/home/yura/ros2_ws/install/examples_rclpy_minimal_action_client:/home/yura/ros2_ws/install/examples_rclpy_guard_conditions:/home/yura/ros2_ws/install/examples_rclpy_executors:/opt/ros/jazzy DEBUGINFOD_URLS=https://debuginfod.ubuntu.com /usr/bin/cmake --install /home/yura/firstprogram/build/firstprog
[0.768s] -- Install configuration: ""
[0.768s] -- Installing: /home/yura/firstprogram/install/firstprog/lib/firstprog/my_node
[0.769s] -- Installing: /home/yura/firstprogram/install/firstprog/share/ament_index/resource_index/package_run_dependencies/firstprog
[0.769s] -- Installing: /home/yura/firstprogram/install/firstprog/share/ament_index/resource_index/parent_prefix_path/firstprog
[0.769s] -- Installing: /home/yura/firstprogram/install/firstprog/share/firstprog/environment/ament_prefix_path.sh
[0.769s] -- Installing: /home/yura/firstprogram/install/firstprog/share/firstprog/environment/ament_prefix_path.dsv
[0.769s] -- Installing: /home/yura/firstprogram/install/firstprog/share/firstprog/environment/path.sh
[0.769s] -- Installing: /home/yura/firstprogram/install/firstprog/share/firstprog/environment/path.dsv
[0.769s] -- Installing: /home/yura/firstprogram/install/firstprog/share/firstprog/local_setup.bash
[0.769s] -- Installing: /home/yura/firstprogram/install/firstprog/share/firstprog/local_setup.sh
[0.770s] -- Installing: /home/yura/firstprogram/install/firstprog/share/firstprog/local_setup.zsh
[0.770s] -- Installing: /home/yura/firstprogram/install/firstprog/share/firstprog/local_setup.dsv
[0.770s] -- Installing: /home/yura/firstprogram/install/firstprog/share/firstprog/package.dsv
[0.770s] -- Installing: /home/yura/firstprogram/install/firstprog/share/ament_index/resource_index/packages/firstprog
[0.770s] -- Installing: /home/yura/firstprogram/install/firstprog/share/firstprog/cmake/firstprogConfig.cmake
[0.770s] -- Installing: /home/yura/firstprogram/install/firstprog/share/firstprog/cmake/firstprogConfig-version.cmake
[0.770s] -- Installing: /home/yura/firstprogram/install/firstprog/share/firstprog/package.xml
[0.772s] Invoked command in '/home/yura/firstprogram/build/firstprog' returned '0': CMAKE_PREFIX_PATH=${CMAKE_PREFIX_PATH}:/home/yura/ros2_ws/install/python_package:/home/yura/ros2_ws/install/python:/home/yura/ros2_ws/install/py_srvcli:/home/yura/ros2_ws/install/py_pubsub:/home/yura/ros2_ws/install/launch_testing_examples:/home/yura/ros2_ws/install/examples_rclpy_pointcloud_publisher:/home/yura/ros2_ws/install/examples_rclpy_minimal_subscriber:/home/yura/ros2_ws/install/examples_rclpy_minimal_service:/home/yura/ros2_ws/install/examples_rclpy_minimal_publisher:/home/yura/ros2_ws/install/examples_rclpy_minimal_client:/home/yura/ros2_ws/install/examples_rclpy_minimal_action_server:/home/yura/ros2_ws/install/examples_rclpy_minimal_action_client:/home/yura/ros2_ws/install/examples_rclpy_guard_conditions:/home/yura/ros2_ws/install/examples_rclpy_executors:/opt/ros/jazzy DEBUGINFOD_URLS=https://debuginfod.ubuntu.com /usr/bin/cmake --install /home/yura/firstprogram/build/firstprog
