[0.013s] Invoking command in '/home/yura/firstprogram/build/cpp_pubsub': CMAKE_PREFIX_PATH=${CMAKE_PREFIX_PATH}:/opt/ros/jazzy DEBUGINFOD_URLS=https://debuginfod.ubuntu.com /usr/bin/cmake --build /home/yura/firstprogram/build/cpp_pubsub -- -j12 -l12
[0.031s] -- Found ament_cmake: 2.5.6 (/opt/ros/jazzy/share/ament_cmake/cmake)
[0.176s] -- Found rclcpp: 28.1.18 (/opt/ros/jazzy/share/rclcpp/cmake)
[0.192s] -- Found rosidl_generator_c: 4.6.7 (/opt/ros/jazzy/share/rosidl_generator_c/cmake)
[0.198s] -- Found rosidl_generator_cpp: 4.6.7 (/opt/ros/jazzy/share/rosidl_generator_cpp/cmake)
[0.205s] -- Using all available rosidl_typesupport_c: rosidl_typesupport_fastrtps_c;rosidl_typesupport_introspection_c
[0.213s] -- Using all available rosidl_typesupport_cpp: rosidl_typesupport_fastrtps_cpp;rosidl_typesupport_introspection_cpp
[0.252s] -- Found rmw_implementation_cmake: 7.3.3 (/opt/ros/jazzy/share/rmw_implementation_cmake/cmake)
[0.253s] -- Found rmw_fastrtps_cpp: 8.4.3 (/opt/ros/jazzy/share/rmw_fastrtps_cpp/cmake)
[0.302s] -- Using RMW implementation 'rmw_fastrtps_cpp' as default
[0.345s] -- Found std_msgs: 5.3.7 (/opt/ros/jazzy/share/std_msgs/cmake)
[0.353s] -- Found tutorial_interfaces: 0.0.0 (/home/yura/firstprogram/install/tutorial_interfaces/share/tutorial_interfaces/cmake)
[0.378s] -- Found ament_lint_auto: 0.17.5 (/opt/ros/jazzy/share/ament_lint_auto/cmake)
[0.438s] -- Added test 'cppcheck' to perform static code analysis on C / C++ code
[0.438s] -- Configured cppcheck include dirs: 
[0.438s] -- Configured cppcheck exclude dirs and/or files: 
[0.438s] -- Added test 'lint_cmake' to check CMake code style
[0.438s] -- Added test 'uncrustify' to check C / C++ code style
[0.438s] -- Configured uncrustify additional arguments: 
[0.438s] -- Added test 'xmllint' to check XML markup files
[0.439s] -- Configuring done (0.4s)
[0.446s] -- Generating done (0.0s)
[0.449s] -- Build files have been written to: /home/yura/firstprogram/build/cpp_pubsub
[0.481s] [ 25%] [32mBuilding CXX object CMakeFiles/talker.dir/src/publisher_lambda_function.cpp.o[0m
[0.483s] [ 50%] [32mBuilding CXX object CMakeFiles/listener.dir/src/subscriber_lambda_function.cpp.o[0m
[0.608s] [01m[K/home/yura/firstprogram/src/cpp_pubsub/src/publisher_lambda_function.cpp:5:10:[m[K [01;31m[Kfatal error: [m[Ktutorial_interfaces/msg/num.hpp: No such file or directory
[0.608s]     5 | #include [01;31m[K"tutorial_interfaces/msg/num.hpp"[m[K                                            // CHANGE
[0.608s]       |          [01;31m[K^~~~~~~~~~~~~~~~~~~~~~~~~~~~~~~~~[m[K
[0.608s] compilation terminated.
[0.610s] [01m[K/home/yura/firstprogram/src/cpp_pubsub/src/subscriber_lambda_function.cpp:5:10:[m[K [01;31m[Kfatal error: [m[Ktutorial_interfaces/msg/num.hpp: No such file or directory
[0.610s]     5 | #include [01;31m[K"tutorial_interfaces/msg/num.hpp"[m[K                                       // CHANGE
[0.610s]       |          [01;31m[K^~~~~~~~~~~~~~~~~~~~~~~~~~~~~~~~~[m[K
[0.610s] compilation terminated.
[0.611s] gmake[2]: *** [CMakeFiles/talker.dir/build.make:76: CMakeFiles/talker.dir/src/publisher_lambda_function.cpp.o] Error 1
[0.611s] gmake[1]: *** [CMakeFiles/Makefile2:139: CMakeFiles/talker.dir/all] Error 2
[0.611s] gmake[1]: *** Waiting for unfinished jobs....
[0.611s] gmake[2]: *** [CMakeFiles/listener.dir/build.make:76: CMakeFiles/listener.dir/src/subscriber_lambda_function.cpp.o] Error 1
[0.611s] gmake[1]: *** [CMakeFiles/Makefile2:165: CMakeFiles/listener.dir/all] Error 2
[0.611s] gmake: *** [Makefile:146: all] Error 2
[0.613s] Invoked command in '/home/yura/firstprogram/build/cpp_pubsub' returned '2': CMAKE_PREFIX_PATH=${CMAKE_PREFIX_PATH}:/opt/ros/jazzy DEBUGINFOD_URLS=https://debuginfod.ubuntu.com /usr/bin/cmake --build /home/yura/firstprogram/build/cpp_pubsub -- -j12 -l12
