[0.007s] Invoking command in '/home/yura/firstprogram/build/turtlesim': CMAKE_PREFIX_PATH=${CMAKE_PREFIX_PATH}:/opt/ros/jazzy DEBUGINFOD_URLS=https://debuginfod.ubuntu.com /usr/bin/cmake /home/yura/firstprogram/src/ros_tutorials/turtlesim -DCMAKE_INSTALL_PREFIX=/home/yura/firstprogram/install/turtlesim
[0.049s] -- The C compiler identification is GNU 13.3.0
[0.092s] -- The CXX compiler identification is GNU 13.3.0
[0.105s] -- Detecting C compiler ABI info
[0.176s] -- Detecting C compiler ABI info - done
[0.185s] -- Check for working C compiler: /usr/bin/cc - skipped
[0.185s] -- Detecting C compile features
[0.185s] -- Detecting C compile features - done
[0.193s] -- Detecting CXX compiler ABI info
[0.278s] -- Detecting CXX compiler ABI info - done
[0.284s] -- Check for working CXX compiler: /usr/bin/c++ - skipped
[0.284s] -- Detecting CXX compile features
[0.284s] -- Detecting CXX compile features - done
[0.286s] -- Found ament_cmake: 2.5.6 (/opt/ros/jazzy/share/ament_cmake/cmake)
[0.379s] -- Found Python3: /usr/bin/python3 (found version "3.12.3") found components: Interpreter 
[0.449s] -- Found ament_index_cpp: 1.8.2 (/opt/ros/jazzy/share/ament_index_cpp/cmake)
[0.452s] -- Found geometry_msgs: 5.3.7 (/opt/ros/jazzy/share/geometry_msgs/cmake)
[0.476s] -- Found rosidl_generator_c: 4.6.7 (/opt/ros/jazzy/share/rosidl_generator_c/cmake)
[0.484s] -- Found rosidl_generator_cpp: 4.6.7 (/opt/ros/jazzy/share/rosidl_generator_cpp/cmake)
[0.495s] -- Using all available rosidl_typesupport_c: rosidl_typesupport_fastrtps_c;rosidl_typesupport_introspection_c
[0.506s] -- Using all available rosidl_typesupport_cpp: rosidl_typesupport_fastrtps_cpp;rosidl_typesupport_introspection_cpp
[0.557s] -- Found rcl_interfaces: 2.0.3 (/opt/ros/jazzy/share/rcl_interfaces/cmake)
[0.583s] -- Found rclcpp: 28.1.18 (/opt/ros/jazzy/share/rclcpp/cmake)
[0.597s] -- Found rmw_implementation_cmake: 7.3.3 (/opt/ros/jazzy/share/rmw_implementation_cmake/cmake)
[0.599s] -- Found rmw_fastrtps_cpp: 8.4.3 (/opt/ros/jazzy/share/rmw_fastrtps_cpp/cmake)
[0.673s] -- Found OpenSSL: /usr/lib/x86_64-linux-gnu/libcrypto.so (found version "3.0.13")  
[0.689s] -- Found FastRTPS: /opt/ros/jazzy/include (Required is at least version "2.13") 
[0.707s] -- Using RMW implementation 'rmw_fastrtps_cpp' as default
[0.754s] -- Found rclcpp_action: 28.1.18 (/opt/ros/jazzy/share/rclcpp_action/cmake)
[0.813s] -- Found rosidl_default_generators: 1.6.0 (/opt/ros/jazzy/share/rosidl_default_generators/cmake)
[0.825s] -- Found rosidl_adapter: 4.6.7 (/opt/ros/jazzy/share/rosidl_adapter/cmake)
[0.829s] -- Found std_srvs: 5.3.7 (/opt/ros/jazzy/share/std_srvs/cmake)
[1.302s] -- Found ament_cmake_ros: 0.12.0 (/opt/ros/jazzy/share/ament_cmake_ros/cmake)
[1.848s] -- Using all available rosidl_typesupport_c: rosidl_typesupport_fastrtps_c;rosidl_typesupport_introspection_c
[2.059s] -- Using all available rosidl_typesupport_cpp: rosidl_typesupport_fastrtps_cpp;rosidl_typesupport_introspection_cpp
[2.064s] -- Found python_cmake_module: 0.11.1 (/opt/ros/jazzy/share/python_cmake_module/cmake)
[2.163s] -- Found PythonExtra: /usr/bin/python3  
[2.466s] -- Found Python3: /usr/bin/python3 (found version "3.12.3") found components: Interpreter Development NumPy Development.Module Development.Embed 
[2.517s] -- Found Python3: /usr/bin/python3 (found version "3.12.3") found components: Interpreter 
[2.520s] -- Found ament_lint_auto: 0.17.5 (/opt/ros/jazzy/share/ament_lint_auto/cmake)
[2.541s] -- Added test 'copyright' to check source files copyright and LICENSE
[2.542s] -- Added test 'cppcheck' to perform static code analysis on C / C++ code
[2.543s] -- Configured cppcheck include dirs: /home/yura/firstprogram/src/ros_tutorials/turtlesim/include
[2.543s] -- Configured cppcheck exclude dirs and/or files: 
[2.544s] -- Added test 'cpplint' to check C / C++ code against the Google style
[2.544s] -- Configured cpplint exclude dirs and/or files: 
[2.545s] -- Added test 'flake8' to check Python code syntax and style conventions
[2.545s] -- Configured 'flake8' exclude dirs and/or files: 
[2.545s] -- Added test 'lint_cmake' to check CMake code style
[2.546s] -- Added test 'pep257' to check Python code against some of the docstring style conventions in PEP 257
[2.547s] -- Added test 'uncrustify' to check C / C++ code style
[2.547s] -- Configured uncrustify additional arguments: 
[2.547s] -- Added test 'xmllint' to check XML markup files
[2.548s] -- Configuring done (2.5s)
[2.590s] -- Generating done (0.0s)
[2.602s] -- Build files have been written to: /home/yura/firstprogram/build/turtlesim
[2.613s] Invoked command in '/home/yura/firstprogram/build/turtlesim' returned '0': CMAKE_PREFIX_PATH=${CMAKE_PREFIX_PATH}:/opt/ros/jazzy DEBUGINFOD_URLS=https://debuginfod.ubuntu.com /usr/bin/cmake /home/yura/firstprogram/src/ros_tutorials/turtlesim -DCMAKE_INSTALL_PREFIX=/home/yura/firstprogram/install/turtlesim
[2.614s] Invoking command in '/home/yura/firstprogram/build/turtlesim': CMAKE_PREFIX_PATH=${CMAKE_PREFIX_PATH}:/opt/ros/jazzy DEBUGINFOD_URLS=https://debuginfod.ubuntu.com /usr/bin/cmake --build /home/yura/firstprogram/build/turtlesim -- -j12 -l12
[2.662s] [  2%] [34m[1mGenerating Rust code for ROS interfaces[0m
[2.663s] [  2%] [34m[1mGenerating type hashes for ROS interfaces[0m
[2.667s] [  2%] Built target ament_cmake_python_copy_turtlesim
[2.825s] running egg_info
[2.826s] creating turtlesim.egg-info
[2.837s] writing turtlesim.egg-info/PKG-INFO
[2.838s] writing dependency_links to turtlesim.egg-info/dependency_links.txt
[2.838s] writing top-level names to turtlesim.egg-info/top_level.txt
[2.838s] writing manifest file 'turtlesim.egg-info/SOURCES.txt'
[2.872s] reading manifest file 'turtlesim.egg-info/SOURCES.txt'
[2.872s] writing manifest file 'turtlesim.egg-info/SOURCES.txt'
[2.891s] [  2%] Built target ament_cmake_python_build_turtlesim_egg
[2.897s] [  2%] Built target turtlesim__rosidl_generator_type_description
[2.905s] [  3%] [34m[1mGenerating C code for ROS interfaces[0m
[2.916s] [  3%] [34m[1mGenerating C++ code for ROS interfaces[0m
[2.930s] [  3%] Built target turtlesim__rs
[3.454s] [  3%] Built target turtlesim__cpp
[3.538s] [  3%] [32mBuilding C object CMakeFiles/turtlesim__rosidl_generator_c.dir/rosidl_generator_c/turtlesim/msg/detail/color__functions.c.o[0m
[3.539s] [  5%] [32mBuilding C object CMakeFiles/turtlesim__rosidl_generator_c.dir/rosidl_generator_c/turtlesim/msg/detail/pose__functions.c.o[0m
[3.539s] [  5%] [32mBuilding C object CMakeFiles/turtlesim__rosidl_generator_c.dir/rosidl_generator_c/turtlesim/msg/detail/color__type_support.c.o[0m
[3.539s] [  6%] [32mBuilding C object CMakeFiles/turtlesim__rosidl_generator_c.dir/rosidl_generator_c/turtlesim/action/detail/rotate_absolute__type_support.c.o[0m
[3.541s] [  7%] [32mBuilding C object CMakeFiles/turtlesim__rosidl_generator_c.dir/rosidl_generator_c/turtlesim/msg/detail/color__description.c.o[0m
[3.541s] [  8%] [32mBuilding C object CMakeFiles/turtlesim__rosidl_generator_c.dir/rosidl_generator_c/turtlesim/action/detail/rotate_absolute__functions.c.o[0m
[3.541s] [ 10%] [32mBuilding C object CMakeFiles/turtlesim__rosidl_generator_c.dir/rosidl_generator_c/turtlesim/msg/detail/pose__description.c.o[0m
[3.541s] [ 10%] [32mBuilding C object CMakeFiles/turtlesim__rosidl_generator_c.dir/rosidl_generator_c/turtlesim/srv/detail/kill__description.c.o[0m
[3.541s] [ 11%] [32mBuilding C object CMakeFiles/turtlesim__rosidl_generator_c.dir/rosidl_generator_c/turtlesim/action/detail/rotate_absolute__description.c.o[0m
[3.541s] [ 12%] [32mBuilding C object CMakeFiles/turtlesim__rosidl_generator_c.dir/rosidl_generator_c/turtlesim/srv/detail/kill__functions.c.o[0m
[3.543s] [ 12%] [32mBuilding C object CMakeFiles/turtlesim__rosidl_generator_c.dir/rosidl_generator_c/turtlesim/srv/detail/kill__type_support.c.o[0m
[3.546s] [ 13%] [32mBuilding C object CMakeFiles/turtlesim__rosidl_generator_c.dir/rosidl_generator_c/turtlesim/msg/detail/pose__type_support.c.o[0m
[3.572s] [ 14%] [32mBuilding C object CMakeFiles/turtlesim__rosidl_generator_c.dir/rosidl_generator_c/turtlesim/srv/detail/set_pen__description.c.o[0m
[3.574s] [ 15%] [32mBuilding C object CMakeFiles/turtlesim__rosidl_generator_c.dir/rosidl_generator_c/turtlesim/srv/detail/set_pen__functions.c.o[0m
[3.583s] [ 17%] [32mBuilding C object CMakeFiles/turtlesim__rosidl_generator_c.dir/rosidl_generator_c/turtlesim/srv/detail/set_pen__type_support.c.o[0m
[3.583s] [ 17%] [32mBuilding C object CMakeFiles/turtlesim__rosidl_generator_c.dir/rosidl_generator_c/turtlesim/srv/detail/spawn__description.c.o[0m
[3.583s] [ 18%] [32mBuilding C object CMakeFiles/turtlesim__rosidl_generator_c.dir/rosidl_generator_c/turtlesim/srv/detail/spawn__functions.c.o[0m
[3.585s] [ 19%] [32mBuilding C object CMakeFiles/turtlesim__rosidl_generator_c.dir/rosidl_generator_c/turtlesim/srv/detail/spawn__type_support.c.o[0m
[3.596s] [ 19%] [32mBuilding C object CMakeFiles/turtlesim__rosidl_generator_c.dir/rosidl_generator_c/turtlesim/srv/detail/teleport_absolute__description.c.o[0m
[3.597s] [ 20%] [32mBuilding C object CMakeFiles/turtlesim__rosidl_generator_c.dir/rosidl_generator_c/turtlesim/srv/detail/teleport_absolute__type_support.c.o[0m
[3.598s] [ 21%] [32mBuilding C object CMakeFiles/turtlesim__rosidl_generator_c.dir/rosidl_generator_c/turtlesim/srv/detail/teleport_absolute__functions.c.o[0m
[3.622s] [ 23%] [32mBuilding C object CMakeFiles/turtlesim__rosidl_generator_c.dir/rosidl_generator_c/turtlesim/srv/detail/teleport_relative__description.c.o[0m
[3.622s] [ 23%] [32mBuilding C object CMakeFiles/turtlesim__rosidl_generator_c.dir/rosidl_generator_c/turtlesim/srv/detail/teleport_relative__type_support.c.o[0m
[3.623s] [ 24%] [32mBuilding C object CMakeFiles/turtlesim__rosidl_generator_c.dir/rosidl_generator_c/turtlesim/srv/detail/teleport_relative__functions.c.o[0m
[3.694s] [ 25%] [32m[1mLinking C shared library libturtlesim__rosidl_generator_c.so[0m
[3.723s] [ 25%] Built target turtlesim__rosidl_generator_c
[3.736s] [ 27%] [34m[1mGenerating C introspection for ROS interfaces[0m
[3.736s] [ 27%] [34m[1mGenerating C++ type support dispatch for ROS interfaces[0m
[3.739s] [ 28%] [34m[1mGenerating C++ type support for eProsima Fast-RTPS[0m
[3.740s] [ 29%] [34m[1mGenerating C type support for eProsima Fast-RTPS[0m
[3.741s] [ 30%] [34m[1mGenerating C type support dispatch for ROS interfaces[0m
[3.742s] [ 31%] [34m[1mGenerating C++ introspection for ROS interfaces[0m
[4.049s] [ 33%] [32mBuilding CXX object CMakeFiles/turtlesim__rosidl_typesupport_cpp.dir/rosidl_typesupport_cpp/turtlesim/srv/kill__type_support.cpp.o[0m
[4.049s] [ 33%] [32mBuilding CXX object CMakeFiles/turtlesim__rosidl_typesupport_cpp.dir/rosidl_typesupport_cpp/turtlesim/msg/color__type_support.cpp.o[0m
[4.050s] [ 34%] [32mBuilding CXX object CMakeFiles/turtlesim__rosidl_typesupport_cpp.dir/rosidl_typesupport_cpp/turtlesim/msg/pose__type_support.cpp.o[0m
[4.051s] [ 34%] [32mBuilding CXX object CMakeFiles/turtlesim__rosidl_typesupport_cpp.dir/rosidl_typesupport_cpp/turtlesim/action/rotate_absolute__type_support.cpp.o[0m
[4.051s] [ 35%] [32mBuilding CXX object CMakeFiles/turtlesim__rosidl_typesupport_cpp.dir/rosidl_typesupport_cpp/turtlesim/srv/teleport_absolute__type_support.cpp.o[0m
[4.051s] [ 35%] [32mBuilding CXX object CMakeFiles/turtlesim__rosidl_typesupport_cpp.dir/rosidl_typesupport_cpp/turtlesim/srv/set_pen__type_support.cpp.o[0m
[4.051s] [ 36%] [32mBuilding CXX object CMakeFiles/turtlesim__rosidl_typesupport_cpp.dir/rosidl_typesupport_cpp/turtlesim/srv/spawn__type_support.cpp.o[0m
[4.291s] [ 37%] [32mBuilding CXX object CMakeFiles/turtlesim__rosidl_typesupport_c.dir/rosidl_typesupport_c/turtlesim/action/rotate_absolute__type_support.cpp.o[0m
[4.361s] [ 38%] [32mBuilding CXX object CMakeFiles/turtlesim__rosidl_typesupport_c.dir/rosidl_typesupport_c/turtlesim/msg/color__type_support.cpp.o[0m
[4.400s] [ 39%] [32mBuilding CXX object CMakeFiles/turtlesim__rosidl_typesupport_c.dir/rosidl_typesupport_c/turtlesim/msg/pose__type_support.cpp.o[0m
[4.425s] [ 40%] [32mBuilding CXX object CMakeFiles/turtlesim__rosidl_typesupport_cpp.dir/rosidl_typesupport_cpp/turtlesim/srv/teleport_relative__type_support.cpp.o[0m
[4.433s] [ 40%] [32mBuilding CXX object CMakeFiles/turtlesim__rosidl_typesupport_c.dir/rosidl_typesupport_c/turtlesim/srv/kill__type_support.cpp.o[0m
[4.449s] [ 41%] [32mBuilding CXX object CMakeFiles/turtlesim__rosidl_typesupport_c.dir/rosidl_typesupport_c/turtlesim/srv/set_pen__type_support.cpp.o[0m
[4.500s] [ 42%] [32mBuilding CXX object CMakeFiles/turtlesim__rosidl_typesupport_c.dir/rosidl_typesupport_c/turtlesim/srv/spawn__type_support.cpp.o[0m
[4.506s] [ 43%] [32mBuilding CXX object CMakeFiles/turtlesim__rosidl_typesupport_c.dir/rosidl_typesupport_c/turtlesim/srv/teleport_absolute__type_support.cpp.o[0m
[4.518s] [ 44%] [32mBuilding CXX object CMakeFiles/turtlesim__rosidl_typesupport_introspection_cpp.dir/rosidl_typesupport_introspection_cpp/turtlesim/action/detail/rotate_absolute__type_support.cpp.o[0m
[4.541s] [ 45%] [32mBuilding CXX object CMakeFiles/turtlesim__rosidl_typesupport_introspection_cpp.dir/rosidl_typesupport_introspection_cpp/turtlesim/msg/detail/pose__type_support.cpp.o[0m
[4.541s] [ 45%] [32mBuilding CXX object CMakeFiles/turtlesim__rosidl_typesupport_introspection_cpp.dir/rosidl_typesupport_introspection_cpp/turtlesim/msg/detail/color__type_support.cpp.o[0m
[4.541s] [ 46%] [32mBuilding CXX object CMakeFiles/turtlesim__rosidl_typesupport_c.dir/rosidl_typesupport_c/turtlesim/srv/teleport_relative__type_support.cpp.o[0m
[4.545s] [ 47%] [32mBuilding CXX object CMakeFiles/turtlesim__rosidl_typesupport_introspection_cpp.dir/rosidl_typesupport_introspection_cpp/turtlesim/srv/detail/kill__type_support.cpp.o[0m
[4.555s] [ 48%] [32mBuilding CXX object CMakeFiles/turtlesim__rosidl_typesupport_introspection_cpp.dir/rosidl_typesupport_introspection_cpp/turtlesim/srv/detail/set_pen__type_support.cpp.o[0m
[4.560s] [ 49%] [32mBuilding CXX object CMakeFiles/turtlesim__rosidl_typesupport_introspection_cpp.dir/rosidl_typesupport_introspection_cpp/turtlesim/srv/detail/spawn__type_support.cpp.o[0m
[4.581s] [ 50%] [32mBuilding C object CMakeFiles/turtlesim__rosidl_typesupport_introspection_c.dir/rosidl_typesupport_introspection_c/turtlesim/action/detail/rotate_absolute__type_support.c.o[0m
[4.590s] [ 51%] [32m[1mLinking CXX shared library libturtlesim__rosidl_typesupport_c.so[0m
[4.642s] [ 51%] Built target turtlesim__rosidl_typesupport_c
[4.651s] [ 52%] [32mBuilding CXX object CMakeFiles/turtlesim__rosidl_typesupport_introspection_cpp.dir/rosidl_typesupport_introspection_cpp/turtlesim/srv/detail/teleport_absolute__type_support.cpp.o[0m
[4.654s] [ 53%] [32mBuilding C object CMakeFiles/turtlesim__rosidl_typesupport_introspection_c.dir/rosidl_typesupport_introspection_c/turtlesim/msg/detail/color__type_support.c.o[0m
[4.693s] [ 54%] [32mBuilding C object CMakeFiles/turtlesim__rosidl_typesupport_introspection_c.dir/rosidl_typesupport_introspection_c/turtlesim/msg/detail/pose__type_support.c.o[0m
[4.732s] [ 55%] [32mBuilding C object CMakeFiles/turtlesim__rosidl_typesupport_introspection_c.dir/rosidl_typesupport_introspection_c/turtlesim/srv/detail/kill__type_support.c.o[0m
[4.779s] [ 55%] [32mBuilding C object CMakeFiles/turtlesim__rosidl_typesupport_introspection_c.dir/rosidl_typesupport_introspection_c/turtlesim/srv/detail/set_pen__type_support.c.o[0m
[4.795s] [ 56%] [32mBuilding CXX object CMakeFiles/turtlesim__rosidl_typesupport_introspection_cpp.dir/rosidl_typesupport_introspection_cpp/turtlesim/srv/detail/teleport_relative__type_support.cpp.o[0m
[4.829s] [ 57%] [32mBuilding C object CMakeFiles/turtlesim__rosidl_typesupport_introspection_c.dir/rosidl_typesupport_introspection_c/turtlesim/srv/detail/spawn__type_support.c.o[0m
[4.854s] [ 58%] [32mBuilding CXX object CMakeFiles/turtlesim__rosidl_typesupport_fastrtps_c.dir/rosidl_typesupport_fastrtps_c/turtlesim/action/detail/rotate_absolute__type_support_c.cpp.o[0m
[4.880s] [ 59%] [32mBuilding C object CMakeFiles/turtlesim__rosidl_typesupport_introspection_c.dir/rosidl_typesupport_introspection_c/turtlesim/srv/detail/teleport_absolute__type_support.c.o[0m
[4.889s] [ 59%] [32mBuilding CXX object CMakeFiles/turtlesim__rosidl_typesupport_fastrtps_cpp.dir/rosidl_typesupport_fastrtps_cpp/turtlesim/action/detail/dds_fastrtps/rotate_absolute__type_support.cpp.o[0m
[4.897s] [ 60%] [32m[1mLinking CXX shared library libturtlesim__rosidl_typesupport_cpp.so[0m
[4.914s] [ 61%] [32mBuilding CXX object CMakeFiles/turtlesim__rosidl_typesupport_fastrtps_c.dir/rosidl_typesupport_fastrtps_c/turtlesim/msg/detail/color__type_support_c.cpp.o[0m
[4.916s] [ 62%] [32mBuilding CXX object CMakeFiles/turtlesim__rosidl_typesupport_fastrtps_cpp.dir/rosidl_typesupport_fastrtps_cpp/turtlesim/msg/detail/dds_fastrtps/color__type_support.cpp.o[0m
[4.927s] [ 63%] [32mBuilding C object CMakeFiles/turtlesim__rosidl_typesupport_introspection_c.dir/rosidl_typesupport_introspection_c/turtlesim/srv/detail/teleport_relative__type_support.c.o[0m
[4.974s] [ 64%] [32m[1mLinking C shared library libturtlesim__rosidl_typesupport_introspection_c.so[0m
[5.003s] [ 64%] Built target turtlesim__rosidl_typesupport_cpp
[5.011s] [ 64%] Built target turtlesim__rosidl_typesupport_introspection_c
[5.011s] [ 65%] [32mBuilding CXX object CMakeFiles/turtlesim__rosidl_typesupport_fastrtps_cpp.dir/rosidl_typesupport_fastrtps_cpp/turtlesim/msg/detail/dds_fastrtps/pose__type_support.cpp.o[0m
[5.019s] [ 66%] [32mBuilding CXX object CMakeFiles/turtlesim__rosidl_typesupport_fastrtps_cpp.dir/rosidl_typesupport_fastrtps_cpp/turtlesim/srv/detail/dds_fastrtps/kill__type_support.cpp.o[0m
[5.057s] [ 67%] [32mBuilding CXX object CMakeFiles/turtlesim__rosidl_typesupport_fastrtps_cpp.dir/rosidl_typesupport_fastrtps_cpp/turtlesim/srv/detail/dds_fastrtps/set_pen__type_support.cpp.o[0m
[5.085s] [ 68%] [34m[1mGenerating include/turtlesim/moc_turtle_frame.cpp[0m
[5.086s] [ 69%] [32mBuilding CXX object CMakeFiles/turtlesim__rosidl_typesupport_fastrtps_c.dir/rosidl_typesupport_fastrtps_c/turtlesim/msg/detail/pose__type_support_c.cpp.o[0m
[5.144s] [ 70%] [32mBuilding CXX object CMakeFiles/turtlesim__rosidl_typesupport_fastrtps_cpp.dir/rosidl_typesupport_fastrtps_cpp/turtlesim/srv/detail/dds_fastrtps/spawn__type_support.cpp.o[0m
[5.212s] [ 71%] [32mBuilding CXX object CMakeFiles/turtlesim__rosidl_typesupport_fastrtps_cpp.dir/rosidl_typesupport_fastrtps_cpp/turtlesim/srv/detail/dds_fastrtps/teleport_absolute__type_support.cpp.o[0m
[5.230s] [ 72%] [32mBuilding CXX object CMakeFiles/turtlesim_node.dir/src/turtlesim.cpp.o[0m
[5.438s] [ 72%] [32m[1mLinking CXX shared library libturtlesim__rosidl_typesupport_introspection_cpp.so[0m
[5.465s] [ 72%] [32mBuilding CXX object CMakeFiles/turtlesim__rosidl_typesupport_fastrtps_cpp.dir/rosidl_typesupport_fastrtps_cpp/turtlesim/srv/detail/dds_fastrtps/teleport_relative__type_support.cpp.o[0m
[5.492s] [ 73%] [32mBuilding CXX object CMakeFiles/turtle_teleop_key.dir/tutorials/teleop_turtle_key.cpp.o[0m
[5.544s] [ 74%] [32mBuilding CXX object CMakeFiles/turtlesim_node.dir/src/turtle.cpp.o[0m
[5.550s] [ 74%] Built target turtlesim__rosidl_typesupport_introspection_cpp
[5.568s] [ 74%] [32mBuilding CXX object CMakeFiles/draw_square.dir/tutorials/draw_square.cpp.o[0m
[5.599s] [ 75%] [32mBuilding CXX object CMakeFiles/mimic.dir/tutorials/mimic.cpp.o[0m
[5.648s] [ 75%] [32mBuilding CXX object CMakeFiles/turtlesim__rosidl_typesupport_fastrtps_c.dir/rosidl_typesupport_fastrtps_c/turtlesim/srv/detail/kill__type_support_c.cpp.o[0m
[5.765s] [ 76%] [32mBuilding CXX object CMakeFiles/turtlesim__rosidl_typesupport_fastrtps_c.dir/rosidl_typesupport_fastrtps_c/turtlesim/srv/detail/set_pen__type_support_c.cpp.o[0m
[5.786s] [ 77%] [32mBuilding CXX object CMakeFiles/turtlesim_node.dir/src/turtle_frame.cpp.o[0m
[5.806s] [ 78%] [32mBuilding CXX object CMakeFiles/turtlesim_node.dir/include/turtlesim/moc_turtle_frame.cpp.o[0m
[5.815s] [ 79%] [32mBuilding CXX object CMakeFiles/turtlesim__rosidl_typesupport_fastrtps_c.dir/rosidl_typesupport_fastrtps_c/turtlesim/srv/detail/spawn__type_support_c.cpp.o[0m
[6.108s] [ 80%] [32mBuilding CXX object CMakeFiles/turtlesim__rosidl_typesupport_fastrtps_c.dir/rosidl_typesupport_fastrtps_c/turtlesim/srv/detail/teleport_absolute__type_support_c.cpp.o[0m
[6.251s] [ 81%] [32mBuilding CXX object CMakeFiles/turtlesim__rosidl_typesupport_fastrtps_c.dir/rosidl_typesupport_fastrtps_c/turtlesim/srv/detail/teleport_relative__type_support_c.cpp.o[0m
[6.255s] [ 82%] [32m[1mLinking CXX shared library libturtlesim__rosidl_typesupport_fastrtps_cpp.so[0m
[6.372s] [ 82%] Built target turtlesim__rosidl_typesupport_fastrtps_cpp
[6.735s] [ 83%] [32m[1mLinking CXX shared library libturtlesim__rosidl_typesupport_fastrtps_c.so[0m
[6.801s] [ 83%] Built target turtlesim__rosidl_typesupport_fastrtps_c
[6.815s] [ 83%] Built target turtlesim
[6.829s] [ 84%] [34m[1mGenerating Python code for ROS interfaces[0m
[7.810s] [ 84%] Built target turtlesim__py
[7.828s] [ 86%] [32mBuilding C object CMakeFiles/turtlesim__rosidl_generator_py.dir/rosidl_generator_py/turtlesim/msg/_pose_s.c.o[0m
[7.828s] [ 86%] [32mBuilding C object CMakeFiles/turtlesim__rosidl_generator_py.dir/rosidl_generator_py/turtlesim/msg/_color_s.c.o[0m
[7.828s] [ 87%] [32mBuilding C object CMakeFiles/turtlesim__rosidl_generator_py.dir/rosidl_generator_py/turtlesim/srv/_kill_s.c.o[0m
[7.830s] [ 87%] [32mBuilding C object CMakeFiles/turtlesim__rosidl_generator_py.dir/rosidl_generator_py/turtlesim/action/_rotate_absolute_s.c.o[0m
[7.830s] [ 88%] [32mBuilding C object CMakeFiles/turtlesim__rosidl_generator_py.dir/rosidl_generator_py/turtlesim/srv/_set_pen_s.c.o[0m
[8.019s] [ 89%] [32mBuilding C object CMakeFiles/turtlesim__rosidl_generator_py.dir/rosidl_generator_py/turtlesim/srv/_spawn_s.c.o[0m
[8.027s] [ 90%] [32mBuilding C object CMakeFiles/turtlesim__rosidl_generator_py.dir/rosidl_generator_py/turtlesim/srv/_teleport_absolute_s.c.o[0m
[8.039s] [ 90%] [32mBuilding C object CMakeFiles/turtlesim__rosidl_generator_py.dir/rosidl_generator_py/turtlesim/srv/_teleport_relative_s.c.o[0m
[8.205s] [ 91%] [32m[1mLinking C shared library libturtlesim__rosidl_generator_py.so[0m
[8.255s] [ 91%] Built target turtlesim__rosidl_generator_py
[8.277s] [ 94%] [32mBuilding C object CMakeFiles/turtlesim_s__rosidl_typesupport_fastrtps_c.dir/rosidl_generator_py/turtlesim/_turtlesim_s.ep.rosidl_typesupport_fastrtps_c.c.o[0m
[8.277s] [ 94%] [32mBuilding C object CMakeFiles/turtlesim_s__rosidl_typesupport_c.dir/rosidl_generator_py/turtlesim/_turtlesim_s.ep.rosidl_typesupport_c.c.o[0m
[8.277s] [ 94%] [32mBuilding C object CMakeFiles/turtlesim_s__rosidl_typesupport_introspection_c.dir/rosidl_generator_py/turtlesim/_turtlesim_s.ep.rosidl_typesupport_introspection_c.c.o[0m
[8.482s] [ 95%] [32m[1mLinking C shared module rosidl_generator_py/turtlesim/turtlesim_s__rosidl_typesupport_c.so[0m
[8.483s] [ 96%] [32m[1mLinking C shared module rosidl_generator_py/turtlesim/turtlesim_s__rosidl_typesupport_introspection_c.so[0m
[8.488s] [ 97%] [32m[1mLinking C shared module rosidl_generator_py/turtlesim/turtlesim_s__rosidl_typesupport_fastrtps_c.so[0m
[8.517s] [ 97%] Built target turtlesim_s__rosidl_typesupport_c
[8.520s] [ 97%] Built target turtlesim_s__rosidl_typesupport_introspection_c
[8.526s] [ 97%] Built target turtlesim_s__rosidl_typesupport_fastrtps_c
[10.952s] [ 98%] [32m[1mLinking CXX executable turtle_teleop_key[0m
[11.195s] [ 98%] Built target turtle_teleop_key
[12.991s] [ 99%] [32m[1mLinking CXX executable draw_square[0m
[13.069s] [100%] [32m[1mLinking CXX executable mimic[0m
[13.301s] [100%] Built target mimic
[13.340s] [100%] Built target draw_square
[16.730s] [100%] [32m[1mLinking CXX executable turtlesim_node[0m
[17.883s] [100%] Built target turtlesim_node
[17.893s] Invoked command in '/home/yura/firstprogram/build/turtlesim' returned '0': CMAKE_PREFIX_PATH=${CMAKE_PREFIX_PATH}:/opt/ros/jazzy DEBUGINFOD_URLS=https://debuginfod.ubuntu.com /usr/bin/cmake --build /home/yura/firstprogram/build/turtlesim -- -j12 -l12
[17.902s] Invoking command in '/home/yura/firstprogram/build/turtlesim': CMAKE_PREFIX_PATH=${CMAKE_PREFIX_PATH}:/opt/ros/jazzy DEBUGINFOD_URLS=https://debuginfod.ubuntu.com /usr/bin/cmake --install /home/yura/firstprogram/build/turtlesim
[17.907s] -- Install configuration: ""
[17.907s] -- Installing: /home/yura/firstprogram/install/turtlesim/share/ament_index/resource_index/rosidl_interfaces/turtlesim
[17.908s] -- Installing: /home/yura/firstprogram/install/turtlesim/share/turtlesim/action/RotateAbsolute.json
[17.908s] -- Installing: /home/yura/firstprogram/install/turtlesim/share/turtlesim/msg/Color.json
[17.908s] -- Installing: /home/yura/firstprogram/install/turtlesim/share/turtlesim/msg/Pose.json
[17.908s] -- Installing: /home/yura/firstprogram/install/turtlesim/share/turtlesim/srv/Kill.json
[17.908s] -- Installing: /home/yura/firstprogram/install/turtlesim/share/turtlesim/srv/SetPen.json
[17.908s] -- Installing: /home/yura/firstprogram/install/turtlesim/share/turtlesim/srv/Spawn.json
[17.908s] -- Installing: /home/yura/firstprogram/install/turtlesim/share/turtlesim/srv/TeleportAbsolute.json
[17.908s] -- Installing: /home/yura/firstprogram/install/turtlesim/share/turtlesim/srv/TeleportRelative.json
[17.908s] -- Installing: /home/yura/firstprogram/install/turtlesim/include/turtlesim/turtlesim
[17.909s] -- Installing: /home/yura/firstprogram/install/turtlesim/include/turtlesim/turtlesim/msg
[17.909s] -- Installing: /home/yura/firstprogram/install/turtlesim/include/turtlesim/turtlesim/msg/pose.h
[17.909s] -- Installing: /home/yura/firstprogram/install/turtlesim/include/turtlesim/turtlesim/msg/detail
[17.909s] -- Installing: /home/yura/firstprogram/install/turtlesim/include/turtlesim/turtlesim/msg/detail/color__description.c
[17.909s] -- Installing: /home/yura/firstprogram/install/turtlesim/include/turtlesim/turtlesim/msg/detail/pose__struct.h
[17.909s] -- Installing: /home/yura/firstprogram/install/turtlesim/include/turtlesim/turtlesim/msg/detail/color__type_support.h
[17.909s] -- Installing: /home/yura/firstprogram/install/turtlesim/include/turtlesim/turtlesim/msg/detail/color__struct.h
[17.909s] -- Installing: /home/yura/firstprogram/install/turtlesim/include/turtlesim/turtlesim/msg/detail/color__functions.c
[17.909s] -- Installing: /home/yura/firstprogram/install/turtlesim/include/turtlesim/turtlesim/msg/detail/color__type_support.c
[17.910s] -- Installing: /home/yura/firstprogram/install/turtlesim/include/turtlesim/turtlesim/msg/detail/pose__type_support.c
[17.910s] -- Installing: /home/yura/firstprogram/install/turtlesim/include/turtlesim/turtlesim/msg/detail/pose__functions.c
[17.910s] -- Installing: /home/yura/firstprogram/install/turtlesim/include/turtlesim/turtlesim/msg/detail/color__functions.h
[17.910s] -- Installing: /home/yura/firstprogram/install/turtlesim/include/turtlesim/turtlesim/msg/detail/pose__description.c
[17.910s] -- Installing: /home/yura/firstprogram/install/turtlesim/include/turtlesim/turtlesim/msg/detail/pose__type_support.h
[17.910s] -- Installing: /home/yura/firstprogram/install/turtlesim/include/turtlesim/turtlesim/msg/detail/pose__functions.h
[17.910s] -- Installing: /home/yura/firstprogram/install/turtlesim/include/turtlesim/turtlesim/msg/rosidl_generator_c__visibility_control.h
[17.910s] -- Installing: /home/yura/firstprogram/install/turtlesim/include/turtlesim/turtlesim/msg/color.h
[17.910s] -- Installing: /home/yura/firstprogram/install/turtlesim/include/turtlesim/turtlesim/srv
[17.910s] -- Installing: /home/yura/firstprogram/install/turtlesim/include/turtlesim/turtlesim/srv/teleport_absolute.h
[17.911s] -- Installing: /home/yura/firstprogram/install/turtlesim/include/turtlesim/turtlesim/srv/detail
[17.911s] -- Installing: /home/yura/firstprogram/install/turtlesim/include/turtlesim/turtlesim/srv/detail/set_pen__type_support.h
[17.911s] -- Installing: /home/yura/firstprogram/install/turtlesim/include/turtlesim/turtlesim/srv/detail/kill__functions.c
[17.911s] -- Installing: /home/yura/firstprogram/install/turtlesim/include/turtlesim/turtlesim/srv/detail/kill__type_support.h
[17.911s] -- Installing: /home/yura/firstprogram/install/turtlesim/include/turtlesim/turtlesim/srv/detail/kill__struct.h
[17.911s] -- Installing: /home/yura/firstprogram/install/turtlesim/include/turtlesim/turtlesim/srv/detail/teleport_relative__functions.c
[17.911s] -- Installing: /home/yura/firstprogram/install/turtlesim/include/turtlesim/turtlesim/srv/detail/set_pen__functions.c
[17.911s] -- Installing: /home/yura/firstprogram/install/turtlesim/include/turtlesim/turtlesim/srv/detail/spawn__description.c
[17.911s] -- Installing: /home/yura/firstprogram/install/turtlesim/include/turtlesim/turtlesim/srv/detail/spawn__functions.c
[17.912s] -- Installing: /home/yura/firstprogram/install/turtlesim/include/turtlesim/turtlesim/srv/detail/spawn__struct.h
[17.912s] -- Installing: /home/yura/firstprogram/install/turtlesim/include/turtlesim/turtlesim/srv/detail/spawn__type_support.h
[17.912s] -- Installing: /home/yura/firstprogram/install/turtlesim/include/turtlesim/turtlesim/srv/detail/kill__functions.h
[17.912s] -- Installing: /home/yura/firstprogram/install/turtlesim/include/turtlesim/turtlesim/srv/detail/set_pen__struct.h
[17.912s] -- Installing: /home/yura/firstprogram/install/turtlesim/include/turtlesim/turtlesim/srv/detail/teleport_absolute__type_support.c
[17.912s] -- Installing: /home/yura/firstprogram/install/turtlesim/include/turtlesim/turtlesim/srv/detail/kill__type_support.c
[17.912s] -- Installing: /home/yura/firstprogram/install/turtlesim/include/turtlesim/turtlesim/srv/detail/set_pen__functions.h
[17.912s] -- Installing: /home/yura/firstprogram/install/turtlesim/include/turtlesim/turtlesim/srv/detail/set_pen__description.c
[17.912s] -- Installing: /home/yura/firstprogram/install/turtlesim/include/turtlesim/turtlesim/srv/detail/teleport_relative__functions.h
[17.912s] -- Installing: /home/yura/firstprogram/install/turtlesim/include/turtlesim/turtlesim/srv/detail/teleport_absolute__description.c
[17.913s] -- Installing: /home/yura/firstprogram/install/turtlesim/include/turtlesim/turtlesim/srv/detail/teleport_relative__type_support.h
[17.913s] -- Installing: /home/yura/firstprogram/install/turtlesim/include/turtlesim/turtlesim/srv/detail/teleport_absolute__functions.h
[17.913s] -- Installing: /home/yura/firstprogram/install/turtlesim/include/turtlesim/turtlesim/srv/detail/teleport_relative__type_support.c
[17.913s] -- Installing: /home/yura/firstprogram/install/turtlesim/include/turtlesim/turtlesim/srv/detail/set_pen__type_support.c
[17.913s] -- Installing: /home/yura/firstprogram/install/turtlesim/include/turtlesim/turtlesim/srv/detail/teleport_absolute__struct.h
[17.913s] -- Installing: /home/yura/firstprogram/install/turtlesim/include/turtlesim/turtlesim/srv/detail/spawn__type_support.c
[17.913s] -- Installing: /home/yura/firstprogram/install/turtlesim/include/turtlesim/turtlesim/srv/detail/teleport_relative__struct.h
[17.913s] -- Installing: /home/yura/firstprogram/install/turtlesim/include/turtlesim/turtlesim/srv/detail/kill__description.c
[17.913s] -- Installing: /home/yura/firstprogram/install/turtlesim/include/turtlesim/turtlesim/srv/detail/teleport_absolute__functions.c
[17.913s] -- Installing: /home/yura/firstprogram/install/turtlesim/include/turtlesim/turtlesim/srv/detail/spawn__functions.h
[17.914s] -- Installing: /home/yura/firstprogram/install/turtlesim/include/turtlesim/turtlesim/srv/detail/teleport_absolute__type_support.h
[17.914s] -- Installing: /home/yura/firstprogram/install/turtlesim/include/turtlesim/turtlesim/srv/detail/teleport_relative__description.c
[17.914s] -- Installing: /home/yura/firstprogram/install/turtlesim/include/turtlesim/turtlesim/srv/set_pen.h
[17.914s] -- Installing: /home/yura/firstprogram/install/turtlesim/include/turtlesim/turtlesim/srv/spawn.h
[17.914s] -- Installing: /home/yura/firstprogram/install/turtlesim/include/turtlesim/turtlesim/srv/teleport_relative.h
[17.914s] -- Installing: /home/yura/firstprogram/install/turtlesim/include/turtlesim/turtlesim/srv/kill.h
[17.914s] -- Installing: /home/yura/firstprogram/install/turtlesim/include/turtlesim/turtlesim/action
[17.914s] -- Installing: /home/yura/firstprogram/install/turtlesim/include/turtlesim/turtlesim/action/detail
[17.914s] -- Installing: /home/yura/firstprogram/install/turtlesim/include/turtlesim/turtlesim/action/detail/rotate_absolute__functions.h
[17.914s] -- Installing: /home/yura/firstprogram/install/turtlesim/include/turtlesim/turtlesim/action/detail/rotate_absolute__type_support.c
[17.914s] -- Installing: /home/yura/firstprogram/install/turtlesim/include/turtlesim/turtlesim/action/detail/rotate_absolute__functions.c
[17.914s] -- Installing: /home/yura/firstprogram/install/turtlesim/include/turtlesim/turtlesim/action/detail/rotate_absolute__struct.h
[17.915s] -- Installing: /home/yura/firstprogram/install/turtlesim/include/turtlesim/turtlesim/action/detail/rotate_absolute__description.c
[17.915s] -- Installing: /home/yura/firstprogram/install/turtlesim/include/turtlesim/turtlesim/action/detail/rotate_absolute__type_support.h
[17.915s] -- Installing: /home/yura/firstprogram/install/turtlesim/include/turtlesim/turtlesim/action/rotate_absolute.h
[17.915s] -- Installing: /home/yura/firstprogram/install/turtlesim/share/turtlesim/environment/library_path.sh
[17.915s] -- Installing: /home/yura/firstprogram/install/turtlesim/share/turtlesim/environment/library_path.dsv
[17.915s] -- Installing: /home/yura/firstprogram/install/turtlesim/lib/libturtlesim__rosidl_generator_c.so
[17.915s] -- Set non-toolchain portion of runtime path of "/home/yura/firstprogram/install/turtlesim/lib/libturtlesim__rosidl_generator_c.so" to ""
[17.915s] -- Up-to-date: /home/yura/firstprogram/install/turtlesim/include/turtlesim/turtlesim
[17.915s] -- Up-to-date: /home/yura/firstprogram/install/turtlesim/include/turtlesim/turtlesim/msg
[17.915s] -- Installing: /home/yura/firstprogram/install/turtlesim/include/turtlesim/turtlesim/msg/rosidl_typesupport_fastrtps_c__visibility_control.h
[17.915s] -- Up-to-date: /home/yura/firstprogram/install/turtlesim/include/turtlesim/turtlesim/msg/detail
[17.915s] -- Installing: /home/yura/firstprogram/install/turtlesim/include/turtlesim/turtlesim/msg/detail/pose__rosidl_typesupport_fastrtps_c.h
[17.916s] -- Installing: /home/yura/firstprogram/install/turtlesim/include/turtlesim/turtlesim/msg/detail/color__rosidl_typesupport_fastrtps_c.h
[17.916s] -- Up-to-date: /home/yura/firstprogram/install/turtlesim/include/turtlesim/turtlesim/srv
[17.916s] -- Up-to-date: /home/yura/firstprogram/install/turtlesim/include/turtlesim/turtlesim/srv/detail
[17.916s] -- Installing: /home/yura/firstprogram/install/turtlesim/include/turtlesim/turtlesim/srv/detail/spawn__rosidl_typesupport_fastrtps_c.h
[17.916s] -- Installing: /home/yura/firstprogram/install/turtlesim/include/turtlesim/turtlesim/srv/detail/teleport_absolute__rosidl_typesupport_fastrtps_c.h
[17.916s] -- Installing: /home/yura/firstprogram/install/turtlesim/include/turtlesim/turtlesim/srv/detail/kill__rosidl_typesupport_fastrtps_c.h
[17.916s] -- Installing: /home/yura/firstprogram/install/turtlesim/include/turtlesim/turtlesim/srv/detail/teleport_relative__rosidl_typesupport_fastrtps_c.h
[17.916s] -- Installing: /home/yura/firstprogram/install/turtlesim/include/turtlesim/turtlesim/srv/detail/set_pen__rosidl_typesupport_fastrtps_c.h
[17.916s] -- Up-to-date: /home/yura/firstprogram/install/turtlesim/include/turtlesim/turtlesim/action
[17.916s] -- Up-to-date: /home/yura/firstprogram/install/turtlesim/include/turtlesim/turtlesim/action/detail
[17.916s] -- Installing: /home/yura/firstprogram/install/turtlesim/include/turtlesim/turtlesim/action/detail/rotate_absolute__rosidl_typesupport_fastrtps_c.h
[17.916s] -- Installing: /home/yura/firstprogram/install/turtlesim/lib/libturtlesim__rosidl_typesupport_fastrtps_c.so
[17.917s] -- Set non-toolchain portion of runtime path of "/home/yura/firstprogram/install/turtlesim/lib/libturtlesim__rosidl_typesupport_fastrtps_c.so" to ""
[17.917s] -- Up-to-date: /home/yura/firstprogram/install/turtlesim/include/turtlesim/turtlesim
[17.917s] -- Up-to-date: /home/yura/firstprogram/install/turtlesim/include/turtlesim/turtlesim/msg
[17.917s] -- Up-to-date: /home/yura/firstprogram/install/turtlesim/include/turtlesim/turtlesim/msg/detail
[17.917s] -- Installing: /home/yura/firstprogram/install/turtlesim/include/turtlesim/turtlesim/msg/detail/color__type_support.hpp
[17.917s] -- Installing: /home/yura/firstprogram/install/turtlesim/include/turtlesim/turtlesim/msg/detail/pose__type_support.hpp
[17.917s] -- Installing: /home/yura/firstprogram/install/turtlesim/include/turtlesim/turtlesim/msg/detail/color__builder.hpp
[17.917s] -- Installing: /home/yura/firstprogram/install/turtlesim/include/turtlesim/turtlesim/msg/detail/color__traits.hpp
[17.917s] -- Installing: /home/yura/firstprogram/install/turtlesim/include/turtlesim/turtlesim/msg/detail/pose__struct.hpp
[17.917s] -- Installing: /home/yura/firstprogram/install/turtlesim/include/turtlesim/turtlesim/msg/detail/color__struct.hpp
[17.917s] -- Installing: /home/yura/firstprogram/install/turtlesim/include/turtlesim/turtlesim/msg/detail/pose__traits.hpp
[17.918s] -- Installing: /home/yura/firstprogram/install/turtlesim/include/turtlesim/turtlesim/msg/detail/pose__builder.hpp
[17.918s] -- Installing: /home/yura/firstprogram/install/turtlesim/include/turtlesim/turtlesim/msg/color.hpp
[17.918s] -- Installing: /home/yura/firstprogram/install/turtlesim/include/turtlesim/turtlesim/msg/rosidl_generator_cpp__visibility_control.hpp
[17.918s] -- Installing: /home/yura/firstprogram/install/turtlesim/include/turtlesim/turtlesim/msg/pose.hpp
[17.918s] -- Up-to-date: /home/yura/firstprogram/install/turtlesim/include/turtlesim/turtlesim/srv
[17.918s] -- Up-to-date: /home/yura/firstprogram/install/turtlesim/include/turtlesim/turtlesim/srv/detail
[17.918s] -- Installing: /home/yura/firstprogram/install/turtlesim/include/turtlesim/turtlesim/srv/detail/set_pen__builder.hpp
[17.918s] -- Installing: /home/yura/firstprogram/install/turtlesim/include/turtlesim/turtlesim/srv/detail/teleport_absolute__type_support.hpp
[17.918s] -- Installing: /home/yura/firstprogram/install/turtlesim/include/turtlesim/turtlesim/srv/detail/set_pen__traits.hpp
[17.918s] -- Installing: /home/yura/firstprogram/install/turtlesim/include/turtlesim/turtlesim/srv/detail/teleport_relative__type_support.hpp
[17.918s] -- Installing: /home/yura/firstprogram/install/turtlesim/include/turtlesim/turtlesim/srv/detail/spawn__struct.hpp
[17.918s] -- Installing: /home/yura/firstprogram/install/turtlesim/include/turtlesim/turtlesim/srv/detail/spawn__traits.hpp
[17.919s] -- Installing: /home/yura/firstprogram/install/turtlesim/include/turtlesim/turtlesim/srv/detail/set_pen__type_support.hpp
[17.919s] -- Installing: /home/yura/firstprogram/install/turtlesim/include/turtlesim/turtlesim/srv/detail/spawn__builder.hpp
[17.919s] -- Installing: /home/yura/firstprogram/install/turtlesim/include/turtlesim/turtlesim/srv/detail/teleport_absolute__struct.hpp
[17.919s] -- Installing: /home/yura/firstprogram/install/turtlesim/include/turtlesim/turtlesim/srv/detail/teleport_relative__struct.hpp
[17.919s] -- Installing: /home/yura/firstprogram/install/turtlesim/include/turtlesim/turtlesim/srv/detail/teleport_relative__traits.hpp
[17.919s] -- Installing: /home/yura/firstprogram/install/turtlesim/include/turtlesim/turtlesim/srv/detail/teleport_relative__builder.hpp
[17.919s] -- Installing: /home/yura/firstprogram/install/turtlesim/include/turtlesim/turtlesim/srv/detail/set_pen__struct.hpp
[17.919s] -- Installing: /home/yura/firstprogram/install/turtlesim/include/turtlesim/turtlesim/srv/detail/kill__traits.hpp
[17.919s] -- Installing: /home/yura/firstprogram/install/turtlesim/include/turtlesim/turtlesim/srv/detail/teleport_absolute__traits.hpp
[17.919s] -- Installing: /home/yura/firstprogram/install/turtlesim/include/turtlesim/turtlesim/srv/detail/kill__type_support.hpp
[17.919s] -- Installing: /home/yura/firstprogram/install/turtlesim/include/turtlesim/turtlesim/srv/detail/spawn__type_support.hpp
[17.919s] -- Installing: /home/yura/firstprogram/install/turtlesim/include/turtlesim/turtlesim/srv/detail/teleport_absolute__builder.hpp
[17.919s] -- Installing: /home/yura/firstprogram/install/turtlesim/include/turtlesim/turtlesim/srv/detail/kill__struct.hpp
[17.919s] -- Installing: /home/yura/firstprogram/install/turtlesim/include/turtlesim/turtlesim/srv/detail/kill__builder.hpp
[17.919s] -- Installing: /home/yura/firstprogram/install/turtlesim/include/turtlesim/turtlesim/srv/teleport_relative.hpp
[17.919s] -- Installing: /home/yura/firstprogram/install/turtlesim/include/turtlesim/turtlesim/srv/set_pen.hpp
[17.919s] -- Installing: /home/yura/firstprogram/install/turtlesim/include/turtlesim/turtlesim/srv/kill.hpp
[17.919s] -- Installing: /home/yura/firstprogram/install/turtlesim/include/turtlesim/turtlesim/srv/spawn.hpp
[17.919s] -- Installing: /home/yura/firstprogram/install/turtlesim/include/turtlesim/turtlesim/srv/teleport_absolute.hpp
[17.919s] -- Up-to-date: /home/yura/firstprogram/install/turtlesim/include/turtlesim/turtlesim/action
[17.919s] -- Up-to-date: /home/yura/firstprogram/install/turtlesim/include/turtlesim/turtlesim/action/detail
[17.920s] -- Installing: /home/yura/firstprogram/install/turtlesim/include/turtlesim/turtlesim/action/detail/rotate_absolute__builder.hpp
[17.920s] -- Installing: /home/yura/firstprogram/install/turtlesim/include/turtlesim/turtlesim/action/detail/rotate_absolute__type_support.hpp
[17.920s] -- Installing: /home/yura/firstprogram/install/turtlesim/include/turtlesim/turtlesim/action/detail/rotate_absolute__struct.hpp
[17.920s] -- Installing: /home/yura/firstprogram/install/turtlesim/include/turtlesim/turtlesim/action/detail/rotate_absolute__traits.hpp
[17.920s] -- Installing: /home/yura/firstprogram/install/turtlesim/include/turtlesim/turtlesim/action/rotate_absolute.hpp
[17.920s] -- Up-to-date: /home/yura/firstprogram/install/turtlesim/include/turtlesim/turtlesim
[17.920s] -- Up-to-date: /home/yura/firstprogram/install/turtlesim/include/turtlesim/turtlesim/msg
[17.920s] -- Installing: /home/yura/firstprogram/install/turtlesim/include/turtlesim/turtlesim/msg/rosidl_typesupport_fastrtps_cpp__visibility_control.h
[17.920s] -- Up-to-date: /home/yura/firstprogram/install/turtlesim/include/turtlesim/turtlesim/msg/detail
[17.920s] -- Installing: /home/yura/firstprogram/install/turtlesim/include/turtlesim/turtlesim/msg/detail/dds_fastrtps
[17.920s] -- Installing: /home/yura/firstprogram/install/turtlesim/include/turtlesim/turtlesim/msg/detail/color__rosidl_typesupport_fastrtps_cpp.hpp
[17.920s] -- Installing: /home/yura/firstprogram/install/turtlesim/include/turtlesim/turtlesim/msg/detail/pose__rosidl_typesupport_fastrtps_cpp.hpp
[17.920s] -- Up-to-date: /home/yura/firstprogram/install/turtlesim/include/turtlesim/turtlesim/srv
[17.920s] -- Up-to-date: /home/yura/firstprogram/install/turtlesim/include/turtlesim/turtlesim/srv/detail
[17.920s] -- Installing: /home/yura/firstprogram/install/turtlesim/include/turtlesim/turtlesim/srv/detail/dds_fastrtps
[17.920s] -- Installing: /home/yura/firstprogram/install/turtlesim/include/turtlesim/turtlesim/srv/detail/set_pen__rosidl_typesupport_fastrtps_cpp.hpp
[17.920s] -- Installing: /home/yura/firstprogram/install/turtlesim/include/turtlesim/turtlesim/srv/detail/kill__rosidl_typesupport_fastrtps_cpp.hpp
[17.920s] -- Installing: /home/yura/firstprogram/install/turtlesim/include/turtlesim/turtlesim/srv/detail/spawn__rosidl_typesupport_fastrtps_cpp.hpp
[17.920s] -- Installing: /home/yura/firstprogram/install/turtlesim/include/turtlesim/turtlesim/srv/detail/teleport_absolute__rosidl_typesupport_fastrtps_cpp.hpp
[17.920s] -- Installing: /home/yura/firstprogram/install/turtlesim/include/turtlesim/turtlesim/srv/detail/teleport_relative__rosidl_typesupport_fastrtps_cpp.hpp
[17.920s] -- Up-to-date: /home/yura/firstprogram/install/turtlesim/include/turtlesim/turtlesim/action
[17.920s] -- Up-to-date: /home/yura/firstprogram/install/turtlesim/include/turtlesim/turtlesim/action/detail
[17.920s] -- Installing: /home/yura/firstprogram/install/turtlesim/include/turtlesim/turtlesim/action/detail/dds_fastrtps
[17.920s] -- Installing: /home/yura/firstprogram/install/turtlesim/include/turtlesim/turtlesim/action/detail/rotate_absolute__rosidl_typesupport_fastrtps_cpp.hpp
[17.920s] -- Installing: /home/yura/firstprogram/install/turtlesim/lib/libturtlesim__rosidl_typesupport_fastrtps_cpp.so
[17.920s] -- Set non-toolchain portion of runtime path of "/home/yura/firstprogram/install/turtlesim/lib/libturtlesim__rosidl_typesupport_fastrtps_cpp.so" to ""
[17.920s] -- Up-to-date: /home/yura/firstprogram/install/turtlesim/include/turtlesim/turtlesim
[17.920s] -- Up-to-date: /home/yura/firstprogram/install/turtlesim/include/turtlesim/turtlesim/msg
[17.920s] -- Up-to-date: /home/yura/firstprogram/install/turtlesim/include/turtlesim/turtlesim/msg/detail
[17.920s] -- Up-to-date: /home/yura/firstprogram/install/turtlesim/include/turtlesim/turtlesim/msg/detail/color__type_support.c
[17.920s] -- Installing: /home/yura/firstprogram/install/turtlesim/include/turtlesim/turtlesim/msg/detail/pose__type_support.c
[17.920s] -- Installing: /home/yura/firstprogram/install/turtlesim/include/turtlesim/turtlesim/msg/detail/pose__rosidl_typesupport_introspection_c.h
[17.920s] -- Installing: /home/yura/firstprogram/install/turtlesim/include/turtlesim/turtlesim/msg/detail/color__rosidl_typesupport_introspection_c.h
[17.921s] -- Installing: /home/yura/firstprogram/install/turtlesim/include/turtlesim/turtlesim/msg/rosidl_typesupport_introspection_c__visibility_control.h
[17.921s] -- Up-to-date: /home/yura/firstprogram/install/turtlesim/include/turtlesim/turtlesim/srv
[17.921s] -- Up-to-date: /home/yura/firstprogram/install/turtlesim/include/turtlesim/turtlesim/srv/detail
[17.921s] -- Installing: /home/yura/firstprogram/install/turtlesim/include/turtlesim/turtlesim/srv/detail/teleport_absolute__type_support.c
[17.921s] -- Installing: /home/yura/firstprogram/install/turtlesim/include/turtlesim/turtlesim/srv/detail/kill__type_support.c
[17.921s] -- Installing: /home/yura/firstprogram/install/turtlesim/include/turtlesim/turtlesim/srv/detail/spawn__rosidl_typesupport_introspection_c.h
[17.921s] -- Installing: /home/yura/firstprogram/install/turtlesim/include/turtlesim/turtlesim/srv/detail/kill__rosidl_typesupport_introspection_c.h
[17.921s] -- Up-to-date: /home/yura/firstprogram/install/turtlesim/include/turtlesim/turtlesim/srv/detail/teleport_relative__type_support.c
[17.921s] -- Installing: /home/yura/firstprogram/install/turtlesim/include/turtlesim/turtlesim/srv/detail/teleport_relative__rosidl_typesupport_introspection_c.h
[17.921s] -- Installing: /home/yura/firstprogram/install/turtlesim/include/turtlesim/turtlesim/srv/detail/set_pen__type_support.c
[17.921s] -- Installing: /home/yura/firstprogram/install/turtlesim/include/turtlesim/turtlesim/srv/detail/spawn__type_support.c
[17.921s] -- Installing: /home/yura/firstprogram/install/turtlesim/include/turtlesim/turtlesim/srv/detail/teleport_absolute__rosidl_typesupport_introspection_c.h
[17.921s] -- Installing: /home/yura/firstprogram/install/turtlesim/include/turtlesim/turtlesim/srv/detail/set_pen__rosidl_typesupport_introspection_c.h
[17.921s] -- Up-to-date: /home/yura/firstprogram/install/turtlesim/include/turtlesim/turtlesim/action
[17.921s] -- Up-to-date: /home/yura/firstprogram/install/turtlesim/include/turtlesim/turtlesim/action/detail
[17.921s] -- Up-to-date: /home/yura/firstprogram/install/turtlesim/include/turtlesim/turtlesim/action/detail/rotate_absolute__type_support.c
[17.921s] -- Installing: /home/yura/firstprogram/install/turtlesim/include/turtlesim/turtlesim/action/detail/rotate_absolute__rosidl_typesupport_introspection_c.h
[17.921s] -- Installing: /home/yura/firstprogram/install/turtlesim/lib/libturtlesim__rosidl_typesupport_introspection_c.so
[17.921s] -- Set non-toolchain portion of runtime path of "/home/yura/firstprogram/install/turtlesim/lib/libturtlesim__rosidl_typesupport_introspection_c.so" to ""
[17.921s] -- Installing: /home/yura/firstprogram/install/turtlesim/lib/libturtlesim__rosidl_typesupport_c.so
[17.921s] -- Set non-toolchain portion of runtime path of "/home/yura/firstprogram/install/turtlesim/lib/libturtlesim__rosidl_typesupport_c.so" to ""
[17.921s] -- Up-to-date: /home/yura/firstprogram/install/turtlesim/include/turtlesim/turtlesim
[17.921s] -- Up-to-date: /home/yura/firstprogram/install/turtlesim/include/turtlesim/turtlesim/msg
[17.921s] -- Up-to-date: /home/yura/firstprogram/install/turtlesim/include/turtlesim/turtlesim/msg/detail
[17.921s] -- Installing: /home/yura/firstprogram/install/turtlesim/include/turtlesim/turtlesim/msg/detail/pose__rosidl_typesupport_introspection_cpp.hpp
[17.921s] -- Installing: /home/yura/firstprogram/install/turtlesim/include/turtlesim/turtlesim/msg/detail/color__rosidl_typesupport_introspection_cpp.hpp
[17.921s] -- Installing: /home/yura/firstprogram/install/turtlesim/include/turtlesim/turtlesim/msg/detail/pose__type_support.cpp
[17.921s] -- Installing: /home/yura/firstprogram/install/turtlesim/include/turtlesim/turtlesim/msg/detail/color__type_support.cpp
[17.921s] -- Up-to-date: /home/yura/firstprogram/install/turtlesim/include/turtlesim/turtlesim/srv
[17.921s] -- Up-to-date: /home/yura/firstprogram/install/turtlesim/include/turtlesim/turtlesim/srv/detail
[17.921s] -- Installing: /home/yura/firstprogram/install/turtlesim/include/turtlesim/turtlesim/srv/detail/teleport_relative__rosidl_typesupport_introspection_cpp.hpp
[17.921s] -- Installing: /home/yura/firstprogram/install/turtlesim/include/turtlesim/turtlesim/srv/detail/teleport_absolute__rosidl_typesupport_introspection_cpp.hpp
[17.921s] -- Installing: /home/yura/firstprogram/install/turtlesim/include/turtlesim/turtlesim/srv/detail/teleport_absolute__type_support.cpp
[17.922s] -- Installing: /home/yura/firstprogram/install/turtlesim/include/turtlesim/turtlesim/srv/detail/kill__rosidl_typesupport_introspection_cpp.hpp
[17.922s] -- Installing: /home/yura/firstprogram/install/turtlesim/include/turtlesim/turtlesim/srv/detail/spawn__type_support.cpp
[17.922s] -- Installing: /home/yura/firstprogram/install/turtlesim/include/turtlesim/turtlesim/srv/detail/teleport_relative__type_support.cpp
[17.922s] -- Installing: /home/yura/firstprogram/install/turtlesim/include/turtlesim/turtlesim/srv/detail/set_pen__rosidl_typesupport_introspection_cpp.hpp
[17.922s] -- Installing: /home/yura/firstprogram/install/turtlesim/include/turtlesim/turtlesim/srv/detail/set_pen__type_support.cpp
[17.922s] -- Installing: /home/yura/firstprogram/install/turtlesim/include/turtlesim/turtlesim/srv/detail/kill__type_support.cpp
[17.922s] -- Installing: /home/yura/firstprogram/install/turtlesim/include/turtlesim/turtlesim/srv/detail/spawn__rosidl_typesupport_introspection_cpp.hpp
[17.922s] -- Up-to-date: /home/yura/firstprogram/install/turtlesim/include/turtlesim/turtlesim/action
[17.922s] -- Up-to-date: /home/yura/firstprogram/install/turtlesim/include/turtlesim/turtlesim/action/detail
[17.922s] -- Installing: /home/yura/firstprogram/install/turtlesim/include/turtlesim/turtlesim/action/detail/rotate_absolute__rosidl_typesupport_introspection_cpp.hpp
[17.922s] -- Installing: /home/yura/firstprogram/install/turtlesim/include/turtlesim/turtlesim/action/detail/rotate_absolute__type_support.cpp
[17.922s] -- Installing: /home/yura/firstprogram/install/turtlesim/lib/libturtlesim__rosidl_typesupport_introspection_cpp.so
[17.922s] -- Set non-toolchain portion of runtime path of "/home/yura/firstprogram/install/turtlesim/lib/libturtlesim__rosidl_typesupport_introspection_cpp.so" to ""
[17.922s] -- Installing: /home/yura/firstprogram/install/turtlesim/lib/libturtlesim__rosidl_typesupport_cpp.so
[17.922s] -- Set non-toolchain portion of runtime path of "/home/yura/firstprogram/install/turtlesim/lib/libturtlesim__rosidl_typesupport_cpp.so" to ""
[17.922s] -- Installing: /home/yura/firstprogram/install/turtlesim/share/turtlesim/environment/pythonpath.sh
[17.922s] -- Installing: /home/yura/firstprogram/install/turtlesim/share/turtlesim/environment/pythonpath.dsv
[17.922s] -- Installing: /home/yura/firstprogram/install/turtlesim/lib/python3.12/site-packages/turtlesim-1.8.3-py3.12.egg-info
[17.922s] -- Installing: /home/yura/firstprogram/install/turtlesim/lib/python3.12/site-packages/turtlesim-1.8.3-py3.12.egg-info/PKG-INFO
[17.922s] -- Installing: /home/yura/firstprogram/install/turtlesim/lib/python3.12/site-packages/turtlesim-1.8.3-py3.12.egg-info/dependency_links.txt
[17.922s] -- Installing: /home/yura/firstprogram/install/turtlesim/lib/python3.12/site-packages/turtlesim-1.8.3-py3.12.egg-info/SOURCES.txt
[17.922s] -- Installing: /home/yura/firstprogram/install/turtlesim/lib/python3.12/site-packages/turtlesim-1.8.3-py3.12.egg-info/top_level.txt
[17.922s] -- Installing: /home/yura/firstprogram/install/turtlesim/lib/python3.12/site-packages/turtlesim
[17.922s] -- Installing: /home/yura/firstprogram/install/turtlesim/lib/python3.12/site-packages/turtlesim/msg
[17.922s] -- Installing: /home/yura/firstprogram/install/turtlesim/lib/python3.12/site-packages/turtlesim/msg/_pose.py
[17.922s] -- Installing: /home/yura/firstprogram/install/turtlesim/lib/python3.12/site-packages/turtlesim/msg/_color.py
[17.922s] -- Installing: /home/yura/firstprogram/install/turtlesim/lib/python3.12/site-packages/turtlesim/msg/_color_s.c
[17.922s] -- Installing: /home/yura/firstprogram/install/turtlesim/lib/python3.12/site-packages/turtlesim/msg/__init__.py
[17.922s] -- Installing: /home/yura/firstprogram/install/turtlesim/lib/python3.12/site-packages/turtlesim/msg/_pose_s.c
[17.922s] -- Installing: /home/yura/firstprogram/install/turtlesim/lib/python3.12/site-packages/turtlesim/__init__.py
[17.922s] -- Installing: /home/yura/firstprogram/install/turtlesim/lib/python3.12/site-packages/turtlesim/_turtlesim_s.ep.rosidl_typesupport_c.c
[17.922s] -- Installing: /home/yura/firstprogram/install/turtlesim/lib/python3.12/site-packages/turtlesim/_turtlesim_s.ep.rosidl_typesupport_introspection_c.c
[17.922s] -- Installing: /home/yura/firstprogram/install/turtlesim/lib/python3.12/site-packages/turtlesim/_turtlesim_s.ep.rosidl_typesupport_fastrtps_c.c
[17.922s] -- Installing: /home/yura/firstprogram/install/turtlesim/lib/python3.12/site-packages/turtlesim/turtlesim_s__rosidl_typesupport_c.so
[17.923s] -- Installing: /home/yura/firstprogram/install/turtlesim/lib/python3.12/site-packages/turtlesim/turtlesim_s__rosidl_typesupport_introspection_c.so
[17.923s] -- Installing: /home/yura/firstprogram/install/turtlesim/lib/python3.12/site-packages/turtlesim/srv
[17.923s] -- Installing: /home/yura/firstprogram/install/turtlesim/lib/python3.12/site-packages/turtlesim/srv/_set_pen_s.c
[17.923s] -- Installing: /home/yura/firstprogram/install/turtlesim/lib/python3.12/site-packages/turtlesim/srv/_set_pen.py
[17.923s] -- Installing: /home/yura/firstprogram/install/turtlesim/lib/python3.12/site-packages/turtlesim/srv/_teleport_relative.py
[17.923s] -- Installing: /home/yura/firstprogram/install/turtlesim/lib/python3.12/site-packages/turtlesim/srv/_kill.py
[17.923s] -- Installing: /home/yura/firstprogram/install/turtlesim/lib/python3.12/site-packages/turtlesim/srv/_teleport_relative_s.c
[17.923s] -- Installing: /home/yura/firstprogram/install/turtlesim/lib/python3.12/site-packages/turtlesim/srv/_spawn_s.c
[17.923s] -- Installing: /home/yura/firstprogram/install/turtlesim/lib/python3.12/site-packages/turtlesim/srv/__init__.py
[17.923s] -- Installing: /home/yura/firstprogram/install/turtlesim/lib/python3.12/site-packages/turtlesim/srv/_spawn.py
[17.923s] -- Installing: /home/yura/firstprogram/install/turtlesim/lib/python3.12/site-packages/turtlesim/srv/_teleport_absolute.py
[17.923s] -- Installing: /home/yura/firstprogram/install/turtlesim/lib/python3.12/site-packages/turtlesim/srv/_kill_s.c
[17.923s] -- Installing: /home/yura/firstprogram/install/turtlesim/lib/python3.12/site-packages/turtlesim/srv/_teleport_absolute_s.c
[17.923s] -- Installing: /home/yura/firstprogram/install/turtlesim/lib/python3.12/site-packages/turtlesim/turtlesim_s__rosidl_typesupport_fastrtps_c.so
[17.923s] -- Installing: /home/yura/firstprogram/install/turtlesim/lib/python3.12/site-packages/turtlesim/action
[17.923s] -- Installing: /home/yura/firstprogram/install/turtlesim/lib/python3.12/site-packages/turtlesim/action/_rotate_absolute.py
[17.923s] -- Installing: /home/yura/firstprogram/install/turtlesim/lib/python3.12/site-packages/turtlesim/action/__init__.py
[17.923s] -- Installing: /home/yura/firstprogram/install/turtlesim/lib/python3.12/site-packages/turtlesim/action/_rotate_absolute_s.c
[17.963s] Listing '/home/yura/firstprogram/install/turtlesim/lib/python3.12/site-packages/turtlesim'...
[17.963s] Compiling '/home/yura/firstprogram/install/turtlesim/lib/python3.12/site-packages/turtlesim/__init__.py'...
[17.963s] Listing '/home/yura/firstprogram/install/turtlesim/lib/python3.12/site-packages/turtlesim/action'...
[17.963s] Compiling '/home/yura/firstprogram/install/turtlesim/lib/python3.12/site-packages/turtlesim/action/__init__.py'...
[17.963s] Compiling '/home/yura/firstprogram/install/turtlesim/lib/python3.12/site-packages/turtlesim/action/_rotate_absolute.py'...
[17.963s] Listing '/home/yura/firstprogram/install/turtlesim/lib/python3.12/site-packages/turtlesim/msg'...
[17.963s] Compiling '/home/yura/firstprogram/install/turtlesim/lib/python3.12/site-packages/turtlesim/msg/__init__.py'...
[17.963s] Compiling '/home/yura/firstprogram/install/turtlesim/lib/python3.12/site-packages/turtlesim/msg/_color.py'...
[17.963s] Compiling '/home/yura/firstprogram/install/turtlesim/lib/python3.12/site-packages/turtlesim/msg/_pose.py'...
[17.963s] Listing '/home/yura/firstprogram/install/turtlesim/lib/python3.12/site-packages/turtlesim/srv'...
[17.963s] Compiling '/home/yura/firstprogram/install/turtlesim/lib/python3.12/site-packages/turtlesim/srv/__init__.py'...
[17.963s] Compiling '/home/yura/firstprogram/install/turtlesim/lib/python3.12/site-packages/turtlesim/srv/_kill.py'...
[17.963s] Compiling '/home/yura/firstprogram/install/turtlesim/lib/python3.12/site-packages/turtlesim/srv/_set_pen.py'...
[17.963s] Compiling '/home/yura/firstprogram/install/turtlesim/lib/python3.12/site-packages/turtlesim/srv/_spawn.py'...
[17.963s] Compiling '/home/yura/firstprogram/install/turtlesim/lib/python3.12/site-packages/turtlesim/srv/_teleport_absolute.py'...
[17.963s] Compiling '/home/yura/firstprogram/install/turtlesim/lib/python3.12/site-packages/turtlesim/srv/_teleport_relative.py'...
[17.967s] -- Installing: /home/yura/firstprogram/install/turtlesim/lib/python3.12/site-packages/turtlesim/turtlesim_s__rosidl_typesupport_fastrtps_c.so
[17.967s] -- Set non-toolchain portion of runtime path of "/home/yura/firstprogram/install/turtlesim/lib/python3.12/site-packages/turtlesim/turtlesim_s__rosidl_typesupport_fastrtps_c.so" to ""
[17.967s] -- Installing: /home/yura/firstprogram/install/turtlesim/lib/python3.12/site-packages/turtlesim/turtlesim_s__rosidl_typesupport_introspection_c.so
[17.967s] -- Set non-toolchain portion of runtime path of "/home/yura/firstprogram/install/turtlesim/lib/python3.12/site-packages/turtlesim/turtlesim_s__rosidl_typesupport_introspection_c.so" to ""
[17.967s] -- Installing: /home/yura/firstprogram/install/turtlesim/lib/python3.12/site-packages/turtlesim/turtlesim_s__rosidl_typesupport_c.so
[17.968s] -- Set non-toolchain portion of runtime path of "/home/yura/firstprogram/install/turtlesim/lib/python3.12/site-packages/turtlesim/turtlesim_s__rosidl_typesupport_c.so" to ""
[17.968s] -- Installing: /home/yura/firstprogram/install/turtlesim/lib/libturtlesim__rosidl_generator_py.so
[17.968s] -- Set non-toolchain portion of runtime path of "/home/yura/firstprogram/install/turtlesim/lib/libturtlesim__rosidl_generator_py.so" to ""
[17.968s] -- Installing: /home/yura/firstprogram/install/turtlesim/share/ament_index/resource_index/rust_packages/turtlesim
[17.968s] -- Installing: /home/yura/firstprogram/install/turtlesim/share/turtlesim/rust
[17.968s] -- Installing: /home/yura/firstprogram/install/turtlesim/share/turtlesim/rust/Cargo.toml
[17.968s] -- Installing: /home/yura/firstprogram/install/turtlesim/share/turtlesim/rust/src
[17.968s] -- Installing: /home/yura/firstprogram/install/turtlesim/share/turtlesim/rust/src/msg.rs
[17.968s] -- Installing: /home/yura/firstprogram/install/turtlesim/share/turtlesim/rust/src/msg
[17.968s] -- Installing: /home/yura/firstprogram/install/turtlesim/share/turtlesim/rust/src/msg/rmw.rs
[17.968s] -- Installing: /home/yura/firstprogram/install/turtlesim/share/turtlesim/rust/src/srv.rs
[17.968s] -- Installing: /home/yura/firstprogram/install/turtlesim/share/turtlesim/rust/src/action.rs
[17.968s] -- Installing: /home/yura/firstprogram/install/turtlesim/share/turtlesim/rust/src/srv
[17.968s] -- Installing: /home/yura/firstprogram/install/turtlesim/share/turtlesim/rust/src/srv/rmw.rs
[17.968s] -- Installing: /home/yura/firstprogram/install/turtlesim/share/turtlesim/rust/src/action
[17.968s] -- Installing: /home/yura/firstprogram/install/turtlesim/share/turtlesim/rust/src/action/rmw.rs
[17.968s] -- Installing: /home/yura/firstprogram/install/turtlesim/share/turtlesim/rust/src/lib.rs
[17.968s] -- Installing: /home/yura/firstprogram/install/turtlesim/share/turtlesim/rust/build.rs
[17.968s] -- Installing: /home/yura/firstprogram/install/turtlesim/share/turtlesim/action/RotateAbsolute.idl
[17.968s] -- Installing: /home/yura/firstprogram/install/turtlesim/share/turtlesim/msg/Color.idl
[17.968s] -- Installing: /home/yura/firstprogram/install/turtlesim/share/turtlesim/msg/Pose.idl
[17.968s] -- Installing: /home/yura/firstprogram/install/turtlesim/share/turtlesim/srv/Kill.idl
[17.968s] -- Installing: /home/yura/firstprogram/install/turtlesim/share/turtlesim/srv/SetPen.idl
[17.969s] -- Installing: /home/yura/firstprogram/install/turtlesim/share/turtlesim/srv/Spawn.idl
[17.969s] -- Installing: /home/yura/firstprogram/install/turtlesim/share/turtlesim/srv/TeleportAbsolute.idl
[17.969s] -- Installing: /home/yura/firstprogram/install/turtlesim/share/turtlesim/srv/TeleportRelative.idl
[17.969s] -- Installing: /home/yura/firstprogram/install/turtlesim/share/turtlesim/action/RotateAbsolute.action
[17.969s] -- Installing: /home/yura/firstprogram/install/turtlesim/share/turtlesim/msg/Color.msg
[17.969s] -- Installing: /home/yura/firstprogram/install/turtlesim/share/turtlesim/msg/Pose.msg
[17.969s] -- Installing: /home/yura/firstprogram/install/turtlesim/share/turtlesim/srv/Kill.srv
[17.969s] -- Installing: /home/yura/firstprogram/install/turtlesim/share/turtlesim/srv/SetPen.srv
[17.969s] -- Installing: /home/yura/firstprogram/install/turtlesim/share/turtlesim/srv/Spawn.srv
[17.969s] -- Installing: /home/yura/firstprogram/install/turtlesim/share/turtlesim/srv/TeleportAbsolute.srv
[17.969s] -- Installing: /home/yura/firstprogram/install/turtlesim/share/turtlesim/srv/TeleportRelative.srv
[17.969s] -- Installing: /home/yura/firstprogram/install/turtlesim/lib/turtlesim/turtlesim_node
[17.974s] -- Set non-toolchain portion of runtime path of "/home/yura/firstprogram/install/turtlesim/lib/turtlesim/turtlesim_node" to ""
[17.974s] -- Installing: /home/yura/firstprogram/install/turtlesim/lib/turtlesim/turtle_teleop_key
[17.975s] -- Set non-toolchain portion of runtime path of "/home/yura/firstprogram/install/turtlesim/lib/turtlesim/turtle_teleop_key" to ""
[17.975s] -- Installing: /home/yura/firstprogram/install/turtlesim/lib/turtlesim/draw_square
[17.977s] -- Set non-toolchain portion of runtime path of "/home/yura/firstprogram/install/turtlesim/lib/turtlesim/draw_square" to ""
[17.977s] -- Installing: /home/yura/firstprogram/install/turtlesim/lib/turtlesim/mimic
[17.979s] -- Set non-toolchain portion of runtime path of "/home/yura/firstprogram/install/turtlesim/lib/turtlesim/mimic" to ""
[17.979s] -- Installing: /home/yura/firstprogram/install/turtlesim/share/turtlesim/images
[17.979s] -- Installing: /home/yura/firstprogram/install/turtlesim/share/turtlesim/images/jazzy.png
[17.979s] -- Installing: /home/yura/firstprogram/install/turtlesim/share/turtlesim/images/galactic.png
[17.979s] -- Installing: /home/yura/firstprogram/install/turtlesim/share/turtlesim/images/rolling.png
[17.979s] -- Installing: /home/yura/firstprogram/install/turtlesim/share/turtlesim/images/bouncy.png
[17.979s] -- Installing: /home/yura/firstprogram/install/turtlesim/share/turtlesim/images/humble.png
[17.979s] -- Installing: /home/yura/firstprogram/install/turtlesim/share/turtlesim/images/dashing.png
[17.979s] -- Installing: /home/yura/firstprogram/install/turtlesim/share/turtlesim/images/iron.png
[17.979s] -- Installing: /home/yura/firstprogram/install/turtlesim/share/turtlesim/images/ardent.png
[17.979s] -- Installing: /home/yura/firstprogram/install/turtlesim/share/turtlesim/images/foxy.png
[17.979s] -- Installing: /home/yura/firstprogram/install/turtlesim/share/turtlesim/images/eloquent.png
[17.979s] -- Installing: /home/yura/firstprogram/install/turtlesim/share/turtlesim/images/crystal.png
[17.979s] -- Installing: /home/yura/firstprogram/install/turtlesim/share/turtlesim/launch
[17.980s] -- Installing: /home/yura/firstprogram/install/turtlesim/share/turtlesim/launch/multisim.launch.py
[17.980s] -- Installing: /home/yura/firstprogram/install/turtlesim/share/ament_index/resource_index/package_run_dependencies/turtlesim
[17.980s] -- Installing: /home/yura/firstprogram/install/turtlesim/share/ament_index/resource_index/parent_prefix_path/turtlesim
[17.980s] -- Installing: /home/yura/firstprogram/install/turtlesim/share/turtlesim/environment/ament_prefix_path.sh
[17.980s] -- Installing: /home/yura/firstprogram/install/turtlesim/share/turtlesim/environment/ament_prefix_path.dsv
[17.980s] -- Installing: /home/yura/firstprogram/install/turtlesim/share/turtlesim/environment/path.sh
[17.980s] -- Installing: /home/yura/firstprogram/install/turtlesim/share/turtlesim/environment/path.dsv
[17.980s] -- Installing: /home/yura/firstprogram/install/turtlesim/share/turtlesim/local_setup.bash
[17.980s] -- Installing: /home/yura/firstprogram/install/turtlesim/share/turtlesim/local_setup.sh
[17.980s] -- Installing: /home/yura/firstprogram/install/turtlesim/share/turtlesim/local_setup.zsh
[17.980s] -- Installing: /home/yura/firstprogram/install/turtlesim/share/turtlesim/local_setup.dsv
[17.980s] -- Installing: /home/yura/firstprogram/install/turtlesim/share/turtlesim/package.dsv
[17.980s] -- Installing: /home/yura/firstprogram/install/turtlesim/share/ament_index/resource_index/packages/turtlesim
[17.980s] -- Installing: /home/yura/firstprogram/install/turtlesim/share/turtlesim/cmake/export_turtlesim__rosidl_generator_cExport.cmake
[17.980s] -- Installing: /home/yura/firstprogram/install/turtlesim/share/turtlesim/cmake/export_turtlesim__rosidl_generator_cExport-noconfig.cmake
[17.980s] -- Installing: /home/yura/firstprogram/install/turtlesim/share/turtlesim/cmake/export_turtlesim__rosidl_typesupport_fastrtps_cExport.cmake
[17.980s] -- Installing: /home/yura/firstprogram/install/turtlesim/share/turtlesim/cmake/export_turtlesim__rosidl_typesupport_fastrtps_cExport-noconfig.cmake
[17.980s] -- Installing: /home/yura/firstprogram/install/turtlesim/share/turtlesim/cmake/export_turtlesim__rosidl_generator_cppExport.cmake
[17.980s] -- Installing: /home/yura/firstprogram/install/turtlesim/share/turtlesim/cmake/export_turtlesim__rosidl_typesupport_fastrtps_cppExport.cmake
[17.980s] -- Installing: /home/yura/firstprogram/install/turtlesim/share/turtlesim/cmake/export_turtlesim__rosidl_typesupport_fastrtps_cppExport-noconfig.cmake
[17.980s] -- Installing: /home/yura/firstprogram/install/turtlesim/share/turtlesim/cmake/turtlesim__rosidl_typesupport_introspection_cExport.cmake
[17.980s] -- Installing: /home/yura/firstprogram/install/turtlesim/share/turtlesim/cmake/turtlesim__rosidl_typesupport_introspection_cExport-noconfig.cmake
[17.981s] -- Installing: /home/yura/firstprogram/install/turtlesim/share/turtlesim/cmake/turtlesim__rosidl_typesupport_cExport.cmake
[17.981s] -- Installing: /home/yura/firstprogram/install/turtlesim/share/turtlesim/cmake/turtlesim__rosidl_typesupport_cExport-noconfig.cmake
[17.981s] -- Installing: /home/yura/firstprogram/install/turtlesim/share/turtlesim/cmake/turtlesim__rosidl_typesupport_introspection_cppExport.cmake
[17.981s] -- Installing: /home/yura/firstprogram/install/turtlesim/share/turtlesim/cmake/turtlesim__rosidl_typesupport_introspection_cppExport-noconfig.cmake
[17.981s] -- Installing: /home/yura/firstprogram/install/turtlesim/share/turtlesim/cmake/turtlesim__rosidl_typesupport_cppExport.cmake
[17.981s] -- Installing: /home/yura/firstprogram/install/turtlesim/share/turtlesim/cmake/turtlesim__rosidl_typesupport_cppExport-noconfig.cmake
[17.981s] -- Installing: /home/yura/firstprogram/install/turtlesim/share/turtlesim/cmake/export_turtlesim__rosidl_generator_pyExport.cmake
[17.981s] -- Installing: /home/yura/firstprogram/install/turtlesim/share/turtlesim/cmake/export_turtlesim__rosidl_generator_pyExport-noconfig.cmake
[17.981s] -- Installing: /home/yura/firstprogram/install/turtlesim/share/turtlesim/cmake/rosidl_cmake-extras.cmake
[17.981s] -- Installing: /home/yura/firstprogram/install/turtlesim/share/turtlesim/cmake/ament_cmake_export_dependencies-extras.cmake
[17.981s] -- Installing: /home/yura/firstprogram/install/turtlesim/share/turtlesim/cmake/ament_cmake_export_include_directories-extras.cmake
[17.981s] -- Installing: /home/yura/firstprogram/install/turtlesim/share/turtlesim/cmake/ament_cmake_export_libraries-extras.cmake
[17.981s] -- Installing: /home/yura/firstprogram/install/turtlesim/share/turtlesim/cmake/ament_cmake_export_targets-extras.cmake
[17.981s] -- Installing: /home/yura/firstprogram/install/turtlesim/share/turtlesim/cmake/rosidl_cmake_export_typesupport_targets-extras.cmake
[17.981s] -- Installing: /home/yura/firstprogram/install/turtlesim/share/turtlesim/cmake/rosidl_cmake_export_typesupport_libraries-extras.cmake
[17.981s] -- Installing: /home/yura/firstprogram/install/turtlesim/share/turtlesim/cmake/turtlesimConfig.cmake
[17.981s] -- Installing: /home/yura/firstprogram/install/turtlesim/share/turtlesim/cmake/turtlesimConfig-version.cmake
[17.981s] -- Installing: /home/yura/firstprogram/install/turtlesim/share/turtlesim/package.xml
[17.983s] Invoked command in '/home/yura/firstprogram/build/turtlesim' returned '0': CMAKE_PREFIX_PATH=${CMAKE_PREFIX_PATH}:/opt/ros/jazzy DEBUGINFOD_URLS=https://debuginfod.ubuntu.com /usr/bin/cmake --install /home/yura/firstprogram/build/turtlesim
