[0.012s] Invoking command in '/home/yura/firstprogram/build/tutorial_interfaces': CMAKE_PREFIX_PATH=${CMAKE_PREFIX_PATH}:/opt/ros/jazzy DEBUGINFOD_URLS=https://debuginfod.ubuntu.com /usr/bin/cmake --build /home/yura/firstprogram/build/tutorial_interfaces -- -j12 -l12
[0.070s] [  3%] Built target tutorial_interfaces__rs
[0.071s] [  3%] Built target tutorial_interfaces__rosidl_generator_type_description
[0.086s] [  3%] Built target ament_cmake_python_copy_tutorial_interfaces
[0.103s] [  4%] Built target tutorial_interfaces__cpp
[0.111s] [ 26%] Built target tutorial_interfaces__rosidl_generator_c
[0.131s] [ 35%] Built target tutorial_interfaces__rosidl_typesupport_c
[0.132s] [ 44%] Built target tutorial_interfaces__rosidl_typesupport_introspection_c
[0.134s] [ 53%] Built target tutorial_interfaces__rosidl_typesupport_fastrtps_c
[0.135s] [ 72%] Built target tutorial_interfaces__rosidl_typesupport_introspection_cpp
[0.136s] [ 72%] Built target tutorial_interfaces__rosidl_typesupport_cpp
[0.138s] [ 81%] Built target tutorial_interfaces__rosidl_typesupport_fastrtps_cpp
[0.157s] [ 81%] Built target tutorial_interfaces
[0.177s] [ 83%] Built target tutorial_interfaces__py
[0.199s] [ 90%] Built target tutorial_interfaces__rosidl_generator_py
[0.220s] [ 96%] Built target tutorial_interfaces_s__rosidl_typesupport_fastrtps_c
[0.220s] [100%] Built target tutorial_interfaces_s__rosidl_typesupport_introspection_c
[0.220s] [100%] Built target tutorial_interfaces_s__rosidl_typesupport_c
[0.257s] running egg_info
[0.269s] writing tutorial_interfaces.egg-info/PKG-INFO
[0.269s] writing dependency_links to tutorial_interfaces.egg-info/dependency_links.txt
[0.269s] writing top-level names to tutorial_interfaces.egg-info/top_level.txt
[0.302s] reading manifest file 'tutorial_interfaces.egg-info/SOURCES.txt'
[0.302s] writing manifest file 'tutorial_interfaces.egg-info/SOURCES.txt'
[0.323s] [100%] Built target ament_cmake_python_build_tutorial_interfaces_egg
[0.332s] Invoked command in '/home/yura/firstprogram/build/tutorial_interfaces' returned '0': CMAKE_PREFIX_PATH=${CMAKE_PREFIX_PATH}:/opt/ros/jazzy DEBUGINFOD_URLS=https://debuginfod.ubuntu.com /usr/bin/cmake --build /home/yura/firstprogram/build/tutorial_interfaces -- -j12 -l12
[0.333s] Invoking command in '/home/yura/firstprogram/build/tutorial_interfaces': CMAKE_PREFIX_PATH=${CMAKE_PREFIX_PATH}:/opt/ros/jazzy DEBUGINFOD_URLS=https://debuginfod.ubuntu.com /usr/bin/cmake --install /home/yura/firstprogram/build/tutorial_interfaces
[0.341s] -- Install configuration: ""
[0.341s] -- Up-to-date: /home/yura/firstprogram/install/tutorial_interfaces/share/ament_index/resource_index/rosidl_interfaces/tutorial_interfaces
[0.341s] -- Up-to-date: /home/yura/firstprogram/install/tutorial_interfaces/share/tutorial_interfaces/msg/Num.json
[0.341s] -- Up-to-date: /home/yura/firstprogram/install/tutorial_interfaces/share/tutorial_interfaces/msg/Sphere.json
[0.342s] -- Up-to-date: /home/yura/firstprogram/install/tutorial_interfaces/share/tutorial_interfaces/msg/Coord.json
[0.342s] -- Up-to-date: /home/yura/firstprogram/install/tutorial_interfaces/share/tutorial_interfaces/srv/AddThreeInts.json
[0.342s] -- Up-to-date: /home/yura/firstprogram/install/tutorial_interfaces/include/tutorial_interfaces/tutorial_interfaces
[0.342s] -- Up-to-date: /home/yura/firstprogram/install/tutorial_interfaces/include/tutorial_interfaces/tutorial_interfaces/msg
[0.342s] -- Up-to-date: /home/yura/firstprogram/install/tutorial_interfaces/include/tutorial_interfaces/tutorial_interfaces/msg/num.h
[0.342s] -- Up-to-date: /home/yura/firstprogram/install/tutorial_interfaces/include/tutorial_interfaces/tutorial_interfaces/msg/sphere.h
[0.342s] -- Up-to-date: /home/yura/firstprogram/install/tutorial_interfaces/include/tutorial_interfaces/tutorial_interfaces/msg/detail
[0.342s] -- Up-to-date: /home/yura/firstprogram/install/tutorial_interfaces/include/tutorial_interfaces/tutorial_interfaces/msg/detail/coord__description.c
[0.343s] -- Up-to-date: /home/yura/firstprogram/install/tutorial_interfaces/include/tutorial_interfaces/tutorial_interfaces/msg/detail/num__functions.h
[0.343s] -- Up-to-date: /home/yura/firstprogram/install/tutorial_interfaces/include/tutorial_interfaces/tutorial_interfaces/msg/detail/num__description.c
[0.343s] -- Up-to-date: /home/yura/firstprogram/install/tutorial_interfaces/include/tutorial_interfaces/tutorial_interfaces/msg/detail/num__type_support.c
[0.343s] -- Up-to-date: /home/yura/firstprogram/install/tutorial_interfaces/include/tutorial_interfaces/tutorial_interfaces/msg/detail/num__functions.c
[0.343s] -- Up-to-date: /home/yura/firstprogram/install/tutorial_interfaces/include/tutorial_interfaces/tutorial_interfaces/msg/detail/coord__type_support.h
[0.343s] -- Up-to-date: /home/yura/firstprogram/install/tutorial_interfaces/include/tutorial_interfaces/tutorial_interfaces/msg/detail/sphere__functions.c
[0.343s] -- Up-to-date: /home/yura/firstprogram/install/tutorial_interfaces/include/tutorial_interfaces/tutorial_interfaces/msg/detail/coord__type_support.c
[0.343s] -- Up-to-date: /home/yura/firstprogram/install/tutorial_interfaces/include/tutorial_interfaces/tutorial_interfaces/msg/detail/sphere__type_support.c
[0.343s] -- Up-to-date: /home/yura/firstprogram/install/tutorial_interfaces/include/tutorial_interfaces/tutorial_interfaces/msg/detail/sphere__struct.h
[0.343s] -- Up-to-date: /home/yura/firstprogram/install/tutorial_interfaces/include/tutorial_interfaces/tutorial_interfaces/msg/detail/coord__struct.h
[0.344s] -- Up-to-date: /home/yura/firstprogram/install/tutorial_interfaces/include/tutorial_interfaces/tutorial_interfaces/msg/detail/num__type_support.h
[0.344s] -- Up-to-date: /home/yura/firstprogram/install/tutorial_interfaces/include/tutorial_interfaces/tutorial_interfaces/msg/detail/sphere__type_support.h
[0.344s] -- Up-to-date: /home/yura/firstprogram/install/tutorial_interfaces/include/tutorial_interfaces/tutorial_interfaces/msg/detail/num__struct.h
[0.344s] -- Up-to-date: /home/yura/firstprogram/install/tutorial_interfaces/include/tutorial_interfaces/tutorial_interfaces/msg/detail/sphere__description.c
[0.344s] -- Up-to-date: /home/yura/firstprogram/install/tutorial_interfaces/include/tutorial_interfaces/tutorial_interfaces/msg/detail/coord__functions.c
[0.344s] -- Up-to-date: /home/yura/firstprogram/install/tutorial_interfaces/include/tutorial_interfaces/tutorial_interfaces/msg/detail/coord__functions.h
[0.344s] -- Up-to-date: /home/yura/firstprogram/install/tutorial_interfaces/include/tutorial_interfaces/tutorial_interfaces/msg/detail/sphere__functions.h
[0.344s] -- Up-to-date: /home/yura/firstprogram/install/tutorial_interfaces/include/tutorial_interfaces/tutorial_interfaces/msg/rosidl_generator_c__visibility_control.h
[0.344s] -- Up-to-date: /home/yura/firstprogram/install/tutorial_interfaces/include/tutorial_interfaces/tutorial_interfaces/msg/coord.h
[0.344s] -- Up-to-date: /home/yura/firstprogram/install/tutorial_interfaces/include/tutorial_interfaces/tutorial_interfaces/srv
[0.344s] -- Up-to-date: /home/yura/firstprogram/install/tutorial_interfaces/include/tutorial_interfaces/tutorial_interfaces/srv/detail
[0.344s] -- Up-to-date: /home/yura/firstprogram/install/tutorial_interfaces/include/tutorial_interfaces/tutorial_interfaces/srv/detail/add_three_ints__type_support.h
[0.345s] -- Up-to-date: /home/yura/firstprogram/install/tutorial_interfaces/include/tutorial_interfaces/tutorial_interfaces/srv/detail/add_three_ints__functions.h
[0.345s] -- Up-to-date: /home/yura/firstprogram/install/tutorial_interfaces/include/tutorial_interfaces/tutorial_interfaces/srv/detail/add_three_ints__description.c
[0.345s] -- Up-to-date: /home/yura/firstprogram/install/tutorial_interfaces/include/tutorial_interfaces/tutorial_interfaces/srv/detail/add_three_ints__type_support.c
[0.345s] -- Up-to-date: /home/yura/firstprogram/install/tutorial_interfaces/include/tutorial_interfaces/tutorial_interfaces/srv/detail/add_three_ints__functions.c
[0.345s] -- Up-to-date: /home/yura/firstprogram/install/tutorial_interfaces/include/tutorial_interfaces/tutorial_interfaces/srv/detail/add_three_ints__struct.h
[0.345s] -- Up-to-date: /home/yura/firstprogram/install/tutorial_interfaces/include/tutorial_interfaces/tutorial_interfaces/srv/add_three_ints.h
[0.345s] -- Up-to-date: /home/yura/firstprogram/install/tutorial_interfaces/share/tutorial_interfaces/environment/library_path.sh
[0.345s] -- Up-to-date: /home/yura/firstprogram/install/tutorial_interfaces/share/tutorial_interfaces/environment/library_path.dsv
[0.345s] -- Up-to-date: /home/yura/firstprogram/install/tutorial_interfaces/lib/libtutorial_interfaces__rosidl_generator_c.so
[0.345s] -- Up-to-date: /home/yura/firstprogram/install/tutorial_interfaces/include/tutorial_interfaces/tutorial_interfaces
[0.345s] -- Up-to-date: /home/yura/firstprogram/install/tutorial_interfaces/include/tutorial_interfaces/tutorial_interfaces/msg
[0.345s] -- Up-to-date: /home/yura/firstprogram/install/tutorial_interfaces/include/tutorial_interfaces/tutorial_interfaces/msg/rosidl_typesupport_fastrtps_c__visibility_control.h
[0.345s] -- Up-to-date: /home/yura/firstprogram/install/tutorial_interfaces/include/tutorial_interfaces/tutorial_interfaces/msg/detail
[0.346s] -- Up-to-date: /home/yura/firstprogram/install/tutorial_interfaces/include/tutorial_interfaces/tutorial_interfaces/msg/detail/coord__rosidl_typesupport_fastrtps_c.h
[0.346s] -- Up-to-date: /home/yura/firstprogram/install/tutorial_interfaces/include/tutorial_interfaces/tutorial_interfaces/msg/detail/num__rosidl_typesupport_fastrtps_c.h
[0.346s] -- Up-to-date: /home/yura/firstprogram/install/tutorial_interfaces/include/tutorial_interfaces/tutorial_interfaces/msg/detail/sphere__rosidl_typesupport_fastrtps_c.h
[0.346s] -- Up-to-date: /home/yura/firstprogram/install/tutorial_interfaces/include/tutorial_interfaces/tutorial_interfaces/srv
[0.346s] -- Up-to-date: /home/yura/firstprogram/install/tutorial_interfaces/include/tutorial_interfaces/tutorial_interfaces/srv/detail
[0.346s] -- Up-to-date: /home/yura/firstprogram/install/tutorial_interfaces/include/tutorial_interfaces/tutorial_interfaces/srv/detail/add_three_ints__rosidl_typesupport_fastrtps_c.h
[0.346s] -- Up-to-date: /home/yura/firstprogram/install/tutorial_interfaces/lib/libtutorial_interfaces__rosidl_typesupport_fastrtps_c.so
[0.346s] -- Up-to-date: /home/yura/firstprogram/install/tutorial_interfaces/include/tutorial_interfaces/tutorial_interfaces
[0.346s] -- Up-to-date: /home/yura/firstprogram/install/tutorial_interfaces/include/tutorial_interfaces/tutorial_interfaces/msg
[0.346s] -- Up-to-date: /home/yura/firstprogram/install/tutorial_interfaces/include/tutorial_interfaces/tutorial_interfaces/msg/num.hpp
[0.346s] -- Up-to-date: /home/yura/firstprogram/install/tutorial_interfaces/include/tutorial_interfaces/tutorial_interfaces/msg/sphere.hpp
[0.346s] -- Up-to-date: /home/yura/firstprogram/install/tutorial_interfaces/include/tutorial_interfaces/tutorial_interfaces/msg/detail
[0.346s] -- Up-to-date: /home/yura/firstprogram/install/tutorial_interfaces/include/tutorial_interfaces/tutorial_interfaces/msg/detail/num__type_support.hpp
[0.346s] -- Up-to-date: /home/yura/firstprogram/install/tutorial_interfaces/include/tutorial_interfaces/tutorial_interfaces/msg/detail/num__builder.hpp
[0.347s] -- Up-to-date: /home/yura/firstprogram/install/tutorial_interfaces/include/tutorial_interfaces/tutorial_interfaces/msg/detail/coord__type_support.hpp
[0.347s] -- Up-to-date: /home/yura/firstprogram/install/tutorial_interfaces/include/tutorial_interfaces/tutorial_interfaces/msg/detail/coord__struct.hpp
[0.347s] -- Up-to-date: /home/yura/firstprogram/install/tutorial_interfaces/include/tutorial_interfaces/tutorial_interfaces/msg/detail/num__traits.hpp
[0.347s] -- Up-to-date: /home/yura/firstprogram/install/tutorial_interfaces/include/tutorial_interfaces/tutorial_interfaces/msg/detail/num__struct.hpp
[0.347s] -- Up-to-date: /home/yura/firstprogram/install/tutorial_interfaces/include/tutorial_interfaces/tutorial_interfaces/msg/detail/sphere__type_support.hpp
[0.347s] -- Up-to-date: /home/yura/firstprogram/install/tutorial_interfaces/include/tutorial_interfaces/tutorial_interfaces/msg/detail/sphere__traits.hpp
[0.347s] -- Up-to-date: /home/yura/firstprogram/install/tutorial_interfaces/include/tutorial_interfaces/tutorial_interfaces/msg/detail/sphere__builder.hpp
[0.347s] -- Up-to-date: /home/yura/firstprogram/install/tutorial_interfaces/include/tutorial_interfaces/tutorial_interfaces/msg/detail/coord__builder.hpp
[0.347s] -- Up-to-date: /home/yura/firstprogram/install/tutorial_interfaces/include/tutorial_interfaces/tutorial_interfaces/msg/detail/sphere__struct.hpp
[0.347s] -- Up-to-date: /home/yura/firstprogram/install/tutorial_interfaces/include/tutorial_interfaces/tutorial_interfaces/msg/detail/coord__traits.hpp
[0.347s] -- Up-to-date: /home/yura/firstprogram/install/tutorial_interfaces/include/tutorial_interfaces/tutorial_interfaces/msg/rosidl_generator_cpp__visibility_control.hpp
[0.347s] -- Up-to-date: /home/yura/firstprogram/install/tutorial_interfaces/include/tutorial_interfaces/tutorial_interfaces/msg/coord.hpp
[0.347s] -- Up-to-date: /home/yura/firstprogram/install/tutorial_interfaces/include/tutorial_interfaces/tutorial_interfaces/srv
[0.348s] -- Up-to-date: /home/yura/firstprogram/install/tutorial_interfaces/include/tutorial_interfaces/tutorial_interfaces/srv/detail
[0.348s] -- Up-to-date: /home/yura/firstprogram/install/tutorial_interfaces/include/tutorial_interfaces/tutorial_interfaces/srv/detail/add_three_ints__struct.hpp
[0.348s] -- Up-to-date: /home/yura/firstprogram/install/tutorial_interfaces/include/tutorial_interfaces/tutorial_interfaces/srv/detail/add_three_ints__type_support.hpp
[0.348s] -- Up-to-date: /home/yura/firstprogram/install/tutorial_interfaces/include/tutorial_interfaces/tutorial_interfaces/srv/detail/add_three_ints__traits.hpp
[0.348s] -- Up-to-date: /home/yura/firstprogram/install/tutorial_interfaces/include/tutorial_interfaces/tutorial_interfaces/srv/detail/add_three_ints__builder.hpp
[0.348s] -- Up-to-date: /home/yura/firstprogram/install/tutorial_interfaces/include/tutorial_interfaces/tutorial_interfaces/srv/add_three_ints.hpp
[0.348s] -- Up-to-date: /home/yura/firstprogram/install/tutorial_interfaces/include/tutorial_interfaces/tutorial_interfaces
[0.348s] -- Up-to-date: /home/yura/firstprogram/install/tutorial_interfaces/include/tutorial_interfaces/tutorial_interfaces/msg
[0.348s] -- Up-to-date: /home/yura/firstprogram/install/tutorial_interfaces/include/tutorial_interfaces/tutorial_interfaces/msg/rosidl_typesupport_fastrtps_cpp__visibility_control.h
[0.348s] -- Up-to-date: /home/yura/firstprogram/install/tutorial_interfaces/include/tutorial_interfaces/tutorial_interfaces/msg/detail
[0.348s] -- Up-to-date: /home/yura/firstprogram/install/tutorial_interfaces/include/tutorial_interfaces/tutorial_interfaces/msg/detail/dds_fastrtps
[0.348s] -- Up-to-date: /home/yura/firstprogram/install/tutorial_interfaces/include/tutorial_interfaces/tutorial_interfaces/msg/detail/num__rosidl_typesupport_fastrtps_cpp.hpp
[0.348s] -- Up-to-date: /home/yura/firstprogram/install/tutorial_interfaces/include/tutorial_interfaces/tutorial_interfaces/msg/detail/sphere__rosidl_typesupport_fastrtps_cpp.hpp
[0.348s] -- Up-to-date: /home/yura/firstprogram/install/tutorial_interfaces/include/tutorial_interfaces/tutorial_interfaces/msg/detail/coord__rosidl_typesupport_fastrtps_cpp.hpp
[0.348s] -- Up-to-date: /home/yura/firstprogram/install/tutorial_interfaces/include/tutorial_interfaces/tutorial_interfaces/srv
[0.349s] -- Up-to-date: /home/yura/firstprogram/install/tutorial_interfaces/include/tutorial_interfaces/tutorial_interfaces/srv/detail
[0.349s] -- Up-to-date: /home/yura/firstprogram/install/tutorial_interfaces/include/tutorial_interfaces/tutorial_interfaces/srv/detail/dds_fastrtps
[0.349s] -- Up-to-date: /home/yura/firstprogram/install/tutorial_interfaces/include/tutorial_interfaces/tutorial_interfaces/srv/detail/add_three_ints__rosidl_typesupport_fastrtps_cpp.hpp
[0.349s] -- Up-to-date: /home/yura/firstprogram/install/tutorial_interfaces/lib/libtutorial_interfaces__rosidl_typesupport_fastrtps_cpp.so
[0.349s] -- Up-to-date: /home/yura/firstprogram/install/tutorial_interfaces/include/tutorial_interfaces/tutorial_interfaces
[0.349s] -- Up-to-date: /home/yura/firstprogram/install/tutorial_interfaces/include/tutorial_interfaces/tutorial_interfaces/msg
[0.349s] -- Up-to-date: /home/yura/firstprogram/install/tutorial_interfaces/include/tutorial_interfaces/tutorial_interfaces/msg/detail
[0.349s] -- Up-to-date: /home/yura/firstprogram/install/tutorial_interfaces/include/tutorial_interfaces/tutorial_interfaces/msg/detail/num__rosidl_typesupport_introspection_c.h
[0.349s] -- Up-to-date: /home/yura/firstprogram/install/tutorial_interfaces/include/tutorial_interfaces/tutorial_interfaces/msg/detail/num__type_support.c
[0.349s] -- Up-to-date: /home/yura/firstprogram/install/tutorial_interfaces/include/tutorial_interfaces/tutorial_interfaces/msg/detail/coord__type_support.c
[0.349s] -- Up-to-date: /home/yura/firstprogram/install/tutorial_interfaces/include/tutorial_interfaces/tutorial_interfaces/msg/detail/sphere__rosidl_typesupport_introspection_c.h
[0.349s] -- Up-to-date: /home/yura/firstprogram/install/tutorial_interfaces/include/tutorial_interfaces/tutorial_interfaces/msg/detail/sphere__type_support.c
[0.349s] -- Up-to-date: /home/yura/firstprogram/install/tutorial_interfaces/include/tutorial_interfaces/tutorial_interfaces/msg/detail/coord__rosidl_typesupport_introspection_c.h
[0.349s] -- Up-to-date: /home/yura/firstprogram/install/tutorial_interfaces/include/tutorial_interfaces/tutorial_interfaces/msg/rosidl_typesupport_introspection_c__visibility_control.h
[0.349s] -- Up-to-date: /home/yura/firstprogram/install/tutorial_interfaces/include/tutorial_interfaces/tutorial_interfaces/srv
[0.350s] -- Up-to-date: /home/yura/firstprogram/install/tutorial_interfaces/include/tutorial_interfaces/tutorial_interfaces/srv/detail
[0.350s] -- Up-to-date: /home/yura/firstprogram/install/tutorial_interfaces/include/tutorial_interfaces/tutorial_interfaces/srv/detail/add_three_ints__rosidl_typesupport_introspection_c.h
[0.350s] -- Up-to-date: /home/yura/firstprogram/install/tutorial_interfaces/include/tutorial_interfaces/tutorial_interfaces/srv/detail/add_three_ints__type_support.c
[0.350s] -- Up-to-date: /home/yura/firstprogram/install/tutorial_interfaces/lib/libtutorial_interfaces__rosidl_typesupport_introspection_c.so
[0.350s] -- Up-to-date: /home/yura/firstprogram/install/tutorial_interfaces/lib/libtutorial_interfaces__rosidl_typesupport_c.so
[0.350s] -- Up-to-date: /home/yura/firstprogram/install/tutorial_interfaces/include/tutorial_interfaces/tutorial_interfaces
[0.350s] -- Up-to-date: /home/yura/firstprogram/install/tutorial_interfaces/include/tutorial_interfaces/tutorial_interfaces/msg
[0.350s] -- Up-to-date: /home/yura/firstprogram/install/tutorial_interfaces/include/tutorial_interfaces/tutorial_interfaces/msg/detail
[0.350s] -- Up-to-date: /home/yura/firstprogram/install/tutorial_interfaces/include/tutorial_interfaces/tutorial_interfaces/msg/detail/coord__type_support.cpp
[0.350s] -- Up-to-date: /home/yura/firstprogram/install/tutorial_interfaces/include/tutorial_interfaces/tutorial_interfaces/msg/detail/sphere__rosidl_typesupport_introspection_cpp.hpp
[0.350s] -- Up-to-date: /home/yura/firstprogram/install/tutorial_interfaces/include/tutorial_interfaces/tutorial_interfaces/msg/detail/num__rosidl_typesupport_introspection_cpp.hpp
[0.350s] -- Up-to-date: /home/yura/firstprogram/install/tutorial_interfaces/include/tutorial_interfaces/tutorial_interfaces/msg/detail/coord__rosidl_typesupport_introspection_cpp.hpp
[0.350s] -- Up-to-date: /home/yura/firstprogram/install/tutorial_interfaces/include/tutorial_interfaces/tutorial_interfaces/msg/detail/sphere__type_support.cpp
[0.350s] -- Up-to-date: /home/yura/firstprogram/install/tutorial_interfaces/include/tutorial_interfaces/tutorial_interfaces/msg/detail/num__type_support.cpp
[0.351s] -- Up-to-date: /home/yura/firstprogram/install/tutorial_interfaces/include/tutorial_interfaces/tutorial_interfaces/srv
[0.351s] -- Up-to-date: /home/yura/firstprogram/install/tutorial_interfaces/include/tutorial_interfaces/tutorial_interfaces/srv/detail
[0.351s] -- Up-to-date: /home/yura/firstprogram/install/tutorial_interfaces/include/tutorial_interfaces/tutorial_interfaces/srv/detail/add_three_ints__type_support.cpp
[0.351s] -- Up-to-date: /home/yura/firstprogram/install/tutorial_interfaces/include/tutorial_interfaces/tutorial_interfaces/srv/detail/add_three_ints__rosidl_typesupport_introspection_cpp.hpp
[0.351s] -- Up-to-date: /home/yura/firstprogram/install/tutorial_interfaces/lib/libtutorial_interfaces__rosidl_typesupport_introspection_cpp.so
[0.351s] -- Up-to-date: /home/yura/firstprogram/install/tutorial_interfaces/lib/libtutorial_interfaces__rosidl_typesupport_cpp.so
[0.351s] -- Up-to-date: /home/yura/firstprogram/install/tutorial_interfaces/share/tutorial_interfaces/environment/pythonpath.sh
[0.351s] -- Up-to-date: /home/yura/firstprogram/install/tutorial_interfaces/share/tutorial_interfaces/environment/pythonpath.dsv
[0.351s] -- Up-to-date: /home/yura/firstprogram/install/tutorial_interfaces/lib/python3.12/site-packages/tutorial_interfaces-0.0.0-py3.12.egg-info
[0.351s] -- Installing: /home/yura/firstprogram/install/tutorial_interfaces/lib/python3.12/site-packages/tutorial_interfaces-0.0.0-py3.12.egg-info/PKG-INFO
[0.351s] -- Installing: /home/yura/firstprogram/install/tutorial_interfaces/lib/python3.12/site-packages/tutorial_interfaces-0.0.0-py3.12.egg-info/dependency_links.txt
[0.351s] -- Installing: /home/yura/firstprogram/install/tutorial_interfaces/lib/python3.12/site-packages/tutorial_interfaces-0.0.0-py3.12.egg-info/SOURCES.txt
[0.351s] -- Installing: /home/yura/firstprogram/install/tutorial_interfaces/lib/python3.12/site-packages/tutorial_interfaces-0.0.0-py3.12.egg-info/top_level.txt
[0.351s] -- Up-to-date: /home/yura/firstprogram/install/tutorial_interfaces/lib/python3.12/site-packages/tutorial_interfaces
[0.352s] -- Up-to-date: /home/yura/firstprogram/install/tutorial_interfaces/lib/python3.12/site-packages/tutorial_interfaces/_tutorial_interfaces_s.ep.rosidl_typesupport_introspection_c.c
[0.352s] -- Up-to-date: /home/yura/firstprogram/install/tutorial_interfaces/lib/python3.12/site-packages/tutorial_interfaces/tutorial_interfaces_s__rosidl_typesupport_c.so
[0.352s] -- Up-to-date: /home/yura/firstprogram/install/tutorial_interfaces/lib/python3.12/site-packages/tutorial_interfaces/msg
[0.352s] -- Up-to-date: /home/yura/firstprogram/install/tutorial_interfaces/lib/python3.12/site-packages/tutorial_interfaces/msg/_sphere.py
[0.352s] -- Up-to-date: /home/yura/firstprogram/install/tutorial_interfaces/lib/python3.12/site-packages/tutorial_interfaces/msg/_coord_s.c
[0.352s] -- Up-to-date: /home/yura/firstprogram/install/tutorial_interfaces/lib/python3.12/site-packages/tutorial_interfaces/msg/_num.py
[0.352s] -- Up-to-date: /home/yura/firstprogram/install/tutorial_interfaces/lib/python3.12/site-packages/tutorial_interfaces/msg/_coord.py
[0.352s] -- Up-to-date: /home/yura/firstprogram/install/tutorial_interfaces/lib/python3.12/site-packages/tutorial_interfaces/msg/__init__.py
[0.352s] -- Up-to-date: /home/yura/firstprogram/install/tutorial_interfaces/lib/python3.12/site-packages/tutorial_interfaces/msg/_num_s.c
[0.352s] -- Up-to-date: /home/yura/firstprogram/install/tutorial_interfaces/lib/python3.12/site-packages/tutorial_interfaces/msg/_sphere_s.c
[0.352s] -- Up-to-date: /home/yura/firstprogram/install/tutorial_interfaces/lib/python3.12/site-packages/tutorial_interfaces/_tutorial_interfaces_s.ep.rosidl_typesupport_fastrtps_c.c
[0.352s] -- Up-to-date: /home/yura/firstprogram/install/tutorial_interfaces/lib/python3.12/site-packages/tutorial_interfaces/tutorial_interfaces_s__rosidl_typesupport_fastrtps_c.so
[0.352s] -- Up-to-date: /home/yura/firstprogram/install/tutorial_interfaces/lib/python3.12/site-packages/tutorial_interfaces/__init__.py
[0.352s] -- Up-to-date: /home/yura/firstprogram/install/tutorial_interfaces/lib/python3.12/site-packages/tutorial_interfaces/srv
[0.352s] -- Up-to-date: /home/yura/firstprogram/install/tutorial_interfaces/lib/python3.12/site-packages/tutorial_interfaces/srv/_add_three_ints.py
[0.353s] -- Up-to-date: /home/yura/firstprogram/install/tutorial_interfaces/lib/python3.12/site-packages/tutorial_interfaces/srv/_add_three_ints_s.c
[0.353s] -- Up-to-date: /home/yura/firstprogram/install/tutorial_interfaces/lib/python3.12/site-packages/tutorial_interfaces/srv/__init__.py
[0.353s] -- Up-to-date: /home/yura/firstprogram/install/tutorial_interfaces/lib/python3.12/site-packages/tutorial_interfaces/_tutorial_interfaces_s.ep.rosidl_typesupport_c.c
[0.353s] -- Up-to-date: /home/yura/firstprogram/install/tutorial_interfaces/lib/python3.12/site-packages/tutorial_interfaces/tutorial_interfaces_s__rosidl_typesupport_introspection_c.so
[0.368s] Listing '/home/yura/firstprogram/install/tutorial_interfaces/lib/python3.12/site-packages/tutorial_interfaces'...
[0.368s] Listing '/home/yura/firstprogram/install/tutorial_interfaces/lib/python3.12/site-packages/tutorial_interfaces/msg'...
[0.368s] Listing '/home/yura/firstprogram/install/tutorial_interfaces/lib/python3.12/site-packages/tutorial_interfaces/srv'...
[0.382s] -- Up-to-date: /home/yura/firstprogram/install/tutorial_interfaces/lib/python3.12/site-packages/tutorial_interfaces/tutorial_interfaces_s__rosidl_typesupport_fastrtps_c.so
[0.384s] -- Up-to-date: /home/yura/firstprogram/install/tutorial_interfaces/lib/python3.12/site-packages/tutorial_interfaces/tutorial_interfaces_s__rosidl_typesupport_introspection_c.so
[0.384s] -- Up-to-date: /home/yura/firstprogram/install/tutorial_interfaces/lib/python3.12/site-packages/tutorial_interfaces/tutorial_interfaces_s__rosidl_typesupport_c.so
[0.384s] -- Up-to-date: /home/yura/firstprogram/install/tutorial_interfaces/lib/libtutorial_interfaces__rosidl_generator_py.so
[0.387s] -- Up-to-date: /home/yura/firstprogram/install/tutorial_interfaces/share/ament_index/resource_index/rust_packages/tutorial_interfaces
[0.387s] -- Up-to-date: /home/yura/firstprogram/install/tutorial_interfaces/share/tutorial_interfaces/rust
[0.387s] -- Up-to-date: /home/yura/firstprogram/install/tutorial_interfaces/share/tutorial_interfaces/rust/Cargo.toml
[0.389s] -- Up-to-date: /home/yura/firstprogram/install/tutorial_interfaces/share/tutorial_interfaces/rust/src
[0.389s] -- Up-to-date: /home/yura/firstprogram/install/tutorial_interfaces/share/tutorial_interfaces/rust/src/msg.rs
[0.389s] -- Up-to-date: /home/yura/firstprogram/install/tutorial_interfaces/share/tutorial_interfaces/rust/src/msg
[0.389s] -- Up-to-date: /home/yura/firstprogram/install/tutorial_interfaces/share/tutorial_interfaces/rust/src/msg/rmw.rs
[0.389s] -- Up-to-date: /home/yura/firstprogram/install/tutorial_interfaces/share/tutorial_interfaces/rust/src/srv.rs
[0.389s] -- Up-to-date: /home/yura/firstprogram/install/tutorial_interfaces/share/tutorial_interfaces/rust/src/srv
[0.389s] -- Up-to-date: /home/yura/firstprogram/install/tutorial_interfaces/share/tutorial_interfaces/rust/src/srv/rmw.rs
[0.389s] -- Up-to-date: /home/yura/firstprogram/install/tutorial_interfaces/share/tutorial_interfaces/rust/src/lib.rs
[0.389s] -- Up-to-date: /home/yura/firstprogram/install/tutorial_interfaces/share/tutorial_interfaces/rust/build.rs
[0.390s] -- Up-to-date: /home/yura/firstprogram/install/tutorial_interfaces/share/tutorial_interfaces/msg/Num.idl
[0.390s] -- Up-to-date: /home/yura/firstprogram/install/tutorial_interfaces/share/tutorial_interfaces/msg/Sphere.idl
[0.390s] -- Up-to-date: /home/yura/firstprogram/install/tutorial_interfaces/share/tutorial_interfaces/msg/Coord.idl
[0.390s] -- Up-to-date: /home/yura/firstprogram/install/tutorial_interfaces/share/tutorial_interfaces/srv/AddThreeInts.idl
[0.390s] -- Up-to-date: /home/yura/firstprogram/install/tutorial_interfaces/share/tutorial_interfaces/msg/Num.msg
[0.390s] -- Up-to-date: /home/yura/firstprogram/install/tutorial_interfaces/share/tutorial_interfaces/msg/Sphere.msg
[0.390s] -- Up-to-date: /home/yura/firstprogram/install/tutorial_interfaces/share/tutorial_interfaces/msg/Coord.msg
[0.390s] -- Up-to-date: /home/yura/firstprogram/install/tutorial_interfaces/share/tutorial_interfaces/srv/AddThreeInts.srv
[0.391s] -- Up-to-date: /home/yura/firstprogram/install/tutorial_interfaces/share/ament_index/resource_index/package_run_dependencies/tutorial_interfaces
[0.391s] -- Up-to-date: /home/yura/firstprogram/install/tutorial_interfaces/share/ament_index/resource_index/parent_prefix_path/tutorial_interfaces
[0.391s] -- Up-to-date: /home/yura/firstprogram/install/tutorial_interfaces/share/tutorial_interfaces/environment/ament_prefix_path.sh
[0.391s] -- Up-to-date: /home/yura/firstprogram/install/tutorial_interfaces/share/tutorial_interfaces/environment/ament_prefix_path.dsv
[0.393s] -- Up-to-date: /home/yura/firstprogram/install/tutorial_interfaces/share/tutorial_interfaces/environment/path.sh
[0.393s] -- Up-to-date: /home/yura/firstprogram/install/tutorial_interfaces/share/tutorial_interfaces/environment/path.dsv
[0.393s] -- Up-to-date: /home/yura/firstprogram/install/tutorial_interfaces/share/tutorial_interfaces/local_setup.bash
[0.393s] -- Up-to-date: /home/yura/firstprogram/install/tutorial_interfaces/share/tutorial_interfaces/local_setup.sh
[0.393s] -- Up-to-date: /home/yura/firstprogram/install/tutorial_interfaces/share/tutorial_interfaces/local_setup.zsh
[0.393s] -- Up-to-date: /home/yura/firstprogram/install/tutorial_interfaces/share/tutorial_interfaces/local_setup.dsv
[0.393s] -- Installing: /home/yura/firstprogram/install/tutorial_interfaces/share/tutorial_interfaces/package.dsv
[0.394s] -- Up-to-date: /home/yura/firstprogram/install/tutorial_interfaces/share/ament_index/resource_index/packages/tutorial_interfaces
[0.395s] -- Up-to-date: /home/yura/firstprogram/install/tutorial_interfaces/share/tutorial_interfaces/cmake/export_tutorial_interfaces__rosidl_generator_cExport.cmake
[0.395s] -- Up-to-date: /home/yura/firstprogram/install/tutorial_interfaces/share/tutorial_interfaces/cmake/export_tutorial_interfaces__rosidl_generator_cExport-noconfig.cmake
[0.395s] -- Up-to-date: /home/yura/firstprogram/install/tutorial_interfaces/share/tutorial_interfaces/cmake/export_tutorial_interfaces__rosidl_typesupport_fastrtps_cExport.cmake
[0.395s] -- Up-to-date: /home/yura/firstprogram/install/tutorial_interfaces/share/tutorial_interfaces/cmake/export_tutorial_interfaces__rosidl_typesupport_fastrtps_cExport-noconfig.cmake
[0.395s] -- Up-to-date: /home/yura/firstprogram/install/tutorial_interfaces/share/tutorial_interfaces/cmake/export_tutorial_interfaces__rosidl_generator_cppExport.cmake
[0.396s] -- Up-to-date: /home/yura/firstprogram/install/tutorial_interfaces/share/tutorial_interfaces/cmake/export_tutorial_interfaces__rosidl_typesupport_fastrtps_cppExport.cmake
[0.396s] -- Up-to-date: /home/yura/firstprogram/install/tutorial_interfaces/share/tutorial_interfaces/cmake/export_tutorial_interfaces__rosidl_typesupport_fastrtps_cppExport-noconfig.cmake
[0.396s] -- Up-to-date: /home/yura/firstprogram/install/tutorial_interfaces/share/tutorial_interfaces/cmake/tutorial_interfaces__rosidl_typesupport_introspection_cExport.cmake
[0.396s] -- Up-to-date: /home/yura/firstprogram/install/tutorial_interfaces/share/tutorial_interfaces/cmake/tutorial_interfaces__rosidl_typesupport_introspection_cExport-noconfig.cmake
[0.396s] -- Up-to-date: /home/yura/firstprogram/install/tutorial_interfaces/share/tutorial_interfaces/cmake/tutorial_interfaces__rosidl_typesupport_cExport.cmake
[0.396s] -- Up-to-date: /home/yura/firstprogram/install/tutorial_interfaces/share/tutorial_interfaces/cmake/tutorial_interfaces__rosidl_typesupport_cExport-noconfig.cmake
[0.396s] -- Up-to-date: /home/yura/firstprogram/install/tutorial_interfaces/share/tutorial_interfaces/cmake/tutorial_interfaces__rosidl_typesupport_introspection_cppExport.cmake
[0.396s] -- Up-to-date: /home/yura/firstprogram/install/tutorial_interfaces/share/tutorial_interfaces/cmake/tutorial_interfaces__rosidl_typesupport_introspection_cppExport-noconfig.cmake
[0.396s] -- Up-to-date: /home/yura/firstprogram/install/tutorial_interfaces/share/tutorial_interfaces/cmake/tutorial_interfaces__rosidl_typesupport_cppExport.cmake
[0.396s] -- Up-to-date: /home/yura/firstprogram/install/tutorial_interfaces/share/tutorial_interfaces/cmake/tutorial_interfaces__rosidl_typesupport_cppExport-noconfig.cmake
[0.396s] -- Up-to-date: /home/yura/firstprogram/install/tutorial_interfaces/share/tutorial_interfaces/cmake/export_tutorial_interfaces__rosidl_generator_pyExport.cmake
[0.396s] -- Up-to-date: /home/yura/firstprogram/install/tutorial_interfaces/share/tutorial_interfaces/cmake/export_tutorial_interfaces__rosidl_generator_pyExport-noconfig.cmake
[0.396s] -- Up-to-date: /home/yura/firstprogram/install/tutorial_interfaces/share/tutorial_interfaces/cmake/rosidl_cmake-extras.cmake
[0.396s] -- Up-to-date: /home/yura/firstprogram/install/tutorial_interfaces/share/tutorial_interfaces/cmake/ament_cmake_export_dependencies-extras.cmake
[0.396s] -- Up-to-date: /home/yura/firstprogram/install/tutorial_interfaces/share/tutorial_interfaces/cmake/ament_cmake_export_include_directories-extras.cmake
[0.396s] -- Up-to-date: /home/yura/firstprogram/install/tutorial_interfaces/share/tutorial_interfaces/cmake/ament_cmake_export_libraries-extras.cmake
[0.396s] -- Up-to-date: /home/yura/firstprogram/install/tutorial_interfaces/share/tutorial_interfaces/cmake/ament_cmake_export_targets-extras.cmake
[0.396s] -- Up-to-date: /home/yura/firstprogram/install/tutorial_interfaces/share/tutorial_interfaces/cmake/rosidl_cmake_export_typesupport_targets-extras.cmake
[0.396s] -- Up-to-date: /home/yura/firstprogram/install/tutorial_interfaces/share/tutorial_interfaces/cmake/rosidl_cmake_export_typesupport_libraries-extras.cmake
[0.396s] -- Up-to-date: /home/yura/firstprogram/install/tutorial_interfaces/share/tutorial_interfaces/cmake/tutorial_interfacesConfig.cmake
[0.396s] -- Up-to-date: /home/yura/firstprogram/install/tutorial_interfaces/share/tutorial_interfaces/cmake/tutorial_interfacesConfig-version.cmake
[0.396s] -- Up-to-date: /home/yura/firstprogram/install/tutorial_interfaces/share/tutorial_interfaces/package.xml
[0.396s] Invoked command in '/home/yura/firstprogram/build/tutorial_interfaces' returned '0': CMAKE_PREFIX_PATH=${CMAKE_PREFIX_PATH}:/opt/ros/jazzy DEBUGINFOD_URLS=https://debuginfod.ubuntu.com /usr/bin/cmake --install /home/yura/firstprogram/build/tutorial_interfaces
