-- Found ament_cmake: 2.5.6 (/opt/ros/jazzy/share/ament_cmake/cmake)
-- Found geometry_msgs: 5.3.7 (/opt/ros/jazzy/share/geometry_msgs/cmake)
-- Found rosidl_generator_c: 4.6.7 (/opt/ros/jazzy/share/rosidl_generator_c/cmake)
-- Found rosidl_generator_cpp: 4.6.7 (/opt/ros/jazzy/share/rosidl_generator_cpp/cmake)
-- Using all available rosidl_typesupport_c: rosidl_typesupport_fastrtps_c;rosidl_typesupport_introspection_c
-- Using all available rosidl_typesupport_cpp: rosidl_typesupport_fastrtps_cpp;rosidl_typesupport_introspection_cpp
-- Found rosidl_default_generators: 1.6.0 (/opt/ros/jazzy/share/rosidl_default_generators/cmake)
-- Found rosidl_adapter: 4.6.7 (/opt/ros/jazzy/share/rosidl_adapter/cmake)
-- Found ament_cmake_ros: 0.12.0 (/opt/ros/jazzy/share/ament_cmake_ros/cmake)
-- Using all available rosidl_typesupport_c: rosidl_typesupport_fastrtps_c;rosidl_typesupport_introspection_c
-- Using all available rosidl_typesupport_cpp: rosidl_typesupport_fastrtps_cpp;rosidl_typesupport_introspection_cpp
-- Found python_cmake_module: 0.11.1 (/opt/ros/jazzy/share/python_cmake_module/cmake)
-- Found Python3: /usr/bin/python3 (found version "3.12.3") found components: Interpreter Development NumPy Development.Module Development.Embed 
-- Found Python3: /usr/bin/python3 (found version "3.12.3") found components: Interpreter 
-- Found ament_lint_auto: 0.17.5 (/opt/ros/jazzy/share/ament_lint_auto/cmake)
-- Added test 'lint_cmake' to check CMake code style
-- Added test 'xmllint' to check XML markup files
-- Configuring done (0.9s)
-- Generating done (0.0s)
-- Build files have been written to: /home/yura/firstprogram/build/tutorial_interfaces
[  1%] [34m[1mGenerating type hashes for ROS interfaces[0m
[  3%] [34m[1mGenerating Rust code for ROS interfaces[0m
[  3%] Built target ament_cmake_python_copy_tutorial_interfaces
running egg_info
[  3%] Built target tutorial_interfaces__rosidl_generator_type_description
writing tutorial_interfaces.egg-info/PKG-INFO
writing dependency_links to tutorial_interfaces.egg-info/dependency_links.txt
writing top-level names to tutorial_interfaces.egg-info/top_level.txt
[  4%] [34m[1mGenerating C code for ROS interfaces[0m
[  6%] [34m[1mGenerating C++ code for ROS interfaces[0m
reading manifest file 'tutorial_interfaces.egg-info/SOURCES.txt'
writing manifest file 'tutorial_interfaces.egg-info/SOURCES.txt'
[  6%] Built target ament_cmake_python_build_tutorial_interfaces_egg
[  6%] Built target tutorial_interfaces__rs
[  6%] Built target tutorial_interfaces__cpp
[  7%] [32mBuilding C object CMakeFiles/tutorial_interfaces__rosidl_generator_c.dir/rosidl_generator_c/tutorial_interfaces/msg/detail/sphere__type_support.c.o[0m
[  9%] [32mBuilding C object CMakeFiles/tutorial_interfaces__rosidl_generator_c.dir/rosidl_generator_c/tutorial_interfaces/msg/detail/coord__description.c.o[0m
[ 10%] [32mBuilding C object CMakeFiles/tutorial_interfaces__rosidl_generator_c.dir/rosidl_generator_c/tutorial_interfaces/msg/detail/num__description.c.o[0m
[ 12%] [32mBuilding C object CMakeFiles/tutorial_interfaces__rosidl_generator_c.dir/rosidl_generator_c/tutorial_interfaces/msg/detail/num__functions.c.o[0m
[ 13%] [32mBuilding C object CMakeFiles/tutorial_interfaces__rosidl_generator_c.dir/rosidl_generator_c/tutorial_interfaces/srv/detail/add_three_ints__description.c.o[0m
[ 15%] [32mBuilding C object CMakeFiles/tutorial_interfaces__rosidl_generator_c.dir/rosidl_generator_c/tutorial_interfaces/msg/detail/num__type_support.c.o[0m
[ 20%] [32mBuilding C object CMakeFiles/tutorial_interfaces__rosidl_generator_c.dir/rosidl_generator_c/tutorial_interfaces/srv/detail/add_three_ints__type_support.c.o[0m
[ 20%] [32mBuilding C object CMakeFiles/tutorial_interfaces__rosidl_generator_c.dir/rosidl_generator_c/tutorial_interfaces/msg/detail/sphere__description.c.o[0m
[ 20%] [32mBuilding C object CMakeFiles/tutorial_interfaces__rosidl_generator_c.dir/rosidl_generator_c/tutorial_interfaces/msg/detail/sphere__functions.c.o[0m
[ 21%] [32mBuilding C object CMakeFiles/tutorial_interfaces__rosidl_generator_c.dir/rosidl_generator_c/tutorial_interfaces/msg/detail/coord__functions.c.o[0m
[ 23%] [32mBuilding C object CMakeFiles/tutorial_interfaces__rosidl_generator_c.dir/rosidl_generator_c/tutorial_interfaces/msg/detail/coord__type_support.c.o[0m
[ 24%] [32mBuilding C object CMakeFiles/tutorial_interfaces__rosidl_generator_c.dir/rosidl_generator_c/tutorial_interfaces/srv/detail/add_three_ints__functions.c.o[0m
[ 26%] [32m[1mLinking C shared library libtutorial_interfaces__rosidl_generator_c.so[0m
[ 26%] Built target tutorial_interfaces__rosidl_generator_c
[ 27%] [34m[1mGenerating C type support for eProsima Fast-RTPS[0m
[ 29%] [34m[1mGenerating C++ introspection for ROS interfaces[0m
[ 30%] [34m[1mGenerating C++ type support for eProsima Fast-RTPS[0m
[ 32%] [34m[1mGenerating C introspection for ROS interfaces[0m
[ 33%] [34m[1mGenerating C type support dispatch for ROS interfaces[0m
[ 35%] [34m[1mGenerating C++ type support dispatch for ROS interfaces[0m
[ 41%] [32mBuilding CXX object CMakeFiles/tutorial_interfaces__rosidl_typesupport_introspection_cpp.dir/rosidl_typesupport_introspection_cpp/tutorial_interfaces/msg/detail/coord__type_support.cpp.o[0m
[ 41%] [32mBuilding CXX object CMakeFiles/tutorial_interfaces__rosidl_typesupport_introspection_cpp.dir/rosidl_typesupport_introspection_cpp/tutorial_interfaces/srv/detail/add_three_ints__type_support.cpp.o[0m
[ 41%] [32mBuilding CXX object CMakeFiles/tutorial_interfaces__rosidl_typesupport_introspection_cpp.dir/rosidl_typesupport_introspection_cpp/tutorial_interfaces/msg/detail/sphere__type_support.cpp.o[0m
[ 41%] [32mBuilding CXX object CMakeFiles/tutorial_interfaces__rosidl_typesupport_introspection_cpp.dir/rosidl_typesupport_introspection_cpp/tutorial_interfaces/msg/detail/num__type_support.cpp.o[0m
[ 43%] [32mBuilding CXX object CMakeFiles/tutorial_interfaces__rosidl_typesupport_fastrtps_cpp.dir/rosidl_typesupport_fastrtps_cpp/tutorial_interfaces/msg/detail/dds_fastrtps/num__type_support.cpp.o[0m
[ 44%] [32mBuilding CXX object CMakeFiles/tutorial_interfaces__rosidl_typesupport_fastrtps_cpp.dir/rosidl_typesupport_fastrtps_cpp/tutorial_interfaces/msg/detail/dds_fastrtps/sphere__type_support.cpp.o[0m
[ 46%] [32mBuilding CXX object CMakeFiles/tutorial_interfaces__rosidl_typesupport_fastrtps_cpp.dir/rosidl_typesupport_fastrtps_cpp/tutorial_interfaces/srv/detail/dds_fastrtps/add_three_ints__type_support.cpp.o[0m
[ 47%] [32mBuilding CXX object CMakeFiles/tutorial_interfaces__rosidl_typesupport_fastrtps_cpp.dir/rosidl_typesupport_fastrtps_cpp/tutorial_interfaces/msg/detail/dds_fastrtps/coord__type_support.cpp.o[0m
[ 49%] [32mBuilding CXX object CMakeFiles/tutorial_interfaces__rosidl_typesupport_c.dir/rosidl_typesupport_c/tutorial_interfaces/msg/num__type_support.cpp.o[0m
[ 50%] [32mBuilding CXX object CMakeFiles/tutorial_interfaces__rosidl_typesupport_cpp.dir/rosidl_typesupport_cpp/tutorial_interfaces/msg/num__type_support.cpp.o[0m
[ 52%] [32mBuilding CXX object CMakeFiles/tutorial_interfaces__rosidl_typesupport_c.dir/rosidl_typesupport_c/tutorial_interfaces/msg/sphere__type_support.cpp.o[0m
[ 53%] [32mBuilding CXX object CMakeFiles/tutorial_interfaces__rosidl_typesupport_c.dir/rosidl_typesupport_c/tutorial_interfaces/msg/coord__type_support.cpp.o[0m
[ 55%] [32mBuilding C object CMakeFiles/tutorial_interfaces__rosidl_typesupport_introspection_c.dir/rosidl_typesupport_introspection_c/tutorial_interfaces/msg/detail/num__type_support.c.o[0m
[ 58%] [32mBuilding C object CMakeFiles/tutorial_interfaces__rosidl_typesupport_introspection_c.dir/rosidl_typesupport_introspection_c/tutorial_interfaces/msg/detail/sphere__type_support.c.o[0m
[ 58%] [32mBuilding CXX object CMakeFiles/tutorial_interfaces__rosidl_typesupport_c.dir/rosidl_typesupport_c/tutorial_interfaces/srv/add_three_ints__type_support.cpp.o[0m
[ 60%] [32mBuilding C object CMakeFiles/tutorial_interfaces__rosidl_typesupport_introspection_c.dir/rosidl_typesupport_introspection_c/tutorial_interfaces/msg/detail/coord__type_support.c.o[0m
[ 61%] [32mBuilding CXX object CMakeFiles/tutorial_interfaces__rosidl_typesupport_fastrtps_c.dir/rosidl_typesupport_fastrtps_c/tutorial_interfaces/msg/detail/num__type_support_c.cpp.o[0m
[ 63%] [32m[1mLinking CXX shared library libtutorial_interfaces__rosidl_typesupport_c.so[0m
[ 64%] [32mBuilding CXX object CMakeFiles/tutorial_interfaces__rosidl_typesupport_fastrtps_c.dir/rosidl_typesupport_fastrtps_c/tutorial_interfaces/msg/detail/sphere__type_support_c.cpp.o[0m
[ 66%] [32mBuilding C object CMakeFiles/tutorial_interfaces__rosidl_typesupport_introspection_c.dir/rosidl_typesupport_introspection_c/tutorial_interfaces/srv/detail/add_three_ints__type_support.c.o[0m
[ 66%] Built target tutorial_interfaces__rosidl_typesupport_c
[ 67%] [32mBuilding CXX object CMakeFiles/tutorial_interfaces__rosidl_typesupport_fastrtps_c.dir/rosidl_typesupport_fastrtps_c/tutorial_interfaces/msg/detail/coord__type_support_c.cpp.o[0m
[ 69%] [32m[1mLinking C shared library libtutorial_interfaces__rosidl_typesupport_introspection_c.so[0m
[ 70%] [32mBuilding CXX object CMakeFiles/tutorial_interfaces__rosidl_typesupport_fastrtps_c.dir/rosidl_typesupport_fastrtps_c/tutorial_interfaces/srv/detail/add_three_ints__type_support_c.cpp.o[0m
[ 72%] [32mBuilding CXX object CMakeFiles/tutorial_interfaces__rosidl_typesupport_cpp.dir/rosidl_typesupport_cpp/tutorial_interfaces/msg/sphere__type_support.cpp.o[0m
[ 72%] Built target tutorial_interfaces__rosidl_typesupport_introspection_c
[ 73%] [32mBuilding CXX object CMakeFiles/tutorial_interfaces__rosidl_typesupport_cpp.dir/rosidl_typesupport_cpp/tutorial_interfaces/msg/coord__type_support.cpp.o[0m
[ 75%] [32m[1mLinking CXX shared library libtutorial_interfaces__rosidl_typesupport_introspection_cpp.so[0m
[ 76%] [32mBuilding CXX object CMakeFiles/tutorial_interfaces__rosidl_typesupport_cpp.dir/rosidl_typesupport_cpp/tutorial_interfaces/srv/add_three_ints__type_support.cpp.o[0m
[ 76%] Built target tutorial_interfaces__rosidl_typesupport_introspection_cpp
[ 78%] [32m[1mLinking CXX shared library libtutorial_interfaces__rosidl_typesupport_fastrtps_cpp.so[0m
[ 80%] [32m[1mLinking CXX shared library libtutorial_interfaces__rosidl_typesupport_cpp.so[0m
[ 80%] Built target tutorial_interfaces__rosidl_typesupport_fastrtps_cpp
[ 80%] Built target tutorial_interfaces__rosidl_typesupport_cpp
[ 81%] [32m[1mLinking CXX shared library libtutorial_interfaces__rosidl_typesupport_fastrtps_c.so[0m
[ 81%] Built target tutorial_interfaces__rosidl_typesupport_fastrtps_c
[ 81%] Built target tutorial_interfaces
[ 83%] [34m[1mGenerating Python code for ROS interfaces[0m
[ 83%] Built target tutorial_interfaces__py
[ 89%] [32mBuilding C object CMakeFiles/tutorial_interfaces__rosidl_generator_py.dir/rosidl_generator_py/tutorial_interfaces/msg/_coord_s.c.o[0m
[ 89%] [32mBuilding C object CMakeFiles/tutorial_interfaces__rosidl_generator_py.dir/rosidl_generator_py/tutorial_interfaces/msg/_num_s.c.o[0m
[ 89%] [32mBuilding C object CMakeFiles/tutorial_interfaces__rosidl_generator_py.dir/rosidl_generator_py/tutorial_interfaces/srv/_add_three_ints_s.c.o[0m
[ 89%] [32mBuilding C object CMakeFiles/tutorial_interfaces__rosidl_generator_py.dir/rosidl_generator_py/tutorial_interfaces/msg/_sphere_s.c.o[0m
[ 90%] [32m[1mLinking C shared library libtutorial_interfaces__rosidl_generator_py.so[0m
[ 90%] Built target tutorial_interfaces__rosidl_generator_py
[ 92%] [32mBuilding C object CMakeFiles/tutorial_interfaces_s__rosidl_typesupport_introspection_c.dir/rosidl_generator_py/tutorial_interfaces/_tutorial_interfaces_s.ep.rosidl_typesupport_introspection_c.c.o[0m
[ 95%] [32mBuilding C object CMakeFiles/tutorial_interfaces_s__rosidl_typesupport_fastrtps_c.dir/rosidl_generator_py/tutorial_interfaces/_tutorial_interfaces_s.ep.rosidl_typesupport_fastrtps_c.c.o[0m
[ 95%] [32mBuilding C object CMakeFiles/tutorial_interfaces_s__rosidl_typesupport_c.dir/rosidl_generator_py/tutorial_interfaces/_tutorial_interfaces_s.ep.rosidl_typesupport_c.c.o[0m
[ 96%] [32m[1mLinking C shared module rosidl_generator_py/tutorial_interfaces/tutorial_interfaces_s__rosidl_typesupport_c.so[0m
[ 98%] [32m[1mLinking C shared module rosidl_generator_py/tutorial_interfaces/tutorial_interfaces_s__rosidl_typesupport_fastrtps_c.so[0m
[ 98%] Built target tutorial_interfaces_s__rosidl_typesupport_c
[100%] [32m[1mLinking C shared module rosidl_generator_py/tutorial_interfaces/tutorial_interfaces_s__rosidl_typesupport_introspection_c.so[0m
[100%] Built target tutorial_interfaces_s__rosidl_typesupport_fastrtps_c
[100%] Built target tutorial_interfaces_s__rosidl_typesupport_introspection_c
-- Install configuration: ""
-- Up-to-date: /home/yura/firstprogram/install/tutorial_interfaces/share/ament_index/resource_index/rosidl_interfaces/tutorial_interfaces
-- Installing: /home/yura/firstprogram/install/tutorial_interfaces/share/tutorial_interfaces/msg/Num.json
-- Installing: /home/yura/firstprogram/install/tutorial_interfaces/share/tutorial_interfaces/msg/Sphere.json
-- Installing: /home/yura/firstprogram/install/tutorial_interfaces/share/tutorial_interfaces/msg/Coord.json
-- Installing: /home/yura/firstprogram/install/tutorial_interfaces/share/tutorial_interfaces/srv/AddThreeInts.json
-- Up-to-date: /home/yura/firstprogram/install/tutorial_interfaces/include/tutorial_interfaces/tutorial_interfaces
-- Up-to-date: /home/yura/firstprogram/install/tutorial_interfaces/include/tutorial_interfaces/tutorial_interfaces/msg
-- Installing: /home/yura/firstprogram/install/tutorial_interfaces/include/tutorial_interfaces/tutorial_interfaces/msg/num.h
-- Installing: /home/yura/firstprogram/install/tutorial_interfaces/include/tutorial_interfaces/tutorial_interfaces/msg/sphere.h
-- Up-to-date: /home/yura/firstprogram/install/tutorial_interfaces/include/tutorial_interfaces/tutorial_interfaces/msg/detail
-- Installing: /home/yura/firstprogram/install/tutorial_interfaces/include/tutorial_interfaces/tutorial_interfaces/msg/detail/coord__description.c
-- Installing: /home/yura/firstprogram/install/tutorial_interfaces/include/tutorial_interfaces/tutorial_interfaces/msg/detail/num__functions.h
-- Installing: /home/yura/firstprogram/install/tutorial_interfaces/include/tutorial_interfaces/tutorial_interfaces/msg/detail/num__description.c
-- Installing: /home/yura/firstprogram/install/tutorial_interfaces/include/tutorial_interfaces/tutorial_interfaces/msg/detail/num__type_support.c
-- Installing: /home/yura/firstprogram/install/tutorial_interfaces/include/tutorial_interfaces/tutorial_interfaces/msg/detail/num__functions.c
-- Installing: /home/yura/firstprogram/install/tutorial_interfaces/include/tutorial_interfaces/tutorial_interfaces/msg/detail/coord__type_support.h
-- Installing: /home/yura/firstprogram/install/tutorial_interfaces/include/tutorial_interfaces/tutorial_interfaces/msg/detail/sphere__functions.c
-- Installing: /home/yura/firstprogram/install/tutorial_interfaces/include/tutorial_interfaces/tutorial_interfaces/msg/detail/coord__type_support.c
-- Installing: /home/yura/firstprogram/install/tutorial_interfaces/include/tutorial_interfaces/tutorial_interfaces/msg/detail/sphere__type_support.c
-- Installing: /home/yura/firstprogram/install/tutorial_interfaces/include/tutorial_interfaces/tutorial_interfaces/msg/detail/sphere__struct.h
-- Installing: /home/yura/firstprogram/install/tutorial_interfaces/include/tutorial_interfaces/tutorial_interfaces/msg/detail/coord__struct.h
-- Installing: /home/yura/firstprogram/install/tutorial_interfaces/include/tutorial_interfaces/tutorial_interfaces/msg/detail/num__type_support.h
-- Installing: /home/yura/firstprogram/install/tutorial_interfaces/include/tutorial_interfaces/tutorial_interfaces/msg/detail/sphere__type_support.h
-- Installing: /home/yura/firstprogram/install/tutorial_interfaces/include/tutorial_interfaces/tutorial_interfaces/msg/detail/num__struct.h
-- Installing: /home/yura/firstprogram/install/tutorial_interfaces/include/tutorial_interfaces/tutorial_interfaces/msg/detail/sphere__description.c
-- Installing: /home/yura/firstprogram/install/tutorial_interfaces/include/tutorial_interfaces/tutorial_interfaces/msg/detail/coord__functions.c
-- Installing: /home/yura/firstprogram/install/tutorial_interfaces/include/tutorial_interfaces/tutorial_interfaces/msg/detail/coord__functions.h
-- Installing: /home/yura/firstprogram/install/tutorial_interfaces/include/tutorial_interfaces/tutorial_interfaces/msg/detail/sphere__functions.h
-- Up-to-date: /home/yura/firstprogram/install/tutorial_interfaces/include/tutorial_interfaces/tutorial_interfaces/msg/rosidl_generator_c__visibility_control.h
-- Installing: /home/yura/firstprogram/install/tutorial_interfaces/include/tutorial_interfaces/tutorial_interfaces/msg/coord.h
-- Up-to-date: /home/yura/firstprogram/install/tutorial_interfaces/include/tutorial_interfaces/tutorial_interfaces/srv
-- Up-to-date: /home/yura/firstprogram/install/tutorial_interfaces/include/tutorial_interfaces/tutorial_interfaces/srv/detail
-- Installing: /home/yura/firstprogram/install/tutorial_interfaces/include/tutorial_interfaces/tutorial_interfaces/srv/detail/add_three_ints__type_support.h
-- Installing: /home/yura/firstprogram/install/tutorial_interfaces/include/tutorial_interfaces/tutorial_interfaces/srv/detail/add_three_ints__functions.h
-- Installing: /home/yura/firstprogram/install/tutorial_interfaces/include/tutorial_interfaces/tutorial_interfaces/srv/detail/add_three_ints__description.c
-- Installing: /home/yura/firstprogram/install/tutorial_interfaces/include/tutorial_interfaces/tutorial_interfaces/srv/detail/add_three_ints__type_support.c
-- Installing: /home/yura/firstprogram/install/tutorial_interfaces/include/tutorial_interfaces/tutorial_interfaces/srv/detail/add_three_ints__functions.c
-- Installing: /home/yura/firstprogram/install/tutorial_interfaces/include/tutorial_interfaces/tutorial_interfaces/srv/detail/add_three_ints__struct.h
-- Installing: /home/yura/firstprogram/install/tutorial_interfaces/include/tutorial_interfaces/tutorial_interfaces/srv/add_three_ints.h
-- Up-to-date: /home/yura/firstprogram/install/tutorial_interfaces/share/tutorial_interfaces/environment/library_path.sh
-- Up-to-date: /home/yura/firstprogram/install/tutorial_interfaces/share/tutorial_interfaces/environment/library_path.dsv
-- Installing: /home/yura/firstprogram/install/tutorial_interfaces/lib/libtutorial_interfaces__rosidl_generator_c.so
-- Set non-toolchain portion of runtime path of "/home/yura/firstprogram/install/tutorial_interfaces/lib/libtutorial_interfaces__rosidl_generator_c.so" to ""
-- Up-to-date: /home/yura/firstprogram/install/tutorial_interfaces/include/tutorial_interfaces/tutorial_interfaces
-- Up-to-date: /home/yura/firstprogram/install/tutorial_interfaces/include/tutorial_interfaces/tutorial_interfaces/msg
-- Up-to-date: /home/yura/firstprogram/install/tutorial_interfaces/include/tutorial_interfaces/tutorial_interfaces/msg/rosidl_typesupport_fastrtps_c__visibility_control.h
-- Up-to-date: /home/yura/firstprogram/install/tutorial_interfaces/include/tutorial_interfaces/tutorial_interfaces/msg/detail
-- Installing: /home/yura/firstprogram/install/tutorial_interfaces/include/tutorial_interfaces/tutorial_interfaces/msg/detail/coord__rosidl_typesupport_fastrtps_c.h
-- Installing: /home/yura/firstprogram/install/tutorial_interfaces/include/tutorial_interfaces/tutorial_interfaces/msg/detail/num__rosidl_typesupport_fastrtps_c.h
-- Installing: /home/yura/firstprogram/install/tutorial_interfaces/include/tutorial_interfaces/tutorial_interfaces/msg/detail/sphere__rosidl_typesupport_fastrtps_c.h
-- Up-to-date: /home/yura/firstprogram/install/tutorial_interfaces/include/tutorial_interfaces/tutorial_interfaces/srv
-- Up-to-date: /home/yura/firstprogram/install/tutorial_interfaces/include/tutorial_interfaces/tutorial_interfaces/srv/detail
-- Installing: /home/yura/firstprogram/install/tutorial_interfaces/include/tutorial_interfaces/tutorial_interfaces/srv/detail/add_three_ints__rosidl_typesupport_fastrtps_c.h
-- Installing: /home/yura/firstprogram/install/tutorial_interfaces/lib/libtutorial_interfaces__rosidl_typesupport_fastrtps_c.so
-- Set non-toolchain portion of runtime path of "/home/yura/firstprogram/install/tutorial_interfaces/lib/libtutorial_interfaces__rosidl_typesupport_fastrtps_c.so" to ""
-- Up-to-date: /home/yura/firstprogram/install/tutorial_interfaces/include/tutorial_interfaces/tutorial_interfaces
-- Up-to-date: /home/yura/firstprogram/install/tutorial_interfaces/include/tutorial_interfaces/tutorial_interfaces/msg
-- Installing: /home/yura/firstprogram/install/tutorial_interfaces/include/tutorial_interfaces/tutorial_interfaces/msg/num.hpp
-- Installing: /home/yura/firstprogram/install/tutorial_interfaces/include/tutorial_interfaces/tutorial_interfaces/msg/sphere.hpp
-- Up-to-date: /home/yura/firstprogram/install/tutorial_interfaces/include/tutorial_interfaces/tutorial_interfaces/msg/detail
-- Installing: /home/yura/firstprogram/install/tutorial_interfaces/include/tutorial_interfaces/tutorial_interfaces/msg/detail/num__type_support.hpp
-- Installing: /home/yura/firstprogram/install/tutorial_interfaces/include/tutorial_interfaces/tutorial_interfaces/msg/detail/num__builder.hpp
-- Installing: /home/yura/firstprogram/install/tutorial_interfaces/include/tutorial_interfaces/tutorial_interfaces/msg/detail/coord__type_support.hpp
-- Installing: /home/yura/firstprogram/install/tutorial_interfaces/include/tutorial_interfaces/tutorial_interfaces/msg/detail/coord__struct.hpp
-- Installing: /home/yura/firstprogram/install/tutorial_interfaces/include/tutorial_interfaces/tutorial_interfaces/msg/detail/num__traits.hpp
-- Installing: /home/yura/firstprogram/install/tutorial_interfaces/include/tutorial_interfaces/tutorial_interfaces/msg/detail/num__struct.hpp
-- Installing: /home/yura/firstprogram/install/tutorial_interfaces/include/tutorial_interfaces/tutorial_interfaces/msg/detail/sphere__type_support.hpp
-- Installing: /home/yura/firstprogram/install/tutorial_interfaces/include/tutorial_interfaces/tutorial_interfaces/msg/detail/sphere__traits.hpp
-- Installing: /home/yura/firstprogram/install/tutorial_interfaces/include/tutorial_interfaces/tutorial_interfaces/msg/detail/sphere__builder.hpp
-- Installing: /home/yura/firstprogram/install/tutorial_interfaces/include/tutorial_interfaces/tutorial_interfaces/msg/detail/coord__builder.hpp
-- Installing: /home/yura/firstprogram/install/tutorial_interfaces/include/tutorial_interfaces/tutorial_interfaces/msg/detail/sphere__struct.hpp
-- Installing: /home/yura/firstprogram/install/tutorial_interfaces/include/tutorial_interfaces/tutorial_interfaces/msg/detail/coord__traits.hpp
-- Installing: /home/yura/firstprogram/install/tutorial_interfaces/include/tutorial_interfaces/tutorial_interfaces/msg/rosidl_generator_cpp__visibility_control.hpp
-- Installing: /home/yura/firstprogram/install/tutorial_interfaces/include/tutorial_interfaces/tutorial_interfaces/msg/coord.hpp
-- Up-to-date: /home/yura/firstprogram/install/tutorial_interfaces/include/tutorial_interfaces/tutorial_interfaces/srv
-- Up-to-date: /home/yura/firstprogram/install/tutorial_interfaces/include/tutorial_interfaces/tutorial_interfaces/srv/detail
-- Installing: /home/yura/firstprogram/install/tutorial_interfaces/include/tutorial_interfaces/tutorial_interfaces/srv/detail/add_three_ints__struct.hpp
-- Installing: /home/yura/firstprogram/install/tutorial_interfaces/include/tutorial_interfaces/tutorial_interfaces/srv/detail/add_three_ints__type_support.hpp
-- Installing: /home/yura/firstprogram/install/tutorial_interfaces/include/tutorial_interfaces/tutorial_interfaces/srv/detail/add_three_ints__traits.hpp
-- Installing: /home/yura/firstprogram/install/tutorial_interfaces/include/tutorial_interfaces/tutorial_interfaces/srv/detail/add_three_ints__builder.hpp
-- Installing: /home/yura/firstprogram/install/tutorial_interfaces/include/tutorial_interfaces/tutorial_interfaces/srv/add_three_ints.hpp
-- Up-to-date: /home/yura/firstprogram/install/tutorial_interfaces/include/tutorial_interfaces/tutorial_interfaces
-- Up-to-date: /home/yura/firstprogram/install/tutorial_interfaces/include/tutorial_interfaces/tutorial_interfaces/msg
-- Up-to-date: /home/yura/firstprogram/install/tutorial_interfaces/include/tutorial_interfaces/tutorial_interfaces/msg/rosidl_typesupport_fastrtps_cpp__visibility_control.h
-- Up-to-date: /home/yura/firstprogram/install/tutorial_interfaces/include/tutorial_interfaces/tutorial_interfaces/msg/detail
-- Up-to-date: /home/yura/firstprogram/install/tutorial_interfaces/include/tutorial_interfaces/tutorial_interfaces/msg/detail/dds_fastrtps
-- Installing: /home/yura/firstprogram/install/tutorial_interfaces/include/tutorial_interfaces/tutorial_interfaces/msg/detail/num__rosidl_typesupport_fastrtps_cpp.hpp
-- Installing: /home/yura/firstprogram/install/tutorial_interfaces/include/tutorial_interfaces/tutorial_interfaces/msg/detail/sphere__rosidl_typesupport_fastrtps_cpp.hpp
-- Installing: /home/yura/firstprogram/install/tutorial_interfaces/include/tutorial_interfaces/tutorial_interfaces/msg/detail/coord__rosidl_typesupport_fastrtps_cpp.hpp
-- Up-to-date: /home/yura/firstprogram/install/tutorial_interfaces/include/tutorial_interfaces/tutorial_interfaces/srv
-- Up-to-date: /home/yura/firstprogram/install/tutorial_interfaces/include/tutorial_interfaces/tutorial_interfaces/srv/detail
-- Up-to-date: /home/yura/firstprogram/install/tutorial_interfaces/include/tutorial_interfaces/tutorial_interfaces/srv/detail/dds_fastrtps
-- Installing: /home/yura/firstprogram/install/tutorial_interfaces/include/tutorial_interfaces/tutorial_interfaces/srv/detail/add_three_ints__rosidl_typesupport_fastrtps_cpp.hpp
-- Installing: /home/yura/firstprogram/install/tutorial_interfaces/lib/libtutorial_interfaces__rosidl_typesupport_fastrtps_cpp.so
-- Set non-toolchain portion of runtime path of "/home/yura/firstprogram/install/tutorial_interfaces/lib/libtutorial_interfaces__rosidl_typesupport_fastrtps_cpp.so" to ""
-- Up-to-date: /home/yura/firstprogram/install/tutorial_interfaces/include/tutorial_interfaces/tutorial_interfaces
-- Up-to-date: /home/yura/firstprogram/install/tutorial_interfaces/include/tutorial_interfaces/tutorial_interfaces/msg
-- Up-to-date: /home/yura/firstprogram/install/tutorial_interfaces/include/tutorial_interfaces/tutorial_interfaces/msg/detail
-- Installing: /home/yura/firstprogram/install/tutorial_interfaces/include/tutorial_interfaces/tutorial_interfaces/msg/detail/num__rosidl_typesupport_introspection_c.h
-- Up-to-date: /home/yura/firstprogram/install/tutorial_interfaces/include/tutorial_interfaces/tutorial_interfaces/msg/detail/num__type_support.c
-- Up-to-date: /home/yura/firstprogram/install/tutorial_interfaces/include/tutorial_interfaces/tutorial_interfaces/msg/detail/coord__type_support.c
-- Installing: /home/yura/firstprogram/install/tutorial_interfaces/include/tutorial_interfaces/tutorial_interfaces/msg/detail/sphere__rosidl_typesupport_introspection_c.h
-- Up-to-date: /home/yura/firstprogram/install/tutorial_interfaces/include/tutorial_interfaces/tutorial_interfaces/msg/detail/sphere__type_support.c
-- Installing: /home/yura/firstprogram/install/tutorial_interfaces/include/tutorial_interfaces/tutorial_interfaces/msg/detail/coord__rosidl_typesupport_introspection_c.h
-- Up-to-date: /home/yura/firstprogram/install/tutorial_interfaces/include/tutorial_interfaces/tutorial_interfaces/msg/rosidl_typesupport_introspection_c__visibility_control.h
-- Up-to-date: /home/yura/firstprogram/install/tutorial_interfaces/include/tutorial_interfaces/tutorial_interfaces/srv
-- Up-to-date: /home/yura/firstprogram/install/tutorial_interfaces/include/tutorial_interfaces/tutorial_interfaces/srv/detail
-- Installing: /home/yura/firstprogram/install/tutorial_interfaces/include/tutorial_interfaces/tutorial_interfaces/srv/detail/add_three_ints__rosidl_typesupport_introspection_c.h
-- Up-to-date: /home/yura/firstprogram/install/tutorial_interfaces/include/tutorial_interfaces/tutorial_interfaces/srv/detail/add_three_ints__type_support.c
-- Installing: /home/yura/firstprogram/install/tutorial_interfaces/lib/libtutorial_interfaces__rosidl_typesupport_introspection_c.so
-- Set non-toolchain portion of runtime path of "/home/yura/firstprogram/install/tutorial_interfaces/lib/libtutorial_interfaces__rosidl_typesupport_introspection_c.so" to ""
-- Installing: /home/yura/firstprogram/install/tutorial_interfaces/lib/libtutorial_interfaces__rosidl_typesupport_c.so
-- Set non-toolchain portion of runtime path of "/home/yura/firstprogram/install/tutorial_interfaces/lib/libtutorial_interfaces__rosidl_typesupport_c.so" to ""
-- Up-to-date: /home/yura/firstprogram/install/tutorial_interfaces/include/tutorial_interfaces/tutorial_interfaces
-- Up-to-date: /home/yura/firstprogram/install/tutorial_interfaces/include/tutorial_interfaces/tutorial_interfaces/msg
-- Up-to-date: /home/yura/firstprogram/install/tutorial_interfaces/include/tutorial_interfaces/tutorial_interfaces/msg/detail
-- Installing: /home/yura/firstprogram/install/tutorial_interfaces/include/tutorial_interfaces/tutorial_interfaces/msg/detail/coord__type_support.cpp
-- Installing: /home/yura/firstprogram/install/tutorial_interfaces/include/tutorial_interfaces/tutorial_interfaces/msg/detail/sphere__rosidl_typesupport_introspection_cpp.hpp
-- Installing: /home/yura/firstprogram/install/tutorial_interfaces/include/tutorial_interfaces/tutorial_interfaces/msg/detail/num__rosidl_typesupport_introspection_cpp.hpp
-- Installing: /home/yura/firstprogram/install/tutorial_interfaces/include/tutorial_interfaces/tutorial_interfaces/msg/detail/coord__rosidl_typesupport_introspection_cpp.hpp
-- Installing: /home/yura/firstprogram/install/tutorial_interfaces/include/tutorial_interfaces/tutorial_interfaces/msg/detail/sphere__type_support.cpp
-- Installing: /home/yura/firstprogram/install/tutorial_interfaces/include/tutorial_interfaces/tutorial_interfaces/msg/detail/num__type_support.cpp
-- Up-to-date: /home/yura/firstprogram/install/tutorial_interfaces/include/tutorial_interfaces/tutorial_interfaces/srv
-- Up-to-date: /home/yura/firstprogram/install/tutorial_interfaces/include/tutorial_interfaces/tutorial_interfaces/srv/detail
-- Installing: /home/yura/firstprogram/install/tutorial_interfaces/include/tutorial_interfaces/tutorial_interfaces/srv/detail/add_three_ints__type_support.cpp
-- Installing: /home/yura/firstprogram/install/tutorial_interfaces/include/tutorial_interfaces/tutorial_interfaces/srv/detail/add_three_ints__rosidl_typesupport_introspection_cpp.hpp
-- Installing: /home/yura/firstprogram/install/tutorial_interfaces/lib/libtutorial_interfaces__rosidl_typesupport_introspection_cpp.so
-- Set non-toolchain portion of runtime path of "/home/yura/firstprogram/install/tutorial_interfaces/lib/libtutorial_interfaces__rosidl_typesupport_introspection_cpp.so" to ""
-- Installing: /home/yura/firstprogram/install/tutorial_interfaces/lib/libtutorial_interfaces__rosidl_typesupport_cpp.so
-- Set non-toolchain portion of runtime path of "/home/yura/firstprogram/install/tutorial_interfaces/lib/libtutorial_interfaces__rosidl_typesupport_cpp.so" to ""
-- Up-to-date: /home/yura/firstprogram/install/tutorial_interfaces/share/tutorial_interfaces/environment/pythonpath.sh
-- Up-to-date: /home/yura/firstprogram/install/tutorial_interfaces/share/tutorial_interfaces/environment/pythonpath.dsv
-- Up-to-date: /home/yura/firstprogram/install/tutorial_interfaces/lib/python3.12/site-packages/tutorial_interfaces-0.0.0-py3.12.egg-info
-- Installing: /home/yura/firstprogram/install/tutorial_interfaces/lib/python3.12/site-packages/tutorial_interfaces-0.0.0-py3.12.egg-info/PKG-INFO
-- Installing: /home/yura/firstprogram/install/tutorial_interfaces/lib/python3.12/site-packages/tutorial_interfaces-0.0.0-py3.12.egg-info/dependency_links.txt
-- Installing: /home/yura/firstprogram/install/tutorial_interfaces/lib/python3.12/site-packages/tutorial_interfaces-0.0.0-py3.12.egg-info/SOURCES.txt
-- Installing: /home/yura/firstprogram/install/tutorial_interfaces/lib/python3.12/site-packages/tutorial_interfaces-0.0.0-py3.12.egg-info/top_level.txt
-- Up-to-date: /home/yura/firstprogram/install/tutorial_interfaces/lib/python3.12/site-packages/tutorial_interfaces
-- Installing: /home/yura/firstprogram/install/tutorial_interfaces/lib/python3.12/site-packages/tutorial_interfaces/_tutorial_interfaces_s.ep.rosidl_typesupport_introspection_c.c
-- Installing: /home/yura/firstprogram/install/tutorial_interfaces/lib/python3.12/site-packages/tutorial_interfaces/tutorial_interfaces_s__rosidl_typesupport_c.so
-- Up-to-date: /home/yura/firstprogram/install/tutorial_interfaces/lib/python3.12/site-packages/tutorial_interfaces/msg
-- Installing: /home/yura/firstprogram/install/tutorial_interfaces/lib/python3.12/site-packages/tutorial_interfaces/msg/_sphere.py
-- Installing: /home/yura/firstprogram/install/tutorial_interfaces/lib/python3.12/site-packages/tutorial_interfaces/msg/_coord_s.c
-- Installing: /home/yura/firstprogram/install/tutorial_interfaces/lib/python3.12/site-packages/tutorial_interfaces/msg/_num.py
-- Installing: /home/yura/firstprogram/install/tutorial_interfaces/lib/python3.12/site-packages/tutorial_interfaces/msg/_coord.py
-- Installing: /home/yura/firstprogram/install/tutorial_interfaces/lib/python3.12/site-packages/tutorial_interfaces/msg/__init__.py
-- Installing: /home/yura/firstprogram/install/tutorial_interfaces/lib/python3.12/site-packages/tutorial_interfaces/msg/_num_s.c
-- Installing: /home/yura/firstprogram/install/tutorial_interfaces/lib/python3.12/site-packages/tutorial_interfaces/msg/_sphere_s.c
-- Installing: /home/yura/firstprogram/install/tutorial_interfaces/lib/python3.12/site-packages/tutorial_interfaces/_tutorial_interfaces_s.ep.rosidl_typesupport_fastrtps_c.c
-- Installing: /home/yura/firstprogram/install/tutorial_interfaces/lib/python3.12/site-packages/tutorial_interfaces/tutorial_interfaces_s__rosidl_typesupport_fastrtps_c.so
-- Installing: /home/yura/firstprogram/install/tutorial_interfaces/lib/python3.12/site-packages/tutorial_interfaces/__init__.py
-- Up-to-date: /home/yura/firstprogram/install/tutorial_interfaces/lib/python3.12/site-packages/tutorial_interfaces/srv
-- Installing: /home/yura/firstprogram/install/tutorial_interfaces/lib/python3.12/site-packages/tutorial_interfaces/srv/_add_three_ints.py
-- Installing: /home/yura/firstprogram/install/tutorial_interfaces/lib/python3.12/site-packages/tutorial_interfaces/srv/_add_three_ints_s.c
-- Installing: /home/yura/firstprogram/install/tutorial_interfaces/lib/python3.12/site-packages/tutorial_interfaces/srv/__init__.py
-- Installing: /home/yura/firstprogram/install/tutorial_interfaces/lib/python3.12/site-packages/tutorial_interfaces/_tutorial_interfaces_s.ep.rosidl_typesupport_c.c
-- Installing: /home/yura/firstprogram/install/tutorial_interfaces/lib/python3.12/site-packages/tutorial_interfaces/tutorial_interfaces_s__rosidl_typesupport_introspection_c.so
Listing '/home/yura/firstprogram/install/tutorial_interfaces/lib/python3.12/site-packages/tutorial_interfaces'...
Compiling '/home/yura/firstprogram/install/tutorial_interfaces/lib/python3.12/site-packages/tutorial_interfaces/__init__.py'...
Listing '/home/yura/firstprogram/install/tutorial_interfaces/lib/python3.12/site-packages/tutorial_interfaces/msg'...
Compiling '/home/yura/firstprogram/install/tutorial_interfaces/lib/python3.12/site-packages/tutorial_interfaces/msg/__init__.py'...
Compiling '/home/yura/firstprogram/install/tutorial_interfaces/lib/python3.12/site-packages/tutorial_interfaces/msg/_coord.py'...
Compiling '/home/yura/firstprogram/install/tutorial_interfaces/lib/python3.12/site-packages/tutorial_interfaces/msg/_num.py'...
Compiling '/home/yura/firstprogram/install/tutorial_interfaces/lib/python3.12/site-packages/tutorial_interfaces/msg/_sphere.py'...
Listing '/home/yura/firstprogram/install/tutorial_interfaces/lib/python3.12/site-packages/tutorial_interfaces/srv'...
Compiling '/home/yura/firstprogram/install/tutorial_interfaces/lib/python3.12/site-packages/tutorial_interfaces/srv/__init__.py'...
Compiling '/home/yura/firstprogram/install/tutorial_interfaces/lib/python3.12/site-packages/tutorial_interfaces/srv/_add_three_ints.py'...
-- Installing: /home/yura/firstprogram/install/tutorial_interfaces/lib/python3.12/site-packages/tutorial_interfaces/tutorial_interfaces_s__rosidl_typesupport_fastrtps_c.so
-- Set non-toolchain portion of runtime path of "/home/yura/firstprogram/install/tutorial_interfaces/lib/python3.12/site-packages/tutorial_interfaces/tutorial_interfaces_s__rosidl_typesupport_fastrtps_c.so" to ""
-- Installing: /home/yura/firstprogram/install/tutorial_interfaces/lib/python3.12/site-packages/tutorial_interfaces/tutorial_interfaces_s__rosidl_typesupport_introspection_c.so
-- Set non-toolchain portion of runtime path of "/home/yura/firstprogram/install/tutorial_interfaces/lib/python3.12/site-packages/tutorial_interfaces/tutorial_interfaces_s__rosidl_typesupport_introspection_c.so" to ""
-- Installing: /home/yura/firstprogram/install/tutorial_interfaces/lib/python3.12/site-packages/tutorial_interfaces/tutorial_interfaces_s__rosidl_typesupport_c.so
-- Set non-toolchain portion of runtime path of "/home/yura/firstprogram/install/tutorial_interfaces/lib/python3.12/site-packages/tutorial_interfaces/tutorial_interfaces_s__rosidl_typesupport_c.so" to ""
-- Installing: /home/yura/firstprogram/install/tutorial_interfaces/lib/libtutorial_interfaces__rosidl_generator_py.so
-- Set non-toolchain portion of runtime path of "/home/yura/firstprogram/install/tutorial_interfaces/lib/libtutorial_interfaces__rosidl_generator_py.so" to ""
-- Up-to-date: /home/yura/firstprogram/install/tutorial_interfaces/share/ament_index/resource_index/rust_packages/tutorial_interfaces
-- Up-to-date: /home/yura/firstprogram/install/tutorial_interfaces/share/tutorial_interfaces/rust
-- Installing: /home/yura/firstprogram/install/tutorial_interfaces/share/tutorial_interfaces/rust/Cargo.toml
-- Up-to-date: /home/yura/firstprogram/install/tutorial_interfaces/share/tutorial_interfaces/rust/src
-- Installing: /home/yura/firstprogram/install/tutorial_interfaces/share/tutorial_interfaces/rust/src/msg.rs
-- Up-to-date: /home/yura/firstprogram/install/tutorial_interfaces/share/tutorial_interfaces/rust/src/msg
-- Installing: /home/yura/firstprogram/install/tutorial_interfaces/share/tutorial_interfaces/rust/src/msg/rmw.rs
-- Installing: /home/yura/firstprogram/install/tutorial_interfaces/share/tutorial_interfaces/rust/src/srv.rs
-- Up-to-date: /home/yura/firstprogram/install/tutorial_interfaces/share/tutorial_interfaces/rust/src/srv
-- Installing: /home/yura/firstprogram/install/tutorial_interfaces/share/tutorial_interfaces/rust/src/srv/rmw.rs
-- Installing: /home/yura/firstprogram/install/tutorial_interfaces/share/tutorial_interfaces/rust/src/lib.rs
-- Installing: /home/yura/firstprogram/install/tutorial_interfaces/share/tutorial_interfaces/rust/build.rs
-- Up-to-date: /home/yura/firstprogram/install/tutorial_interfaces/share/tutorial_interfaces/msg/Num.idl
-- Up-to-date: /home/yura/firstprogram/install/tutorial_interfaces/share/tutorial_interfaces/msg/Sphere.idl
-- Installing: /home/yura/firstprogram/install/tutorial_interfaces/share/tutorial_interfaces/msg/Coord.idl
-- Up-to-date: /home/yura/firstprogram/install/tutorial_interfaces/share/tutorial_interfaces/srv/AddThreeInts.idl
-- Up-to-date: /home/yura/firstprogram/install/tutorial_interfaces/share/tutorial_interfaces/msg/Num.msg
-- Up-to-date: /home/yura/firstprogram/install/tutorial_interfaces/share/tutorial_interfaces/msg/Sphere.msg
-- Installing: /home/yura/firstprogram/install/tutorial_interfaces/share/tutorial_interfaces/msg/Coord.msg
-- Up-to-date: /home/yura/firstprogram/install/tutorial_interfaces/share/tutorial_interfaces/srv/AddThreeInts.srv
-- Up-to-date: /home/yura/firstprogram/install/tutorial_interfaces/share/ament_index/resource_index/package_run_dependencies/tutorial_interfaces
-- Up-to-date: /home/yura/firstprogram/install/tutorial_interfaces/share/ament_index/resource_index/parent_prefix_path/tutorial_interfaces
-- Up-to-date: /home/yura/firstprogram/install/tutorial_interfaces/share/tutorial_interfaces/environment/ament_prefix_path.sh
-- Up-to-date: /home/yura/firstprogram/install/tutorial_interfaces/share/tutorial_interfaces/environment/ament_prefix_path.dsv
-- Up-to-date: /home/yura/firstprogram/install/tutorial_interfaces/share/tutorial_interfaces/environment/path.sh
-- Up-to-date: /home/yura/firstprogram/install/tutorial_interfaces/share/tutorial_interfaces/environment/path.dsv
-- Up-to-date: /home/yura/firstprogram/install/tutorial_interfaces/share/tutorial_interfaces/local_setup.bash
-- Up-to-date: /home/yura/firstprogram/install/tutorial_interfaces/share/tutorial_interfaces/local_setup.sh
-- Up-to-date: /home/yura/firstprogram/install/tutorial_interfaces/share/tutorial_interfaces/local_setup.zsh
-- Up-to-date: /home/yura/firstprogram/install/tutorial_interfaces/share/tutorial_interfaces/local_setup.dsv
-- Installing: /home/yura/firstprogram/install/tutorial_interfaces/share/tutorial_interfaces/package.dsv
-- Up-to-date: /home/yura/firstprogram/install/tutorial_interfaces/share/ament_index/resource_index/packages/tutorial_interfaces
-- Up-to-date: /home/yura/firstprogram/install/tutorial_interfaces/share/tutorial_interfaces/cmake/export_tutorial_interfaces__rosidl_generator_cExport.cmake
-- Up-to-date: /home/yura/firstprogram/install/tutorial_interfaces/share/tutorial_interfaces/cmake/export_tutorial_interfaces__rosidl_generator_cExport-noconfig.cmake
-- Up-to-date: /home/yura/firstprogram/install/tutorial_interfaces/share/tutorial_interfaces/cmake/export_tutorial_interfaces__rosidl_typesupport_fastrtps_cExport.cmake
-- Up-to-date: /home/yura/firstprogram/install/tutorial_interfaces/share/tutorial_interfaces/cmake/export_tutorial_interfaces__rosidl_typesupport_fastrtps_cExport-noconfig.cmake
-- Up-to-date: /home/yura/firstprogram/install/tutorial_interfaces/share/tutorial_interfaces/cmake/export_tutorial_interfaces__rosidl_generator_cppExport.cmake
-- Up-to-date: /home/yura/firstprogram/install/tutorial_interfaces/share/tutorial_interfaces/cmake/export_tutorial_interfaces__rosidl_typesupport_fastrtps_cppExport.cmake
-- Up-to-date: /home/yura/firstprogram/install/tutorial_interfaces/share/tutorial_interfaces/cmake/export_tutorial_interfaces__rosidl_typesupport_fastrtps_cppExport-noconfig.cmake
-- Up-to-date: /home/yura/firstprogram/install/tutorial_interfaces/share/tutorial_interfaces/cmake/tutorial_interfaces__rosidl_typesupport_introspection_cExport.cmake
-- Up-to-date: /home/yura/firstprogram/install/tutorial_interfaces/share/tutorial_interfaces/cmake/tutorial_interfaces__rosidl_typesupport_introspection_cExport-noconfig.cmake
-- Up-to-date: /home/yura/firstprogram/install/tutorial_interfaces/share/tutorial_interfaces/cmake/tutorial_interfaces__rosidl_typesupport_cExport.cmake
-- Up-to-date: /home/yura/firstprogram/install/tutorial_interfaces/share/tutorial_interfaces/cmake/tutorial_interfaces__rosidl_typesupport_cExport-noconfig.cmake
-- Up-to-date: /home/yura/firstprogram/install/tutorial_interfaces/share/tutorial_interfaces/cmake/tutorial_interfaces__rosidl_typesupport_introspection_cppExport.cmake
-- Up-to-date: /home/yura/firstprogram/install/tutorial_interfaces/share/tutorial_interfaces/cmake/tutorial_interfaces__rosidl_typesupport_introspection_cppExport-noconfig.cmake
-- Up-to-date: /home/yura/firstprogram/install/tutorial_interfaces/share/tutorial_interfaces/cmake/tutorial_interfaces__rosidl_typesupport_cppExport.cmake
-- Up-to-date: /home/yura/firstprogram/install/tutorial_interfaces/share/tutorial_interfaces/cmake/tutorial_interfaces__rosidl_typesupport_cppExport-noconfig.cmake
-- Up-to-date: /home/yura/firstprogram/install/tutorial_interfaces/share/tutorial_interfaces/cmake/export_tutorial_interfaces__rosidl_generator_pyExport.cmake
-- Up-to-date: /home/yura/firstprogram/install/tutorial_interfaces/share/tutorial_interfaces/cmake/export_tutorial_interfaces__rosidl_generator_pyExport-noconfig.cmake
-- Up-to-date: /home/yura/firstprogram/install/tutorial_interfaces/share/tutorial_interfaces/cmake/rosidl_cmake-extras.cmake
-- Up-to-date: /home/yura/firstprogram/install/tutorial_interfaces/share/tutorial_interfaces/cmake/ament_cmake_export_dependencies-extras.cmake
-- Up-to-date: /home/yura/firstprogram/install/tutorial_interfaces/share/tutorial_interfaces/cmake/ament_cmake_export_include_directories-extras.cmake
-- Up-to-date: /home/yura/firstprogram/install/tutorial_interfaces/share/tutorial_interfaces/cmake/ament_cmake_export_libraries-extras.cmake
-- Up-to-date: /home/yura/firstprogram/install/tutorial_interfaces/share/tutorial_interfaces/cmake/ament_cmake_export_targets-extras.cmake
-- Up-to-date: /home/yura/firstprogram/install/tutorial_interfaces/share/tutorial_interfaces/cmake/rosidl_cmake_export_typesupport_targets-extras.cmake
-- Up-to-date: /home/yura/firstprogram/install/tutorial_interfaces/share/tutorial_interfaces/cmake/rosidl_cmake_export_typesupport_libraries-extras.cmake
-- Up-to-date: /home/yura/firstprogram/install/tutorial_interfaces/share/tutorial_interfaces/cmake/tutorial_interfacesConfig.cmake
-- Up-to-date: /home/yura/firstprogram/install/tutorial_interfaces/share/tutorial_interfaces/cmake/tutorial_interfacesConfig-version.cmake
-- Up-to-date: /home/yura/firstprogram/install/tutorial_interfaces/share/tutorial_interfaces/package.xml
