[0.008s] Invoking command in '/home/yura/firstprogram/build/cpp_srvcli': CMAKE_PREFIX_PATH=${CMAKE_PREFIX_PATH}:/opt/ros/jazzy DEBUGINFOD_URLS=https://debuginfod.ubuntu.com /usr/bin/cmake --build /home/yura/firstprogram/build/cpp_srvcli -- -j12 -l12
[0.025s] -- Found ament_cmake: 2.5.6 (/opt/ros/jazzy/share/ament_cmake/cmake)
[0.173s] -- Found rclcpp: 28.1.18 (/opt/ros/jazzy/share/rclcpp/cmake)
[0.190s] -- Found rosidl_generator_c: 4.6.7 (/opt/ros/jazzy/share/rosidl_generator_c/cmake)
[0.195s] -- Found rosidl_generator_cpp: 4.6.7 (/opt/ros/jazzy/share/rosidl_generator_cpp/cmake)
[0.202s] -- Using all available rosidl_typesupport_c: rosidl_typesupport_fastrtps_c;rosidl_typesupport_introspection_c
[0.210s] -- Using all available rosidl_typesupport_cpp: rosidl_typesupport_fastrtps_cpp;rosidl_typesupport_introspection_cpp
[0.248s] -- Found rmw_implementation_cmake: 7.3.3 (/opt/ros/jazzy/share/rmw_implementation_cmake/cmake)
[0.249s] -- Found rmw_fastrtps_cpp: 8.4.3 (/opt/ros/jazzy/share/rmw_fastrtps_cpp/cmake)
[0.299s] -- Using RMW implementation 'rmw_fastrtps_cpp' as default
[0.340s] -- Found example_interfaces: 0.12.0 (/opt/ros/jazzy/share/example_interfaces/cmake)
[0.374s] -- Found ament_lint_auto: 0.17.5 (/opt/ros/jazzy/share/ament_lint_auto/cmake)
[0.433s] -- Added test 'cppcheck' to perform static code analysis on C / C++ code
[0.433s] -- Configured cppcheck include dirs: 
[0.433s] -- Configured cppcheck exclude dirs and/or files: 
[0.433s] -- Added test 'lint_cmake' to check CMake code style
[0.434s] -- Added test 'uncrustify' to check C / C++ code style
[0.434s] -- Configured uncrustify additional arguments: 
[0.434s] -- Added test 'xmllint' to check XML markup files
[0.434s] -- Configuring done (0.4s)
[0.442s] -- Generating done (0.0s)
[0.445s] -- Build files have been written to: /home/yura/firstprogram/build/cpp_srvcli
[0.474s] [ 25%] [32mBuilding CXX object CMakeFiles/server.dir/src/prog_server.cpp.o[0m
[0.474s] [ 50%] [32mBuilding CXX object CMakeFiles/client.dir/src/prog_client.cpp.o[0m
[2.655s] [ 75%] [32m[1mLinking CXX executable server[0m
[2.698s] [100%] [32m[1mLinking CXX executable client[0m
[2.759s] [100%] Built target server
[2.800s] [100%] Built target client
[2.808s] Invoked command in '/home/yura/firstprogram/build/cpp_srvcli' returned '0': CMAKE_PREFIX_PATH=${CMAKE_PREFIX_PATH}:/opt/ros/jazzy DEBUGINFOD_URLS=https://debuginfod.ubuntu.com /usr/bin/cmake --build /home/yura/firstprogram/build/cpp_srvcli -- -j12 -l12
[2.816s] Invoking command in '/home/yura/firstprogram/build/cpp_srvcli': CMAKE_PREFIX_PATH=${CMAKE_PREFIX_PATH}:/opt/ros/jazzy DEBUGINFOD_URLS=https://debuginfod.ubuntu.com /usr/bin/cmake --install /home/yura/firstprogram/build/cpp_srvcli
[2.821s] -- Install configuration: ""
[2.821s] -- Installing: /home/yura/firstprogram/install/cpp_srvcli/lib/cpp_srvcli/server
[2.821s] -- Set non-toolchain portion of runtime path of "/home/yura/firstprogram/install/cpp_srvcli/lib/cpp_srvcli/server" to ""
[2.821s] -- Installing: /home/yura/firstprogram/install/cpp_srvcli/lib/cpp_srvcli/client
[2.821s] -- Set non-toolchain portion of runtime path of "/home/yura/firstprogram/install/cpp_srvcli/lib/cpp_srvcli/client" to ""
[2.822s] -- Installing: /home/yura/firstprogram/install/cpp_srvcli/share/ament_index/resource_index/package_run_dependencies/cpp_srvcli
[2.822s] -- Up-to-date: /home/yura/firstprogram/install/cpp_srvcli/share/ament_index/resource_index/parent_prefix_path/cpp_srvcli
[2.822s] -- Up-to-date: /home/yura/firstprogram/install/cpp_srvcli/share/cpp_srvcli/environment/ament_prefix_path.sh
[2.822s] -- Up-to-date: /home/yura/firstprogram/install/cpp_srvcli/share/cpp_srvcli/environment/ament_prefix_path.dsv
[2.822s] -- Up-to-date: /home/yura/firstprogram/install/cpp_srvcli/share/cpp_srvcli/environment/path.sh
[2.822s] -- Up-to-date: /home/yura/firstprogram/install/cpp_srvcli/share/cpp_srvcli/environment/path.dsv
[2.822s] -- Up-to-date: /home/yura/firstprogram/install/cpp_srvcli/share/cpp_srvcli/local_setup.bash
[2.822s] -- Up-to-date: /home/yura/firstprogram/install/cpp_srvcli/share/cpp_srvcli/local_setup.sh
[2.822s] -- Up-to-date: /home/yura/firstprogram/install/cpp_srvcli/share/cpp_srvcli/local_setup.zsh
[2.822s] -- Up-to-date: /home/yura/firstprogram/install/cpp_srvcli/share/cpp_srvcli/local_setup.dsv
[2.823s] -- Installing: /home/yura/firstprogram/install/cpp_srvcli/share/cpp_srvcli/package.dsv
[2.823s] -- Up-to-date: /home/yura/firstprogram/install/cpp_srvcli/share/ament_index/resource_index/packages/cpp_srvcli
[2.823s] -- Up-to-date: /home/yura/firstprogram/install/cpp_srvcli/share/cpp_srvcli/cmake/cpp_srvcliConfig.cmake
[2.823s] -- Up-to-date: /home/yura/firstprogram/install/cpp_srvcli/share/cpp_srvcli/cmake/cpp_srvcliConfig-version.cmake
[2.823s] -- Installing: /home/yura/firstprogram/install/cpp_srvcli/share/cpp_srvcli/package.xml
[2.824s] Invoked command in '/home/yura/firstprogram/build/cpp_srvcli' returned '0': CMAKE_PREFIX_PATH=${CMAKE_PREFIX_PATH}:/opt/ros/jazzy DEBUGINFOD_URLS=https://debuginfod.ubuntu.com /usr/bin/cmake --install /home/yura/firstprogram/build/cpp_srvcli
