[0.018s] Invoking command in '/home/yura/firstprogram/build/cpp_pubsub': CMAKE_PREFIX_PATH=/home/yura/firstprogram/install/tutorial_interfaces:/home/yura/firstprogram/install/simplepubsub:/home/yura/firstprogram/install/turtlesim:/home/yura/firstprogram/install/firstprog:/home/yura/firstprogram/install/cpp_srvcli:/home/yura/firstprogram/install/cpp_pubsub:/opt/ros/jazzy/opt/sdformat_vendor:/opt/ros/jazzy/opt/gz_math_vendor:/opt/ros/jazzy/opt/gz_utils_vendor:/opt/ros/jazzy/opt/gz_tools_vendor:/opt/ros/jazzy/opt/gz_cmake_vendor:/opt/ros/jazzy DEBUGINFOD_URLS=https://debuginfod.ubuntu.com /usr/bin/cmake --build /home/yura/firstprogram/build/cpp_pubsub -- -j12 -l12
[0.058s] [ 50%] Built target talker
[0.062s] [100%] Built target listener
[0.070s] Invoked command in '/home/yura/firstprogram/build/cpp_pubsub' returned '0': CMAKE_PREFIX_PATH=/home/yura/firstprogram/install/tutorial_interfaces:/home/yura/firstprogram/install/simplepubsub:/home/yura/firstprogram/install/turtlesim:/home/yura/firstprogram/install/firstprog:/home/yura/firstprogram/install/cpp_srvcli:/home/yura/firstprogram/install/cpp_pubsub:/opt/ros/jazzy/opt/sdformat_vendor:/opt/ros/jazzy/opt/gz_math_vendor:/opt/ros/jazzy/opt/gz_utils_vendor:/opt/ros/jazzy/opt/gz_tools_vendor:/opt/ros/jazzy/opt/gz_cmake_vendor:/opt/ros/jazzy DEBUGINFOD_URLS=https://debuginfod.ubuntu.com /usr/bin/cmake --build /home/yura/firstprogram/build/cpp_pubsub -- -j12 -l12
[0.071s] Invoking command in '/home/yura/firstprogram/build/cpp_pubsub': CMAKE_PREFIX_PATH=/home/yura/firstprogram/install/tutorial_interfaces:/home/yura/firstprogram/install/simplepubsub:/home/yura/firstprogram/install/turtlesim:/home/yura/firstprogram/install/firstprog:/home/yura/firstprogram/install/cpp_srvcli:/home/yura/firstprogram/install/cpp_pubsub:/opt/ros/jazzy/opt/sdformat_vendor:/opt/ros/jazzy/opt/gz_math_vendor:/opt/ros/jazzy/opt/gz_utils_vendor:/opt/ros/jazzy/opt/gz_tools_vendor:/opt/ros/jazzy/opt/gz_cmake_vendor:/opt/ros/jazzy DEBUGINFOD_URLS=https://debuginfod.ubuntu.com /usr/bin/cmake --install /home/yura/firstprogram/build/cpp_pubsub
[0.079s] -- Install configuration: ""
[0.079s] -- Up-to-date: /home/yura/firstprogram/install/cpp_pubsub/lib/cpp_pubsub/talker
[0.079s] -- Up-to-date: /home/yura/firstprogram/install/cpp_pubsub/lib/cpp_pubsub/listener
[0.079s] -- Up-to-date: /home/yura/firstprogram/install/cpp_pubsub/share/ament_index/resource_index/package_run_dependencies/cpp_pubsub
[0.079s] -- Up-to-date: /home/yura/firstprogram/install/cpp_pubsub/share/ament_index/resource_index/parent_prefix_path/cpp_pubsub
[0.079s] -- Up-to-date: /home/yura/firstprogram/install/cpp_pubsub/share/cpp_pubsub/environment/ament_prefix_path.sh
[0.079s] -- Up-to-date: /home/yura/firstprogram/install/cpp_pubsub/share/cpp_pubsub/environment/ament_prefix_path.dsv
[0.079s] -- Up-to-date: /home/yura/firstprogram/install/cpp_pubsub/share/cpp_pubsub/environment/path.sh
[0.080s] -- Up-to-date: /home/yura/firstprogram/install/cpp_pubsub/share/cpp_pubsub/environment/path.dsv
[0.080s] -- Up-to-date: /home/yura/firstprogram/install/cpp_pubsub/share/cpp_pubsub/local_setup.bash
[0.080s] -- Up-to-date: /home/yura/firstprogram/install/cpp_pubsub/share/cpp_pubsub/local_setup.sh
[0.080s] -- Up-to-date: /home/yura/firstprogram/install/cpp_pubsub/share/cpp_pubsub/local_setup.zsh
[0.080s] -- Up-to-date: /home/yura/firstprogram/install/cpp_pubsub/share/cpp_pubsub/local_setup.dsv
[0.080s] -- Installing: /home/yura/firstprogram/install/cpp_pubsub/share/cpp_pubsub/package.dsv
[0.080s] -- Up-to-date: /home/yura/firstprogram/install/cpp_pubsub/share/ament_index/resource_index/packages/cpp_pubsub
[0.080s] -- Up-to-date: /home/yura/firstprogram/install/cpp_pubsub/share/cpp_pubsub/cmake/cpp_pubsubConfig.cmake
[0.080s] -- Up-to-date: /home/yura/firstprogram/install/cpp_pubsub/share/cpp_pubsub/cmake/cpp_pubsubConfig-version.cmake
[0.080s] -- Up-to-date: /home/yura/firstprogram/install/cpp_pubsub/share/cpp_pubsub/package.xml
[0.081s] Invoked command in '/home/yura/firstprogram/build/cpp_pubsub' returned '0': CMAKE_PREFIX_PATH=/home/yura/firstprogram/install/tutorial_interfaces:/home/yura/firstprogram/install/simplepubsub:/home/yura/firstprogram/install/turtlesim:/home/yura/firstprogram/install/firstprog:/home/yura/firstprogram/install/cpp_srvcli:/home/yura/firstprogram/install/cpp_pubsub:/opt/ros/jazzy/opt/sdformat_vendor:/opt/ros/jazzy/opt/gz_math_vendor:/opt/ros/jazzy/opt/gz_utils_vendor:/opt/ros/jazzy/opt/gz_tools_vendor:/opt/ros/jazzy/opt/gz_cmake_vendor:/opt/ros/jazzy DEBUGINFOD_URLS=https://debuginfod.ubuntu.com /usr/bin/cmake --install /home/yura/firstprogram/build/cpp_pubsub
