-- Found ament_cmake: 2.5.6 (/opt/ros/jazzy/share/ament_cmake/cmake)
-- Found rclcpp: 28.1.18 (/opt/ros/jazzy/share/rclcpp/cmake)
-- Found rosidl_generator_c: 4.6.7 (/opt/ros/jazzy/share/rosidl_generator_c/cmake)
-- Found rosidl_generator_cpp: 4.6.7 (/opt/ros/jazzy/share/rosidl_generator_cpp/cmake)
-- Using all available rosidl_typesupport_c: rosidl_typesupport_fastrtps_c;rosidl_typesupport_introspection_c
-- Using all available rosidl_typesupport_cpp: rosidl_typesupport_fastrtps_cpp;rosidl_typesupport_introspection_cpp
-- Found rmw_implementation_cmake: 7.3.3 (/opt/ros/jazzy/share/rmw_implementation_cmake/cmake)
-- Found rmw_fastrtps_cpp: 8.4.3 (/opt/ros/jazzy/share/rmw_fastrtps_cpp/cmake)
-- Using RMW implementation 'rmw_fastrtps_cpp' as default
-- Found custom_interfaces: 0.0.0 (/home/yura/firstprogram/install/custom_interfaces/share/custom_interfaces/cmake)
-- Found turtlesim: 1.8.3 (/home/yura/firstprogram/install/turtlesim/share/turtlesim/cmake)
-- Found ament_lint_auto: 0.17.5 (/opt/ros/jazzy/share/ament_lint_auto/cmake)
-- Added test 'cppcheck' to perform static code analysis on C / C++ code
-- Configured cppcheck include dirs: 
-- Configured cppcheck exclude dirs and/or files: 
-- Added test 'lint_cmake' to check CMake code style
-- Added test 'uncrustify' to check C / C++ code style
-- Configured uncrustify additional arguments: 
-- Added test 'xmllint' to check XML markup files
-- Configuring done (0.4s)
-- Generating done (0.0s)
-- Build files have been written to: /home/yura/firstprogram/build/cpp_pubsub
[ 25%] [32mBuilding CXX object CMakeFiles/subscriber.dir/src/minimal_subscriber.cpp.o[0m
[ 50%] [32mBuilding CXX object CMakeFiles/publisher.dir/src/minimal_publisher.cpp.o[0m
[01m[K/home/yura/firstprogram/src/cpp_pubsub/src/minimal_subscriber.cpp:44:11:[m[K [01;31m[Kerror: [m[K‘[01m[KSpawn[m[K’ in namespace ‘[01m[Krclcpp[m[K’ does not name a template type
   44 |   rclcpp::[01;31m[KSpawn[m[K<turtlesim::srv::Spawn>::SharedPtr spawn_;
      |           [01;31m[K^~~~~[m[K
[01m[K/home/yura/firstprogram/src/cpp_pubsub/src/minimal_subscriber.cpp:[m[K In constructor ‘[01m[KMinimalSubscriber::[01;32m[KMinimalSubscriber[m[K()[m[K’:
[01m[K/home/yura/firstprogram/src/cpp_pubsub/src/minimal_subscriber.cpp:16:5:[m[K [01;31m[Kerror: [m[K‘[01m[Kspawn_[m[K’ was not declared in this scope
   16 |     [01;31m[Kspawn_[m[K = this->spawn<turtlesim::srv::Spawn>("/spawn");
      |     [01;31m[K^~~~~~[m[K
[01m[K/home/yura/firstprogram/src/cpp_pubsub/src/minimal_subscriber.cpp:16:20:[m[K [01;31m[Kerror: [m[K‘[01m[Kclass MinimalSubscriber[m[K’ has no member named ‘[01m[Kspawn[m[K’
   16 |    spawn_ = this->[01;31m[Kspawn[m[K<turtlesim::srv::Spawn>("/spawn");
      |                   [01;31m[K^~~~~[m[K

[01m[K/home/yura/firstprogram/src/cpp_pubsub/src/minimal_subscriber.cpp:16:47:[m[K [01;31m[Kerror: [m[Kexpected primary-expression before ‘[01m[K>[m[K’ token
   16 | tlesim::srv::Spawn[01;31m[K>[m[K("/spawn");
      |                   [01;31m[K^[m[K

[ 75%] [32m[1mLinking CXX executable publisher[0m
[ 75%] Built target publisher
gmake[2]: *** [CMakeFiles/subscriber.dir/build.make:76: CMakeFiles/subscriber.dir/src/minimal_subscriber.cpp.o] Error 1
gmake[1]: *** [CMakeFiles/Makefile2:139: CMakeFiles/subscriber.dir/all] Error 2
gmake: *** [Makefile:146: all] Error 2
