[0.010s] Invoking command in '/home/yura/firstprogram/build/cpp_pubsub': CMAKE_PREFIX_PATH=/home/yura/firstprogram/install/turtlesim:/home/yura/firstprogram/install/custom_interfaces:/home/yura/firstprogram/install/simplepubsub:/home/yura/firstprogram/install/tutorial_interfaces:/home/yura/firstprogram/install/cpp_pubsub:/home/yura/firstprogram/install/firstprog:/home/yura/firstprogram/install/cpp_srvcli:/opt/ros/jazzy/opt/sdformat_vendor:/opt/ros/jazzy/opt/gz_math_vendor:/opt/ros/jazzy/opt/gz_utils_vendor:/opt/ros/jazzy/opt/gz_tools_vendor:/opt/ros/jazzy/opt/gz_cmake_vendor:/opt/ros/jazzy DEBUGINFOD_URLS=https://debuginfod.ubuntu.com LD_LIBRARY_PATH=/home/yura/firstprogram/install/turtlesim/lib:/home/yura/firstprogram/install/custom_interfaces/lib:/home/yura/firstprogram/install/tutorial_interfaces/lib:/opt/ros/jazzy/opt/sdformat_vendor/lib:/opt/ros/jazzy/opt/rviz_ogre_vendor/lib:/opt/ros/jazzy/lib/x86_64-linux-gnu:/opt/ros/jazzy/opt/gz_math_vendor/lib:/opt/ros/jazzy/opt/gz_utils_vendor/lib:/opt/ros/jazzy/opt/gz_tools_vendor/lib:/opt/ros/jazzy/opt/gz_cmake_vendor/lib:/opt/ros/jazzy/lib PYTHONPATH=/home/yura/firstprogram/install/turtlesim/lib/python3.12/site-packages:/home/yura/firstprogram/install/custom_interfaces/lib/python3.12/site-packages:/home/yura/firstprogram/install/tutorial_interfaces/lib/python3.12/site-packages:/opt/ros/jazzy/lib/python3.12/site-packages /usr/bin/cmake --build /home/yura/firstprogram/build/cpp_pubsub -- -j12 -l12
[0.033s] -- Found ament_cmake: 2.5.6 (/opt/ros/jazzy/share/ament_cmake/cmake)
[0.188s] -- Found rclcpp: 28.1.18 (/opt/ros/jazzy/share/rclcpp/cmake)
[0.205s] -- Found rosidl_generator_c: 4.6.7 (/opt/ros/jazzy/share/rosidl_generator_c/cmake)
[0.210s] -- Found rosidl_generator_cpp: 4.6.7 (/opt/ros/jazzy/share/rosidl_generator_cpp/cmake)
[0.217s] -- Using all available rosidl_typesupport_c: rosidl_typesupport_fastrtps_c;rosidl_typesupport_introspection_c
[0.225s] -- Using all available rosidl_typesupport_cpp: rosidl_typesupport_fastrtps_cpp;rosidl_typesupport_introspection_cpp
[0.264s] -- Found rmw_implementation_cmake: 7.3.3 (/opt/ros/jazzy/share/rmw_implementation_cmake/cmake)
[0.265s] -- Found rmw_fastrtps_cpp: 8.4.3 (/opt/ros/jazzy/share/rmw_fastrtps_cpp/cmake)
[0.315s] -- Using RMW implementation 'rmw_fastrtps_cpp' as default
[0.356s] -- Found custom_interfaces: 0.0.0 (/home/yura/firstprogram/install/custom_interfaces/share/custom_interfaces/cmake)
[0.361s] -- Found turtlesim: 1.8.3 (/home/yura/firstprogram/install/turtlesim/share/turtlesim/cmake)
[0.396s] -- Found ament_lint_auto: 0.17.5 (/opt/ros/jazzy/share/ament_lint_auto/cmake)
[0.458s] -- Added test 'cppcheck' to perform static code analysis on C / C++ code
[0.458s] -- Configured cppcheck include dirs: 
[0.458s] -- Configured cppcheck exclude dirs and/or files: 
[0.458s] -- Added test 'lint_cmake' to check CMake code style
[0.459s] -- Added test 'uncrustify' to check C / C++ code style
[0.459s] -- Configured uncrustify additional arguments: 
[0.459s] -- Added test 'xmllint' to check XML markup files
[0.459s] -- Configuring done (0.4s)
[0.476s] -- Generating done (0.0s)
[0.480s] -- Build files have been written to: /home/yura/firstprogram/build/cpp_pubsub
[0.510s] [ 25%] [32mBuilding CXX object CMakeFiles/subscriber.dir/src/minimal_subscriber.cpp.o[0m
[0.511s] [ 50%] [32mBuilding CXX object CMakeFiles/publisher.dir/src/minimal_publisher.cpp.o[0m
[1.852s] [01m[K/home/yura/firstprogram/src/cpp_pubsub/src/minimal_subscriber.cpp:44:11:[m[K [01;31m[Kerror: [m[K‘[01m[KSpawn[m[K’ in namespace ‘[01m[Krclcpp[m[K’ does not name a template type
[1.852s]    44 |   rclcpp::[01;31m[KSpawn[m[K<turtlesim::srv::Spawn>::SharedPtr spawn_;
[1.852s]       |           [01;31m[K^~~~~[m[K
[1.859s] [01m[K/home/yura/firstprogram/src/cpp_pubsub/src/minimal_subscriber.cpp:[m[K In constructor ‘[01m[KMinimalSubscriber::[01;32m[KMinimalSubscriber[m[K()[m[K’:
[1.859s] [01m[K/home/yura/firstprogram/src/cpp_pubsub/src/minimal_subscriber.cpp:16:5:[m[K [01;31m[Kerror: [m[K‘[01m[Kspawn_[m[K’ was not declared in this scope
[1.859s]    16 |     [01;31m[Kspawn_[m[K = this->spawn<turtlesim::srv::Spawn>("/spawn");
[1.859s]       |     [01;31m[K^~~~~~[m[K
[1.859s] [01m[K/home/yura/firstprogram/src/cpp_pubsub/src/minimal_subscriber.cpp:16:20:[m[K [01;31m[Kerror: [m[K‘[01m[Kclass MinimalSubscriber[m[K’ has no member named ‘[01m[Kspawn[m[K’
[1.859s]    16 |    spawn_ = this->[01;31m[Kspawn[m[K<turtlesim::srv::Spawn>("/spawn");
[1.860s]       |                   [01;31m[K^~~~~[m[K
[1.860s] 
[1.860s] [01m[K/home/yura/firstprogram/src/cpp_pubsub/src/minimal_subscriber.cpp:16:47:[m[K [01;31m[Kerror: [m[Kexpected primary-expression before ‘[01m[K>[m[K’ token
[1.860s]    16 | tlesim::srv::Spawn[01;31m[K>[m[K("/spawn");
[1.860s]       |                   [01;31m[K^[m[K
[1.860s] 
[3.131s] [ 75%] [32m[1mLinking CXX executable publisher[0m
[3.250s] [ 75%] Built target publisher
[3.265s] gmake[2]: *** [CMakeFiles/subscriber.dir/build.make:76: CMakeFiles/subscriber.dir/src/minimal_subscriber.cpp.o] Error 1
[3.265s] gmake[1]: *** [CMakeFiles/Makefile2:139: CMakeFiles/subscriber.dir/all] Error 2
[3.265s] gmake: *** [Makefile:146: all] Error 2
[3.267s] Invoked command in '/home/yura/firstprogram/build/cpp_pubsub' returned '2': CMAKE_PREFIX_PATH=/home/yura/firstprogram/install/turtlesim:/home/yura/firstprogram/install/custom_interfaces:/home/yura/firstprogram/install/simplepubsub:/home/yura/firstprogram/install/tutorial_interfaces:/home/yura/firstprogram/install/cpp_pubsub:/home/yura/firstprogram/install/firstprog:/home/yura/firstprogram/install/cpp_srvcli:/opt/ros/jazzy/opt/sdformat_vendor:/opt/ros/jazzy/opt/gz_math_vendor:/opt/ros/jazzy/opt/gz_utils_vendor:/opt/ros/jazzy/opt/gz_tools_vendor:/opt/ros/jazzy/opt/gz_cmake_vendor:/opt/ros/jazzy DEBUGINFOD_URLS=https://debuginfod.ubuntu.com LD_LIBRARY_PATH=/home/yura/firstprogram/install/turtlesim/lib:/home/yura/firstprogram/install/custom_interfaces/lib:/home/yura/firstprogram/install/tutorial_interfaces/lib:/opt/ros/jazzy/opt/sdformat_vendor/lib:/opt/ros/jazzy/opt/rviz_ogre_vendor/lib:/opt/ros/jazzy/lib/x86_64-linux-gnu:/opt/ros/jazzy/opt/gz_math_vendor/lib:/opt/ros/jazzy/opt/gz_utils_vendor/lib:/opt/ros/jazzy/opt/gz_tools_vendor/lib:/opt/ros/jazzy/opt/gz_cmake_vendor/lib:/opt/ros/jazzy/lib PYTHONPATH=/home/yura/firstprogram/install/turtlesim/lib/python3.12/site-packages:/home/yura/firstprogram/install/custom_interfaces/lib/python3.12/site-packages:/home/yura/firstprogram/install/tutorial_interfaces/lib/python3.12/site-packages:/opt/ros/jazzy/lib/python3.12/site-packages /usr/bin/cmake --build /home/yura/firstprogram/build/cpp_pubsub -- -j12 -l12
