[0.009s] Invoking command in '/home/yura/firstprogram/build/tutorial_interfaces': CMAKE_PREFIX_PATH=${CMAKE_PREFIX_PATH}:/opt/ros/jazzy DEBUGINFOD_URLS=https://debuginfod.ubuntu.com /usr/bin/cmake --build /home/yura/firstprogram/build/tutorial_interfaces -- -j12 -l12
[0.112s] [  1%] Built target tutorial_interfaces__rosidl_generator_type_description
[0.113s] [  3%] Built target tutorial_interfaces__rs
[0.127s] [  3%] Built target ament_cmake_python_copy_tutorial_interfaces
[0.137s] [  4%] Built target tutorial_interfaces__cpp
[0.145s] [ 26%] Built target tutorial_interfaces__rosidl_generator_c
[0.171s] [ 35%] Built target tutorial_interfaces__rosidl_typesupport_introspection_c
[0.172s] [ 44%] Built target tutorial_interfaces__rosidl_typesupport_c
[0.176s] [ 53%] Built target tutorial_interfaces__rosidl_typesupport_cpp
[0.176s] [ 63%] Built target tutorial_interfaces__rosidl_typesupport_fastrtps_c
[0.176s] [ 72%] Built target tutorial_interfaces__rosidl_typesupport_introspection_cpp
[0.180s] [ 81%] Built target tutorial_interfaces__rosidl_typesupport_fastrtps_cpp
[0.193s] [ 81%] Built target tutorial_interfaces
[0.212s] [ 83%] Built target tutorial_interfaces__py
[0.238s] [ 90%] Built target tutorial_interfaces__rosidl_generator_py
[0.255s] [ 93%] Built target tutorial_interfaces_s__rosidl_typesupport_c
[0.259s] [100%] Built target tutorial_interfaces_s__rosidl_typesupport_fastrtps_c
[0.259s] [100%] Built target tutorial_interfaces_s__rosidl_typesupport_introspection_c
[0.324s] running egg_info
[0.336s] writing tutorial_interfaces.egg-info/PKG-INFO
[0.336s] writing dependency_links to tutorial_interfaces.egg-info/dependency_links.txt
[0.336s] writing top-level names to tutorial_interfaces.egg-info/top_level.txt
[0.370s] reading manifest file 'tutorial_interfaces.egg-info/SOURCES.txt'
[0.371s] writing manifest file 'tutorial_interfaces.egg-info/SOURCES.txt'
[0.392s] [100%] Built target ament_cmake_python_build_tutorial_interfaces_egg
[0.402s] Invoked command in '/home/yura/firstprogram/build/tutorial_interfaces' returned '0': CMAKE_PREFIX_PATH=${CMAKE_PREFIX_PATH}:/opt/ros/jazzy DEBUGINFOD_URLS=https://debuginfod.ubuntu.com /usr/bin/cmake --build /home/yura/firstprogram/build/tutorial_interfaces -- -j12 -l12
[0.403s] Invoking command in '/home/yura/firstprogram/build/tutorial_interfaces': CMAKE_PREFIX_PATH=${CMAKE_PREFIX_PATH}:/opt/ros/jazzy DEBUGINFOD_URLS=https://debuginfod.ubuntu.com /usr/bin/cmake --install /home/yura/firstprogram/build/tutorial_interfaces
[0.411s] -- Install configuration: ""
[0.411s] -- Up-to-date: /home/yura/firstprogram/install/tutorial_interfaces/share/ament_index/resource_index/rosidl_interfaces/tutorial_interfaces
[0.411s] -- Up-to-date: /home/yura/firstprogram/install/tutorial_interfaces/share/tutorial_interfaces/msg/Num.json
[0.411s] -- Up-to-date: /home/yura/firstprogram/install/tutorial_interfaces/share/tutorial_interfaces/msg/Sphere.json
[0.412s] -- Up-to-date: /home/yura/firstprogram/install/tutorial_interfaces/share/tutorial_interfaces/msg/Coord.json
[0.412s] -- Up-to-date: /home/yura/firstprogram/install/tutorial_interfaces/share/tutorial_interfaces/srv/AddThreeInts.json
[0.413s] -- Up-to-date: /home/yura/firstprogram/install/tutorial_interfaces/include/tutorial_interfaces/tutorial_interfaces
[0.413s] -- Up-to-date: /home/yura/firstprogram/install/tutorial_interfaces/include/tutorial_interfaces/tutorial_interfaces/msg
[0.413s] -- Up-to-date: /home/yura/firstprogram/install/tutorial_interfaces/include/tutorial_interfaces/tutorial_interfaces/msg/num.h
[0.413s] -- Up-to-date: /home/yura/firstprogram/install/tutorial_interfaces/include/tutorial_interfaces/tutorial_interfaces/msg/sphere.h
[0.413s] -- Up-to-date: /home/yura/firstprogram/install/tutorial_interfaces/include/tutorial_interfaces/tutorial_interfaces/msg/detail
[0.413s] -- Up-to-date: /home/yura/firstprogram/install/tutorial_interfaces/include/tutorial_interfaces/tutorial_interfaces/msg/detail/coord__description.c
[0.413s] -- Up-to-date: /home/yura/firstprogram/install/tutorial_interfaces/include/tutorial_interfaces/tutorial_interfaces/msg/detail/num__functions.h
[0.413s] -- Up-to-date: /home/yura/firstprogram/install/tutorial_interfaces/include/tutorial_interfaces/tutorial_interfaces/msg/detail/num__description.c
[0.413s] -- Up-to-date: /home/yura/firstprogram/install/tutorial_interfaces/include/tutorial_interfaces/tutorial_interfaces/msg/detail/num__type_support.c
[0.413s] -- Up-to-date: /home/yura/firstprogram/install/tutorial_interfaces/include/tutorial_interfaces/tutorial_interfaces/msg/detail/num__functions.c
[0.413s] -- Up-to-date: /home/yura/firstprogram/install/tutorial_interfaces/include/tutorial_interfaces/tutorial_interfaces/msg/detail/coord__type_support.h
[0.414s] -- Up-to-date: /home/yura/firstprogram/install/tutorial_interfaces/include/tutorial_interfaces/tutorial_interfaces/msg/detail/sphere__functions.c
[0.414s] -- Up-to-date: /home/yura/firstprogram/install/tutorial_interfaces/include/tutorial_interfaces/tutorial_interfaces/msg/detail/coord__type_support.c
[0.414s] -- Up-to-date: /home/yura/firstprogram/install/tutorial_interfaces/include/tutorial_interfaces/tutorial_interfaces/msg/detail/sphere__type_support.c
[0.414s] -- Up-to-date: /home/yura/firstprogram/install/tutorial_interfaces/include/tutorial_interfaces/tutorial_interfaces/msg/detail/sphere__struct.h
[0.414s] -- Up-to-date: /home/yura/firstprogram/install/tutorial_interfaces/include/tutorial_interfaces/tutorial_interfaces/msg/detail/coord__struct.h
[0.414s] -- Up-to-date: /home/yura/firstprogram/install/tutorial_interfaces/include/tutorial_interfaces/tutorial_interfaces/msg/detail/num__type_support.h
[0.414s] -- Up-to-date: /home/yura/firstprogram/install/tutorial_interfaces/include/tutorial_interfaces/tutorial_interfaces/msg/detail/sphere__type_support.h
[0.414s] -- Up-to-date: /home/yura/firstprogram/install/tutorial_interfaces/include/tutorial_interfaces/tutorial_interfaces/msg/detail/num__struct.h
[0.415s] -- Up-to-date: /home/yura/firstprogram/install/tutorial_interfaces/include/tutorial_interfaces/tutorial_interfaces/msg/detail/sphere__description.c
[0.415s] -- Up-to-date: /home/yura/firstprogram/install/tutorial_interfaces/include/tutorial_interfaces/tutorial_interfaces/msg/detail/coord__functions.c
[0.415s] -- Up-to-date: /home/yura/firstprogram/install/tutorial_interfaces/include/tutorial_interfaces/tutorial_interfaces/msg/detail/coord__functions.h
[0.416s] -- Up-to-date: /home/yura/firstprogram/install/tutorial_interfaces/include/tutorial_interfaces/tutorial_interfaces/msg/detail/sphere__functions.h
[0.416s] -- Up-to-date: /home/yura/firstprogram/install/tutorial_interfaces/include/tutorial_interfaces/tutorial_interfaces/msg/rosidl_generator_c__visibility_control.h
[0.416s] -- Up-to-date: /home/yura/firstprogram/install/tutorial_interfaces/include/tutorial_interfaces/tutorial_interfaces/msg/coord.h
[0.416s] -- Up-to-date: /home/yura/firstprogram/install/tutorial_interfaces/include/tutorial_interfaces/tutorial_interfaces/srv
[0.416s] -- Up-to-date: /home/yura/firstprogram/install/tutorial_interfaces/include/tutorial_interfaces/tutorial_interfaces/srv/detail
[0.416s] -- Up-to-date: /home/yura/firstprogram/install/tutorial_interfaces/include/tutorial_interfaces/tutorial_interfaces/srv/detail/add_three_ints__type_support.h
[0.416s] -- Up-to-date: /home/yura/firstprogram/install/tutorial_interfaces/include/tutorial_interfaces/tutorial_interfaces/srv/detail/add_three_ints__functions.h
[0.416s] -- Up-to-date: /home/yura/firstprogram/install/tutorial_interfaces/include/tutorial_interfaces/tutorial_interfaces/srv/detail/add_three_ints__description.c
[0.417s] -- Up-to-date: /home/yura/firstprogram/install/tutorial_interfaces/include/tutorial_interfaces/tutorial_interfaces/srv/detail/add_three_ints__type_support.c
[0.417s] -- Up-to-date: /home/yura/firstprogram/install/tutorial_interfaces/include/tutorial_interfaces/tutorial_interfaces/srv/detail/add_three_ints__functions.c
[0.417s] -- Up-to-date: /home/yura/firstprogram/install/tutorial_interfaces/include/tutorial_interfaces/tutorial_interfaces/srv/detail/add_three_ints__struct.h
[0.417s] -- Up-to-date: /home/yura/firstprogram/install/tutorial_interfaces/include/tutorial_interfaces/tutorial_interfaces/srv/add_three_ints.h
[0.417s] -- Up-to-date: /home/yura/firstprogram/install/tutorial_interfaces/share/tutorial_interfaces/environment/library_path.sh
[0.417s] -- Up-to-date: /home/yura/firstprogram/install/tutorial_interfaces/share/tutorial_interfaces/environment/library_path.dsv
[0.418s] -- Up-to-date: /home/yura/firstprogram/install/tutorial_interfaces/lib/libtutorial_interfaces__rosidl_generator_c.so
[0.420s] -- Up-to-date: /home/yura/firstprogram/install/tutorial_interfaces/include/tutorial_interfaces/tutorial_interfaces
[0.420s] -- Up-to-date: /home/yura/firstprogram/install/tutorial_interfaces/include/tutorial_interfaces/tutorial_interfaces/msg
[0.420s] -- Up-to-date: /home/yura/firstprogram/install/tutorial_interfaces/include/tutorial_interfaces/tutorial_interfaces/msg/rosidl_typesupport_fastrtps_c__visibility_control.h
[0.420s] -- Up-to-date: /home/yura/firstprogram/install/tutorial_interfaces/include/tutorial_interfaces/tutorial_interfaces/msg/detail
[0.420s] -- Up-to-date: /home/yura/firstprogram/install/tutorial_interfaces/include/tutorial_interfaces/tutorial_interfaces/msg/detail/coord__rosidl_typesupport_fastrtps_c.h
[0.420s] -- Up-to-date: /home/yura/firstprogram/install/tutorial_interfaces/include/tutorial_interfaces/tutorial_interfaces/msg/detail/num__rosidl_typesupport_fastrtps_c.h
[0.421s] -- Up-to-date: /home/yura/firstprogram/install/tutorial_interfaces/include/tutorial_interfaces/tutorial_interfaces/msg/detail/sphere__rosidl_typesupport_fastrtps_c.h
[0.421s] -- Up-to-date: /home/yura/firstprogram/install/tutorial_interfaces/include/tutorial_interfaces/tutorial_interfaces/srv
[0.421s] -- Up-to-date: /home/yura/firstprogram/install/tutorial_interfaces/include/tutorial_interfaces/tutorial_interfaces/srv/detail
[0.421s] -- Up-to-date: /home/yura/firstprogram/install/tutorial_interfaces/include/tutorial_interfaces/tutorial_interfaces/srv/detail/add_three_ints__rosidl_typesupport_fastrtps_c.h
[0.421s] -- Up-to-date: /home/yura/firstprogram/install/tutorial_interfaces/lib/libtutorial_interfaces__rosidl_typesupport_fastrtps_c.so
[0.421s] -- Up-to-date: /home/yura/firstprogram/install/tutorial_interfaces/include/tutorial_interfaces/tutorial_interfaces
[0.421s] -- Up-to-date: /home/yura/firstprogram/install/tutorial_interfaces/include/tutorial_interfaces/tutorial_interfaces/msg
[0.421s] -- Up-to-date: /home/yura/firstprogram/install/tutorial_interfaces/include/tutorial_interfaces/tutorial_interfaces/msg/num.hpp
[0.421s] -- Up-to-date: /home/yura/firstprogram/install/tutorial_interfaces/include/tutorial_interfaces/tutorial_interfaces/msg/sphere.hpp
[0.421s] -- Up-to-date: /home/yura/firstprogram/install/tutorial_interfaces/include/tutorial_interfaces/tutorial_interfaces/msg/detail
[0.421s] -- Up-to-date: /home/yura/firstprogram/install/tutorial_interfaces/include/tutorial_interfaces/tutorial_interfaces/msg/detail/num__type_support.hpp
[0.421s] -- Up-to-date: /home/yura/firstprogram/install/tutorial_interfaces/include/tutorial_interfaces/tutorial_interfaces/msg/detail/num__builder.hpp
[0.421s] -- Up-to-date: /home/yura/firstprogram/install/tutorial_interfaces/include/tutorial_interfaces/tutorial_interfaces/msg/detail/coord__type_support.hpp
[0.421s] -- Up-to-date: /home/yura/firstprogram/install/tutorial_interfaces/include/tutorial_interfaces/tutorial_interfaces/msg/detail/coord__struct.hpp
[0.421s] -- Up-to-date: /home/yura/firstprogram/install/tutorial_interfaces/include/tutorial_interfaces/tutorial_interfaces/msg/detail/num__traits.hpp
[0.421s] -- Up-to-date: /home/yura/firstprogram/install/tutorial_interfaces/include/tutorial_interfaces/tutorial_interfaces/msg/detail/num__struct.hpp
[0.421s] -- Up-to-date: /home/yura/firstprogram/install/tutorial_interfaces/include/tutorial_interfaces/tutorial_interfaces/msg/detail/sphere__type_support.hpp
[0.421s] -- Up-to-date: /home/yura/firstprogram/install/tutorial_interfaces/include/tutorial_interfaces/tutorial_interfaces/msg/detail/sphere__traits.hpp
[0.422s] -- Up-to-date: /home/yura/firstprogram/install/tutorial_interfaces/include/tutorial_interfaces/tutorial_interfaces/msg/detail/sphere__builder.hpp
[0.422s] -- Up-to-date: /home/yura/firstprogram/install/tutorial_interfaces/include/tutorial_interfaces/tutorial_interfaces/msg/detail/coord__builder.hpp
[0.422s] -- Up-to-date: /home/yura/firstprogram/install/tutorial_interfaces/include/tutorial_interfaces/tutorial_interfaces/msg/detail/sphere__struct.hpp
[0.422s] -- Up-to-date: /home/yura/firstprogram/install/tutorial_interfaces/include/tutorial_interfaces/tutorial_interfaces/msg/detail/coord__traits.hpp
[0.422s] -- Up-to-date: /home/yura/firstprogram/install/tutorial_interfaces/include/tutorial_interfaces/tutorial_interfaces/msg/rosidl_generator_cpp__visibility_control.hpp
[0.422s] -- Up-to-date: /home/yura/firstprogram/install/tutorial_interfaces/include/tutorial_interfaces/tutorial_interfaces/msg/coord.hpp
[0.422s] -- Up-to-date: /home/yura/firstprogram/install/tutorial_interfaces/include/tutorial_interfaces/tutorial_interfaces/srv
[0.422s] -- Up-to-date: /home/yura/firstprogram/install/tutorial_interfaces/include/tutorial_interfaces/tutorial_interfaces/srv/detail
[0.422s] -- Up-to-date: /home/yura/firstprogram/install/tutorial_interfaces/include/tutorial_interfaces/tutorial_interfaces/srv/detail/add_three_ints__struct.hpp
[0.422s] -- Up-to-date: /home/yura/firstprogram/install/tutorial_interfaces/include/tutorial_interfaces/tutorial_interfaces/srv/detail/add_three_ints__type_support.hpp
[0.422s] -- Up-to-date: /home/yura/firstprogram/install/tutorial_interfaces/include/tutorial_interfaces/tutorial_interfaces/srv/detail/add_three_ints__traits.hpp
[0.422s] -- Up-to-date: /home/yura/firstprogram/install/tutorial_interfaces/include/tutorial_interfaces/tutorial_interfaces/srv/detail/add_three_ints__builder.hpp
[0.422s] -- Up-to-date: /home/yura/firstprogram/install/tutorial_interfaces/include/tutorial_interfaces/tutorial_interfaces/srv/add_three_ints.hpp
[0.422s] -- Up-to-date: /home/yura/firstprogram/install/tutorial_interfaces/include/tutorial_interfaces/tutorial_interfaces
[0.422s] -- Up-to-date: /home/yura/firstprogram/install/tutorial_interfaces/include/tutorial_interfaces/tutorial_interfaces/msg
[0.422s] -- Up-to-date: /home/yura/firstprogram/install/tutorial_interfaces/include/tutorial_interfaces/tutorial_interfaces/msg/rosidl_typesupport_fastrtps_cpp__visibility_control.h
[0.422s] -- Up-to-date: /home/yura/firstprogram/install/tutorial_interfaces/include/tutorial_interfaces/tutorial_interfaces/msg/detail
[0.422s] -- Up-to-date: /home/yura/firstprogram/install/tutorial_interfaces/include/tutorial_interfaces/tutorial_interfaces/msg/detail/dds_fastrtps
[0.422s] -- Up-to-date: /home/yura/firstprogram/install/tutorial_interfaces/include/tutorial_interfaces/tutorial_interfaces/msg/detail/num__rosidl_typesupport_fastrtps_cpp.hpp
[0.422s] -- Up-to-date: /home/yura/firstprogram/install/tutorial_interfaces/include/tutorial_interfaces/tutorial_interfaces/msg/detail/sphere__rosidl_typesupport_fastrtps_cpp.hpp
[0.422s] -- Up-to-date: /home/yura/firstprogram/install/tutorial_interfaces/include/tutorial_interfaces/tutorial_interfaces/msg/detail/coord__rosidl_typesupport_fastrtps_cpp.hpp
[0.422s] -- Up-to-date: /home/yura/firstprogram/install/tutorial_interfaces/include/tutorial_interfaces/tutorial_interfaces/srv
[0.422s] -- Up-to-date: /home/yura/firstprogram/install/tutorial_interfaces/include/tutorial_interfaces/tutorial_interfaces/srv/detail
[0.422s] -- Up-to-date: /home/yura/firstprogram/install/tutorial_interfaces/include/tutorial_interfaces/tutorial_interfaces/srv/detail/dds_fastrtps
[0.422s] -- Up-to-date: /home/yura/firstprogram/install/tutorial_interfaces/include/tutorial_interfaces/tutorial_interfaces/srv/detail/add_three_ints__rosidl_typesupport_fastrtps_cpp.hpp
[0.423s] -- Up-to-date: /home/yura/firstprogram/install/tutorial_interfaces/lib/libtutorial_interfaces__rosidl_typesupport_fastrtps_cpp.so
[0.423s] -- Up-to-date: /home/yura/firstprogram/install/tutorial_interfaces/include/tutorial_interfaces/tutorial_interfaces
[0.423s] -- Up-to-date: /home/yura/firstprogram/install/tutorial_interfaces/include/tutorial_interfaces/tutorial_interfaces/msg
[0.423s] -- Up-to-date: /home/yura/firstprogram/install/tutorial_interfaces/include/tutorial_interfaces/tutorial_interfaces/msg/detail
[0.423s] -- Up-to-date: /home/yura/firstprogram/install/tutorial_interfaces/include/tutorial_interfaces/tutorial_interfaces/msg/detail/num__rosidl_typesupport_introspection_c.h
[0.423s] -- Up-to-date: /home/yura/firstprogram/install/tutorial_interfaces/include/tutorial_interfaces/tutorial_interfaces/msg/detail/num__type_support.c
[0.423s] -- Up-to-date: /home/yura/firstprogram/install/tutorial_interfaces/include/tutorial_interfaces/tutorial_interfaces/msg/detail/coord__type_support.c
[0.423s] -- Up-to-date: /home/yura/firstprogram/install/tutorial_interfaces/include/tutorial_interfaces/tutorial_interfaces/msg/detail/sphere__rosidl_typesupport_introspection_c.h
[0.423s] -- Up-to-date: /home/yura/firstprogram/install/tutorial_interfaces/include/tutorial_interfaces/tutorial_interfaces/msg/detail/sphere__type_support.c
[0.423s] -- Up-to-date: /home/yura/firstprogram/install/tutorial_interfaces/include/tutorial_interfaces/tutorial_interfaces/msg/detail/coord__rosidl_typesupport_introspection_c.h
[0.423s] -- Up-to-date: /home/yura/firstprogram/install/tutorial_interfaces/include/tutorial_interfaces/tutorial_interfaces/msg/rosidl_typesupport_introspection_c__visibility_control.h
[0.423s] -- Up-to-date: /home/yura/firstprogram/install/tutorial_interfaces/include/tutorial_interfaces/tutorial_interfaces/srv
[0.423s] -- Up-to-date: /home/yura/firstprogram/install/tutorial_interfaces/include/tutorial_interfaces/tutorial_interfaces/srv/detail
[0.423s] -- Up-to-date: /home/yura/firstprogram/install/tutorial_interfaces/include/tutorial_interfaces/tutorial_interfaces/srv/detail/add_three_ints__rosidl_typesupport_introspection_c.h
[0.423s] -- Up-to-date: /home/yura/firstprogram/install/tutorial_interfaces/include/tutorial_interfaces/tutorial_interfaces/srv/detail/add_three_ints__type_support.c
[0.423s] -- Up-to-date: /home/yura/firstprogram/install/tutorial_interfaces/lib/libtutorial_interfaces__rosidl_typesupport_introspection_c.so
[0.423s] -- Up-to-date: /home/yura/firstprogram/install/tutorial_interfaces/lib/libtutorial_interfaces__rosidl_typesupport_c.so
[0.423s] -- Up-to-date: /home/yura/firstprogram/install/tutorial_interfaces/include/tutorial_interfaces/tutorial_interfaces
[0.424s] -- Up-to-date: /home/yura/firstprogram/install/tutorial_interfaces/include/tutorial_interfaces/tutorial_interfaces/msg
[0.424s] -- Up-to-date: /home/yura/firstprogram/install/tutorial_interfaces/include/tutorial_interfaces/tutorial_interfaces/msg/detail
[0.424s] -- Up-to-date: /home/yura/firstprogram/install/tutorial_interfaces/include/tutorial_interfaces/tutorial_interfaces/msg/detail/coord__type_support.cpp
[0.424s] -- Up-to-date: /home/yura/firstprogram/install/tutorial_interfaces/include/tutorial_interfaces/tutorial_interfaces/msg/detail/sphere__rosidl_typesupport_introspection_cpp.hpp
[0.424s] -- Up-to-date: /home/yura/firstprogram/install/tutorial_interfaces/include/tutorial_interfaces/tutorial_interfaces/msg/detail/num__rosidl_typesupport_introspection_cpp.hpp
[0.424s] -- Up-to-date: /home/yura/firstprogram/install/tutorial_interfaces/include/tutorial_interfaces/tutorial_interfaces/msg/detail/coord__rosidl_typesupport_introspection_cpp.hpp
[0.424s] -- Up-to-date: /home/yura/firstprogram/install/tutorial_interfaces/include/tutorial_interfaces/tutorial_interfaces/msg/detail/sphere__type_support.cpp
[0.424s] -- Up-to-date: /home/yura/firstprogram/install/tutorial_interfaces/include/tutorial_interfaces/tutorial_interfaces/msg/detail/num__type_support.cpp
[0.424s] -- Up-to-date: /home/yura/firstprogram/install/tutorial_interfaces/include/tutorial_interfaces/tutorial_interfaces/srv
[0.424s] -- Up-to-date: /home/yura/firstprogram/install/tutorial_interfaces/include/tutorial_interfaces/tutorial_interfaces/srv/detail
[0.424s] -- Up-to-date: /home/yura/firstprogram/install/tutorial_interfaces/include/tutorial_interfaces/tutorial_interfaces/srv/detail/add_three_ints__type_support.cpp
[0.424s] -- Up-to-date: /home/yura/firstprogram/install/tutorial_interfaces/include/tutorial_interfaces/tutorial_interfaces/srv/detail/add_three_ints__rosidl_typesupport_introspection_cpp.hpp
[0.425s] -- Up-to-date: /home/yura/firstprogram/install/tutorial_interfaces/lib/libtutorial_interfaces__rosidl_typesupport_introspection_cpp.so
[0.425s] -- Up-to-date: /home/yura/firstprogram/install/tutorial_interfaces/lib/libtutorial_interfaces__rosidl_typesupport_cpp.so
[0.425s] -- Up-to-date: /home/yura/firstprogram/install/tutorial_interfaces/share/tutorial_interfaces/environment/pythonpath.sh
[0.425s] -- Up-to-date: /home/yura/firstprogram/install/tutorial_interfaces/share/tutorial_interfaces/environment/pythonpath.dsv
[0.425s] -- Up-to-date: /home/yura/firstprogram/install/tutorial_interfaces/lib/python3.12/site-packages/tutorial_interfaces-0.0.0-py3.12.egg-info
[0.425s] -- Installing: /home/yura/firstprogram/install/tutorial_interfaces/lib/python3.12/site-packages/tutorial_interfaces-0.0.0-py3.12.egg-info/PKG-INFO
[0.426s] -- Installing: /home/yura/firstprogram/install/tutorial_interfaces/lib/python3.12/site-packages/tutorial_interfaces-0.0.0-py3.12.egg-info/dependency_links.txt
[0.426s] -- Installing: /home/yura/firstprogram/install/tutorial_interfaces/lib/python3.12/site-packages/tutorial_interfaces-0.0.0-py3.12.egg-info/SOURCES.txt
[0.426s] -- Installing: /home/yura/firstprogram/install/tutorial_interfaces/lib/python3.12/site-packages/tutorial_interfaces-0.0.0-py3.12.egg-info/top_level.txt
[0.426s] -- Up-to-date: /home/yura/firstprogram/install/tutorial_interfaces/lib/python3.12/site-packages/tutorial_interfaces
[0.426s] -- Up-to-date: /home/yura/firstprogram/install/tutorial_interfaces/lib/python3.12/site-packages/tutorial_interfaces/_tutorial_interfaces_s.ep.rosidl_typesupport_introspection_c.c
[0.426s] -- Up-to-date: /home/yura/firstprogram/install/tutorial_interfaces/lib/python3.12/site-packages/tutorial_interfaces/tutorial_interfaces_s__rosidl_typesupport_c.so
[0.426s] -- Up-to-date: /home/yura/firstprogram/install/tutorial_interfaces/lib/python3.12/site-packages/tutorial_interfaces/msg
[0.426s] -- Up-to-date: /home/yura/firstprogram/install/tutorial_interfaces/lib/python3.12/site-packages/tutorial_interfaces/msg/_sphere.py
[0.426s] -- Up-to-date: /home/yura/firstprogram/install/tutorial_interfaces/lib/python3.12/site-packages/tutorial_interfaces/msg/_coord_s.c
[0.426s] -- Up-to-date: /home/yura/firstprogram/install/tutorial_interfaces/lib/python3.12/site-packages/tutorial_interfaces/msg/_num.py
[0.426s] -- Up-to-date: /home/yura/firstprogram/install/tutorial_interfaces/lib/python3.12/site-packages/tutorial_interfaces/msg/_coord.py
[0.426s] -- Up-to-date: /home/yura/firstprogram/install/tutorial_interfaces/lib/python3.12/site-packages/tutorial_interfaces/msg/__init__.py
[0.426s] -- Up-to-date: /home/yura/firstprogram/install/tutorial_interfaces/lib/python3.12/site-packages/tutorial_interfaces/msg/_num_s.c
[0.426s] -- Up-to-date: /home/yura/firstprogram/install/tutorial_interfaces/lib/python3.12/site-packages/tutorial_interfaces/msg/_sphere_s.c
[0.426s] -- Up-to-date: /home/yura/firstprogram/install/tutorial_interfaces/lib/python3.12/site-packages/tutorial_interfaces/_tutorial_interfaces_s.ep.rosidl_typesupport_fastrtps_c.c
[0.426s] -- Up-to-date: /home/yura/firstprogram/install/tutorial_interfaces/lib/python3.12/site-packages/tutorial_interfaces/tutorial_interfaces_s__rosidl_typesupport_fastrtps_c.so
[0.426s] -- Up-to-date: /home/yura/firstprogram/install/tutorial_interfaces/lib/python3.12/site-packages/tutorial_interfaces/__init__.py
[0.426s] -- Up-to-date: /home/yura/firstprogram/install/tutorial_interfaces/lib/python3.12/site-packages/tutorial_interfaces/srv
[0.427s] -- Up-to-date: /home/yura/firstprogram/install/tutorial_interfaces/lib/python3.12/site-packages/tutorial_interfaces/srv/_add_three_ints.py
[0.427s] -- Up-to-date: /home/yura/firstprogram/install/tutorial_interfaces/lib/python3.12/site-packages/tutorial_interfaces/srv/_add_three_ints_s.c
[0.427s] -- Up-to-date: /home/yura/firstprogram/install/tutorial_interfaces/lib/python3.12/site-packages/tutorial_interfaces/srv/__init__.py
[0.427s] -- Up-to-date: /home/yura/firstprogram/install/tutorial_interfaces/lib/python3.12/site-packages/tutorial_interfaces/_tutorial_interfaces_s.ep.rosidl_typesupport_c.c
[0.427s] -- Up-to-date: /home/yura/firstprogram/install/tutorial_interfaces/lib/python3.12/site-packages/tutorial_interfaces/tutorial_interfaces_s__rosidl_typesupport_introspection_c.so
[0.445s] Listing '/home/yura/firstprogram/install/tutorial_interfaces/lib/python3.12/site-packages/tutorial_interfaces'...
[0.445s] Listing '/home/yura/firstprogram/install/tutorial_interfaces/lib/python3.12/site-packages/tutorial_interfaces/msg'...
[0.445s] Listing '/home/yura/firstprogram/install/tutorial_interfaces/lib/python3.12/site-packages/tutorial_interfaces/srv'...
[0.449s] -- Up-to-date: /home/yura/firstprogram/install/tutorial_interfaces/lib/python3.12/site-packages/tutorial_interfaces/tutorial_interfaces_s__rosidl_typesupport_fastrtps_c.so
[0.450s] -- Up-to-date: /home/yura/firstprogram/install/tutorial_interfaces/lib/python3.12/site-packages/tutorial_interfaces/tutorial_interfaces_s__rosidl_typesupport_introspection_c.so
[0.450s] -- Up-to-date: /home/yura/firstprogram/install/tutorial_interfaces/lib/python3.12/site-packages/tutorial_interfaces/tutorial_interfaces_s__rosidl_typesupport_c.so
[0.450s] -- Up-to-date: /home/yura/firstprogram/install/tutorial_interfaces/lib/libtutorial_interfaces__rosidl_generator_py.so
[0.451s] -- Up-to-date: /home/yura/firstprogram/install/tutorial_interfaces/share/ament_index/resource_index/rust_packages/tutorial_interfaces
[0.451s] -- Up-to-date: /home/yura/firstprogram/install/tutorial_interfaces/share/tutorial_interfaces/rust
[0.451s] -- Up-to-date: /home/yura/firstprogram/install/tutorial_interfaces/share/tutorial_interfaces/rust/Cargo.toml
[0.451s] -- Up-to-date: /home/yura/firstprogram/install/tutorial_interfaces/share/tutorial_interfaces/rust/src
[0.451s] -- Up-to-date: /home/yura/firstprogram/install/tutorial_interfaces/share/tutorial_interfaces/rust/src/msg.rs
[0.451s] -- Up-to-date: /home/yura/firstprogram/install/tutorial_interfaces/share/tutorial_interfaces/rust/src/msg
[0.451s] -- Up-to-date: /home/yura/firstprogram/install/tutorial_interfaces/share/tutorial_interfaces/rust/src/msg/rmw.rs
[0.451s] -- Up-to-date: /home/yura/firstprogram/install/tutorial_interfaces/share/tutorial_interfaces/rust/src/srv.rs
[0.451s] -- Up-to-date: /home/yura/firstprogram/install/tutorial_interfaces/share/tutorial_interfaces/rust/src/srv
[0.451s] -- Up-to-date: /home/yura/firstprogram/install/tutorial_interfaces/share/tutorial_interfaces/rust/src/srv/rmw.rs
[0.451s] -- Up-to-date: /home/yura/firstprogram/install/tutorial_interfaces/share/tutorial_interfaces/rust/src/lib.rs
[0.451s] -- Up-to-date: /home/yura/firstprogram/install/tutorial_interfaces/share/tutorial_interfaces/rust/build.rs
[0.451s] -- Up-to-date: /home/yura/firstprogram/install/tutorial_interfaces/share/tutorial_interfaces/msg/Num.idl
[0.451s] -- Up-to-date: /home/yura/firstprogram/install/tutorial_interfaces/share/tutorial_interfaces/msg/Sphere.idl
[0.451s] -- Up-to-date: /home/yura/firstprogram/install/tutorial_interfaces/share/tutorial_interfaces/msg/Coord.idl
[0.451s] -- Up-to-date: /home/yura/firstprogram/install/tutorial_interfaces/share/tutorial_interfaces/srv/AddThreeInts.idl
[0.451s] -- Up-to-date: /home/yura/firstprogram/install/tutorial_interfaces/share/tutorial_interfaces/msg/Num.msg
[0.451s] -- Up-to-date: /home/yura/firstprogram/install/tutorial_interfaces/share/tutorial_interfaces/msg/Sphere.msg
[0.451s] -- Up-to-date: /home/yura/firstprogram/install/tutorial_interfaces/share/tutorial_interfaces/msg/Coord.msg
[0.451s] -- Up-to-date: /home/yura/firstprogram/install/tutorial_interfaces/share/tutorial_interfaces/srv/AddThreeInts.srv
[0.451s] -- Up-to-date: /home/yura/firstprogram/install/tutorial_interfaces/share/ament_index/resource_index/package_run_dependencies/tutorial_interfaces
[0.451s] -- Up-to-date: /home/yura/firstprogram/install/tutorial_interfaces/share/ament_index/resource_index/parent_prefix_path/tutorial_interfaces
[0.451s] -- Up-to-date: /home/yura/firstprogram/install/tutorial_interfaces/share/tutorial_interfaces/environment/ament_prefix_path.sh
[0.451s] -- Up-to-date: /home/yura/firstprogram/install/tutorial_interfaces/share/tutorial_interfaces/environment/ament_prefix_path.dsv
[0.451s] -- Up-to-date: /home/yura/firstprogram/install/tutorial_interfaces/share/tutorial_interfaces/environment/path.sh
[0.452s] -- Up-to-date: /home/yura/firstprogram/install/tutorial_interfaces/share/tutorial_interfaces/environment/path.dsv
[0.452s] -- Up-to-date: /home/yura/firstprogram/install/tutorial_interfaces/share/tutorial_interfaces/local_setup.bash
[0.452s] -- Up-to-date: /home/yura/firstprogram/install/tutorial_interfaces/share/tutorial_interfaces/local_setup.sh
[0.452s] -- Up-to-date: /home/yura/firstprogram/install/tutorial_interfaces/share/tutorial_interfaces/local_setup.zsh
[0.452s] -- Up-to-date: /home/yura/firstprogram/install/tutorial_interfaces/share/tutorial_interfaces/local_setup.dsv
[0.452s] -- Installing: /home/yura/firstprogram/install/tutorial_interfaces/share/tutorial_interfaces/package.dsv
[0.452s] -- Up-to-date: /home/yura/firstprogram/install/tutorial_interfaces/share/ament_index/resource_index/packages/tutorial_interfaces
[0.452s] -- Up-to-date: /home/yura/firstprogram/install/tutorial_interfaces/share/tutorial_interfaces/cmake/export_tutorial_interfaces__rosidl_generator_cExport.cmake
[0.452s] -- Up-to-date: /home/yura/firstprogram/install/tutorial_interfaces/share/tutorial_interfaces/cmake/export_tutorial_interfaces__rosidl_generator_cExport-noconfig.cmake
[0.452s] -- Up-to-date: /home/yura/firstprogram/install/tutorial_interfaces/share/tutorial_interfaces/cmake/export_tutorial_interfaces__rosidl_typesupport_fastrtps_cExport.cmake
[0.452s] -- Up-to-date: /home/yura/firstprogram/install/tutorial_interfaces/share/tutorial_interfaces/cmake/export_tutorial_interfaces__rosidl_typesupport_fastrtps_cExport-noconfig.cmake
[0.452s] -- Up-to-date: /home/yura/firstprogram/install/tutorial_interfaces/share/tutorial_interfaces/cmake/export_tutorial_interfaces__rosidl_generator_cppExport.cmake
[0.452s] -- Up-to-date: /home/yura/firstprogram/install/tutorial_interfaces/share/tutorial_interfaces/cmake/export_tutorial_interfaces__rosidl_typesupport_fastrtps_cppExport.cmake
[0.453s] -- Up-to-date: /home/yura/firstprogram/install/tutorial_interfaces/share/tutorial_interfaces/cmake/export_tutorial_interfaces__rosidl_typesupport_fastrtps_cppExport-noconfig.cmake
[0.453s] -- Up-to-date: /home/yura/firstprogram/install/tutorial_interfaces/share/tutorial_interfaces/cmake/tutorial_interfaces__rosidl_typesupport_introspection_cExport.cmake
[0.453s] -- Up-to-date: /home/yura/firstprogram/install/tutorial_interfaces/share/tutorial_interfaces/cmake/tutorial_interfaces__rosidl_typesupport_introspection_cExport-noconfig.cmake
[0.453s] -- Up-to-date: /home/yura/firstprogram/install/tutorial_interfaces/share/tutorial_interfaces/cmake/tutorial_interfaces__rosidl_typesupport_cExport.cmake
[0.453s] -- Up-to-date: /home/yura/firstprogram/install/tutorial_interfaces/share/tutorial_interfaces/cmake/tutorial_interfaces__rosidl_typesupport_cExport-noconfig.cmake
[0.453s] -- Up-to-date: /home/yura/firstprogram/install/tutorial_interfaces/share/tutorial_interfaces/cmake/tutorial_interfaces__rosidl_typesupport_introspection_cppExport.cmake
[0.454s] -- Up-to-date: /home/yura/firstprogram/install/tutorial_interfaces/share/tutorial_interfaces/cmake/tutorial_interfaces__rosidl_typesupport_introspection_cppExport-noconfig.cmake
[0.454s] -- Up-to-date: /home/yura/firstprogram/install/tutorial_interfaces/share/tutorial_interfaces/cmake/tutorial_interfaces__rosidl_typesupport_cppExport.cmake
[0.454s] -- Up-to-date: /home/yura/firstprogram/install/tutorial_interfaces/share/tutorial_interfaces/cmake/tutorial_interfaces__rosidl_typesupport_cppExport-noconfig.cmake
[0.454s] -- Up-to-date: /home/yura/firstprogram/install/tutorial_interfaces/share/tutorial_interfaces/cmake/export_tutorial_interfaces__rosidl_generator_pyExport.cmake
[0.454s] -- Up-to-date: /home/yura/firstprogram/install/tutorial_interfaces/share/tutorial_interfaces/cmake/export_tutorial_interfaces__rosidl_generator_pyExport-noconfig.cmake
[0.454s] -- Up-to-date: /home/yura/firstprogram/install/tutorial_interfaces/share/tutorial_interfaces/cmake/rosidl_cmake-extras.cmake
[0.454s] -- Up-to-date: /home/yura/firstprogram/install/tutorial_interfaces/share/tutorial_interfaces/cmake/ament_cmake_export_dependencies-extras.cmake
[0.454s] -- Up-to-date: /home/yura/firstprogram/install/tutorial_interfaces/share/tutorial_interfaces/cmake/ament_cmake_export_include_directories-extras.cmake
[0.454s] -- Up-to-date: /home/yura/firstprogram/install/tutorial_interfaces/share/tutorial_interfaces/cmake/ament_cmake_export_libraries-extras.cmake
[0.454s] -- Up-to-date: /home/yura/firstprogram/install/tutorial_interfaces/share/tutorial_interfaces/cmake/ament_cmake_export_targets-extras.cmake
[0.454s] -- Up-to-date: /home/yura/firstprogram/install/tutorial_interfaces/share/tutorial_interfaces/cmake/rosidl_cmake_export_typesupport_targets-extras.cmake
[0.454s] -- Up-to-date: /home/yura/firstprogram/install/tutorial_interfaces/share/tutorial_interfaces/cmake/rosidl_cmake_export_typesupport_libraries-extras.cmake
[0.454s] -- Up-to-date: /home/yura/firstprogram/install/tutorial_interfaces/share/tutorial_interfaces/cmake/tutorial_interfacesConfig.cmake
[0.454s] -- Up-to-date: /home/yura/firstprogram/install/tutorial_interfaces/share/tutorial_interfaces/cmake/tutorial_interfacesConfig-version.cmake
[0.454s] -- Up-to-date: /home/yura/firstprogram/install/tutorial_interfaces/share/tutorial_interfaces/package.xml
[0.455s] Invoked command in '/home/yura/firstprogram/build/tutorial_interfaces' returned '0': CMAKE_PREFIX_PATH=${CMAKE_PREFIX_PATH}:/opt/ros/jazzy DEBUGINFOD_URLS=https://debuginfod.ubuntu.com /usr/bin/cmake --install /home/yura/firstprogram/build/tutorial_interfaces
