[0.008s] Invoking command in '/home/yura/firstprogram/build/tutorial_interfaces': CMAKE_PREFIX_PATH=${CMAKE_PREFIX_PATH}:/opt/ros/jazzy DEBUGINFOD_URLS=https://debuginfod.ubuntu.com /usr/bin/cmake --build /home/yura/firstprogram/build/tutorial_interfaces -- -j12 -l12
[0.029s] -- Found ament_cmake: 2.5.6 (/opt/ros/jazzy/share/ament_cmake/cmake)
[0.098s] -- Found geometry_msgs: 5.3.7 (/opt/ros/jazzy/share/geometry_msgs/cmake)
[0.115s] -- Found rosidl_generator_c: 4.6.7 (/opt/ros/jazzy/share/rosidl_generator_c/cmake)
[0.120s] -- Found rosidl_generator_cpp: 4.6.7 (/opt/ros/jazzy/share/rosidl_generator_cpp/cmake)
[0.127s] -- Using all available rosidl_typesupport_c: rosidl_typesupport_fastrtps_c;rosidl_typesupport_introspection_c
[0.135s] -- Using all available rosidl_typesupport_cpp: rosidl_typesupport_fastrtps_cpp;rosidl_typesupport_introspection_cpp
[0.161s] -- Found rosidl_default_generators: 1.6.0 (/opt/ros/jazzy/share/rosidl_default_generators/cmake)
[0.167s] -- Found rosidl_adapter: 4.6.7 (/opt/ros/jazzy/share/rosidl_adapter/cmake)
[0.379s] -- Found ament_cmake_ros: 0.12.0 (/opt/ros/jazzy/share/ament_cmake_ros/cmake)
[0.557s] -- Using all available rosidl_typesupport_c: rosidl_typesupport_fastrtps_c;rosidl_typesupport_introspection_c
[0.627s] -- Using all available rosidl_typesupport_cpp: rosidl_typesupport_fastrtps_cpp;rosidl_typesupport_introspection_cpp
[0.628s] -- Found python_cmake_module: 0.11.1 (/opt/ros/jazzy/share/python_cmake_module/cmake)
[0.808s] -- Found Python3: /usr/bin/python3 (found version "3.12.3") found components: Interpreter Development NumPy Development.Module Development.Embed 
[0.867s] -- Found Python3: /usr/bin/python3 (found version "3.12.3") found components: Interpreter 
[0.868s] -- Found ament_lint_auto: 0.17.5 (/opt/ros/jazzy/share/ament_lint_auto/cmake)
[0.874s] -- Added test 'lint_cmake' to check CMake code style
[0.874s] -- Added test 'xmllint' to check XML markup files
[0.875s] -- Configuring done (0.8s)
[0.902s] -- Generating done (0.0s)
[0.910s] -- Build files have been written to: /home/yura/firstprogram/build/tutorial_interfaces
[0.938s] [  1%] [34m[1mGenerating Rust code for ROS interfaces[0m
[0.941s] [  3%] [34m[1mGenerating type hashes for ROS interfaces[0m
[0.948s] [  3%] Built target ament_cmake_python_copy_tutorial_interfaces
[1.089s] [  3%] Built target tutorial_interfaces__rosidl_generator_type_description
[1.099s] [  4%] [34m[1mGenerating C code for ROS interfaces[0m
[1.105s] [  4%] Built target tutorial_interfaces__rs
[1.109s] [  6%] [34m[1mGenerating C++ code for ROS interfaces[0m
[1.128s] running egg_info
[1.140s] writing tutorial_interfaces.egg-info/PKG-INFO
[1.140s] writing dependency_links to tutorial_interfaces.egg-info/dependency_links.txt
[1.140s] writing top-level names to tutorial_interfaces.egg-info/top_level.txt
[1.175s] reading manifest file 'tutorial_interfaces.egg-info/SOURCES.txt'
[1.175s] writing manifest file 'tutorial_interfaces.egg-info/SOURCES.txt'
[1.196s] [  6%] Built target ament_cmake_python_build_tutorial_interfaces_egg
[1.383s] [  6%] Built target tutorial_interfaces__cpp
[1.393s] [  7%] [32mBuilding C object CMakeFiles/tutorial_interfaces__rosidl_generator_c.dir/rosidl_generator_c/tutorial_interfaces/msg/detail/sphere__type_support.c.o[0m
[1.393s] [  9%] [32mBuilding C object CMakeFiles/tutorial_interfaces__rosidl_generator_c.dir/rosidl_generator_c/tutorial_interfaces/msg/detail/coord__description.c.o[0m
[1.393s] [ 13%] [32mBuilding C object CMakeFiles/tutorial_interfaces__rosidl_generator_c.dir/rosidl_generator_c/tutorial_interfaces/msg/detail/num__functions.c.o[0m
[1.393s] [ 13%] [32mBuilding C object CMakeFiles/tutorial_interfaces__rosidl_generator_c.dir/rosidl_generator_c/tutorial_interfaces/msg/detail/num__description.c.o[0m
[1.393s] [ 13%] [32mBuilding C object CMakeFiles/tutorial_interfaces__rosidl_generator_c.dir/rosidl_generator_c/tutorial_interfaces/msg/detail/num__type_support.c.o[0m
[1.393s] [ 18%] [32mBuilding C object CMakeFiles/tutorial_interfaces__rosidl_generator_c.dir/rosidl_generator_c/tutorial_interfaces/msg/detail/sphere__description.c.o[0m
[1.394s] [ 18%] [32mBuilding C object CMakeFiles/tutorial_interfaces__rosidl_generator_c.dir/rosidl_generator_c/tutorial_interfaces/srv/detail/add_three_ints__description.c.o[0m
[1.394s] [ 18%] [32mBuilding C object CMakeFiles/tutorial_interfaces__rosidl_generator_c.dir/rosidl_generator_c/tutorial_interfaces/msg/detail/sphere__functions.c.o[0m
[1.394s] [ 21%] [32mBuilding C object CMakeFiles/tutorial_interfaces__rosidl_generator_c.dir/rosidl_generator_c/tutorial_interfaces/msg/detail/coord__type_support.c.o[0m
[1.394s] [ 21%] [32mBuilding C object CMakeFiles/tutorial_interfaces__rosidl_generator_c.dir/rosidl_generator_c/tutorial_interfaces/msg/detail/coord__functions.c.o[0m
[1.395s] [ 23%] [32mBuilding C object CMakeFiles/tutorial_interfaces__rosidl_generator_c.dir/rosidl_generator_c/tutorial_interfaces/srv/detail/add_three_ints__type_support.c.o[0m
[1.397s] [ 24%] [32mBuilding C object CMakeFiles/tutorial_interfaces__rosidl_generator_c.dir/rosidl_generator_c/tutorial_interfaces/srv/detail/add_three_ints__functions.c.o[0m
[1.453s] [ 26%] [32m[1mLinking C shared library libtutorial_interfaces__rosidl_generator_c.so[0m
[1.481s] [ 26%] Built target tutorial_interfaces__rosidl_generator_c
[1.496s] [ 29%] [34m[1mGenerating C type support dispatch for ROS interfaces[0m
[1.497s] [ 29%] [34m[1mGenerating C introspection for ROS interfaces[0m
[1.499s] [ 30%] [34m[1mGenerating C type support for eProsima Fast-RTPS[0m
[1.500s] [ 33%] [34m[1mGenerating C++ type support for eProsima Fast-RTPS[0m
[1.500s] [ 33%] [34m[1mGenerating C++ introspection for ROS interfaces[0m
[1.501s] [ 35%] [34m[1mGenerating C++ type support dispatch for ROS interfaces[0m
[1.722s] [ 36%] [32mBuilding C object CMakeFiles/tutorial_interfaces__rosidl_typesupport_introspection_c.dir/rosidl_typesupport_introspection_c/tutorial_interfaces/msg/detail/sphere__type_support.c.o[0m
[1.722s] [ 40%] [32mBuilding C object CMakeFiles/tutorial_interfaces__rosidl_typesupport_introspection_c.dir/rosidl_typesupport_introspection_c/tutorial_interfaces/msg/detail/num__type_support.c.o[0m
[1.722s] [ 40%] [32mBuilding C object CMakeFiles/tutorial_interfaces__rosidl_typesupport_introspection_c.dir/rosidl_typesupport_introspection_c/tutorial_interfaces/msg/detail/coord__type_support.c.o[0m
[1.722s] [ 41%] [32mBuilding C object CMakeFiles/tutorial_interfaces__rosidl_typesupport_introspection_c.dir/rosidl_typesupport_introspection_c/tutorial_interfaces/srv/detail/add_three_ints__type_support.c.o[0m
[1.763s] [ 43%] [32m[1mLinking C shared library libtutorial_interfaces__rosidl_typesupport_introspection_c.so[0m
[1.768s] [ 44%] [32mBuilding CXX object CMakeFiles/tutorial_interfaces__rosidl_typesupport_c.dir/rosidl_typesupport_c/tutorial_interfaces/srv/add_three_ints__type_support.cpp.o[0m
[1.769s] [ 49%] [32mBuilding CXX object CMakeFiles/tutorial_interfaces__rosidl_typesupport_c.dir/rosidl_typesupport_c/tutorial_interfaces/msg/coord__type_support.cpp.o[0m
[1.769s] [ 49%] [32mBuilding CXX object CMakeFiles/tutorial_interfaces__rosidl_typesupport_c.dir/rosidl_typesupport_c/tutorial_interfaces/msg/num__type_support.cpp.o[0m
[1.770s] [ 49%] [32mBuilding CXX object CMakeFiles/tutorial_interfaces__rosidl_typesupport_c.dir/rosidl_typesupport_c/tutorial_interfaces/msg/sphere__type_support.cpp.o[0m
[1.799s] [ 49%] Built target tutorial_interfaces__rosidl_typesupport_introspection_c
[1.799s] [ 52%] [32mBuilding CXX object CMakeFiles/tutorial_interfaces__rosidl_typesupport_cpp.dir/rosidl_typesupport_cpp/tutorial_interfaces/msg/num__type_support.cpp.o[0m
[1.799s] [ 52%] [32mBuilding CXX object CMakeFiles/tutorial_interfaces__rosidl_typesupport_cpp.dir/rosidl_typesupport_cpp/tutorial_interfaces/srv/add_three_ints__type_support.cpp.o[0m
[1.801s] [ 55%] [32mBuilding CXX object CMakeFiles/tutorial_interfaces__rosidl_typesupport_cpp.dir/rosidl_typesupport_cpp/tutorial_interfaces/msg/coord__type_support.cpp.o[0m
[1.801s] [ 55%] [32mBuilding CXX object CMakeFiles/tutorial_interfaces__rosidl_typesupport_cpp.dir/rosidl_typesupport_cpp/tutorial_interfaces/msg/sphere__type_support.cpp.o[0m
[1.813s] [ 56%] [32mBuilding CXX object CMakeFiles/tutorial_interfaces__rosidl_typesupport_fastrtps_c.dir/rosidl_typesupport_fastrtps_c/tutorial_interfaces/msg/detail/num__type_support_c.cpp.o[0m
[1.813s] [ 58%] [32mBuilding CXX object CMakeFiles/tutorial_interfaces__rosidl_typesupport_fastrtps_c.dir/rosidl_typesupport_fastrtps_c/tutorial_interfaces/msg/detail/coord__type_support_c.cpp.o[0m
[1.813s] [ 60%] [32mBuilding CXX object CMakeFiles/tutorial_interfaces__rosidl_typesupport_fastrtps_c.dir/rosidl_typesupport_fastrtps_c/tutorial_interfaces/msg/detail/sphere__type_support_c.cpp.o[0m
[1.815s] [ 61%] [32mBuilding CXX object CMakeFiles/tutorial_interfaces__rosidl_typesupport_fastrtps_c.dir/rosidl_typesupport_fastrtps_c/tutorial_interfaces/srv/detail/add_three_ints__type_support_c.cpp.o[0m
[1.817s] [ 63%] [32m[1mLinking CXX shared library libtutorial_interfaces__rosidl_typesupport_c.so[0m
[1.858s] [ 63%] Built target tutorial_interfaces__rosidl_typesupport_c
[1.860s] [ 64%] [32mBuilding CXX object CMakeFiles/tutorial_interfaces__rosidl_typesupport_introspection_cpp.dir/rosidl_typesupport_introspection_cpp/tutorial_interfaces/msg/detail/num__type_support.cpp.o[0m
[1.860s] [ 66%] [32mBuilding CXX object CMakeFiles/tutorial_interfaces__rosidl_typesupport_introspection_cpp.dir/rosidl_typesupport_introspection_cpp/tutorial_interfaces/msg/detail/sphere__type_support.cpp.o[0m
[1.866s] [ 67%] [32mBuilding CXX object CMakeFiles/tutorial_interfaces__rosidl_typesupport_introspection_cpp.dir/rosidl_typesupport_introspection_cpp/tutorial_interfaces/msg/detail/coord__type_support.cpp.o[0m
[1.975s] [ 69%] [32mBuilding CXX object CMakeFiles/tutorial_interfaces__rosidl_typesupport_fastrtps_cpp.dir/rosidl_typesupport_fastrtps_cpp/tutorial_interfaces/msg/detail/dds_fastrtps/num__type_support.cpp.o[0m
[2.123s] [ 70%] [32mBuilding CXX object CMakeFiles/tutorial_interfaces__rosidl_typesupport_fastrtps_cpp.dir/rosidl_typesupport_fastrtps_cpp/tutorial_interfaces/msg/detail/dds_fastrtps/sphere__type_support.cpp.o[0m
[2.158s] [ 72%] [32mBuilding CXX object CMakeFiles/tutorial_interfaces__rosidl_typesupport_introspection_cpp.dir/rosidl_typesupport_introspection_cpp/tutorial_interfaces/srv/detail/add_three_ints__type_support.cpp.o[0m
[2.167s] [ 73%] [32mBuilding CXX object CMakeFiles/tutorial_interfaces__rosidl_typesupport_fastrtps_cpp.dir/rosidl_typesupport_fastrtps_cpp/tutorial_interfaces/msg/detail/dds_fastrtps/coord__type_support.cpp.o[0m
[2.223s] [ 75%] [32mBuilding CXX object CMakeFiles/tutorial_interfaces__rosidl_typesupport_fastrtps_cpp.dir/rosidl_typesupport_fastrtps_cpp/tutorial_interfaces/srv/detail/dds_fastrtps/add_three_ints__type_support.cpp.o[0m
[2.254s] [ 76%] [32m[1mLinking CXX shared library libtutorial_interfaces__rosidl_typesupport_cpp.so[0m
[2.321s] [ 76%] Built target tutorial_interfaces__rosidl_typesupport_cpp
[2.394s] [ 78%] [32m[1mLinking CXX shared library libtutorial_interfaces__rosidl_typesupport_fastrtps_c.so[0m
[2.444s] [ 78%] Built target tutorial_interfaces__rosidl_typesupport_fastrtps_c
[2.578s] [ 80%] [32m[1mLinking CXX shared library libtutorial_interfaces__rosidl_typesupport_introspection_cpp.so[0m
[2.631s] [ 80%] Built target tutorial_interfaces__rosidl_typesupport_introspection_cpp
[2.685s] [ 81%] [32m[1mLinking CXX shared library libtutorial_interfaces__rosidl_typesupport_fastrtps_cpp.so[0m
[2.746s] [ 81%] Built target tutorial_interfaces__rosidl_typesupport_fastrtps_cpp
[2.763s] [ 81%] Built target tutorial_interfaces
[2.783s] [ 83%] [34m[1mGenerating Python code for ROS interfaces[0m
[3.078s] [ 83%] Built target tutorial_interfaces__py
[3.097s] [ 84%] [32mBuilding C object CMakeFiles/tutorial_interfaces__rosidl_generator_py.dir/rosidl_generator_py/tutorial_interfaces/msg/_sphere_s.c.o[0m
[3.099s] [ 86%] [32mBuilding C object CMakeFiles/tutorial_interfaces__rosidl_generator_py.dir/rosidl_generator_py/tutorial_interfaces/msg/_num_s.c.o[0m
[3.099s] [ 87%] [32mBuilding C object CMakeFiles/tutorial_interfaces__rosidl_generator_py.dir/rosidl_generator_py/tutorial_interfaces/msg/_coord_s.c.o[0m
[3.099s] [ 89%] [32mBuilding C object CMakeFiles/tutorial_interfaces__rosidl_generator_py.dir/rosidl_generator_py/tutorial_interfaces/srv/_add_three_ints_s.c.o[0m
[3.221s] [ 90%] [32m[1mLinking C shared library libtutorial_interfaces__rosidl_generator_py.so[0m
[3.255s] [ 90%] Built target tutorial_interfaces__rosidl_generator_py
[3.276s] [ 95%] [32mBuilding C object CMakeFiles/tutorial_interfaces_s__rosidl_typesupport_fastrtps_c.dir/rosidl_generator_py/tutorial_interfaces/_tutorial_interfaces_s.ep.rosidl_typesupport_fastrtps_c.c.o[0m
[3.276s] [ 95%] [32mBuilding C object CMakeFiles/tutorial_interfaces_s__rosidl_typesupport_c.dir/rosidl_generator_py/tutorial_interfaces/_tutorial_interfaces_s.ep.rosidl_typesupport_c.c.o[0m
[3.276s] [ 95%] [32mBuilding C object CMakeFiles/tutorial_interfaces_s__rosidl_typesupport_introspection_c.dir/rosidl_generator_py/tutorial_interfaces/_tutorial_interfaces_s.ep.rosidl_typesupport_introspection_c.c.o[0m
[3.349s] [ 96%] [32m[1mLinking C shared module rosidl_generator_py/tutorial_interfaces/tutorial_interfaces_s__rosidl_typesupport_introspection_c.so[0m
[3.352s] [ 98%] [32m[1mLinking C shared module rosidl_generator_py/tutorial_interfaces/tutorial_interfaces_s__rosidl_typesupport_c.so[0m
[3.377s] [ 98%] Built target tutorial_interfaces_s__rosidl_typesupport_introspection_c
[3.377s] [ 98%] Built target tutorial_interfaces_s__rosidl_typesupport_c
[3.387s] [100%] [32m[1mLinking C shared module rosidl_generator_py/tutorial_interfaces/tutorial_interfaces_s__rosidl_typesupport_fastrtps_c.so[0m
[3.411s] [100%] Built target tutorial_interfaces_s__rosidl_typesupport_fastrtps_c
[3.421s] Invoked command in '/home/yura/firstprogram/build/tutorial_interfaces' returned '0': CMAKE_PREFIX_PATH=${CMAKE_PREFIX_PATH}:/opt/ros/jazzy DEBUGINFOD_URLS=https://debuginfod.ubuntu.com /usr/bin/cmake --build /home/yura/firstprogram/build/tutorial_interfaces -- -j12 -l12
[3.429s] Invoking command in '/home/yura/firstprogram/build/tutorial_interfaces': CMAKE_PREFIX_PATH=${CMAKE_PREFIX_PATH}:/opt/ros/jazzy DEBUGINFOD_URLS=https://debuginfod.ubuntu.com /usr/bin/cmake --install /home/yura/firstprogram/build/tutorial_interfaces
[3.436s] -- Install configuration: ""
[3.437s] -- Installing: /home/yura/firstprogram/install/tutorial_interfaces/share/ament_index/resource_index/rosidl_interfaces/tutorial_interfaces
[3.437s] -- Installing: /home/yura/firstprogram/install/tutorial_interfaces/share/tutorial_interfaces/msg/Num.json
[3.437s] -- Installing: /home/yura/firstprogram/install/tutorial_interfaces/share/tutorial_interfaces/msg/Sphere.json
[3.437s] -- Installing: /home/yura/firstprogram/install/tutorial_interfaces/share/tutorial_interfaces/msg/Coord.json
[3.437s] -- Installing: /home/yura/firstprogram/install/tutorial_interfaces/share/tutorial_interfaces/srv/AddThreeInts.json
[3.437s] -- Up-to-date: /home/yura/firstprogram/install/tutorial_interfaces/include/tutorial_interfaces/tutorial_interfaces
[3.437s] -- Up-to-date: /home/yura/firstprogram/install/tutorial_interfaces/include/tutorial_interfaces/tutorial_interfaces/msg
[3.437s] -- Installing: /home/yura/firstprogram/install/tutorial_interfaces/include/tutorial_interfaces/tutorial_interfaces/msg/num.h
[3.437s] -- Installing: /home/yura/firstprogram/install/tutorial_interfaces/include/tutorial_interfaces/tutorial_interfaces/msg/sphere.h
[3.438s] -- Up-to-date: /home/yura/firstprogram/install/tutorial_interfaces/include/tutorial_interfaces/tutorial_interfaces/msg/detail
[3.438s] -- Installing: /home/yura/firstprogram/install/tutorial_interfaces/include/tutorial_interfaces/tutorial_interfaces/msg/detail/coord__description.c
[3.438s] -- Installing: /home/yura/firstprogram/install/tutorial_interfaces/include/tutorial_interfaces/tutorial_interfaces/msg/detail/num__functions.h
[3.438s] -- Installing: /home/yura/firstprogram/install/tutorial_interfaces/include/tutorial_interfaces/tutorial_interfaces/msg/detail/num__description.c
[3.438s] -- Installing: /home/yura/firstprogram/install/tutorial_interfaces/include/tutorial_interfaces/tutorial_interfaces/msg/detail/num__type_support.c
[3.438s] -- Installing: /home/yura/firstprogram/install/tutorial_interfaces/include/tutorial_interfaces/tutorial_interfaces/msg/detail/num__functions.c
[3.438s] -- Installing: /home/yura/firstprogram/install/tutorial_interfaces/include/tutorial_interfaces/tutorial_interfaces/msg/detail/coord__type_support.h
[3.439s] -- Installing: /home/yura/firstprogram/install/tutorial_interfaces/include/tutorial_interfaces/tutorial_interfaces/msg/detail/sphere__functions.c
[3.439s] -- Installing: /home/yura/firstprogram/install/tutorial_interfaces/include/tutorial_interfaces/tutorial_interfaces/msg/detail/coord__type_support.c
[3.439s] -- Installing: /home/yura/firstprogram/install/tutorial_interfaces/include/tutorial_interfaces/tutorial_interfaces/msg/detail/sphere__type_support.c
[3.439s] -- Installing: /home/yura/firstprogram/install/tutorial_interfaces/include/tutorial_interfaces/tutorial_interfaces/msg/detail/sphere__struct.h
[3.439s] -- Installing: /home/yura/firstprogram/install/tutorial_interfaces/include/tutorial_interfaces/tutorial_interfaces/msg/detail/coord__struct.h
[3.439s] -- Installing: /home/yura/firstprogram/install/tutorial_interfaces/include/tutorial_interfaces/tutorial_interfaces/msg/detail/num__type_support.h
[3.439s] -- Installing: /home/yura/firstprogram/install/tutorial_interfaces/include/tutorial_interfaces/tutorial_interfaces/msg/detail/sphere__type_support.h
[3.439s] -- Installing: /home/yura/firstprogram/install/tutorial_interfaces/include/tutorial_interfaces/tutorial_interfaces/msg/detail/num__struct.h
[3.439s] -- Installing: /home/yura/firstprogram/install/tutorial_interfaces/include/tutorial_interfaces/tutorial_interfaces/msg/detail/sphere__description.c
[3.440s] -- Installing: /home/yura/firstprogram/install/tutorial_interfaces/include/tutorial_interfaces/tutorial_interfaces/msg/detail/coord__functions.c
[3.440s] -- Installing: /home/yura/firstprogram/install/tutorial_interfaces/include/tutorial_interfaces/tutorial_interfaces/msg/detail/coord__functions.h
[3.440s] -- Installing: /home/yura/firstprogram/install/tutorial_interfaces/include/tutorial_interfaces/tutorial_interfaces/msg/detail/sphere__functions.h
[3.440s] -- Up-to-date: /home/yura/firstprogram/install/tutorial_interfaces/include/tutorial_interfaces/tutorial_interfaces/msg/rosidl_generator_c__visibility_control.h
[3.440s] -- Installing: /home/yura/firstprogram/install/tutorial_interfaces/include/tutorial_interfaces/tutorial_interfaces/msg/coord.h
[3.440s] -- Up-to-date: /home/yura/firstprogram/install/tutorial_interfaces/include/tutorial_interfaces/tutorial_interfaces/srv
[3.440s] -- Up-to-date: /home/yura/firstprogram/install/tutorial_interfaces/include/tutorial_interfaces/tutorial_interfaces/srv/detail
[3.440s] -- Installing: /home/yura/firstprogram/install/tutorial_interfaces/include/tutorial_interfaces/tutorial_interfaces/srv/detail/add_three_ints__type_support.h
[3.440s] -- Installing: /home/yura/firstprogram/install/tutorial_interfaces/include/tutorial_interfaces/tutorial_interfaces/srv/detail/add_three_ints__functions.h
[3.440s] -- Installing: /home/yura/firstprogram/install/tutorial_interfaces/include/tutorial_interfaces/tutorial_interfaces/srv/detail/add_three_ints__description.c
[3.440s] -- Installing: /home/yura/firstprogram/install/tutorial_interfaces/include/tutorial_interfaces/tutorial_interfaces/srv/detail/add_three_ints__type_support.c
[3.440s] -- Installing: /home/yura/firstprogram/install/tutorial_interfaces/include/tutorial_interfaces/tutorial_interfaces/srv/detail/add_three_ints__functions.c
[3.440s] -- Installing: /home/yura/firstprogram/install/tutorial_interfaces/include/tutorial_interfaces/tutorial_interfaces/srv/detail/add_three_ints__struct.h
[3.440s] -- Installing: /home/yura/firstprogram/install/tutorial_interfaces/include/tutorial_interfaces/tutorial_interfaces/srv/add_three_ints.h
[3.440s] -- Up-to-date: /home/yura/firstprogram/install/tutorial_interfaces/share/tutorial_interfaces/environment/library_path.sh
[3.440s] -- Up-to-date: /home/yura/firstprogram/install/tutorial_interfaces/share/tutorial_interfaces/environment/library_path.dsv
[3.440s] -- Installing: /home/yura/firstprogram/install/tutorial_interfaces/lib/libtutorial_interfaces__rosidl_generator_c.so
[3.440s] -- Set non-toolchain portion of runtime path of "/home/yura/firstprogram/install/tutorial_interfaces/lib/libtutorial_interfaces__rosidl_generator_c.so" to ""
[3.440s] -- Up-to-date: /home/yura/firstprogram/install/tutorial_interfaces/include/tutorial_interfaces/tutorial_interfaces
[3.440s] -- Up-to-date: /home/yura/firstprogram/install/tutorial_interfaces/include/tutorial_interfaces/tutorial_interfaces/msg
[3.440s] -- Up-to-date: /home/yura/firstprogram/install/tutorial_interfaces/include/tutorial_interfaces/tutorial_interfaces/msg/rosidl_typesupport_fastrtps_c__visibility_control.h
[3.440s] -- Up-to-date: /home/yura/firstprogram/install/tutorial_interfaces/include/tutorial_interfaces/tutorial_interfaces/msg/detail
[3.441s] -- Installing: /home/yura/firstprogram/install/tutorial_interfaces/include/tutorial_interfaces/tutorial_interfaces/msg/detail/coord__rosidl_typesupport_fastrtps_c.h
[3.441s] -- Installing: /home/yura/firstprogram/install/tutorial_interfaces/include/tutorial_interfaces/tutorial_interfaces/msg/detail/num__rosidl_typesupport_fastrtps_c.h
[3.441s] -- Installing: /home/yura/firstprogram/install/tutorial_interfaces/include/tutorial_interfaces/tutorial_interfaces/msg/detail/sphere__rosidl_typesupport_fastrtps_c.h
[3.441s] -- Up-to-date: /home/yura/firstprogram/install/tutorial_interfaces/include/tutorial_interfaces/tutorial_interfaces/srv
[3.441s] -- Up-to-date: /home/yura/firstprogram/install/tutorial_interfaces/include/tutorial_interfaces/tutorial_interfaces/srv/detail
[3.441s] -- Installing: /home/yura/firstprogram/install/tutorial_interfaces/include/tutorial_interfaces/tutorial_interfaces/srv/detail/add_three_ints__rosidl_typesupport_fastrtps_c.h
[3.441s] -- Installing: /home/yura/firstprogram/install/tutorial_interfaces/lib/libtutorial_interfaces__rosidl_typesupport_fastrtps_c.so
[3.441s] -- Set non-toolchain portion of runtime path of "/home/yura/firstprogram/install/tutorial_interfaces/lib/libtutorial_interfaces__rosidl_typesupport_fastrtps_c.so" to ""
[3.441s] -- Up-to-date: /home/yura/firstprogram/install/tutorial_interfaces/include/tutorial_interfaces/tutorial_interfaces
[3.441s] -- Up-to-date: /home/yura/firstprogram/install/tutorial_interfaces/include/tutorial_interfaces/tutorial_interfaces/msg
[3.441s] -- Installing: /home/yura/firstprogram/install/tutorial_interfaces/include/tutorial_interfaces/tutorial_interfaces/msg/num.hpp
[3.441s] -- Installing: /home/yura/firstprogram/install/tutorial_interfaces/include/tutorial_interfaces/tutorial_interfaces/msg/sphere.hpp
[3.441s] -- Up-to-date: /home/yura/firstprogram/install/tutorial_interfaces/include/tutorial_interfaces/tutorial_interfaces/msg/detail
[3.441s] -- Installing: /home/yura/firstprogram/install/tutorial_interfaces/include/tutorial_interfaces/tutorial_interfaces/msg/detail/num__type_support.hpp
[3.441s] -- Installing: /home/yura/firstprogram/install/tutorial_interfaces/include/tutorial_interfaces/tutorial_interfaces/msg/detail/num__builder.hpp
[3.441s] -- Installing: /home/yura/firstprogram/install/tutorial_interfaces/include/tutorial_interfaces/tutorial_interfaces/msg/detail/coord__type_support.hpp
[3.441s] -- Installing: /home/yura/firstprogram/install/tutorial_interfaces/include/tutorial_interfaces/tutorial_interfaces/msg/detail/coord__struct.hpp
[3.441s] -- Installing: /home/yura/firstprogram/install/tutorial_interfaces/include/tutorial_interfaces/tutorial_interfaces/msg/detail/num__traits.hpp
[3.441s] -- Installing: /home/yura/firstprogram/install/tutorial_interfaces/include/tutorial_interfaces/tutorial_interfaces/msg/detail/num__struct.hpp
[3.441s] -- Installing: /home/yura/firstprogram/install/tutorial_interfaces/include/tutorial_interfaces/tutorial_interfaces/msg/detail/sphere__type_support.hpp
[3.441s] -- Installing: /home/yura/firstprogram/install/tutorial_interfaces/include/tutorial_interfaces/tutorial_interfaces/msg/detail/sphere__traits.hpp
[3.441s] -- Installing: /home/yura/firstprogram/install/tutorial_interfaces/include/tutorial_interfaces/tutorial_interfaces/msg/detail/sphere__builder.hpp
[3.441s] -- Installing: /home/yura/firstprogram/install/tutorial_interfaces/include/tutorial_interfaces/tutorial_interfaces/msg/detail/coord__builder.hpp
[3.441s] -- Installing: /home/yura/firstprogram/install/tutorial_interfaces/include/tutorial_interfaces/tutorial_interfaces/msg/detail/sphere__struct.hpp
[3.441s] -- Installing: /home/yura/firstprogram/install/tutorial_interfaces/include/tutorial_interfaces/tutorial_interfaces/msg/detail/coord__traits.hpp
[3.441s] -- Installing: /home/yura/firstprogram/install/tutorial_interfaces/include/tutorial_interfaces/tutorial_interfaces/msg/rosidl_generator_cpp__visibility_control.hpp
[3.441s] -- Installing: /home/yura/firstprogram/install/tutorial_interfaces/include/tutorial_interfaces/tutorial_interfaces/msg/coord.hpp
[3.441s] -- Up-to-date: /home/yura/firstprogram/install/tutorial_interfaces/include/tutorial_interfaces/tutorial_interfaces/srv
[3.441s] -- Up-to-date: /home/yura/firstprogram/install/tutorial_interfaces/include/tutorial_interfaces/tutorial_interfaces/srv/detail
[3.442s] -- Installing: /home/yura/firstprogram/install/tutorial_interfaces/include/tutorial_interfaces/tutorial_interfaces/srv/detail/add_three_ints__struct.hpp
[3.442s] -- Installing: /home/yura/firstprogram/install/tutorial_interfaces/include/tutorial_interfaces/tutorial_interfaces/srv/detail/add_three_ints__type_support.hpp
[3.442s] -- Installing: /home/yura/firstprogram/install/tutorial_interfaces/include/tutorial_interfaces/tutorial_interfaces/srv/detail/add_three_ints__traits.hpp
[3.442s] -- Installing: /home/yura/firstprogram/install/tutorial_interfaces/include/tutorial_interfaces/tutorial_interfaces/srv/detail/add_three_ints__builder.hpp
[3.442s] -- Installing: /home/yura/firstprogram/install/tutorial_interfaces/include/tutorial_interfaces/tutorial_interfaces/srv/add_three_ints.hpp
[3.442s] -- Up-to-date: /home/yura/firstprogram/install/tutorial_interfaces/include/tutorial_interfaces/tutorial_interfaces
[3.442s] -- Up-to-date: /home/yura/firstprogram/install/tutorial_interfaces/include/tutorial_interfaces/tutorial_interfaces/msg
[3.442s] -- Up-to-date: /home/yura/firstprogram/install/tutorial_interfaces/include/tutorial_interfaces/tutorial_interfaces/msg/rosidl_typesupport_fastrtps_cpp__visibility_control.h
[3.442s] -- Up-to-date: /home/yura/firstprogram/install/tutorial_interfaces/include/tutorial_interfaces/tutorial_interfaces/msg/detail
[3.442s] -- Up-to-date: /home/yura/firstprogram/install/tutorial_interfaces/include/tutorial_interfaces/tutorial_interfaces/msg/detail/dds_fastrtps
[3.442s] -- Installing: /home/yura/firstprogram/install/tutorial_interfaces/include/tutorial_interfaces/tutorial_interfaces/msg/detail/num__rosidl_typesupport_fastrtps_cpp.hpp
[3.442s] -- Installing: /home/yura/firstprogram/install/tutorial_interfaces/include/tutorial_interfaces/tutorial_interfaces/msg/detail/sphere__rosidl_typesupport_fastrtps_cpp.hpp
[3.442s] -- Installing: /home/yura/firstprogram/install/tutorial_interfaces/include/tutorial_interfaces/tutorial_interfaces/msg/detail/coord__rosidl_typesupport_fastrtps_cpp.hpp
[3.442s] -- Up-to-date: /home/yura/firstprogram/install/tutorial_interfaces/include/tutorial_interfaces/tutorial_interfaces/srv
[3.442s] -- Up-to-date: /home/yura/firstprogram/install/tutorial_interfaces/include/tutorial_interfaces/tutorial_interfaces/srv/detail
[3.442s] -- Up-to-date: /home/yura/firstprogram/install/tutorial_interfaces/include/tutorial_interfaces/tutorial_interfaces/srv/detail/dds_fastrtps
[3.442s] -- Installing: /home/yura/firstprogram/install/tutorial_interfaces/include/tutorial_interfaces/tutorial_interfaces/srv/detail/add_three_ints__rosidl_typesupport_fastrtps_cpp.hpp
[3.442s] -- Installing: /home/yura/firstprogram/install/tutorial_interfaces/lib/libtutorial_interfaces__rosidl_typesupport_fastrtps_cpp.so
[3.442s] -- Set non-toolchain portion of runtime path of "/home/yura/firstprogram/install/tutorial_interfaces/lib/libtutorial_interfaces__rosidl_typesupport_fastrtps_cpp.so" to ""
[3.442s] -- Up-to-date: /home/yura/firstprogram/install/tutorial_interfaces/include/tutorial_interfaces/tutorial_interfaces
[3.442s] -- Up-to-date: /home/yura/firstprogram/install/tutorial_interfaces/include/tutorial_interfaces/tutorial_interfaces/msg
[3.442s] -- Up-to-date: /home/yura/firstprogram/install/tutorial_interfaces/include/tutorial_interfaces/tutorial_interfaces/msg/detail
[3.442s] -- Installing: /home/yura/firstprogram/install/tutorial_interfaces/include/tutorial_interfaces/tutorial_interfaces/msg/detail/num__rosidl_typesupport_introspection_c.h
[3.442s] -- Up-to-date: /home/yura/firstprogram/install/tutorial_interfaces/include/tutorial_interfaces/tutorial_interfaces/msg/detail/num__type_support.c
[3.442s] -- Up-to-date: /home/yura/firstprogram/install/tutorial_interfaces/include/tutorial_interfaces/tutorial_interfaces/msg/detail/coord__type_support.c
[3.443s] -- Installing: /home/yura/firstprogram/install/tutorial_interfaces/include/tutorial_interfaces/tutorial_interfaces/msg/detail/sphere__rosidl_typesupport_introspection_c.h
[3.443s] -- Up-to-date: /home/yura/firstprogram/install/tutorial_interfaces/include/tutorial_interfaces/tutorial_interfaces/msg/detail/sphere__type_support.c
[3.443s] -- Installing: /home/yura/firstprogram/install/tutorial_interfaces/include/tutorial_interfaces/tutorial_interfaces/msg/detail/coord__rosidl_typesupport_introspection_c.h
[3.443s] -- Up-to-date: /home/yura/firstprogram/install/tutorial_interfaces/include/tutorial_interfaces/tutorial_interfaces/msg/rosidl_typesupport_introspection_c__visibility_control.h
[3.443s] -- Up-to-date: /home/yura/firstprogram/install/tutorial_interfaces/include/tutorial_interfaces/tutorial_interfaces/srv
[3.443s] -- Up-to-date: /home/yura/firstprogram/install/tutorial_interfaces/include/tutorial_interfaces/tutorial_interfaces/srv/detail
[3.443s] -- Installing: /home/yura/firstprogram/install/tutorial_interfaces/include/tutorial_interfaces/tutorial_interfaces/srv/detail/add_three_ints__rosidl_typesupport_introspection_c.h
[3.443s] -- Up-to-date: /home/yura/firstprogram/install/tutorial_interfaces/include/tutorial_interfaces/tutorial_interfaces/srv/detail/add_three_ints__type_support.c
[3.443s] -- Installing: /home/yura/firstprogram/install/tutorial_interfaces/lib/libtutorial_interfaces__rosidl_typesupport_introspection_c.so
[3.443s] -- Set non-toolchain portion of runtime path of "/home/yura/firstprogram/install/tutorial_interfaces/lib/libtutorial_interfaces__rosidl_typesupport_introspection_c.so" to ""
[3.443s] -- Installing: /home/yura/firstprogram/install/tutorial_interfaces/lib/libtutorial_interfaces__rosidl_typesupport_c.so
[3.443s] -- Set non-toolchain portion of runtime path of "/home/yura/firstprogram/install/tutorial_interfaces/lib/libtutorial_interfaces__rosidl_typesupport_c.so" to ""
[3.443s] -- Up-to-date: /home/yura/firstprogram/install/tutorial_interfaces/include/tutorial_interfaces/tutorial_interfaces
[3.443s] -- Up-to-date: /home/yura/firstprogram/install/tutorial_interfaces/include/tutorial_interfaces/tutorial_interfaces/msg
[3.443s] -- Up-to-date: /home/yura/firstprogram/install/tutorial_interfaces/include/tutorial_interfaces/tutorial_interfaces/msg/detail
[3.443s] -- Installing: /home/yura/firstprogram/install/tutorial_interfaces/include/tutorial_interfaces/tutorial_interfaces/msg/detail/coord__type_support.cpp
[3.443s] -- Installing: /home/yura/firstprogram/install/tutorial_interfaces/include/tutorial_interfaces/tutorial_interfaces/msg/detail/sphere__rosidl_typesupport_introspection_cpp.hpp
[3.443s] -- Installing: /home/yura/firstprogram/install/tutorial_interfaces/include/tutorial_interfaces/tutorial_interfaces/msg/detail/num__rosidl_typesupport_introspection_cpp.hpp
[3.443s] -- Installing: /home/yura/firstprogram/install/tutorial_interfaces/include/tutorial_interfaces/tutorial_interfaces/msg/detail/coord__rosidl_typesupport_introspection_cpp.hpp
[3.443s] -- Installing: /home/yura/firstprogram/install/tutorial_interfaces/include/tutorial_interfaces/tutorial_interfaces/msg/detail/sphere__type_support.cpp
[3.443s] -- Installing: /home/yura/firstprogram/install/tutorial_interfaces/include/tutorial_interfaces/tutorial_interfaces/msg/detail/num__type_support.cpp
[3.443s] -- Up-to-date: /home/yura/firstprogram/install/tutorial_interfaces/include/tutorial_interfaces/tutorial_interfaces/srv
[3.443s] -- Up-to-date: /home/yura/firstprogram/install/tutorial_interfaces/include/tutorial_interfaces/tutorial_interfaces/srv/detail
[3.443s] -- Installing: /home/yura/firstprogram/install/tutorial_interfaces/include/tutorial_interfaces/tutorial_interfaces/srv/detail/add_three_ints__type_support.cpp
[3.443s] -- Installing: /home/yura/firstprogram/install/tutorial_interfaces/include/tutorial_interfaces/tutorial_interfaces/srv/detail/add_three_ints__rosidl_typesupport_introspection_cpp.hpp
[3.443s] -- Installing: /home/yura/firstprogram/install/tutorial_interfaces/lib/libtutorial_interfaces__rosidl_typesupport_introspection_cpp.so
[3.443s] -- Set non-toolchain portion of runtime path of "/home/yura/firstprogram/install/tutorial_interfaces/lib/libtutorial_interfaces__rosidl_typesupport_introspection_cpp.so" to ""
[3.444s] -- Installing: /home/yura/firstprogram/install/tutorial_interfaces/lib/libtutorial_interfaces__rosidl_typesupport_cpp.so
[3.444s] -- Set non-toolchain portion of runtime path of "/home/yura/firstprogram/install/tutorial_interfaces/lib/libtutorial_interfaces__rosidl_typesupport_cpp.so" to ""
[3.444s] -- Up-to-date: /home/yura/firstprogram/install/tutorial_interfaces/share/tutorial_interfaces/environment/pythonpath.sh
[3.444s] -- Up-to-date: /home/yura/firstprogram/install/tutorial_interfaces/share/tutorial_interfaces/environment/pythonpath.dsv
[3.444s] -- Up-to-date: /home/yura/firstprogram/install/tutorial_interfaces/lib/python3.12/site-packages/tutorial_interfaces-0.0.0-py3.12.egg-info
[3.444s] -- Installing: /home/yura/firstprogram/install/tutorial_interfaces/lib/python3.12/site-packages/tutorial_interfaces-0.0.0-py3.12.egg-info/PKG-INFO
[3.444s] -- Installing: /home/yura/firstprogram/install/tutorial_interfaces/lib/python3.12/site-packages/tutorial_interfaces-0.0.0-py3.12.egg-info/dependency_links.txt
[3.444s] -- Installing: /home/yura/firstprogram/install/tutorial_interfaces/lib/python3.12/site-packages/tutorial_interfaces-0.0.0-py3.12.egg-info/SOURCES.txt
[3.444s] -- Installing: /home/yura/firstprogram/install/tutorial_interfaces/lib/python3.12/site-packages/tutorial_interfaces-0.0.0-py3.12.egg-info/top_level.txt
[3.444s] -- Up-to-date: /home/yura/firstprogram/install/tutorial_interfaces/lib/python3.12/site-packages/tutorial_interfaces
[3.444s] -- Installing: /home/yura/firstprogram/install/tutorial_interfaces/lib/python3.12/site-packages/tutorial_interfaces/_tutorial_interfaces_s.ep.rosidl_typesupport_introspection_c.c
[3.444s] -- Installing: /home/yura/firstprogram/install/tutorial_interfaces/lib/python3.12/site-packages/tutorial_interfaces/tutorial_interfaces_s__rosidl_typesupport_c.so
[3.444s] -- Up-to-date: /home/yura/firstprogram/install/tutorial_interfaces/lib/python3.12/site-packages/tutorial_interfaces/msg
[3.444s] -- Installing: /home/yura/firstprogram/install/tutorial_interfaces/lib/python3.12/site-packages/tutorial_interfaces/msg/_sphere.py
[3.444s] -- Installing: /home/yura/firstprogram/install/tutorial_interfaces/lib/python3.12/site-packages/tutorial_interfaces/msg/_coord_s.c
[3.444s] -- Installing: /home/yura/firstprogram/install/tutorial_interfaces/lib/python3.12/site-packages/tutorial_interfaces/msg/_num.py
[3.444s] -- Installing: /home/yura/firstprogram/install/tutorial_interfaces/lib/python3.12/site-packages/tutorial_interfaces/msg/_coord.py
[3.444s] -- Installing: /home/yura/firstprogram/install/tutorial_interfaces/lib/python3.12/site-packages/tutorial_interfaces/msg/__init__.py
[3.444s] -- Installing: /home/yura/firstprogram/install/tutorial_interfaces/lib/python3.12/site-packages/tutorial_interfaces/msg/_num_s.c
[3.444s] -- Installing: /home/yura/firstprogram/install/tutorial_interfaces/lib/python3.12/site-packages/tutorial_interfaces/msg/_sphere_s.c
[3.444s] -- Installing: /home/yura/firstprogram/install/tutorial_interfaces/lib/python3.12/site-packages/tutorial_interfaces/_tutorial_interfaces_s.ep.rosidl_typesupport_fastrtps_c.c
[3.444s] -- Installing: /home/yura/firstprogram/install/tutorial_interfaces/lib/python3.12/site-packages/tutorial_interfaces/tutorial_interfaces_s__rosidl_typesupport_fastrtps_c.so
[3.444s] -- Installing: /home/yura/firstprogram/install/tutorial_interfaces/lib/python3.12/site-packages/tutorial_interfaces/__init__.py
[3.444s] -- Up-to-date: /home/yura/firstprogram/install/tutorial_interfaces/lib/python3.12/site-packages/tutorial_interfaces/srv
[3.444s] -- Installing: /home/yura/firstprogram/install/tutorial_interfaces/lib/python3.12/site-packages/tutorial_interfaces/srv/_add_three_ints.py
[3.444s] -- Installing: /home/yura/firstprogram/install/tutorial_interfaces/lib/python3.12/site-packages/tutorial_interfaces/srv/_add_three_ints_s.c
[3.444s] -- Installing: /home/yura/firstprogram/install/tutorial_interfaces/lib/python3.12/site-packages/tutorial_interfaces/srv/__init__.py
[3.444s] -- Installing: /home/yura/firstprogram/install/tutorial_interfaces/lib/python3.12/site-packages/tutorial_interfaces/_tutorial_interfaces_s.ep.rosidl_typesupport_c.c
[3.444s] -- Installing: /home/yura/firstprogram/install/tutorial_interfaces/lib/python3.12/site-packages/tutorial_interfaces/tutorial_interfaces_s__rosidl_typesupport_introspection_c.so
[3.473s] Listing '/home/yura/firstprogram/install/tutorial_interfaces/lib/python3.12/site-packages/tutorial_interfaces'...
[3.473s] Compiling '/home/yura/firstprogram/install/tutorial_interfaces/lib/python3.12/site-packages/tutorial_interfaces/__init__.py'...
[3.473s] Listing '/home/yura/firstprogram/install/tutorial_interfaces/lib/python3.12/site-packages/tutorial_interfaces/msg'...
[3.473s] Compiling '/home/yura/firstprogram/install/tutorial_interfaces/lib/python3.12/site-packages/tutorial_interfaces/msg/__init__.py'...
[3.473s] Compiling '/home/yura/firstprogram/install/tutorial_interfaces/lib/python3.12/site-packages/tutorial_interfaces/msg/_coord.py'...
[3.473s] Compiling '/home/yura/firstprogram/install/tutorial_interfaces/lib/python3.12/site-packages/tutorial_interfaces/msg/_num.py'...
[3.473s] Compiling '/home/yura/firstprogram/install/tutorial_interfaces/lib/python3.12/site-packages/tutorial_interfaces/msg/_sphere.py'...
[3.473s] Listing '/home/yura/firstprogram/install/tutorial_interfaces/lib/python3.12/site-packages/tutorial_interfaces/srv'...
[3.473s] Compiling '/home/yura/firstprogram/install/tutorial_interfaces/lib/python3.12/site-packages/tutorial_interfaces/srv/__init__.py'...
[3.473s] Compiling '/home/yura/firstprogram/install/tutorial_interfaces/lib/python3.12/site-packages/tutorial_interfaces/srv/_add_three_ints.py'...
[3.477s] -- Installing: /home/yura/firstprogram/install/tutorial_interfaces/lib/python3.12/site-packages/tutorial_interfaces/tutorial_interfaces_s__rosidl_typesupport_fastrtps_c.so
[3.477s] -- Set non-toolchain portion of runtime path of "/home/yura/firstprogram/install/tutorial_interfaces/lib/python3.12/site-packages/tutorial_interfaces/tutorial_interfaces_s__rosidl_typesupport_fastrtps_c.so" to ""
[3.477s] -- Installing: /home/yura/firstprogram/install/tutorial_interfaces/lib/python3.12/site-packages/tutorial_interfaces/tutorial_interfaces_s__rosidl_typesupport_introspection_c.so
[3.478s] -- Set non-toolchain portion of runtime path of "/home/yura/firstprogram/install/tutorial_interfaces/lib/python3.12/site-packages/tutorial_interfaces/tutorial_interfaces_s__rosidl_typesupport_introspection_c.so" to ""
[3.478s] -- Installing: /home/yura/firstprogram/install/tutorial_interfaces/lib/python3.12/site-packages/tutorial_interfaces/tutorial_interfaces_s__rosidl_typesupport_c.so
[3.478s] -- Set non-toolchain portion of runtime path of "/home/yura/firstprogram/install/tutorial_interfaces/lib/python3.12/site-packages/tutorial_interfaces/tutorial_interfaces_s__rosidl_typesupport_c.so" to ""
[3.478s] -- Installing: /home/yura/firstprogram/install/tutorial_interfaces/lib/libtutorial_interfaces__rosidl_generator_py.so
[3.478s] -- Set non-toolchain portion of runtime path of "/home/yura/firstprogram/install/tutorial_interfaces/lib/libtutorial_interfaces__rosidl_generator_py.so" to ""
[3.478s] -- Up-to-date: /home/yura/firstprogram/install/tutorial_interfaces/share/ament_index/resource_index/rust_packages/tutorial_interfaces
[3.478s] -- Up-to-date: /home/yura/firstprogram/install/tutorial_interfaces/share/tutorial_interfaces/rust
[3.479s] -- Installing: /home/yura/firstprogram/install/tutorial_interfaces/share/tutorial_interfaces/rust/Cargo.toml
[3.479s] -- Up-to-date: /home/yura/firstprogram/install/tutorial_interfaces/share/tutorial_interfaces/rust/src
[3.479s] -- Installing: /home/yura/firstprogram/install/tutorial_interfaces/share/tutorial_interfaces/rust/src/msg.rs
[3.479s] -- Up-to-date: /home/yura/firstprogram/install/tutorial_interfaces/share/tutorial_interfaces/rust/src/msg
[3.479s] -- Installing: /home/yura/firstprogram/install/tutorial_interfaces/share/tutorial_interfaces/rust/src/msg/rmw.rs
[3.479s] -- Installing: /home/yura/firstprogram/install/tutorial_interfaces/share/tutorial_interfaces/rust/src/srv.rs
[3.479s] -- Up-to-date: /home/yura/firstprogram/install/tutorial_interfaces/share/tutorial_interfaces/rust/src/srv
[3.479s] -- Installing: /home/yura/firstprogram/install/tutorial_interfaces/share/tutorial_interfaces/rust/src/srv/rmw.rs
[3.479s] -- Installing: /home/yura/firstprogram/install/tutorial_interfaces/share/tutorial_interfaces/rust/src/lib.rs
[3.479s] -- Installing: /home/yura/firstprogram/install/tutorial_interfaces/share/tutorial_interfaces/rust/build.rs
[3.479s] -- Up-to-date: /home/yura/firstprogram/install/tutorial_interfaces/share/tutorial_interfaces/msg/Num.idl
[3.479s] -- Up-to-date: /home/yura/firstprogram/install/tutorial_interfaces/share/tutorial_interfaces/msg/Sphere.idl
[3.479s] -- Installing: /home/yura/firstprogram/install/tutorial_interfaces/share/tutorial_interfaces/msg/Coord.idl
[3.479s] -- Up-to-date: /home/yura/firstprogram/install/tutorial_interfaces/share/tutorial_interfaces/srv/AddThreeInts.idl
[3.479s] -- Installing: /home/yura/firstprogram/install/tutorial_interfaces/share/tutorial_interfaces/msg/Num.msg
[3.479s] -- Up-to-date: /home/yura/firstprogram/install/tutorial_interfaces/share/tutorial_interfaces/msg/Sphere.msg
[3.479s] -- Installing: /home/yura/firstprogram/install/tutorial_interfaces/share/tutorial_interfaces/msg/Coord.msg
[3.479s] -- Up-to-date: /home/yura/firstprogram/install/tutorial_interfaces/share/tutorial_interfaces/srv/AddThreeInts.srv
[3.479s] -- Up-to-date: /home/yura/firstprogram/install/tutorial_interfaces/share/ament_index/resource_index/package_run_dependencies/tutorial_interfaces
[3.479s] -- Up-to-date: /home/yura/firstprogram/install/tutorial_interfaces/share/ament_index/resource_index/parent_prefix_path/tutorial_interfaces
[3.479s] -- Up-to-date: /home/yura/firstprogram/install/tutorial_interfaces/share/tutorial_interfaces/environment/ament_prefix_path.sh
[3.480s] -- Up-to-date: /home/yura/firstprogram/install/tutorial_interfaces/share/tutorial_interfaces/environment/ament_prefix_path.dsv
[3.480s] -- Up-to-date: /home/yura/firstprogram/install/tutorial_interfaces/share/tutorial_interfaces/environment/path.sh
[3.480s] -- Up-to-date: /home/yura/firstprogram/install/tutorial_interfaces/share/tutorial_interfaces/environment/path.dsv
[3.480s] -- Up-to-date: /home/yura/firstprogram/install/tutorial_interfaces/share/tutorial_interfaces/local_setup.bash
[3.480s] -- Up-to-date: /home/yura/firstprogram/install/tutorial_interfaces/share/tutorial_interfaces/local_setup.sh
[3.480s] -- Up-to-date: /home/yura/firstprogram/install/tutorial_interfaces/share/tutorial_interfaces/local_setup.zsh
[3.480s] -- Up-to-date: /home/yura/firstprogram/install/tutorial_interfaces/share/tutorial_interfaces/local_setup.dsv
[3.480s] -- Installing: /home/yura/firstprogram/install/tutorial_interfaces/share/tutorial_interfaces/package.dsv
[3.480s] -- Up-to-date: /home/yura/firstprogram/install/tutorial_interfaces/share/ament_index/resource_index/packages/tutorial_interfaces
[3.480s] -- Up-to-date: /home/yura/firstprogram/install/tutorial_interfaces/share/tutorial_interfaces/cmake/export_tutorial_interfaces__rosidl_generator_cExport.cmake
[3.480s] -- Up-to-date: /home/yura/firstprogram/install/tutorial_interfaces/share/tutorial_interfaces/cmake/export_tutorial_interfaces__rosidl_generator_cExport-noconfig.cmake
[3.480s] -- Up-to-date: /home/yura/firstprogram/install/tutorial_interfaces/share/tutorial_interfaces/cmake/export_tutorial_interfaces__rosidl_typesupport_fastrtps_cExport.cmake
[3.480s] -- Up-to-date: /home/yura/firstprogram/install/tutorial_interfaces/share/tutorial_interfaces/cmake/export_tutorial_interfaces__rosidl_typesupport_fastrtps_cExport-noconfig.cmake
[3.480s] -- Up-to-date: /home/yura/firstprogram/install/tutorial_interfaces/share/tutorial_interfaces/cmake/export_tutorial_interfaces__rosidl_generator_cppExport.cmake
[3.480s] -- Up-to-date: /home/yura/firstprogram/install/tutorial_interfaces/share/tutorial_interfaces/cmake/export_tutorial_interfaces__rosidl_typesupport_fastrtps_cppExport.cmake
[3.480s] -- Up-to-date: /home/yura/firstprogram/install/tutorial_interfaces/share/tutorial_interfaces/cmake/export_tutorial_interfaces__rosidl_typesupport_fastrtps_cppExport-noconfig.cmake
[3.480s] -- Up-to-date: /home/yura/firstprogram/install/tutorial_interfaces/share/tutorial_interfaces/cmake/tutorial_interfaces__rosidl_typesupport_introspection_cExport.cmake
[3.480s] -- Up-to-date: /home/yura/firstprogram/install/tutorial_interfaces/share/tutorial_interfaces/cmake/tutorial_interfaces__rosidl_typesupport_introspection_cExport-noconfig.cmake
[3.480s] -- Up-to-date: /home/yura/firstprogram/install/tutorial_interfaces/share/tutorial_interfaces/cmake/tutorial_interfaces__rosidl_typesupport_cExport.cmake
[3.480s] -- Up-to-date: /home/yura/firstprogram/install/tutorial_interfaces/share/tutorial_interfaces/cmake/tutorial_interfaces__rosidl_typesupport_cExport-noconfig.cmake
[3.480s] -- Up-to-date: /home/yura/firstprogram/install/tutorial_interfaces/share/tutorial_interfaces/cmake/tutorial_interfaces__rosidl_typesupport_introspection_cppExport.cmake
[3.480s] -- Up-to-date: /home/yura/firstprogram/install/tutorial_interfaces/share/tutorial_interfaces/cmake/tutorial_interfaces__rosidl_typesupport_introspection_cppExport-noconfig.cmake
[3.480s] -- Up-to-date: /home/yura/firstprogram/install/tutorial_interfaces/share/tutorial_interfaces/cmake/tutorial_interfaces__rosidl_typesupport_cppExport.cmake
[3.480s] -- Up-to-date: /home/yura/firstprogram/install/tutorial_interfaces/share/tutorial_interfaces/cmake/tutorial_interfaces__rosidl_typesupport_cppExport-noconfig.cmake
[3.480s] -- Up-to-date: /home/yura/firstprogram/install/tutorial_interfaces/share/tutorial_interfaces/cmake/export_tutorial_interfaces__rosidl_generator_pyExport.cmake
[3.480s] -- Up-to-date: /home/yura/firstprogram/install/tutorial_interfaces/share/tutorial_interfaces/cmake/export_tutorial_interfaces__rosidl_generator_pyExport-noconfig.cmake
[3.480s] -- Installing: /home/yura/firstprogram/install/tutorial_interfaces/share/tutorial_interfaces/cmake/rosidl_cmake-extras.cmake
[3.481s] -- Up-to-date: /home/yura/firstprogram/install/tutorial_interfaces/share/tutorial_interfaces/cmake/ament_cmake_export_dependencies-extras.cmake
[3.481s] -- Up-to-date: /home/yura/firstprogram/install/tutorial_interfaces/share/tutorial_interfaces/cmake/ament_cmake_export_include_directories-extras.cmake
[3.481s] -- Up-to-date: /home/yura/firstprogram/install/tutorial_interfaces/share/tutorial_interfaces/cmake/ament_cmake_export_libraries-extras.cmake
[3.481s] -- Up-to-date: /home/yura/firstprogram/install/tutorial_interfaces/share/tutorial_interfaces/cmake/ament_cmake_export_targets-extras.cmake
[3.481s] -- Up-to-date: /home/yura/firstprogram/install/tutorial_interfaces/share/tutorial_interfaces/cmake/rosidl_cmake_export_typesupport_targets-extras.cmake
[3.481s] -- Up-to-date: /home/yura/firstprogram/install/tutorial_interfaces/share/tutorial_interfaces/cmake/rosidl_cmake_export_typesupport_libraries-extras.cmake
[3.481s] -- Up-to-date: /home/yura/firstprogram/install/tutorial_interfaces/share/tutorial_interfaces/cmake/tutorial_interfacesConfig.cmake
[3.481s] -- Up-to-date: /home/yura/firstprogram/install/tutorial_interfaces/share/tutorial_interfaces/cmake/tutorial_interfacesConfig-version.cmake
[3.481s] -- Up-to-date: /home/yura/firstprogram/install/tutorial_interfaces/share/tutorial_interfaces/package.xml
[3.482s] Invoked command in '/home/yura/firstprogram/build/tutorial_interfaces' returned '0': CMAKE_PREFIX_PATH=${CMAKE_PREFIX_PATH}:/opt/ros/jazzy DEBUGINFOD_URLS=https://debuginfod.ubuntu.com /usr/bin/cmake --install /home/yura/firstprogram/build/tutorial_interfaces
