[0.008s] Invoking command in '/home/yura/firstprogram/build/tutorial_interfaces': DEBUGINFOD_URLS=https://debuginfod.ubuntu.com /usr/bin/cmake --build /home/yura/firstprogram/build/tutorial_interfaces -- -j12 -l12
[0.029s] -- Found ament_cmake: 2.5.6 (/opt/ros/jazzy/share/ament_cmake/cmake)
[0.105s] -- Found geometry_msgs: 5.3.7 (/opt/ros/jazzy/share/geometry_msgs/cmake)
[0.122s] -- Found rosidl_generator_c: 4.6.7 (/opt/ros/jazzy/share/rosidl_generator_c/cmake)
[0.127s] -- Found rosidl_generator_cpp: 4.6.7 (/opt/ros/jazzy/share/rosidl_generator_cpp/cmake)
[0.134s] -- Using all available rosidl_typesupport_c: rosidl_typesupport_fastrtps_c;rosidl_typesupport_introspection_c
[0.142s] -- Using all available rosidl_typesupport_cpp: rosidl_typesupport_fastrtps_cpp;rosidl_typesupport_introspection_cpp
[0.168s] -- Found rosidl_default_generators: 1.6.0 (/opt/ros/jazzy/share/rosidl_default_generators/cmake)
[0.174s] -- Found rosidl_adapter: 4.6.7 (/opt/ros/jazzy/share/rosidl_adapter/cmake)
[0.176s] -- Found rclcpp: 28.1.18 (/opt/ros/jazzy/share/rclcpp/cmake)
[0.216s] -- Found rmw_implementation_cmake: 7.3.3 (/opt/ros/jazzy/share/rmw_implementation_cmake/cmake)
[0.218s] -- Found rmw_fastrtps_cpp: 8.4.3 (/opt/ros/jazzy/share/rmw_fastrtps_cpp/cmake)
[0.279s] -- Found OpenSSL: /usr/lib/x86_64-linux-gnu/libcrypto.so (found version "3.0.13")  
[0.292s] -- Found FastRTPS: /opt/ros/jazzy/include (Required is at least version "2.13") 
[0.310s] -- Using RMW implementation 'rmw_fastrtps_cpp' as default
[0.355s] -- Found tutorial_interfaces: 0.0.0 (/home/yura/firstprogram/install/tutorial_interfaces/share/tutorial_interfaces/cmake)
[0.490s] Error parsing '/home/yura/firstprogram/src/tutorial_interfaces/package.xml':
[2.284s] Traceback (most recent call last):
[2.284s]   File "/opt/ros/jazzy/share/ament_cmake_core/cmake/core/package_xml_2_cmake.py", line 150, in <module>
[2.284s]     main()
[2.284s]   File "/opt/ros/jazzy/share/ament_cmake_core/cmake/core/package_xml_2_cmake.py", line 53, in main
[2.284s]     raise e
[2.284s]   File "/opt/ros/jazzy/share/ament_cmake_core/cmake/core/package_xml_2_cmake.py", line 49, in main
[2.284s]     package = parse_package_string(
[2.285s]               ^^^^^^^^^^^^^^^^^^^^^
[2.285s]   File "/usr/lib/python3/dist-packages/catkin_pkg/package.py", line 788, in parse_package_string
[2.285s]     pkg.validate(warnings=warnings)
[2.285s]   File "/usr/lib/python3/dist-packages/catkin_pkg/package.py", line 330, in validate
[2.285s]     raise InvalidPackage('\n'.join(errors), self.filename)
[2.285s] catkin_pkg.package.InvalidPackage: Error(s) in package '/home/yura/firstprogram/src/tutorial_interfaces/package.xml':
[2.285s] The package "tutorial_interfaces" must not "build_depend" on a package with the same name as this package
[2.285s] The package "tutorial_interfaces" must not "build_export_depend" on a package with the same name as this package
[2.285s] The package "tutorial_interfaces" must not "exec_depend" on a package with the same name as this package
[2.312s] [31mCMake Error at /opt/ros/jazzy/share/ament_cmake_core/cmake/core/ament_package_xml.cmake:95 (message):
[2.312s]   execute_process(/usr/bin/python3
[2.313s]   /opt/ros/jazzy/share/ament_cmake_core/cmake/core/package_xml_2_cmake.py
[2.313s]   /home/yura/firstprogram/src/tutorial_interfaces/package.xml
[2.313s]   /home/yura/firstprogram/build/tutorial_interfaces/ament_cmake_core/package.cmake)
[2.313s]   returned error code 1
[2.313s] Call Stack (most recent call first):
[2.313s]   /opt/ros/jazzy/share/ament_cmake_core/cmake/core/ament_package_xml.cmake:49 (_ament_package_xml)
[2.313s]   /opt/ros/jazzy/share/rosidl_cmake/cmake/rosidl_generate_interfaces.cmake:220 (ament_package_xml)
[2.313s]   CMakeLists.txt:25 (rosidl_generate_interfaces)
[2.313s] 
[2.313s] [0m
[2.313s] -- Configuring incomplete, errors occurred!
[2.318s] gmake: *** [Makefile:1369: cmake_check_build_system] Error 1
[2.320s] Invoked command in '/home/yura/firstprogram/build/tutorial_interfaces' returned '2': DEBUGINFOD_URLS=https://debuginfod.ubuntu.com /usr/bin/cmake --build /home/yura/firstprogram/build/tutorial_interfaces -- -j12 -l12
