-- Found ament_cmake: 2.5.6 (/opt/ros/jazzy/share/ament_cmake/cmake)
-- Found rclcpp: 28.1.18 (/opt/ros/jazzy/share/rclcpp/cmake)
-- Found rosidl_generator_c: 4.6.7 (/opt/ros/jazzy/share/rosidl_generator_c/cmake)
-- Found rosidl_generator_cpp: 4.6.7 (/opt/ros/jazzy/share/rosidl_generator_cpp/cmake)
-- Using all available rosidl_typesupport_c: rosidl_typesupport_fastrtps_c;rosidl_typesupport_introspection_c
-- Using all available rosidl_typesupport_cpp: rosidl_typesupport_fastrtps_cpp;rosidl_typesupport_introspection_cpp
-- Found rmw_implementation_cmake: 7.3.3 (/opt/ros/jazzy/share/rmw_implementation_cmake/cmake)
-- Found rmw_fastrtps_cpp: 8.4.3 (/opt/ros/jazzy/share/rmw_fastrtps_cpp/cmake)
-- Using RMW implementation 'rmw_fastrtps_cpp' as default
-- Configuring incomplete, errors occurred!
[31mCMake Error at CMakeLists.txt:14 (find_package):
  By not providing "Findros_tutorials.cmake" in CMAKE_MODULE_PATH this
  project has asked CMake to find a package configuration file provided by
  "ros_tutorials", but CMake did not find one.

  Could not find a package configuration file provided by "ros_tutorials"
  with any of the following names:

    ros_tutorialsConfig.cmake
    ros_tutorials-config.cmake

  Add the installation prefix of "ros_tutorials" to CMAKE_PREFIX_PATH or set
  "ros_tutorials_DIR" to a directory containing one of the above files.  If
  "ros_tutorials" provides a separate development package or SDK, be sure it
  has been installed.

[0m
gmake: *** [Makefile:226: cmake_check_build_system] Error 1
