[0.014s] Invoking command in '/home/yura/firstprogram/build/turtlesim': CMAKE_PREFIX_PATH=${CMAKE_PREFIX_PATH}:/opt/ros/jazzy DEBUGINFOD_URLS=https://debuginfod.ubuntu.com /usr/bin/cmake --build /home/yura/firstprogram/build/turtlesim -- -j12 -l12
[0.119s] [  1%] Built target turtlesim__rs
[0.121s] [  2%] Built target turtlesim__rosidl_generator_type_description
[0.141s] [  2%] Built target turtlesim__cpp
[0.142s] [  2%] Built target ament_cmake_python_copy_turtlesim
[0.154s] [ 25%] Built target turtlesim__rosidl_generator_c
[0.179s] [ 34%] Built target turtlesim__rosidl_typesupport_introspection_c
[0.180s] [ 42%] Built target turtlesim__rosidl_typesupport_cpp
[0.186s] [ 51%] Built target turtlesim__rosidl_typesupport_c
[0.186s] [ 59%] Built target turtlesim__rosidl_typesupport_fastrtps_cpp
[0.187s] [ 68%] Built target turtlesim__rosidl_typesupport_fastrtps_c
[0.190s] [ 76%] Built target turtlesim__rosidl_typesupport_introspection_cpp
[0.208s] [ 77%] Built target draw_square
[0.209s] [ 77%] Built target turtlesim
[0.210s] [ 79%] Built target mimic
[0.210s] [ 81%] Built target turtle_teleop_key
[0.220s] [ 86%] Built target turtlesim_node
[0.228s] [ 87%] Built target turtlesim__py
[0.253s] [ 94%] Built target turtlesim__rosidl_generator_py
[0.269s] [ 96%] Built target turtlesim_s__rosidl_typesupport_introspection_c
[0.271s] [ 98%] Built target turtlesim_s__rosidl_typesupport_fastrtps_c
[0.274s] [100%] Built target turtlesim_s__rosidl_typesupport_c
[0.322s] running egg_info
[0.333s] writing turtlesim.egg-info/PKG-INFO
[0.333s] writing dependency_links to turtlesim.egg-info/dependency_links.txt
[0.333s] writing top-level names to turtlesim.egg-info/top_level.txt
[0.368s] reading manifest file 'turtlesim.egg-info/SOURCES.txt'
[0.368s] writing manifest file 'turtlesim.egg-info/SOURCES.txt'
[0.389s] [100%] Built target ament_cmake_python_build_turtlesim_egg
[0.401s] Invoked command in '/home/yura/firstprogram/build/turtlesim' returned '0': CMAKE_PREFIX_PATH=${CMAKE_PREFIX_PATH}:/opt/ros/jazzy DEBUGINFOD_URLS=https://debuginfod.ubuntu.com /usr/bin/cmake --build /home/yura/firstprogram/build/turtlesim -- -j12 -l12
[0.409s] Invoking command in '/home/yura/firstprogram/build/turtlesim': CMAKE_PREFIX_PATH=${CMAKE_PREFIX_PATH}:/opt/ros/jazzy DEBUGINFOD_URLS=https://debuginfod.ubuntu.com /usr/bin/cmake --install /home/yura/firstprogram/build/turtlesim
[0.418s] -- Install configuration: ""
[0.420s] -- Up-to-date: /home/yura/firstprogram/install/turtlesim/share/ament_index/resource_index/rosidl_interfaces/turtlesim
[0.420s] -- Up-to-date: /home/yura/firstprogram/install/turtlesim/share/turtlesim/action/RotateAbsolute.json
[0.420s] -- Up-to-date: /home/yura/firstprogram/install/turtlesim/share/turtlesim/msg/Color.json
[0.420s] -- Up-to-date: /home/yura/firstprogram/install/turtlesim/share/turtlesim/msg/Pose.json
[0.420s] -- Up-to-date: /home/yura/firstprogram/install/turtlesim/share/turtlesim/srv/Kill.json
[0.421s] -- Up-to-date: /home/yura/firstprogram/install/turtlesim/share/turtlesim/srv/SetPen.json
[0.421s] -- Up-to-date: /home/yura/firstprogram/install/turtlesim/share/turtlesim/srv/Spawn.json
[0.421s] -- Up-to-date: /home/yura/firstprogram/install/turtlesim/share/turtlesim/srv/TeleportAbsolute.json
[0.421s] -- Up-to-date: /home/yura/firstprogram/install/turtlesim/share/turtlesim/srv/TeleportRelative.json
[0.421s] -- Up-to-date: /home/yura/firstprogram/install/turtlesim/include/turtlesim/turtlesim
[0.421s] -- Up-to-date: /home/yura/firstprogram/install/turtlesim/include/turtlesim/turtlesim/msg
[0.424s] -- Up-to-date: /home/yura/firstprogram/install/turtlesim/include/turtlesim/turtlesim/msg/pose.h
[0.424s] -- Up-to-date: /home/yura/firstprogram/install/turtlesim/include/turtlesim/turtlesim/msg/detail
[0.424s] -- Up-to-date: /home/yura/firstprogram/install/turtlesim/include/turtlesim/turtlesim/msg/detail/color__description.c
[0.424s] -- Up-to-date: /home/yura/firstprogram/install/turtlesim/include/turtlesim/turtlesim/msg/detail/pose__struct.h
[0.424s] -- Up-to-date: /home/yura/firstprogram/install/turtlesim/include/turtlesim/turtlesim/msg/detail/color__type_support.h
[0.424s] -- Up-to-date: /home/yura/firstprogram/install/turtlesim/include/turtlesim/turtlesim/msg/detail/color__struct.h
[0.424s] -- Up-to-date: /home/yura/firstprogram/install/turtlesim/include/turtlesim/turtlesim/msg/detail/color__functions.c
[0.424s] -- Up-to-date: /home/yura/firstprogram/install/turtlesim/include/turtlesim/turtlesim/msg/detail/color__type_support.c
[0.424s] -- Up-to-date: /home/yura/firstprogram/install/turtlesim/include/turtlesim/turtlesim/msg/detail/pose__type_support.c
[0.424s] -- Up-to-date: /home/yura/firstprogram/install/turtlesim/include/turtlesim/turtlesim/msg/detail/pose__functions.c
[0.424s] -- Up-to-date: /home/yura/firstprogram/install/turtlesim/include/turtlesim/turtlesim/msg/detail/color__functions.h
[0.425s] -- Up-to-date: /home/yura/firstprogram/install/turtlesim/include/turtlesim/turtlesim/msg/detail/pose__description.c
[0.425s] -- Up-to-date: /home/yura/firstprogram/install/turtlesim/include/turtlesim/turtlesim/msg/detail/pose__type_support.h
[0.425s] -- Up-to-date: /home/yura/firstprogram/install/turtlesim/include/turtlesim/turtlesim/msg/detail/pose__functions.h
[0.426s] -- Up-to-date: /home/yura/firstprogram/install/turtlesim/include/turtlesim/turtlesim/msg/rosidl_generator_c__visibility_control.h
[0.426s] -- Up-to-date: /home/yura/firstprogram/install/turtlesim/include/turtlesim/turtlesim/msg/color.h
[0.426s] -- Up-to-date: /home/yura/firstprogram/install/turtlesim/include/turtlesim/turtlesim/srv
[0.426s] -- Up-to-date: /home/yura/firstprogram/install/turtlesim/include/turtlesim/turtlesim/srv/teleport_absolute.h
[0.426s] -- Up-to-date: /home/yura/firstprogram/install/turtlesim/include/turtlesim/turtlesim/srv/detail
[0.426s] -- Up-to-date: /home/yura/firstprogram/install/turtlesim/include/turtlesim/turtlesim/srv/detail/set_pen__type_support.h
[0.426s] -- Up-to-date: /home/yura/firstprogram/install/turtlesim/include/turtlesim/turtlesim/srv/detail/kill__functions.c
[0.426s] -- Up-to-date: /home/yura/firstprogram/install/turtlesim/include/turtlesim/turtlesim/srv/detail/kill__type_support.h
[0.427s] -- Up-to-date: /home/yura/firstprogram/install/turtlesim/include/turtlesim/turtlesim/srv/detail/kill__struct.h
[0.427s] -- Up-to-date: /home/yura/firstprogram/install/turtlesim/include/turtlesim/turtlesim/srv/detail/teleport_relative__functions.c
[0.427s] -- Up-to-date: /home/yura/firstprogram/install/turtlesim/include/turtlesim/turtlesim/srv/detail/set_pen__functions.c
[0.427s] -- Up-to-date: /home/yura/firstprogram/install/turtlesim/include/turtlesim/turtlesim/srv/detail/spawn__description.c
[0.427s] -- Up-to-date: /home/yura/firstprogram/install/turtlesim/include/turtlesim/turtlesim/srv/detail/spawn__functions.c
[0.427s] -- Up-to-date: /home/yura/firstprogram/install/turtlesim/include/turtlesim/turtlesim/srv/detail/spawn__struct.h
[0.427s] -- Up-to-date: /home/yura/firstprogram/install/turtlesim/include/turtlesim/turtlesim/srv/detail/spawn__type_support.h
[0.427s] -- Up-to-date: /home/yura/firstprogram/install/turtlesim/include/turtlesim/turtlesim/srv/detail/kill__functions.h
[0.427s] -- Up-to-date: /home/yura/firstprogram/install/turtlesim/include/turtlesim/turtlesim/srv/detail/set_pen__struct.h
[0.427s] -- Up-to-date: /home/yura/firstprogram/install/turtlesim/include/turtlesim/turtlesim/srv/detail/teleport_absolute__type_support.c
[0.427s] -- Up-to-date: /home/yura/firstprogram/install/turtlesim/include/turtlesim/turtlesim/srv/detail/kill__type_support.c
[0.427s] -- Up-to-date: /home/yura/firstprogram/install/turtlesim/include/turtlesim/turtlesim/srv/detail/set_pen__functions.h
[0.428s] -- Up-to-date: /home/yura/firstprogram/install/turtlesim/include/turtlesim/turtlesim/srv/detail/set_pen__description.c
[0.428s] -- Up-to-date: /home/yura/firstprogram/install/turtlesim/include/turtlesim/turtlesim/srv/detail/teleport_relative__functions.h
[0.428s] -- Up-to-date: /home/yura/firstprogram/install/turtlesim/include/turtlesim/turtlesim/srv/detail/teleport_absolute__description.c
[0.428s] -- Up-to-date: /home/yura/firstprogram/install/turtlesim/include/turtlesim/turtlesim/srv/detail/teleport_relative__type_support.h
[0.428s] -- Up-to-date: /home/yura/firstprogram/install/turtlesim/include/turtlesim/turtlesim/srv/detail/teleport_absolute__functions.h
[0.428s] -- Up-to-date: /home/yura/firstprogram/install/turtlesim/include/turtlesim/turtlesim/srv/detail/teleport_relative__type_support.c
[0.428s] -- Up-to-date: /home/yura/firstprogram/install/turtlesim/include/turtlesim/turtlesim/srv/detail/set_pen__type_support.c
[0.428s] -- Up-to-date: /home/yura/firstprogram/install/turtlesim/include/turtlesim/turtlesim/srv/detail/teleport_absolute__struct.h
[0.428s] -- Up-to-date: /home/yura/firstprogram/install/turtlesim/include/turtlesim/turtlesim/srv/detail/spawn__type_support.c
[0.428s] -- Up-to-date: /home/yura/firstprogram/install/turtlesim/include/turtlesim/turtlesim/srv/detail/teleport_relative__struct.h
[0.428s] -- Up-to-date: /home/yura/firstprogram/install/turtlesim/include/turtlesim/turtlesim/srv/detail/kill__description.c
[0.428s] -- Up-to-date: /home/yura/firstprogram/install/turtlesim/include/turtlesim/turtlesim/srv/detail/teleport_absolute__functions.c
[0.428s] -- Up-to-date: /home/yura/firstprogram/install/turtlesim/include/turtlesim/turtlesim/srv/detail/spawn__functions.h
[0.429s] -- Up-to-date: /home/yura/firstprogram/install/turtlesim/include/turtlesim/turtlesim/srv/detail/teleport_absolute__type_support.h
[0.429s] -- Up-to-date: /home/yura/firstprogram/install/turtlesim/include/turtlesim/turtlesim/srv/detail/teleport_relative__description.c
[0.429s] -- Up-to-date: /home/yura/firstprogram/install/turtlesim/include/turtlesim/turtlesim/srv/set_pen.h
[0.429s] -- Up-to-date: /home/yura/firstprogram/install/turtlesim/include/turtlesim/turtlesim/srv/spawn.h
[0.429s] -- Up-to-date: /home/yura/firstprogram/install/turtlesim/include/turtlesim/turtlesim/srv/teleport_relative.h
[0.429s] -- Up-to-date: /home/yura/firstprogram/install/turtlesim/include/turtlesim/turtlesim/srv/kill.h
[0.429s] -- Up-to-date: /home/yura/firstprogram/install/turtlesim/include/turtlesim/turtlesim/action
[0.430s] -- Up-to-date: /home/yura/firstprogram/install/turtlesim/include/turtlesim/turtlesim/action/detail
[0.430s] -- Up-to-date: /home/yura/firstprogram/install/turtlesim/include/turtlesim/turtlesim/action/detail/rotate_absolute__functions.h
[0.430s] -- Up-to-date: /home/yura/firstprogram/install/turtlesim/include/turtlesim/turtlesim/action/detail/rotate_absolute__type_support.c
[0.430s] -- Up-to-date: /home/yura/firstprogram/install/turtlesim/include/turtlesim/turtlesim/action/detail/rotate_absolute__functions.c
[0.430s] -- Up-to-date: /home/yura/firstprogram/install/turtlesim/include/turtlesim/turtlesim/action/detail/rotate_absolute__struct.h
[0.430s] -- Up-to-date: /home/yura/firstprogram/install/turtlesim/include/turtlesim/turtlesim/action/detail/rotate_absolute__description.c
[0.430s] -- Up-to-date: /home/yura/firstprogram/install/turtlesim/include/turtlesim/turtlesim/action/detail/rotate_absolute__type_support.h
[0.430s] -- Up-to-date: /home/yura/firstprogram/install/turtlesim/include/turtlesim/turtlesim/action/rotate_absolute.h
[0.430s] -- Up-to-date: /home/yura/firstprogram/install/turtlesim/share/turtlesim/environment/library_path.sh
[0.430s] -- Up-to-date: /home/yura/firstprogram/install/turtlesim/share/turtlesim/environment/library_path.dsv
[0.430s] -- Up-to-date: /home/yura/firstprogram/install/turtlesim/lib/libturtlesim__rosidl_generator_c.so
[0.431s] -- Up-to-date: /home/yura/firstprogram/install/turtlesim/include/turtlesim/turtlesim
[0.431s] -- Up-to-date: /home/yura/firstprogram/install/turtlesim/include/turtlesim/turtlesim/msg
[0.431s] -- Up-to-date: /home/yura/firstprogram/install/turtlesim/include/turtlesim/turtlesim/msg/rosidl_typesupport_fastrtps_c__visibility_control.h
[0.431s] -- Up-to-date: /home/yura/firstprogram/install/turtlesim/include/turtlesim/turtlesim/msg/detail
[0.431s] -- Up-to-date: /home/yura/firstprogram/install/turtlesim/include/turtlesim/turtlesim/msg/detail/pose__rosidl_typesupport_fastrtps_c.h
[0.431s] -- Up-to-date: /home/yura/firstprogram/install/turtlesim/include/turtlesim/turtlesim/msg/detail/color__rosidl_typesupport_fastrtps_c.h
[0.431s] -- Up-to-date: /home/yura/firstprogram/install/turtlesim/include/turtlesim/turtlesim/srv
[0.431s] -- Up-to-date: /home/yura/firstprogram/install/turtlesim/include/turtlesim/turtlesim/srv/detail
[0.431s] -- Up-to-date: /home/yura/firstprogram/install/turtlesim/include/turtlesim/turtlesim/srv/detail/spawn__rosidl_typesupport_fastrtps_c.h
[0.431s] -- Up-to-date: /home/yura/firstprogram/install/turtlesim/include/turtlesim/turtlesim/srv/detail/teleport_absolute__rosidl_typesupport_fastrtps_c.h
[0.431s] -- Up-to-date: /home/yura/firstprogram/install/turtlesim/include/turtlesim/turtlesim/srv/detail/kill__rosidl_typesupport_fastrtps_c.h
[0.431s] -- Up-to-date: /home/yura/firstprogram/install/turtlesim/include/turtlesim/turtlesim/srv/detail/teleport_relative__rosidl_typesupport_fastrtps_c.h
[0.431s] -- Up-to-date: /home/yura/firstprogram/install/turtlesim/include/turtlesim/turtlesim/srv/detail/set_pen__rosidl_typesupport_fastrtps_c.h
[0.431s] -- Up-to-date: /home/yura/firstprogram/install/turtlesim/include/turtlesim/turtlesim/action
[0.432s] -- Up-to-date: /home/yura/firstprogram/install/turtlesim/include/turtlesim/turtlesim/action/detail
[0.432s] -- Up-to-date: /home/yura/firstprogram/install/turtlesim/include/turtlesim/turtlesim/action/detail/rotate_absolute__rosidl_typesupport_fastrtps_c.h
[0.432s] -- Up-to-date: /home/yura/firstprogram/install/turtlesim/lib/libturtlesim__rosidl_typesupport_fastrtps_c.so
[0.432s] -- Up-to-date: /home/yura/firstprogram/install/turtlesim/include/turtlesim/turtlesim
[0.432s] -- Up-to-date: /home/yura/firstprogram/install/turtlesim/include/turtlesim/turtlesim/msg
[0.432s] -- Up-to-date: /home/yura/firstprogram/install/turtlesim/include/turtlesim/turtlesim/msg/detail
[0.432s] -- Up-to-date: /home/yura/firstprogram/install/turtlesim/include/turtlesim/turtlesim/msg/detail/color__type_support.hpp
[0.432s] -- Up-to-date: /home/yura/firstprogram/install/turtlesim/include/turtlesim/turtlesim/msg/detail/pose__type_support.hpp
[0.432s] -- Up-to-date: /home/yura/firstprogram/install/turtlesim/include/turtlesim/turtlesim/msg/detail/color__builder.hpp
[0.432s] -- Up-to-date: /home/yura/firstprogram/install/turtlesim/include/turtlesim/turtlesim/msg/detail/color__traits.hpp
[0.432s] -- Up-to-date: /home/yura/firstprogram/install/turtlesim/include/turtlesim/turtlesim/msg/detail/pose__struct.hpp
[0.432s] -- Up-to-date: /home/yura/firstprogram/install/turtlesim/include/turtlesim/turtlesim/msg/detail/color__struct.hpp
[0.432s] -- Up-to-date: /home/yura/firstprogram/install/turtlesim/include/turtlesim/turtlesim/msg/detail/pose__traits.hpp
[0.432s] -- Up-to-date: /home/yura/firstprogram/install/turtlesim/include/turtlesim/turtlesim/msg/detail/pose__builder.hpp
[0.433s] -- Up-to-date: /home/yura/firstprogram/install/turtlesim/include/turtlesim/turtlesim/msg/color.hpp
[0.433s] -- Up-to-date: /home/yura/firstprogram/install/turtlesim/include/turtlesim/turtlesim/msg/rosidl_generator_cpp__visibility_control.hpp
[0.433s] -- Up-to-date: /home/yura/firstprogram/install/turtlesim/include/turtlesim/turtlesim/msg/pose.hpp
[0.433s] -- Up-to-date: /home/yura/firstprogram/install/turtlesim/include/turtlesim/turtlesim/srv
[0.433s] -- Up-to-date: /home/yura/firstprogram/install/turtlesim/include/turtlesim/turtlesim/srv/detail
[0.433s] -- Up-to-date: /home/yura/firstprogram/install/turtlesim/include/turtlesim/turtlesim/srv/detail/set_pen__builder.hpp
[0.433s] -- Up-to-date: /home/yura/firstprogram/install/turtlesim/include/turtlesim/turtlesim/srv/detail/teleport_absolute__type_support.hpp
[0.433s] -- Up-to-date: /home/yura/firstprogram/install/turtlesim/include/turtlesim/turtlesim/srv/detail/set_pen__traits.hpp
[0.433s] -- Up-to-date: /home/yura/firstprogram/install/turtlesim/include/turtlesim/turtlesim/srv/detail/teleport_relative__type_support.hpp
[0.433s] -- Up-to-date: /home/yura/firstprogram/install/turtlesim/include/turtlesim/turtlesim/srv/detail/spawn__struct.hpp
[0.433s] -- Up-to-date: /home/yura/firstprogram/install/turtlesim/include/turtlesim/turtlesim/srv/detail/spawn__traits.hpp
[0.433s] -- Up-to-date: /home/yura/firstprogram/install/turtlesim/include/turtlesim/turtlesim/srv/detail/set_pen__type_support.hpp
[0.433s] -- Up-to-date: /home/yura/firstprogram/install/turtlesim/include/turtlesim/turtlesim/srv/detail/spawn__builder.hpp
[0.433s] -- Up-to-date: /home/yura/firstprogram/install/turtlesim/include/turtlesim/turtlesim/srv/detail/teleport_absolute__struct.hpp
[0.433s] -- Up-to-date: /home/yura/firstprogram/install/turtlesim/include/turtlesim/turtlesim/srv/detail/teleport_relative__struct.hpp
[0.433s] -- Up-to-date: /home/yura/firstprogram/install/turtlesim/include/turtlesim/turtlesim/srv/detail/teleport_relative__traits.hpp
[0.433s] -- Up-to-date: /home/yura/firstprogram/install/turtlesim/include/turtlesim/turtlesim/srv/detail/teleport_relative__builder.hpp
[0.433s] -- Up-to-date: /home/yura/firstprogram/install/turtlesim/include/turtlesim/turtlesim/srv/detail/set_pen__struct.hpp
[0.433s] -- Up-to-date: /home/yura/firstprogram/install/turtlesim/include/turtlesim/turtlesim/srv/detail/kill__traits.hpp
[0.433s] -- Up-to-date: /home/yura/firstprogram/install/turtlesim/include/turtlesim/turtlesim/srv/detail/teleport_absolute__traits.hpp
[0.433s] -- Up-to-date: /home/yura/firstprogram/install/turtlesim/include/turtlesim/turtlesim/srv/detail/kill__type_support.hpp
[0.433s] -- Up-to-date: /home/yura/firstprogram/install/turtlesim/include/turtlesim/turtlesim/srv/detail/spawn__type_support.hpp
[0.434s] -- Up-to-date: /home/yura/firstprogram/install/turtlesim/include/turtlesim/turtlesim/srv/detail/teleport_absolute__builder.hpp
[0.434s] -- Up-to-date: /home/yura/firstprogram/install/turtlesim/include/turtlesim/turtlesim/srv/detail/kill__struct.hpp
[0.434s] -- Up-to-date: /home/yura/firstprogram/install/turtlesim/include/turtlesim/turtlesim/srv/detail/kill__builder.hpp
[0.434s] -- Up-to-date: /home/yura/firstprogram/install/turtlesim/include/turtlesim/turtlesim/srv/teleport_relative.hpp
[0.434s] -- Up-to-date: /home/yura/firstprogram/install/turtlesim/include/turtlesim/turtlesim/srv/set_pen.hpp
[0.434s] -- Up-to-date: /home/yura/firstprogram/install/turtlesim/include/turtlesim/turtlesim/srv/kill.hpp
[0.434s] -- Up-to-date: /home/yura/firstprogram/install/turtlesim/include/turtlesim/turtlesim/srv/spawn.hpp
[0.434s] -- Up-to-date: /home/yura/firstprogram/install/turtlesim/include/turtlesim/turtlesim/srv/teleport_absolute.hpp
[0.434s] -- Up-to-date: /home/yura/firstprogram/install/turtlesim/include/turtlesim/turtlesim/action
[0.434s] -- Up-to-date: /home/yura/firstprogram/install/turtlesim/include/turtlesim/turtlesim/action/detail
[0.434s] -- Up-to-date: /home/yura/firstprogram/install/turtlesim/include/turtlesim/turtlesim/action/detail/rotate_absolute__builder.hpp
[0.434s] -- Up-to-date: /home/yura/firstprogram/install/turtlesim/include/turtlesim/turtlesim/action/detail/rotate_absolute__type_support.hpp
[0.434s] -- Up-to-date: /home/yura/firstprogram/install/turtlesim/include/turtlesim/turtlesim/action/detail/rotate_absolute__struct.hpp
[0.434s] -- Up-to-date: /home/yura/firstprogram/install/turtlesim/include/turtlesim/turtlesim/action/detail/rotate_absolute__traits.hpp
[0.434s] -- Up-to-date: /home/yura/firstprogram/install/turtlesim/include/turtlesim/turtlesim/action/rotate_absolute.hpp
[0.434s] -- Up-to-date: /home/yura/firstprogram/install/turtlesim/include/turtlesim/turtlesim
[0.434s] -- Up-to-date: /home/yura/firstprogram/install/turtlesim/include/turtlesim/turtlesim/msg
[0.434s] -- Up-to-date: /home/yura/firstprogram/install/turtlesim/include/turtlesim/turtlesim/msg/rosidl_typesupport_fastrtps_cpp__visibility_control.h
[0.434s] -- Up-to-date: /home/yura/firstprogram/install/turtlesim/include/turtlesim/turtlesim/msg/detail
[0.434s] -- Up-to-date: /home/yura/firstprogram/install/turtlesim/include/turtlesim/turtlesim/msg/detail/dds_fastrtps
[0.434s] -- Up-to-date: /home/yura/firstprogram/install/turtlesim/include/turtlesim/turtlesim/msg/detail/color__rosidl_typesupport_fastrtps_cpp.hpp
[0.434s] -- Up-to-date: /home/yura/firstprogram/install/turtlesim/include/turtlesim/turtlesim/msg/detail/pose__rosidl_typesupport_fastrtps_cpp.hpp
[0.434s] -- Up-to-date: /home/yura/firstprogram/install/turtlesim/include/turtlesim/turtlesim/srv
[0.434s] -- Up-to-date: /home/yura/firstprogram/install/turtlesim/include/turtlesim/turtlesim/srv/detail
[0.434s] -- Up-to-date: /home/yura/firstprogram/install/turtlesim/include/turtlesim/turtlesim/srv/detail/dds_fastrtps
[0.434s] -- Up-to-date: /home/yura/firstprogram/install/turtlesim/include/turtlesim/turtlesim/srv/detail/set_pen__rosidl_typesupport_fastrtps_cpp.hpp
[0.434s] -- Up-to-date: /home/yura/firstprogram/install/turtlesim/include/turtlesim/turtlesim/srv/detail/kill__rosidl_typesupport_fastrtps_cpp.hpp
[0.435s] -- Up-to-date: /home/yura/firstprogram/install/turtlesim/include/turtlesim/turtlesim/srv/detail/spawn__rosidl_typesupport_fastrtps_cpp.hpp
[0.435s] -- Up-to-date: /home/yura/firstprogram/install/turtlesim/include/turtlesim/turtlesim/srv/detail/teleport_absolute__rosidl_typesupport_fastrtps_cpp.hpp
[0.435s] -- Up-to-date: /home/yura/firstprogram/install/turtlesim/include/turtlesim/turtlesim/srv/detail/teleport_relative__rosidl_typesupport_fastrtps_cpp.hpp
[0.435s] -- Up-to-date: /home/yura/firstprogram/install/turtlesim/include/turtlesim/turtlesim/action
[0.435s] -- Up-to-date: /home/yura/firstprogram/install/turtlesim/include/turtlesim/turtlesim/action/detail
[0.435s] -- Up-to-date: /home/yura/firstprogram/install/turtlesim/include/turtlesim/turtlesim/action/detail/dds_fastrtps
[0.435s] -- Up-to-date: /home/yura/firstprogram/install/turtlesim/include/turtlesim/turtlesim/action/detail/rotate_absolute__rosidl_typesupport_fastrtps_cpp.hpp
[0.435s] -- Up-to-date: /home/yura/firstprogram/install/turtlesim/lib/libturtlesim__rosidl_typesupport_fastrtps_cpp.so
[0.435s] -- Up-to-date: /home/yura/firstprogram/install/turtlesim/include/turtlesim/turtlesim
[0.436s] -- Up-to-date: /home/yura/firstprogram/install/turtlesim/include/turtlesim/turtlesim/msg
[0.436s] -- Up-to-date: /home/yura/firstprogram/install/turtlesim/include/turtlesim/turtlesim/msg/detail
[0.436s] -- Up-to-date: /home/yura/firstprogram/install/turtlesim/include/turtlesim/turtlesim/msg/detail/color__type_support.c
[0.436s] -- Up-to-date: /home/yura/firstprogram/install/turtlesim/include/turtlesim/turtlesim/msg/detail/pose__type_support.c
[0.436s] -- Up-to-date: /home/yura/firstprogram/install/turtlesim/include/turtlesim/turtlesim/msg/detail/pose__rosidl_typesupport_introspection_c.h
[0.436s] -- Up-to-date: /home/yura/firstprogram/install/turtlesim/include/turtlesim/turtlesim/msg/detail/color__rosidl_typesupport_introspection_c.h
[0.436s] -- Up-to-date: /home/yura/firstprogram/install/turtlesim/include/turtlesim/turtlesim/msg/rosidl_typesupport_introspection_c__visibility_control.h
[0.436s] -- Up-to-date: /home/yura/firstprogram/install/turtlesim/include/turtlesim/turtlesim/srv
[0.436s] -- Up-to-date: /home/yura/firstprogram/install/turtlesim/include/turtlesim/turtlesim/srv/detail
[0.436s] -- Up-to-date: /home/yura/firstprogram/install/turtlesim/include/turtlesim/turtlesim/srv/detail/teleport_absolute__type_support.c
[0.436s] -- Up-to-date: /home/yura/firstprogram/install/turtlesim/include/turtlesim/turtlesim/srv/detail/kill__type_support.c
[0.436s] -- Up-to-date: /home/yura/firstprogram/install/turtlesim/include/turtlesim/turtlesim/srv/detail/spawn__rosidl_typesupport_introspection_c.h
[0.436s] -- Up-to-date: /home/yura/firstprogram/install/turtlesim/include/turtlesim/turtlesim/srv/detail/kill__rosidl_typesupport_introspection_c.h
[0.436s] -- Up-to-date: /home/yura/firstprogram/install/turtlesim/include/turtlesim/turtlesim/srv/detail/teleport_relative__type_support.c
[0.436s] -- Up-to-date: /home/yura/firstprogram/install/turtlesim/include/turtlesim/turtlesim/srv/detail/teleport_relative__rosidl_typesupport_introspection_c.h
[0.436s] -- Up-to-date: /home/yura/firstprogram/install/turtlesim/include/turtlesim/turtlesim/srv/detail/set_pen__type_support.c
[0.436s] -- Up-to-date: /home/yura/firstprogram/install/turtlesim/include/turtlesim/turtlesim/srv/detail/spawn__type_support.c
[0.436s] -- Up-to-date: /home/yura/firstprogram/install/turtlesim/include/turtlesim/turtlesim/srv/detail/teleport_absolute__rosidl_typesupport_introspection_c.h
[0.436s] -- Up-to-date: /home/yura/firstprogram/install/turtlesim/include/turtlesim/turtlesim/srv/detail/set_pen__rosidl_typesupport_introspection_c.h
[0.436s] -- Up-to-date: /home/yura/firstprogram/install/turtlesim/include/turtlesim/turtlesim/action
[0.436s] -- Up-to-date: /home/yura/firstprogram/install/turtlesim/include/turtlesim/turtlesim/action/detail
[0.436s] -- Up-to-date: /home/yura/firstprogram/install/turtlesim/include/turtlesim/turtlesim/action/detail/rotate_absolute__type_support.c
[0.436s] -- Up-to-date: /home/yura/firstprogram/install/turtlesim/include/turtlesim/turtlesim/action/detail/rotate_absolute__rosidl_typesupport_introspection_c.h
[0.436s] -- Up-to-date: /home/yura/firstprogram/install/turtlesim/lib/libturtlesim__rosidl_typesupport_introspection_c.so
[0.436s] -- Up-to-date: /home/yura/firstprogram/install/turtlesim/lib/libturtlesim__rosidl_typesupport_c.so
[0.436s] -- Up-to-date: /home/yura/firstprogram/install/turtlesim/include/turtlesim/turtlesim
[0.436s] -- Up-to-date: /home/yura/firstprogram/install/turtlesim/include/turtlesim/turtlesim/msg
[0.436s] -- Up-to-date: /home/yura/firstprogram/install/turtlesim/include/turtlesim/turtlesim/msg/detail
[0.436s] -- Up-to-date: /home/yura/firstprogram/install/turtlesim/include/turtlesim/turtlesim/msg/detail/pose__rosidl_typesupport_introspection_cpp.hpp
[0.436s] -- Up-to-date: /home/yura/firstprogram/install/turtlesim/include/turtlesim/turtlesim/msg/detail/color__rosidl_typesupport_introspection_cpp.hpp
[0.436s] -- Up-to-date: /home/yura/firstprogram/install/turtlesim/include/turtlesim/turtlesim/msg/detail/pose__type_support.cpp
[0.436s] -- Up-to-date: /home/yura/firstprogram/install/turtlesim/include/turtlesim/turtlesim/msg/detail/color__type_support.cpp
[0.436s] -- Up-to-date: /home/yura/firstprogram/install/turtlesim/include/turtlesim/turtlesim/srv
[0.436s] -- Up-to-date: /home/yura/firstprogram/install/turtlesim/include/turtlesim/turtlesim/srv/detail
[0.437s] -- Up-to-date: /home/yura/firstprogram/install/turtlesim/include/turtlesim/turtlesim/srv/detail/teleport_relative__rosidl_typesupport_introspection_cpp.hpp
[0.437s] -- Up-to-date: /home/yura/firstprogram/install/turtlesim/include/turtlesim/turtlesim/srv/detail/teleport_absolute__rosidl_typesupport_introspection_cpp.hpp
[0.437s] -- Up-to-date: /home/yura/firstprogram/install/turtlesim/include/turtlesim/turtlesim/srv/detail/teleport_absolute__type_support.cpp
[0.437s] -- Up-to-date: /home/yura/firstprogram/install/turtlesim/include/turtlesim/turtlesim/srv/detail/kill__rosidl_typesupport_introspection_cpp.hpp
[0.437s] -- Up-to-date: /home/yura/firstprogram/install/turtlesim/include/turtlesim/turtlesim/srv/detail/spawn__type_support.cpp
[0.437s] -- Up-to-date: /home/yura/firstprogram/install/turtlesim/include/turtlesim/turtlesim/srv/detail/teleport_relative__type_support.cpp
[0.437s] -- Up-to-date: /home/yura/firstprogram/install/turtlesim/include/turtlesim/turtlesim/srv/detail/set_pen__rosidl_typesupport_introspection_cpp.hpp
[0.437s] -- Up-to-date: /home/yura/firstprogram/install/turtlesim/include/turtlesim/turtlesim/srv/detail/set_pen__type_support.cpp
[0.437s] -- Up-to-date: /home/yura/firstprogram/install/turtlesim/include/turtlesim/turtlesim/srv/detail/kill__type_support.cpp
[0.437s] -- Up-to-date: /home/yura/firstprogram/install/turtlesim/include/turtlesim/turtlesim/srv/detail/spawn__rosidl_typesupport_introspection_cpp.hpp
[0.437s] -- Up-to-date: /home/yura/firstprogram/install/turtlesim/include/turtlesim/turtlesim/action
[0.437s] -- Up-to-date: /home/yura/firstprogram/install/turtlesim/include/turtlesim/turtlesim/action/detail
[0.437s] -- Up-to-date: /home/yura/firstprogram/install/turtlesim/include/turtlesim/turtlesim/action/detail/rotate_absolute__rosidl_typesupport_introspection_cpp.hpp
[0.437s] -- Up-to-date: /home/yura/firstprogram/install/turtlesim/include/turtlesim/turtlesim/action/detail/rotate_absolute__type_support.cpp
[0.437s] -- Up-to-date: /home/yura/firstprogram/install/turtlesim/lib/libturtlesim__rosidl_typesupport_introspection_cpp.so
[0.437s] -- Up-to-date: /home/yura/firstprogram/install/turtlesim/lib/libturtlesim__rosidl_typesupport_cpp.so
[0.437s] -- Up-to-date: /home/yura/firstprogram/install/turtlesim/share/turtlesim/environment/pythonpath.sh
[0.437s] -- Up-to-date: /home/yura/firstprogram/install/turtlesim/share/turtlesim/environment/pythonpath.dsv
[0.437s] -- Up-to-date: /home/yura/firstprogram/install/turtlesim/lib/python3.12/site-packages/turtlesim-1.8.3-py3.12.egg-info
[0.437s] -- Installing: /home/yura/firstprogram/install/turtlesim/lib/python3.12/site-packages/turtlesim-1.8.3-py3.12.egg-info/PKG-INFO
[0.437s] -- Installing: /home/yura/firstprogram/install/turtlesim/lib/python3.12/site-packages/turtlesim-1.8.3-py3.12.egg-info/dependency_links.txt
[0.437s] -- Installing: /home/yura/firstprogram/install/turtlesim/lib/python3.12/site-packages/turtlesim-1.8.3-py3.12.egg-info/SOURCES.txt
[0.437s] -- Installing: /home/yura/firstprogram/install/turtlesim/lib/python3.12/site-packages/turtlesim-1.8.3-py3.12.egg-info/top_level.txt
[0.437s] -- Up-to-date: /home/yura/firstprogram/install/turtlesim/lib/python3.12/site-packages/turtlesim
[0.437s] -- Up-to-date: /home/yura/firstprogram/install/turtlesim/lib/python3.12/site-packages/turtlesim/msg
[0.437s] -- Up-to-date: /home/yura/firstprogram/install/turtlesim/lib/python3.12/site-packages/turtlesim/msg/_pose.py
[0.437s] -- Up-to-date: /home/yura/firstprogram/install/turtlesim/lib/python3.12/site-packages/turtlesim/msg/_color.py
[0.437s] -- Up-to-date: /home/yura/firstprogram/install/turtlesim/lib/python3.12/site-packages/turtlesim/msg/_color_s.c
[0.437s] -- Up-to-date: /home/yura/firstprogram/install/turtlesim/lib/python3.12/site-packages/turtlesim/msg/__init__.py
[0.437s] -- Up-to-date: /home/yura/firstprogram/install/turtlesim/lib/python3.12/site-packages/turtlesim/msg/_pose_s.c
[0.437s] -- Up-to-date: /home/yura/firstprogram/install/turtlesim/lib/python3.12/site-packages/turtlesim/__init__.py
[0.437s] -- Up-to-date: /home/yura/firstprogram/install/turtlesim/lib/python3.12/site-packages/turtlesim/_turtlesim_s.ep.rosidl_typesupport_c.c
[0.437s] -- Up-to-date: /home/yura/firstprogram/install/turtlesim/lib/python3.12/site-packages/turtlesim/_turtlesim_s.ep.rosidl_typesupport_introspection_c.c
[0.438s] -- Up-to-date: /home/yura/firstprogram/install/turtlesim/lib/python3.12/site-packages/turtlesim/_turtlesim_s.ep.rosidl_typesupport_fastrtps_c.c
[0.438s] -- Up-to-date: /home/yura/firstprogram/install/turtlesim/lib/python3.12/site-packages/turtlesim/turtlesim_s__rosidl_typesupport_c.so
[0.438s] -- Up-to-date: /home/yura/firstprogram/install/turtlesim/lib/python3.12/site-packages/turtlesim/turtlesim_s__rosidl_typesupport_introspection_c.so
[0.438s] -- Up-to-date: /home/yura/firstprogram/install/turtlesim/lib/python3.12/site-packages/turtlesim/srv
[0.438s] -- Up-to-date: /home/yura/firstprogram/install/turtlesim/lib/python3.12/site-packages/turtlesim/srv/_set_pen_s.c
[0.438s] -- Up-to-date: /home/yura/firstprogram/install/turtlesim/lib/python3.12/site-packages/turtlesim/srv/_set_pen.py
[0.438s] -- Up-to-date: /home/yura/firstprogram/install/turtlesim/lib/python3.12/site-packages/turtlesim/srv/_teleport_relative.py
[0.438s] -- Up-to-date: /home/yura/firstprogram/install/turtlesim/lib/python3.12/site-packages/turtlesim/srv/_kill.py
[0.438s] -- Up-to-date: /home/yura/firstprogram/install/turtlesim/lib/python3.12/site-packages/turtlesim/srv/_teleport_relative_s.c
[0.438s] -- Up-to-date: /home/yura/firstprogram/install/turtlesim/lib/python3.12/site-packages/turtlesim/srv/_spawn_s.c
[0.438s] -- Up-to-date: /home/yura/firstprogram/install/turtlesim/lib/python3.12/site-packages/turtlesim/srv/__init__.py
[0.438s] -- Up-to-date: /home/yura/firstprogram/install/turtlesim/lib/python3.12/site-packages/turtlesim/srv/_spawn.py
[0.438s] -- Up-to-date: /home/yura/firstprogram/install/turtlesim/lib/python3.12/site-packages/turtlesim/srv/_teleport_absolute.py
[0.438s] -- Up-to-date: /home/yura/firstprogram/install/turtlesim/lib/python3.12/site-packages/turtlesim/srv/_kill_s.c
[0.438s] -- Up-to-date: /home/yura/firstprogram/install/turtlesim/lib/python3.12/site-packages/turtlesim/srv/_teleport_absolute_s.c
[0.438s] -- Up-to-date: /home/yura/firstprogram/install/turtlesim/lib/python3.12/site-packages/turtlesim/turtlesim_s__rosidl_typesupport_fastrtps_c.so
[0.438s] -- Up-to-date: /home/yura/firstprogram/install/turtlesim/lib/python3.12/site-packages/turtlesim/action
[0.438s] -- Up-to-date: /home/yura/firstprogram/install/turtlesim/lib/python3.12/site-packages/turtlesim/action/_rotate_absolute.py
[0.438s] -- Up-to-date: /home/yura/firstprogram/install/turtlesim/lib/python3.12/site-packages/turtlesim/action/__init__.py
[0.438s] -- Up-to-date: /home/yura/firstprogram/install/turtlesim/lib/python3.12/site-packages/turtlesim/action/_rotate_absolute_s.c
[0.454s] Listing '/home/yura/firstprogram/install/turtlesim/lib/python3.12/site-packages/turtlesim'...
[0.454s] Listing '/home/yura/firstprogram/install/turtlesim/lib/python3.12/site-packages/turtlesim/action'...
[0.454s] Listing '/home/yura/firstprogram/install/turtlesim/lib/python3.12/site-packages/turtlesim/msg'...
[0.454s] Listing '/home/yura/firstprogram/install/turtlesim/lib/python3.12/site-packages/turtlesim/srv'...
[0.458s] -- Up-to-date: /home/yura/firstprogram/install/turtlesim/lib/python3.12/site-packages/turtlesim/turtlesim_s__rosidl_typesupport_fastrtps_c.so
[0.459s] -- Up-to-date: /home/yura/firstprogram/install/turtlesim/lib/python3.12/site-packages/turtlesim/turtlesim_s__rosidl_typesupport_introspection_c.so
[0.460s] -- Up-to-date: /home/yura/firstprogram/install/turtlesim/lib/python3.12/site-packages/turtlesim/turtlesim_s__rosidl_typesupport_c.so
[0.461s] -- Up-to-date: /home/yura/firstprogram/install/turtlesim/lib/libturtlesim__rosidl_generator_py.so
[0.461s] -- Up-to-date: /home/yura/firstprogram/install/turtlesim/share/ament_index/resource_index/rust_packages/turtlesim
[0.461s] -- Up-to-date: /home/yura/firstprogram/install/turtlesim/share/turtlesim/rust
[0.461s] -- Up-to-date: /home/yura/firstprogram/install/turtlesim/share/turtlesim/rust/Cargo.toml
[0.461s] -- Up-to-date: /home/yura/firstprogram/install/turtlesim/share/turtlesim/rust/src
[0.461s] -- Up-to-date: /home/yura/firstprogram/install/turtlesim/share/turtlesim/rust/src/msg.rs
[0.461s] -- Up-to-date: /home/yura/firstprogram/install/turtlesim/share/turtlesim/rust/src/msg
[0.461s] -- Up-to-date: /home/yura/firstprogram/install/turtlesim/share/turtlesim/rust/src/msg/rmw.rs
[0.461s] -- Up-to-date: /home/yura/firstprogram/install/turtlesim/share/turtlesim/rust/src/srv.rs
[0.461s] -- Up-to-date: /home/yura/firstprogram/install/turtlesim/share/turtlesim/rust/src/action.rs
[0.461s] -- Up-to-date: /home/yura/firstprogram/install/turtlesim/share/turtlesim/rust/src/srv
[0.461s] -- Up-to-date: /home/yura/firstprogram/install/turtlesim/share/turtlesim/rust/src/srv/rmw.rs
[0.461s] -- Up-to-date: /home/yura/firstprogram/install/turtlesim/share/turtlesim/rust/src/action
[0.461s] -- Up-to-date: /home/yura/firstprogram/install/turtlesim/share/turtlesim/rust/src/action/rmw.rs
[0.462s] -- Up-to-date: /home/yura/firstprogram/install/turtlesim/share/turtlesim/rust/src/lib.rs
[0.462s] -- Up-to-date: /home/yura/firstprogram/install/turtlesim/share/turtlesim/rust/build.rs
[0.462s] -- Up-to-date: /home/yura/firstprogram/install/turtlesim/share/turtlesim/action/RotateAbsolute.idl
[0.462s] -- Up-to-date: /home/yura/firstprogram/install/turtlesim/share/turtlesim/msg/Color.idl
[0.462s] -- Up-to-date: /home/yura/firstprogram/install/turtlesim/share/turtlesim/msg/Pose.idl
[0.462s] -- Up-to-date: /home/yura/firstprogram/install/turtlesim/share/turtlesim/srv/Kill.idl
[0.462s] -- Up-to-date: /home/yura/firstprogram/install/turtlesim/share/turtlesim/srv/SetPen.idl
[0.462s] -- Up-to-date: /home/yura/firstprogram/install/turtlesim/share/turtlesim/srv/Spawn.idl
[0.462s] -- Up-to-date: /home/yura/firstprogram/install/turtlesim/share/turtlesim/srv/TeleportAbsolute.idl
[0.462s] -- Up-to-date: /home/yura/firstprogram/install/turtlesim/share/turtlesim/srv/TeleportRelative.idl
[0.462s] -- Up-to-date: /home/yura/firstprogram/install/turtlesim/share/turtlesim/action/RotateAbsolute.action
[0.462s] -- Up-to-date: /home/yura/firstprogram/install/turtlesim/share/turtlesim/msg/Color.msg
[0.462s] -- Up-to-date: /home/yura/firstprogram/install/turtlesim/share/turtlesim/msg/Pose.msg
[0.462s] -- Up-to-date: /home/yura/firstprogram/install/turtlesim/share/turtlesim/srv/Kill.srv
[0.462s] -- Up-to-date: /home/yura/firstprogram/install/turtlesim/share/turtlesim/srv/SetPen.srv
[0.462s] -- Up-to-date: /home/yura/firstprogram/install/turtlesim/share/turtlesim/srv/Spawn.srv
[0.462s] -- Up-to-date: /home/yura/firstprogram/install/turtlesim/share/turtlesim/srv/TeleportAbsolute.srv
[0.462s] -- Up-to-date: /home/yura/firstprogram/install/turtlesim/share/turtlesim/srv/TeleportRelative.srv
[0.462s] -- Up-to-date: /home/yura/firstprogram/install/turtlesim/lib/turtlesim/turtlesim_node
[0.463s] -- Up-to-date: /home/yura/firstprogram/install/turtlesim/lib/turtlesim/turtle_teleop_key
[0.464s] -- Up-to-date: /home/yura/firstprogram/install/turtlesim/lib/turtlesim/draw_square
[0.464s] -- Up-to-date: /home/yura/firstprogram/install/turtlesim/lib/turtlesim/mimic
[0.464s] -- Up-to-date: /home/yura/firstprogram/install/turtlesim/share/turtlesim/images
[0.464s] -- Up-to-date: /home/yura/firstprogram/install/turtlesim/share/turtlesim/images/jazzy.png
[0.465s] -- Up-to-date: /home/yura/firstprogram/install/turtlesim/share/turtlesim/images/galactic.png
[0.465s] -- Up-to-date: /home/yura/firstprogram/install/turtlesim/share/turtlesim/images/rolling.png
[0.465s] -- Up-to-date: /home/yura/firstprogram/install/turtlesim/share/turtlesim/images/bouncy.png
[0.465s] -- Up-to-date: /home/yura/firstprogram/install/turtlesim/share/turtlesim/images/humble.png
[0.465s] -- Up-to-date: /home/yura/firstprogram/install/turtlesim/share/turtlesim/images/dashing.png
[0.465s] -- Up-to-date: /home/yura/firstprogram/install/turtlesim/share/turtlesim/images/iron.png
[0.465s] -- Up-to-date: /home/yura/firstprogram/install/turtlesim/share/turtlesim/images/ardent.png
[0.465s] -- Up-to-date: /home/yura/firstprogram/install/turtlesim/share/turtlesim/images/foxy.png
[0.465s] -- Up-to-date: /home/yura/firstprogram/install/turtlesim/share/turtlesim/images/eloquent.png
[0.465s] -- Up-to-date: /home/yura/firstprogram/install/turtlesim/share/turtlesim/images/crystal.png
[0.465s] -- Up-to-date: /home/yura/firstprogram/install/turtlesim/share/turtlesim/launch
[0.465s] -- Up-to-date: /home/yura/firstprogram/install/turtlesim/share/turtlesim/launch/multisim.launch.py
[0.465s] -- Up-to-date: /home/yura/firstprogram/install/turtlesim/share/ament_index/resource_index/package_run_dependencies/turtlesim
[0.465s] -- Up-to-date: /home/yura/firstprogram/install/turtlesim/share/ament_index/resource_index/parent_prefix_path/turtlesim
[0.465s] -- Up-to-date: /home/yura/firstprogram/install/turtlesim/share/turtlesim/environment/ament_prefix_path.sh
[0.465s] -- Up-to-date: /home/yura/firstprogram/install/turtlesim/share/turtlesim/environment/ament_prefix_path.dsv
[0.465s] -- Up-to-date: /home/yura/firstprogram/install/turtlesim/share/turtlesim/environment/path.sh
[0.465s] -- Up-to-date: /home/yura/firstprogram/install/turtlesim/share/turtlesim/environment/path.dsv
[0.465s] -- Up-to-date: /home/yura/firstprogram/install/turtlesim/share/turtlesim/local_setup.bash
[0.465s] -- Up-to-date: /home/yura/firstprogram/install/turtlesim/share/turtlesim/local_setup.sh
[0.465s] -- Up-to-date: /home/yura/firstprogram/install/turtlesim/share/turtlesim/local_setup.zsh
[0.465s] -- Up-to-date: /home/yura/firstprogram/install/turtlesim/share/turtlesim/local_setup.dsv
[0.465s] -- Installing: /home/yura/firstprogram/install/turtlesim/share/turtlesim/package.dsv
[0.466s] -- Up-to-date: /home/yura/firstprogram/install/turtlesim/share/ament_index/resource_index/packages/turtlesim
[0.466s] -- Up-to-date: /home/yura/firstprogram/install/turtlesim/share/turtlesim/cmake/export_turtlesim__rosidl_generator_cExport.cmake
[0.466s] -- Up-to-date: /home/yura/firstprogram/install/turtlesim/share/turtlesim/cmake/export_turtlesim__rosidl_generator_cExport-noconfig.cmake
[0.466s] -- Up-to-date: /home/yura/firstprogram/install/turtlesim/share/turtlesim/cmake/export_turtlesim__rosidl_typesupport_fastrtps_cExport.cmake
[0.466s] -- Up-to-date: /home/yura/firstprogram/install/turtlesim/share/turtlesim/cmake/export_turtlesim__rosidl_typesupport_fastrtps_cExport-noconfig.cmake
[0.466s] -- Up-to-date: /home/yura/firstprogram/install/turtlesim/share/turtlesim/cmake/export_turtlesim__rosidl_generator_cppExport.cmake
[0.467s] -- Up-to-date: /home/yura/firstprogram/install/turtlesim/share/turtlesim/cmake/export_turtlesim__rosidl_typesupport_fastrtps_cppExport.cmake
[0.467s] -- Up-to-date: /home/yura/firstprogram/install/turtlesim/share/turtlesim/cmake/export_turtlesim__rosidl_typesupport_fastrtps_cppExport-noconfig.cmake
[0.467s] -- Up-to-date: /home/yura/firstprogram/install/turtlesim/share/turtlesim/cmake/turtlesim__rosidl_typesupport_introspection_cExport.cmake
[0.467s] -- Up-to-date: /home/yura/firstprogram/install/turtlesim/share/turtlesim/cmake/turtlesim__rosidl_typesupport_introspection_cExport-noconfig.cmake
[0.467s] -- Up-to-date: /home/yura/firstprogram/install/turtlesim/share/turtlesim/cmake/turtlesim__rosidl_typesupport_cExport.cmake
[0.467s] -- Up-to-date: /home/yura/firstprogram/install/turtlesim/share/turtlesim/cmake/turtlesim__rosidl_typesupport_cExport-noconfig.cmake
[0.468s] -- Up-to-date: /home/yura/firstprogram/install/turtlesim/share/turtlesim/cmake/turtlesim__rosidl_typesupport_introspection_cppExport.cmake
[0.468s] -- Up-to-date: /home/yura/firstprogram/install/turtlesim/share/turtlesim/cmake/turtlesim__rosidl_typesupport_introspection_cppExport-noconfig.cmake
[0.468s] -- Up-to-date: /home/yura/firstprogram/install/turtlesim/share/turtlesim/cmake/turtlesim__rosidl_typesupport_cppExport.cmake
[0.468s] -- Up-to-date: /home/yura/firstprogram/install/turtlesim/share/turtlesim/cmake/turtlesim__rosidl_typesupport_cppExport-noconfig.cmake
[0.468s] -- Up-to-date: /home/yura/firstprogram/install/turtlesim/share/turtlesim/cmake/export_turtlesim__rosidl_generator_pyExport.cmake
[0.468s] -- Up-to-date: /home/yura/firstprogram/install/turtlesim/share/turtlesim/cmake/export_turtlesim__rosidl_generator_pyExport-noconfig.cmake
[0.468s] -- Up-to-date: /home/yura/firstprogram/install/turtlesim/share/turtlesim/cmake/rosidl_cmake-extras.cmake
[0.468s] -- Up-to-date: /home/yura/firstprogram/install/turtlesim/share/turtlesim/cmake/ament_cmake_export_dependencies-extras.cmake
[0.469s] -- Up-to-date: /home/yura/firstprogram/install/turtlesim/share/turtlesim/cmake/ament_cmake_export_include_directories-extras.cmake
[0.469s] -- Up-to-date: /home/yura/firstprogram/install/turtlesim/share/turtlesim/cmake/ament_cmake_export_libraries-extras.cmake
[0.469s] -- Up-to-date: /home/yura/firstprogram/install/turtlesim/share/turtlesim/cmake/ament_cmake_export_targets-extras.cmake
[0.469s] -- Up-to-date: /home/yura/firstprogram/install/turtlesim/share/turtlesim/cmake/rosidl_cmake_export_typesupport_targets-extras.cmake
[0.469s] -- Up-to-date: /home/yura/firstprogram/install/turtlesim/share/turtlesim/cmake/rosidl_cmake_export_typesupport_libraries-extras.cmake
[0.469s] -- Up-to-date: /home/yura/firstprogram/install/turtlesim/share/turtlesim/cmake/turtlesimConfig.cmake
[0.469s] -- Up-to-date: /home/yura/firstprogram/install/turtlesim/share/turtlesim/cmake/turtlesimConfig-version.cmake
[0.469s] -- Up-to-date: /home/yura/firstprogram/install/turtlesim/share/turtlesim/package.xml
[0.483s] Invoked command in '/home/yura/firstprogram/build/turtlesim' returned '0': CMAKE_PREFIX_PATH=${CMAKE_PREFIX_PATH}:/opt/ros/jazzy DEBUGINFOD_URLS=https://debuginfod.ubuntu.com /usr/bin/cmake --install /home/yura/firstprogram/build/turtlesim
