[0.007s] Invoking command in '/home/yura/firstprogram/build/turtlesim': CMAKE_PREFIX_PATH=${CMAKE_PREFIX_PATH}:/opt/ros/jazzy DEBUGINFOD_URLS=https://debuginfod.ubuntu.com /usr/bin/cmake --build /home/yura/firstprogram/build/turtlesim -- -j12 -l12
[0.070s] [  1%] Built target turtlesim__rs
[0.074s] [  2%] Built target turtlesim__rosidl_generator_type_description
[0.094s] [  2%] Built target ament_cmake_python_copy_turtlesim
[0.099s] [  2%] Built target turtlesim__cpp
[0.109s] [ 25%] Built target turtlesim__rosidl_generator_c
[0.127s] [ 34%] Built target turtlesim__rosidl_typesupport_introspection_c
[0.130s] [ 43%] Built target turtlesim__rosidl_typesupport_fastrtps_c
[0.131s] [ 52%] Built target turtlesim__rosidl_typesupport_c
[0.132s] [ 64%] Built target turtlesim__rosidl_typesupport_introspection_cpp
[0.132s] [ 68%] Built target turtlesim__rosidl_typesupport_fastrtps_cpp
[0.134s] [ 76%] Built target turtlesim__rosidl_typesupport_cpp
[0.153s] [ 76%] Built target turtlesim
[0.155s] [ 78%] Built target turtle_teleop_key
[0.156s] [ 85%] Built target mimic
[0.156s] [ 85%] Built target turtlesim_node
[0.160s] [ 86%] Built target draw_square
[0.172s] [ 87%] Built target turtlesim__py
[0.195s] [ 94%] Built target turtlesim__rosidl_generator_py
[0.215s] [100%] Built target turtlesim_s__rosidl_typesupport_introspection_c
[0.216s] [100%] Built target turtlesim_s__rosidl_typesupport_fastrtps_c
[0.216s] [100%] Built target turtlesim_s__rosidl_typesupport_c
[0.279s] running egg_info
[0.291s] writing turtlesim.egg-info/PKG-INFO
[0.291s] writing dependency_links to turtlesim.egg-info/dependency_links.txt
[0.291s] writing top-level names to turtlesim.egg-info/top_level.txt
[0.327s] reading manifest file 'turtlesim.egg-info/SOURCES.txt'
[0.327s] writing manifest file 'turtlesim.egg-info/SOURCES.txt'
[0.348s] [100%] Built target ament_cmake_python_build_turtlesim_egg
[0.356s] Invoked command in '/home/yura/firstprogram/build/turtlesim' returned '0': CMAKE_PREFIX_PATH=${CMAKE_PREFIX_PATH}:/opt/ros/jazzy DEBUGINFOD_URLS=https://debuginfod.ubuntu.com /usr/bin/cmake --build /home/yura/firstprogram/build/turtlesim -- -j12 -l12
[0.357s] Invoking command in '/home/yura/firstprogram/build/turtlesim': CMAKE_PREFIX_PATH=${CMAKE_PREFIX_PATH}:/opt/ros/jazzy DEBUGINFOD_URLS=https://debuginfod.ubuntu.com /usr/bin/cmake --install /home/yura/firstprogram/build/turtlesim
[0.364s] -- Install configuration: ""
[0.365s] -- Up-to-date: /home/yura/firstprogram/install/turtlesim/share/ament_index/resource_index/rosidl_interfaces/turtlesim
[0.365s] -- Up-to-date: /home/yura/firstprogram/install/turtlesim/share/turtlesim/action/RotateAbsolute.json
[0.365s] -- Up-to-date: /home/yura/firstprogram/install/turtlesim/share/turtlesim/msg/Color.json
[0.365s] -- Up-to-date: /home/yura/firstprogram/install/turtlesim/share/turtlesim/msg/Pose.json
[0.365s] -- Up-to-date: /home/yura/firstprogram/install/turtlesim/share/turtlesim/srv/Kill.json
[0.365s] -- Up-to-date: /home/yura/firstprogram/install/turtlesim/share/turtlesim/srv/SetPen.json
[0.365s] -- Up-to-date: /home/yura/firstprogram/install/turtlesim/share/turtlesim/srv/Spawn.json
[0.366s] -- Up-to-date: /home/yura/firstprogram/install/turtlesim/share/turtlesim/srv/TeleportAbsolute.json
[0.366s] -- Up-to-date: /home/yura/firstprogram/install/turtlesim/share/turtlesim/srv/TeleportRelative.json
[0.366s] -- Up-to-date: /home/yura/firstprogram/install/turtlesim/include/turtlesim/turtlesim
[0.366s] -- Up-to-date: /home/yura/firstprogram/install/turtlesim/include/turtlesim/turtlesim/msg
[0.366s] -- Up-to-date: /home/yura/firstprogram/install/turtlesim/include/turtlesim/turtlesim/msg/pose.h
[0.366s] -- Up-to-date: /home/yura/firstprogram/install/turtlesim/include/turtlesim/turtlesim/msg/detail
[0.366s] -- Up-to-date: /home/yura/firstprogram/install/turtlesim/include/turtlesim/turtlesim/msg/detail/color__description.c
[0.367s] -- Up-to-date: /home/yura/firstprogram/install/turtlesim/include/turtlesim/turtlesim/msg/detail/pose__struct.h
[0.367s] -- Up-to-date: /home/yura/firstprogram/install/turtlesim/include/turtlesim/turtlesim/msg/detail/color__type_support.h
[0.367s] -- Up-to-date: /home/yura/firstprogram/install/turtlesim/include/turtlesim/turtlesim/msg/detail/color__struct.h
[0.367s] -- Up-to-date: /home/yura/firstprogram/install/turtlesim/include/turtlesim/turtlesim/msg/detail/color__functions.c
[0.367s] -- Up-to-date: /home/yura/firstprogram/install/turtlesim/include/turtlesim/turtlesim/msg/detail/color__type_support.c
[0.367s] -- Up-to-date: /home/yura/firstprogram/install/turtlesim/include/turtlesim/turtlesim/msg/detail/pose__type_support.c
[0.367s] -- Up-to-date: /home/yura/firstprogram/install/turtlesim/include/turtlesim/turtlesim/msg/detail/pose__functions.c
[0.367s] -- Up-to-date: /home/yura/firstprogram/install/turtlesim/include/turtlesim/turtlesim/msg/detail/color__functions.h
[0.368s] -- Up-to-date: /home/yura/firstprogram/install/turtlesim/include/turtlesim/turtlesim/msg/detail/pose__description.c
[0.368s] -- Up-to-date: /home/yura/firstprogram/install/turtlesim/include/turtlesim/turtlesim/msg/detail/pose__type_support.h
[0.368s] -- Up-to-date: /home/yura/firstprogram/install/turtlesim/include/turtlesim/turtlesim/msg/detail/pose__functions.h
[0.368s] -- Up-to-date: /home/yura/firstprogram/install/turtlesim/include/turtlesim/turtlesim/msg/rosidl_generator_c__visibility_control.h
[0.368s] -- Up-to-date: /home/yura/firstprogram/install/turtlesim/include/turtlesim/turtlesim/msg/color.h
[0.368s] -- Up-to-date: /home/yura/firstprogram/install/turtlesim/include/turtlesim/turtlesim/srv
[0.368s] -- Up-to-date: /home/yura/firstprogram/install/turtlesim/include/turtlesim/turtlesim/srv/teleport_absolute.h
[0.368s] -- Up-to-date: /home/yura/firstprogram/install/turtlesim/include/turtlesim/turtlesim/srv/detail
[0.368s] -- Up-to-date: /home/yura/firstprogram/install/turtlesim/include/turtlesim/turtlesim/srv/detail/set_pen__type_support.h
[0.368s] -- Up-to-date: /home/yura/firstprogram/install/turtlesim/include/turtlesim/turtlesim/srv/detail/kill__functions.c
[0.369s] -- Up-to-date: /home/yura/firstprogram/install/turtlesim/include/turtlesim/turtlesim/srv/detail/kill__type_support.h
[0.369s] -- Up-to-date: /home/yura/firstprogram/install/turtlesim/include/turtlesim/turtlesim/srv/detail/kill__struct.h
[0.369s] -- Up-to-date: /home/yura/firstprogram/install/turtlesim/include/turtlesim/turtlesim/srv/detail/teleport_relative__functions.c
[0.369s] -- Up-to-date: /home/yura/firstprogram/install/turtlesim/include/turtlesim/turtlesim/srv/detail/set_pen__functions.c
[0.369s] -- Up-to-date: /home/yura/firstprogram/install/turtlesim/include/turtlesim/turtlesim/srv/detail/spawn__description.c
[0.369s] -- Up-to-date: /home/yura/firstprogram/install/turtlesim/include/turtlesim/turtlesim/srv/detail/spawn__functions.c
[0.369s] -- Up-to-date: /home/yura/firstprogram/install/turtlesim/include/turtlesim/turtlesim/srv/detail/spawn__struct.h
[0.369s] -- Up-to-date: /home/yura/firstprogram/install/turtlesim/include/turtlesim/turtlesim/srv/detail/spawn__type_support.h
[0.369s] -- Up-to-date: /home/yura/firstprogram/install/turtlesim/include/turtlesim/turtlesim/srv/detail/kill__functions.h
[0.369s] -- Up-to-date: /home/yura/firstprogram/install/turtlesim/include/turtlesim/turtlesim/srv/detail/set_pen__struct.h
[0.369s] -- Up-to-date: /home/yura/firstprogram/install/turtlesim/include/turtlesim/turtlesim/srv/detail/teleport_absolute__type_support.c
[0.369s] -- Up-to-date: /home/yura/firstprogram/install/turtlesim/include/turtlesim/turtlesim/srv/detail/kill__type_support.c
[0.369s] -- Up-to-date: /home/yura/firstprogram/install/turtlesim/include/turtlesim/turtlesim/srv/detail/set_pen__functions.h
[0.370s] -- Up-to-date: /home/yura/firstprogram/install/turtlesim/include/turtlesim/turtlesim/srv/detail/set_pen__description.c
[0.370s] -- Up-to-date: /home/yura/firstprogram/install/turtlesim/include/turtlesim/turtlesim/srv/detail/teleport_relative__functions.h
[0.370s] -- Up-to-date: /home/yura/firstprogram/install/turtlesim/include/turtlesim/turtlesim/srv/detail/teleport_absolute__description.c
[0.370s] -- Up-to-date: /home/yura/firstprogram/install/turtlesim/include/turtlesim/turtlesim/srv/detail/teleport_relative__type_support.h
[0.370s] -- Up-to-date: /home/yura/firstprogram/install/turtlesim/include/turtlesim/turtlesim/srv/detail/teleport_absolute__functions.h
[0.370s] -- Up-to-date: /home/yura/firstprogram/install/turtlesim/include/turtlesim/turtlesim/srv/detail/teleport_relative__type_support.c
[0.370s] -- Up-to-date: /home/yura/firstprogram/install/turtlesim/include/turtlesim/turtlesim/srv/detail/set_pen__type_support.c
[0.370s] -- Up-to-date: /home/yura/firstprogram/install/turtlesim/include/turtlesim/turtlesim/srv/detail/teleport_absolute__struct.h
[0.370s] -- Up-to-date: /home/yura/firstprogram/install/turtlesim/include/turtlesim/turtlesim/srv/detail/spawn__type_support.c
[0.370s] -- Up-to-date: /home/yura/firstprogram/install/turtlesim/include/turtlesim/turtlesim/srv/detail/teleport_relative__struct.h
[0.370s] -- Up-to-date: /home/yura/firstprogram/install/turtlesim/include/turtlesim/turtlesim/srv/detail/kill__description.c
[0.370s] -- Up-to-date: /home/yura/firstprogram/install/turtlesim/include/turtlesim/turtlesim/srv/detail/teleport_absolute__functions.c
[0.371s] -- Up-to-date: /home/yura/firstprogram/install/turtlesim/include/turtlesim/turtlesim/srv/detail/spawn__functions.h
[0.371s] -- Up-to-date: /home/yura/firstprogram/install/turtlesim/include/turtlesim/turtlesim/srv/detail/teleport_absolute__type_support.h
[0.371s] -- Up-to-date: /home/yura/firstprogram/install/turtlesim/include/turtlesim/turtlesim/srv/detail/teleport_relative__description.c
[0.371s] -- Up-to-date: /home/yura/firstprogram/install/turtlesim/include/turtlesim/turtlesim/srv/set_pen.h
[0.371s] -- Up-to-date: /home/yura/firstprogram/install/turtlesim/include/turtlesim/turtlesim/srv/spawn.h
[0.371s] -- Up-to-date: /home/yura/firstprogram/install/turtlesim/include/turtlesim/turtlesim/srv/teleport_relative.h
[0.371s] -- Up-to-date: /home/yura/firstprogram/install/turtlesim/include/turtlesim/turtlesim/srv/kill.h
[0.371s] -- Up-to-date: /home/yura/firstprogram/install/turtlesim/include/turtlesim/turtlesim/action
[0.371s] -- Up-to-date: /home/yura/firstprogram/install/turtlesim/include/turtlesim/turtlesim/action/detail
[0.371s] -- Up-to-date: /home/yura/firstprogram/install/turtlesim/include/turtlesim/turtlesim/action/detail/rotate_absolute__functions.h
[0.371s] -- Up-to-date: /home/yura/firstprogram/install/turtlesim/include/turtlesim/turtlesim/action/detail/rotate_absolute__type_support.c
[0.371s] -- Up-to-date: /home/yura/firstprogram/install/turtlesim/include/turtlesim/turtlesim/action/detail/rotate_absolute__functions.c
[0.371s] -- Up-to-date: /home/yura/firstprogram/install/turtlesim/include/turtlesim/turtlesim/action/detail/rotate_absolute__struct.h
[0.372s] -- Up-to-date: /home/yura/firstprogram/install/turtlesim/include/turtlesim/turtlesim/action/detail/rotate_absolute__description.c
[0.372s] -- Up-to-date: /home/yura/firstprogram/install/turtlesim/include/turtlesim/turtlesim/action/detail/rotate_absolute__type_support.h
[0.372s] -- Up-to-date: /home/yura/firstprogram/install/turtlesim/include/turtlesim/turtlesim/action/rotate_absolute.h
[0.372s] -- Up-to-date: /home/yura/firstprogram/install/turtlesim/share/turtlesim/environment/library_path.sh
[0.372s] -- Up-to-date: /home/yura/firstprogram/install/turtlesim/share/turtlesim/environment/library_path.dsv
[0.372s] -- Up-to-date: /home/yura/firstprogram/install/turtlesim/lib/libturtlesim__rosidl_generator_c.so
[0.372s] -- Up-to-date: /home/yura/firstprogram/install/turtlesim/include/turtlesim/turtlesim
[0.372s] -- Up-to-date: /home/yura/firstprogram/install/turtlesim/include/turtlesim/turtlesim/msg
[0.372s] -- Up-to-date: /home/yura/firstprogram/install/turtlesim/include/turtlesim/turtlesim/msg/rosidl_typesupport_fastrtps_c__visibility_control.h
[0.372s] -- Up-to-date: /home/yura/firstprogram/install/turtlesim/include/turtlesim/turtlesim/msg/detail
[0.372s] -- Up-to-date: /home/yura/firstprogram/install/turtlesim/include/turtlesim/turtlesim/msg/detail/pose__rosidl_typesupport_fastrtps_c.h
[0.373s] -- Up-to-date: /home/yura/firstprogram/install/turtlesim/include/turtlesim/turtlesim/msg/detail/color__rosidl_typesupport_fastrtps_c.h
[0.373s] -- Up-to-date: /home/yura/firstprogram/install/turtlesim/include/turtlesim/turtlesim/srv
[0.373s] -- Up-to-date: /home/yura/firstprogram/install/turtlesim/include/turtlesim/turtlesim/srv/detail
[0.373s] -- Up-to-date: /home/yura/firstprogram/install/turtlesim/include/turtlesim/turtlesim/srv/detail/spawn__rosidl_typesupport_fastrtps_c.h
[0.373s] -- Up-to-date: /home/yura/firstprogram/install/turtlesim/include/turtlesim/turtlesim/srv/detail/teleport_absolute__rosidl_typesupport_fastrtps_c.h
[0.373s] -- Up-to-date: /home/yura/firstprogram/install/turtlesim/include/turtlesim/turtlesim/srv/detail/kill__rosidl_typesupport_fastrtps_c.h
[0.373s] -- Up-to-date: /home/yura/firstprogram/install/turtlesim/include/turtlesim/turtlesim/srv/detail/teleport_relative__rosidl_typesupport_fastrtps_c.h
[0.373s] -- Up-to-date: /home/yura/firstprogram/install/turtlesim/include/turtlesim/turtlesim/srv/detail/set_pen__rosidl_typesupport_fastrtps_c.h
[0.373s] -- Up-to-date: /home/yura/firstprogram/install/turtlesim/include/turtlesim/turtlesim/action
[0.373s] -- Up-to-date: /home/yura/firstprogram/install/turtlesim/include/turtlesim/turtlesim/action/detail
[0.373s] -- Up-to-date: /home/yura/firstprogram/install/turtlesim/include/turtlesim/turtlesim/action/detail/rotate_absolute__rosidl_typesupport_fastrtps_c.h
[0.373s] -- Up-to-date: /home/yura/firstprogram/install/turtlesim/lib/libturtlesim__rosidl_typesupport_fastrtps_c.so
[0.373s] -- Up-to-date: /home/yura/firstprogram/install/turtlesim/include/turtlesim/turtlesim
[0.374s] -- Up-to-date: /home/yura/firstprogram/install/turtlesim/include/turtlesim/turtlesim/msg
[0.374s] -- Up-to-date: /home/yura/firstprogram/install/turtlesim/include/turtlesim/turtlesim/msg/detail
[0.374s] -- Up-to-date: /home/yura/firstprogram/install/turtlesim/include/turtlesim/turtlesim/msg/detail/color__type_support.hpp
[0.374s] -- Up-to-date: /home/yura/firstprogram/install/turtlesim/include/turtlesim/turtlesim/msg/detail/pose__type_support.hpp
[0.374s] -- Up-to-date: /home/yura/firstprogram/install/turtlesim/include/turtlesim/turtlesim/msg/detail/color__builder.hpp
[0.374s] -- Up-to-date: /home/yura/firstprogram/install/turtlesim/include/turtlesim/turtlesim/msg/detail/color__traits.hpp
[0.374s] -- Up-to-date: /home/yura/firstprogram/install/turtlesim/include/turtlesim/turtlesim/msg/detail/pose__struct.hpp
[0.374s] -- Up-to-date: /home/yura/firstprogram/install/turtlesim/include/turtlesim/turtlesim/msg/detail/color__struct.hpp
[0.374s] -- Up-to-date: /home/yura/firstprogram/install/turtlesim/include/turtlesim/turtlesim/msg/detail/pose__traits.hpp
[0.374s] -- Up-to-date: /home/yura/firstprogram/install/turtlesim/include/turtlesim/turtlesim/msg/detail/pose__builder.hpp
[0.374s] -- Up-to-date: /home/yura/firstprogram/install/turtlesim/include/turtlesim/turtlesim/msg/color.hpp
[0.374s] -- Up-to-date: /home/yura/firstprogram/install/turtlesim/include/turtlesim/turtlesim/msg/rosidl_generator_cpp__visibility_control.hpp
[0.375s] -- Up-to-date: /home/yura/firstprogram/install/turtlesim/include/turtlesim/turtlesim/msg/pose.hpp
[0.375s] -- Up-to-date: /home/yura/firstprogram/install/turtlesim/include/turtlesim/turtlesim/srv
[0.375s] -- Up-to-date: /home/yura/firstprogram/install/turtlesim/include/turtlesim/turtlesim/srv/detail
[0.375s] -- Up-to-date: /home/yura/firstprogram/install/turtlesim/include/turtlesim/turtlesim/srv/detail/set_pen__builder.hpp
[0.375s] -- Up-to-date: /home/yura/firstprogram/install/turtlesim/include/turtlesim/turtlesim/srv/detail/teleport_absolute__type_support.hpp
[0.375s] -- Up-to-date: /home/yura/firstprogram/install/turtlesim/include/turtlesim/turtlesim/srv/detail/set_pen__traits.hpp
[0.375s] -- Up-to-date: /home/yura/firstprogram/install/turtlesim/include/turtlesim/turtlesim/srv/detail/teleport_relative__type_support.hpp
[0.375s] -- Up-to-date: /home/yura/firstprogram/install/turtlesim/include/turtlesim/turtlesim/srv/detail/spawn__struct.hpp
[0.375s] -- Up-to-date: /home/yura/firstprogram/install/turtlesim/include/turtlesim/turtlesim/srv/detail/spawn__traits.hpp
[0.375s] -- Up-to-date: /home/yura/firstprogram/install/turtlesim/include/turtlesim/turtlesim/srv/detail/set_pen__type_support.hpp
[0.375s] -- Up-to-date: /home/yura/firstprogram/install/turtlesim/include/turtlesim/turtlesim/srv/detail/spawn__builder.hpp
[0.375s] -- Up-to-date: /home/yura/firstprogram/install/turtlesim/include/turtlesim/turtlesim/srv/detail/teleport_absolute__struct.hpp
[0.376s] -- Up-to-date: /home/yura/firstprogram/install/turtlesim/include/turtlesim/turtlesim/srv/detail/teleport_relative__struct.hpp
[0.376s] -- Up-to-date: /home/yura/firstprogram/install/turtlesim/include/turtlesim/turtlesim/srv/detail/teleport_relative__traits.hpp
[0.376s] -- Up-to-date: /home/yura/firstprogram/install/turtlesim/include/turtlesim/turtlesim/srv/detail/teleport_relative__builder.hpp
[0.376s] -- Up-to-date: /home/yura/firstprogram/install/turtlesim/include/turtlesim/turtlesim/srv/detail/set_pen__struct.hpp
[0.376s] -- Up-to-date: /home/yura/firstprogram/install/turtlesim/include/turtlesim/turtlesim/srv/detail/kill__traits.hpp
[0.376s] -- Up-to-date: /home/yura/firstprogram/install/turtlesim/include/turtlesim/turtlesim/srv/detail/teleport_absolute__traits.hpp
[0.376s] -- Up-to-date: /home/yura/firstprogram/install/turtlesim/include/turtlesim/turtlesim/srv/detail/kill__type_support.hpp
[0.376s] -- Up-to-date: /home/yura/firstprogram/install/turtlesim/include/turtlesim/turtlesim/srv/detail/spawn__type_support.hpp
[0.376s] -- Up-to-date: /home/yura/firstprogram/install/turtlesim/include/turtlesim/turtlesim/srv/detail/teleport_absolute__builder.hpp
[0.377s] -- Up-to-date: /home/yura/firstprogram/install/turtlesim/include/turtlesim/turtlesim/srv/detail/kill__struct.hpp
[0.377s] -- Up-to-date: /home/yura/firstprogram/install/turtlesim/include/turtlesim/turtlesim/srv/detail/kill__builder.hpp
[0.377s] -- Up-to-date: /home/yura/firstprogram/install/turtlesim/include/turtlesim/turtlesim/srv/teleport_relative.hpp
[0.377s] -- Up-to-date: /home/yura/firstprogram/install/turtlesim/include/turtlesim/turtlesim/srv/set_pen.hpp
[0.377s] -- Up-to-date: /home/yura/firstprogram/install/turtlesim/include/turtlesim/turtlesim/srv/kill.hpp
[0.377s] -- Up-to-date: /home/yura/firstprogram/install/turtlesim/include/turtlesim/turtlesim/srv/spawn.hpp
[0.377s] -- Up-to-date: /home/yura/firstprogram/install/turtlesim/include/turtlesim/turtlesim/srv/teleport_absolute.hpp
[0.377s] -- Up-to-date: /home/yura/firstprogram/install/turtlesim/include/turtlesim/turtlesim/action
[0.377s] -- Up-to-date: /home/yura/firstprogram/install/turtlesim/include/turtlesim/turtlesim/action/detail
[0.377s] -- Up-to-date: /home/yura/firstprogram/install/turtlesim/include/turtlesim/turtlesim/action/detail/rotate_absolute__builder.hpp
[0.377s] -- Up-to-date: /home/yura/firstprogram/install/turtlesim/include/turtlesim/turtlesim/action/detail/rotate_absolute__type_support.hpp
[0.378s] -- Up-to-date: /home/yura/firstprogram/install/turtlesim/include/turtlesim/turtlesim/action/detail/rotate_absolute__struct.hpp
[0.378s] -- Up-to-date: /home/yura/firstprogram/install/turtlesim/include/turtlesim/turtlesim/action/detail/rotate_absolute__traits.hpp
[0.378s] -- Up-to-date: /home/yura/firstprogram/install/turtlesim/include/turtlesim/turtlesim/action/rotate_absolute.hpp
[0.378s] -- Up-to-date: /home/yura/firstprogram/install/turtlesim/include/turtlesim/turtlesim
[0.378s] -- Up-to-date: /home/yura/firstprogram/install/turtlesim/include/turtlesim/turtlesim/msg
[0.378s] -- Up-to-date: /home/yura/firstprogram/install/turtlesim/include/turtlesim/turtlesim/msg/rosidl_typesupport_fastrtps_cpp__visibility_control.h
[0.378s] -- Up-to-date: /home/yura/firstprogram/install/turtlesim/include/turtlesim/turtlesim/msg/detail
[0.378s] -- Up-to-date: /home/yura/firstprogram/install/turtlesim/include/turtlesim/turtlesim/msg/detail/dds_fastrtps
[0.378s] -- Up-to-date: /home/yura/firstprogram/install/turtlesim/include/turtlesim/turtlesim/msg/detail/color__rosidl_typesupport_fastrtps_cpp.hpp
[0.378s] -- Up-to-date: /home/yura/firstprogram/install/turtlesim/include/turtlesim/turtlesim/msg/detail/pose__rosidl_typesupport_fastrtps_cpp.hpp
[0.379s] -- Up-to-date: /home/yura/firstprogram/install/turtlesim/include/turtlesim/turtlesim/srv
[0.379s] -- Up-to-date: /home/yura/firstprogram/install/turtlesim/include/turtlesim/turtlesim/srv/detail
[0.379s] -- Up-to-date: /home/yura/firstprogram/install/turtlesim/include/turtlesim/turtlesim/srv/detail/dds_fastrtps
[0.379s] -- Up-to-date: /home/yura/firstprogram/install/turtlesim/include/turtlesim/turtlesim/srv/detail/set_pen__rosidl_typesupport_fastrtps_cpp.hpp
[0.379s] -- Up-to-date: /home/yura/firstprogram/install/turtlesim/include/turtlesim/turtlesim/srv/detail/kill__rosidl_typesupport_fastrtps_cpp.hpp
[0.380s] -- Up-to-date: /home/yura/firstprogram/install/turtlesim/include/turtlesim/turtlesim/srv/detail/spawn__rosidl_typesupport_fastrtps_cpp.hpp
[0.380s] -- Up-to-date: /home/yura/firstprogram/install/turtlesim/include/turtlesim/turtlesim/srv/detail/teleport_absolute__rosidl_typesupport_fastrtps_cpp.hpp
[0.380s] -- Up-to-date: /home/yura/firstprogram/install/turtlesim/include/turtlesim/turtlesim/srv/detail/teleport_relative__rosidl_typesupport_fastrtps_cpp.hpp
[0.380s] -- Up-to-date: /home/yura/firstprogram/install/turtlesim/include/turtlesim/turtlesim/action
[0.380s] -- Up-to-date: /home/yura/firstprogram/install/turtlesim/include/turtlesim/turtlesim/action/detail
[0.381s] -- Up-to-date: /home/yura/firstprogram/install/turtlesim/include/turtlesim/turtlesim/action/detail/dds_fastrtps
[0.381s] -- Up-to-date: /home/yura/firstprogram/install/turtlesim/include/turtlesim/turtlesim/action/detail/rotate_absolute__rosidl_typesupport_fastrtps_cpp.hpp
[0.381s] -- Up-to-date: /home/yura/firstprogram/install/turtlesim/lib/libturtlesim__rosidl_typesupport_fastrtps_cpp.so
[0.381s] -- Up-to-date: /home/yura/firstprogram/install/turtlesim/include/turtlesim/turtlesim
[0.381s] -- Up-to-date: /home/yura/firstprogram/install/turtlesim/include/turtlesim/turtlesim/msg
[0.381s] -- Up-to-date: /home/yura/firstprogram/install/turtlesim/include/turtlesim/turtlesim/msg/detail
[0.381s] -- Up-to-date: /home/yura/firstprogram/install/turtlesim/include/turtlesim/turtlesim/msg/detail/color__type_support.c
[0.382s] -- Up-to-date: /home/yura/firstprogram/install/turtlesim/include/turtlesim/turtlesim/msg/detail/pose__type_support.c
[0.382s] -- Up-to-date: /home/yura/firstprogram/install/turtlesim/include/turtlesim/turtlesim/msg/detail/pose__rosidl_typesupport_introspection_c.h
[0.382s] -- Up-to-date: /home/yura/firstprogram/install/turtlesim/include/turtlesim/turtlesim/msg/detail/color__rosidl_typesupport_introspection_c.h
[0.382s] -- Up-to-date: /home/yura/firstprogram/install/turtlesim/include/turtlesim/turtlesim/msg/rosidl_typesupport_introspection_c__visibility_control.h
[0.382s] -- Up-to-date: /home/yura/firstprogram/install/turtlesim/include/turtlesim/turtlesim/srv
[0.382s] -- Up-to-date: /home/yura/firstprogram/install/turtlesim/include/turtlesim/turtlesim/srv/detail
[0.383s] -- Up-to-date: /home/yura/firstprogram/install/turtlesim/include/turtlesim/turtlesim/srv/detail/teleport_absolute__type_support.c
[0.383s] -- Up-to-date: /home/yura/firstprogram/install/turtlesim/include/turtlesim/turtlesim/srv/detail/kill__type_support.c
[0.383s] -- Up-to-date: /home/yura/firstprogram/install/turtlesim/include/turtlesim/turtlesim/srv/detail/spawn__rosidl_typesupport_introspection_c.h
[0.384s] -- Up-to-date: /home/yura/firstprogram/install/turtlesim/include/turtlesim/turtlesim/srv/detail/kill__rosidl_typesupport_introspection_c.h
[0.384s] -- Up-to-date: /home/yura/firstprogram/install/turtlesim/include/turtlesim/turtlesim/srv/detail/teleport_relative__type_support.c
[0.384s] -- Up-to-date: /home/yura/firstprogram/install/turtlesim/include/turtlesim/turtlesim/srv/detail/teleport_relative__rosidl_typesupport_introspection_c.h
[0.384s] -- Up-to-date: /home/yura/firstprogram/install/turtlesim/include/turtlesim/turtlesim/srv/detail/set_pen__type_support.c
[0.384s] -- Up-to-date: /home/yura/firstprogram/install/turtlesim/include/turtlesim/turtlesim/srv/detail/spawn__type_support.c
[0.384s] -- Up-to-date: /home/yura/firstprogram/install/turtlesim/include/turtlesim/turtlesim/srv/detail/teleport_absolute__rosidl_typesupport_introspection_c.h
[0.385s] -- Up-to-date: /home/yura/firstprogram/install/turtlesim/include/turtlesim/turtlesim/srv/detail/set_pen__rosidl_typesupport_introspection_c.h
[0.385s] -- Up-to-date: /home/yura/firstprogram/install/turtlesim/include/turtlesim/turtlesim/action
[0.385s] -- Up-to-date: /home/yura/firstprogram/install/turtlesim/include/turtlesim/turtlesim/action/detail
[0.385s] -- Up-to-date: /home/yura/firstprogram/install/turtlesim/include/turtlesim/turtlesim/action/detail/rotate_absolute__type_support.c
[0.385s] -- Up-to-date: /home/yura/firstprogram/install/turtlesim/include/turtlesim/turtlesim/action/detail/rotate_absolute__rosidl_typesupport_introspection_c.h
[0.385s] -- Up-to-date: /home/yura/firstprogram/install/turtlesim/lib/libturtlesim__rosidl_typesupport_introspection_c.so
[0.385s] -- Up-to-date: /home/yura/firstprogram/install/turtlesim/lib/libturtlesim__rosidl_typesupport_c.so
[0.385s] -- Up-to-date: /home/yura/firstprogram/install/turtlesim/include/turtlesim/turtlesim
[0.385s] -- Up-to-date: /home/yura/firstprogram/install/turtlesim/include/turtlesim/turtlesim/msg
[0.385s] -- Up-to-date: /home/yura/firstprogram/install/turtlesim/include/turtlesim/turtlesim/msg/detail
[0.386s] -- Up-to-date: /home/yura/firstprogram/install/turtlesim/include/turtlesim/turtlesim/msg/detail/pose__rosidl_typesupport_introspection_cpp.hpp
[0.386s] -- Up-to-date: /home/yura/firstprogram/install/turtlesim/include/turtlesim/turtlesim/msg/detail/color__rosidl_typesupport_introspection_cpp.hpp
[0.386s] -- Up-to-date: /home/yura/firstprogram/install/turtlesim/include/turtlesim/turtlesim/msg/detail/pose__type_support.cpp
[0.386s] -- Up-to-date: /home/yura/firstprogram/install/turtlesim/include/turtlesim/turtlesim/msg/detail/color__type_support.cpp
[0.386s] -- Up-to-date: /home/yura/firstprogram/install/turtlesim/include/turtlesim/turtlesim/srv
[0.386s] -- Up-to-date: /home/yura/firstprogram/install/turtlesim/include/turtlesim/turtlesim/srv/detail
[0.386s] -- Up-to-date: /home/yura/firstprogram/install/turtlesim/include/turtlesim/turtlesim/srv/detail/teleport_relative__rosidl_typesupport_introspection_cpp.hpp
[0.386s] -- Up-to-date: /home/yura/firstprogram/install/turtlesim/include/turtlesim/turtlesim/srv/detail/teleport_absolute__rosidl_typesupport_introspection_cpp.hpp
[0.386s] -- Up-to-date: /home/yura/firstprogram/install/turtlesim/include/turtlesim/turtlesim/srv/detail/teleport_absolute__type_support.cpp
[0.386s] -- Up-to-date: /home/yura/firstprogram/install/turtlesim/include/turtlesim/turtlesim/srv/detail/kill__rosidl_typesupport_introspection_cpp.hpp
[0.387s] -- Up-to-date: /home/yura/firstprogram/install/turtlesim/include/turtlesim/turtlesim/srv/detail/spawn__type_support.cpp
[0.387s] -- Up-to-date: /home/yura/firstprogram/install/turtlesim/include/turtlesim/turtlesim/srv/detail/teleport_relative__type_support.cpp
[0.387s] -- Up-to-date: /home/yura/firstprogram/install/turtlesim/include/turtlesim/turtlesim/srv/detail/set_pen__rosidl_typesupport_introspection_cpp.hpp
[0.387s] -- Up-to-date: /home/yura/firstprogram/install/turtlesim/include/turtlesim/turtlesim/srv/detail/set_pen__type_support.cpp
[0.388s] -- Up-to-date: /home/yura/firstprogram/install/turtlesim/include/turtlesim/turtlesim/srv/detail/kill__type_support.cpp
[0.388s] -- Up-to-date: /home/yura/firstprogram/install/turtlesim/include/turtlesim/turtlesim/srv/detail/spawn__rosidl_typesupport_introspection_cpp.hpp
[0.388s] -- Up-to-date: /home/yura/firstprogram/install/turtlesim/include/turtlesim/turtlesim/action
[0.389s] -- Up-to-date: /home/yura/firstprogram/install/turtlesim/include/turtlesim/turtlesim/action/detail
[0.389s] -- Up-to-date: /home/yura/firstprogram/install/turtlesim/include/turtlesim/turtlesim/action/detail/rotate_absolute__rosidl_typesupport_introspection_cpp.hpp
[0.389s] -- Up-to-date: /home/yura/firstprogram/install/turtlesim/include/turtlesim/turtlesim/action/detail/rotate_absolute__type_support.cpp
[0.389s] -- Up-to-date: /home/yura/firstprogram/install/turtlesim/lib/libturtlesim__rosidl_typesupport_introspection_cpp.so
[0.389s] -- Up-to-date: /home/yura/firstprogram/install/turtlesim/lib/libturtlesim__rosidl_typesupport_cpp.so
[0.390s] -- Up-to-date: /home/yura/firstprogram/install/turtlesim/share/turtlesim/environment/pythonpath.sh
[0.390s] -- Up-to-date: /home/yura/firstprogram/install/turtlesim/share/turtlesim/environment/pythonpath.dsv
[0.390s] -- Up-to-date: /home/yura/firstprogram/install/turtlesim/lib/python3.12/site-packages/turtlesim-1.8.3-py3.12.egg-info
[0.391s] -- Installing: /home/yura/firstprogram/install/turtlesim/lib/python3.12/site-packages/turtlesim-1.8.3-py3.12.egg-info/PKG-INFO
[0.391s] -- Installing: /home/yura/firstprogram/install/turtlesim/lib/python3.12/site-packages/turtlesim-1.8.3-py3.12.egg-info/dependency_links.txt
[0.391s] -- Installing: /home/yura/firstprogram/install/turtlesim/lib/python3.12/site-packages/turtlesim-1.8.3-py3.12.egg-info/SOURCES.txt
[0.391s] -- Installing: /home/yura/firstprogram/install/turtlesim/lib/python3.12/site-packages/turtlesim-1.8.3-py3.12.egg-info/top_level.txt
[0.392s] -- Up-to-date: /home/yura/firstprogram/install/turtlesim/lib/python3.12/site-packages/turtlesim
[0.392s] -- Up-to-date: /home/yura/firstprogram/install/turtlesim/lib/python3.12/site-packages/turtlesim/msg
[0.393s] -- Up-to-date: /home/yura/firstprogram/install/turtlesim/lib/python3.12/site-packages/turtlesim/msg/_pose.py
[0.393s] -- Up-to-date: /home/yura/firstprogram/install/turtlesim/lib/python3.12/site-packages/turtlesim/msg/_color.py
[0.393s] -- Up-to-date: /home/yura/firstprogram/install/turtlesim/lib/python3.12/site-packages/turtlesim/msg/_color_s.c
[0.394s] -- Up-to-date: /home/yura/firstprogram/install/turtlesim/lib/python3.12/site-packages/turtlesim/msg/__init__.py
[0.394s] -- Up-to-date: /home/yura/firstprogram/install/turtlesim/lib/python3.12/site-packages/turtlesim/msg/_pose_s.c
[0.394s] -- Up-to-date: /home/yura/firstprogram/install/turtlesim/lib/python3.12/site-packages/turtlesim/__init__.py
[0.395s] -- Up-to-date: /home/yura/firstprogram/install/turtlesim/lib/python3.12/site-packages/turtlesim/_turtlesim_s.ep.rosidl_typesupport_c.c
[0.395s] -- Up-to-date: /home/yura/firstprogram/install/turtlesim/lib/python3.12/site-packages/turtlesim/_turtlesim_s.ep.rosidl_typesupport_introspection_c.c
[0.395s] -- Up-to-date: /home/yura/firstprogram/install/turtlesim/lib/python3.12/site-packages/turtlesim/_turtlesim_s.ep.rosidl_typesupport_fastrtps_c.c
[0.395s] -- Up-to-date: /home/yura/firstprogram/install/turtlesim/lib/python3.12/site-packages/turtlesim/turtlesim_s__rosidl_typesupport_c.so
[0.395s] -- Up-to-date: /home/yura/firstprogram/install/turtlesim/lib/python3.12/site-packages/turtlesim/turtlesim_s__rosidl_typesupport_introspection_c.so
[0.395s] -- Up-to-date: /home/yura/firstprogram/install/turtlesim/lib/python3.12/site-packages/turtlesim/srv
[0.396s] -- Up-to-date: /home/yura/firstprogram/install/turtlesim/lib/python3.12/site-packages/turtlesim/srv/_set_pen_s.c
[0.396s] -- Up-to-date: /home/yura/firstprogram/install/turtlesim/lib/python3.12/site-packages/turtlesim/srv/_set_pen.py
[0.396s] -- Up-to-date: /home/yura/firstprogram/install/turtlesim/lib/python3.12/site-packages/turtlesim/srv/_teleport_relative.py
[0.397s] -- Up-to-date: /home/yura/firstprogram/install/turtlesim/lib/python3.12/site-packages/turtlesim/srv/_kill.py
[0.397s] -- Up-to-date: /home/yura/firstprogram/install/turtlesim/lib/python3.12/site-packages/turtlesim/srv/_teleport_relative_s.c
[0.397s] -- Up-to-date: /home/yura/firstprogram/install/turtlesim/lib/python3.12/site-packages/turtlesim/srv/_spawn_s.c
[0.397s] -- Up-to-date: /home/yura/firstprogram/install/turtlesim/lib/python3.12/site-packages/turtlesim/srv/__init__.py
[0.397s] -- Up-to-date: /home/yura/firstprogram/install/turtlesim/lib/python3.12/site-packages/turtlesim/srv/_spawn.py
[0.397s] -- Up-to-date: /home/yura/firstprogram/install/turtlesim/lib/python3.12/site-packages/turtlesim/srv/_teleport_absolute.py
[0.398s] -- Up-to-date: /home/yura/firstprogram/install/turtlesim/lib/python3.12/site-packages/turtlesim/srv/_kill_s.c
[0.398s] -- Up-to-date: /home/yura/firstprogram/install/turtlesim/lib/python3.12/site-packages/turtlesim/srv/_teleport_absolute_s.c
[0.398s] -- Up-to-date: /home/yura/firstprogram/install/turtlesim/lib/python3.12/site-packages/turtlesim/turtlesim_s__rosidl_typesupport_fastrtps_c.so
[0.398s] -- Up-to-date: /home/yura/firstprogram/install/turtlesim/lib/python3.12/site-packages/turtlesim/action
[0.399s] -- Up-to-date: /home/yura/firstprogram/install/turtlesim/lib/python3.12/site-packages/turtlesim/action/_rotate_absolute.py
[0.399s] -- Up-to-date: /home/yura/firstprogram/install/turtlesim/lib/python3.12/site-packages/turtlesim/action/__init__.py
[0.399s] -- Up-to-date: /home/yura/firstprogram/install/turtlesim/lib/python3.12/site-packages/turtlesim/action/_rotate_absolute_s.c
[0.412s] Listing '/home/yura/firstprogram/install/turtlesim/lib/python3.12/site-packages/turtlesim'...
[0.412s] Listing '/home/yura/firstprogram/install/turtlesim/lib/python3.12/site-packages/turtlesim/action'...
[0.413s] Listing '/home/yura/firstprogram/install/turtlesim/lib/python3.12/site-packages/turtlesim/msg'...
[0.413s] Listing '/home/yura/firstprogram/install/turtlesim/lib/python3.12/site-packages/turtlesim/srv'...
[0.413s] -- Up-to-date: /home/yura/firstprogram/install/turtlesim/lib/python3.12/site-packages/turtlesim/turtlesim_s__rosidl_typesupport_fastrtps_c.so
[0.413s] -- Up-to-date: /home/yura/firstprogram/install/turtlesim/lib/python3.12/site-packages/turtlesim/turtlesim_s__rosidl_typesupport_introspection_c.so
[0.413s] -- Up-to-date: /home/yura/firstprogram/install/turtlesim/lib/python3.12/site-packages/turtlesim/turtlesim_s__rosidl_typesupport_c.so
[0.414s] -- Up-to-date: /home/yura/firstprogram/install/turtlesim/lib/libturtlesim__rosidl_generator_py.so
[0.414s] -- Up-to-date: /home/yura/firstprogram/install/turtlesim/share/ament_index/resource_index/rust_packages/turtlesim
[0.414s] -- Up-to-date: /home/yura/firstprogram/install/turtlesim/share/turtlesim/rust
[0.414s] -- Up-to-date: /home/yura/firstprogram/install/turtlesim/share/turtlesim/rust/Cargo.toml
[0.414s] -- Up-to-date: /home/yura/firstprogram/install/turtlesim/share/turtlesim/rust/src
[0.415s] -- Up-to-date: /home/yura/firstprogram/install/turtlesim/share/turtlesim/rust/src/msg.rs
[0.415s] -- Up-to-date: /home/yura/firstprogram/install/turtlesim/share/turtlesim/rust/src/msg
[0.415s] -- Up-to-date: /home/yura/firstprogram/install/turtlesim/share/turtlesim/rust/src/msg/rmw.rs
[0.416s] -- Up-to-date: /home/yura/firstprogram/install/turtlesim/share/turtlesim/rust/src/srv.rs
[0.416s] -- Up-to-date: /home/yura/firstprogram/install/turtlesim/share/turtlesim/rust/src/action.rs
[0.416s] -- Up-to-date: /home/yura/firstprogram/install/turtlesim/share/turtlesim/rust/src/srv
[0.416s] -- Up-to-date: /home/yura/firstprogram/install/turtlesim/share/turtlesim/rust/src/srv/rmw.rs
[0.416s] -- Up-to-date: /home/yura/firstprogram/install/turtlesim/share/turtlesim/rust/src/action
[0.417s] -- Up-to-date: /home/yura/firstprogram/install/turtlesim/share/turtlesim/rust/src/action/rmw.rs
[0.417s] -- Up-to-date: /home/yura/firstprogram/install/turtlesim/share/turtlesim/rust/src/lib.rs
[0.417s] -- Up-to-date: /home/yura/firstprogram/install/turtlesim/share/turtlesim/rust/build.rs
[0.417s] -- Up-to-date: /home/yura/firstprogram/install/turtlesim/share/turtlesim/action/RotateAbsolute.idl
[0.417s] -- Up-to-date: /home/yura/firstprogram/install/turtlesim/share/turtlesim/msg/Color.idl
[0.417s] -- Up-to-date: /home/yura/firstprogram/install/turtlesim/share/turtlesim/msg/Pose.idl
[0.417s] -- Up-to-date: /home/yura/firstprogram/install/turtlesim/share/turtlesim/srv/Kill.idl
[0.418s] -- Up-to-date: /home/yura/firstprogram/install/turtlesim/share/turtlesim/srv/SetPen.idl
[0.418s] -- Up-to-date: /home/yura/firstprogram/install/turtlesim/share/turtlesim/srv/Spawn.idl
[0.418s] -- Up-to-date: /home/yura/firstprogram/install/turtlesim/share/turtlesim/srv/TeleportAbsolute.idl
[0.418s] -- Up-to-date: /home/yura/firstprogram/install/turtlesim/share/turtlesim/srv/TeleportRelative.idl
[0.418s] -- Up-to-date: /home/yura/firstprogram/install/turtlesim/share/turtlesim/action/RotateAbsolute.action
[0.418s] -- Up-to-date: /home/yura/firstprogram/install/turtlesim/share/turtlesim/msg/Color.msg
[0.418s] -- Up-to-date: /home/yura/firstprogram/install/turtlesim/share/turtlesim/msg/Pose.msg
[0.418s] -- Up-to-date: /home/yura/firstprogram/install/turtlesim/share/turtlesim/srv/Kill.srv
[0.418s] -- Up-to-date: /home/yura/firstprogram/install/turtlesim/share/turtlesim/srv/SetPen.srv
[0.419s] -- Up-to-date: /home/yura/firstprogram/install/turtlesim/share/turtlesim/srv/Spawn.srv
[0.419s] -- Up-to-date: /home/yura/firstprogram/install/turtlesim/share/turtlesim/srv/TeleportAbsolute.srv
[0.419s] -- Up-to-date: /home/yura/firstprogram/install/turtlesim/share/turtlesim/srv/TeleportRelative.srv
[0.419s] -- Up-to-date: /home/yura/firstprogram/install/turtlesim/lib/turtlesim/turtlesim_node
[0.419s] -- Up-to-date: /home/yura/firstprogram/install/turtlesim/lib/turtlesim/turtle_teleop_key
[0.419s] -- Up-to-date: /home/yura/firstprogram/install/turtlesim/lib/turtlesim/draw_square
[0.419s] -- Up-to-date: /home/yura/firstprogram/install/turtlesim/lib/turtlesim/mimic
[0.419s] -- Up-to-date: /home/yura/firstprogram/install/turtlesim/share/turtlesim/images
[0.420s] -- Up-to-date: /home/yura/firstprogram/install/turtlesim/share/turtlesim/images/jazzy.png
[0.420s] -- Up-to-date: /home/yura/firstprogram/install/turtlesim/share/turtlesim/images/galactic.png
[0.420s] -- Up-to-date: /home/yura/firstprogram/install/turtlesim/share/turtlesim/images/rolling.png
[0.420s] -- Up-to-date: /home/yura/firstprogram/install/turtlesim/share/turtlesim/images/bouncy.png
[0.420s] -- Up-to-date: /home/yura/firstprogram/install/turtlesim/share/turtlesim/images/humble.png
[0.420s] -- Up-to-date: /home/yura/firstprogram/install/turtlesim/share/turtlesim/images/dashing.png
[0.420s] -- Up-to-date: /home/yura/firstprogram/install/turtlesim/share/turtlesim/images/iron.png
[0.420s] -- Up-to-date: /home/yura/firstprogram/install/turtlesim/share/turtlesim/images/ardent.png
[0.421s] -- Up-to-date: /home/yura/firstprogram/install/turtlesim/share/turtlesim/images/foxy.png
[0.421s] -- Up-to-date: /home/yura/firstprogram/install/turtlesim/share/turtlesim/images/eloquent.png
[0.421s] -- Up-to-date: /home/yura/firstprogram/install/turtlesim/share/turtlesim/images/crystal.png
[0.421s] -- Up-to-date: /home/yura/firstprogram/install/turtlesim/share/turtlesim/launch
[0.421s] -- Up-to-date: /home/yura/firstprogram/install/turtlesim/share/turtlesim/launch/multisim.launch.py
[0.421s] -- Up-to-date: /home/yura/firstprogram/install/turtlesim/share/ament_index/resource_index/package_run_dependencies/turtlesim
[0.421s] -- Up-to-date: /home/yura/firstprogram/install/turtlesim/share/ament_index/resource_index/parent_prefix_path/turtlesim
[0.422s] -- Up-to-date: /home/yura/firstprogram/install/turtlesim/share/turtlesim/environment/ament_prefix_path.sh
[0.422s] -- Up-to-date: /home/yura/firstprogram/install/turtlesim/share/turtlesim/environment/ament_prefix_path.dsv
[0.422s] -- Up-to-date: /home/yura/firstprogram/install/turtlesim/share/turtlesim/environment/path.sh
[0.422s] -- Up-to-date: /home/yura/firstprogram/install/turtlesim/share/turtlesim/environment/path.dsv
[0.422s] -- Up-to-date: /home/yura/firstprogram/install/turtlesim/share/turtlesim/local_setup.bash
[0.423s] -- Up-to-date: /home/yura/firstprogram/install/turtlesim/share/turtlesim/local_setup.sh
[0.423s] -- Up-to-date: /home/yura/firstprogram/install/turtlesim/share/turtlesim/local_setup.zsh
[0.423s] -- Up-to-date: /home/yura/firstprogram/install/turtlesim/share/turtlesim/local_setup.dsv
[0.423s] -- Installing: /home/yura/firstprogram/install/turtlesim/share/turtlesim/package.dsv
[0.423s] -- Up-to-date: /home/yura/firstprogram/install/turtlesim/share/ament_index/resource_index/packages/turtlesim
[0.423s] -- Up-to-date: /home/yura/firstprogram/install/turtlesim/share/turtlesim/cmake/export_turtlesim__rosidl_generator_cExport.cmake
[0.423s] -- Up-to-date: /home/yura/firstprogram/install/turtlesim/share/turtlesim/cmake/export_turtlesim__rosidl_generator_cExport-noconfig.cmake
[0.423s] -- Up-to-date: /home/yura/firstprogram/install/turtlesim/share/turtlesim/cmake/export_turtlesim__rosidl_typesupport_fastrtps_cExport.cmake
[0.423s] -- Up-to-date: /home/yura/firstprogram/install/turtlesim/share/turtlesim/cmake/export_turtlesim__rosidl_typesupport_fastrtps_cExport-noconfig.cmake
[0.423s] -- Up-to-date: /home/yura/firstprogram/install/turtlesim/share/turtlesim/cmake/export_turtlesim__rosidl_generator_cppExport.cmake
[0.424s] -- Up-to-date: /home/yura/firstprogram/install/turtlesim/share/turtlesim/cmake/export_turtlesim__rosidl_typesupport_fastrtps_cppExport.cmake
[0.424s] -- Up-to-date: /home/yura/firstprogram/install/turtlesim/share/turtlesim/cmake/export_turtlesim__rosidl_typesupport_fastrtps_cppExport-noconfig.cmake
[0.424s] -- Up-to-date: /home/yura/firstprogram/install/turtlesim/share/turtlesim/cmake/turtlesim__rosidl_typesupport_introspection_cExport.cmake
[0.424s] -- Up-to-date: /home/yura/firstprogram/install/turtlesim/share/turtlesim/cmake/turtlesim__rosidl_typesupport_introspection_cExport-noconfig.cmake
[0.424s] -- Up-to-date: /home/yura/firstprogram/install/turtlesim/share/turtlesim/cmake/turtlesim__rosidl_typesupport_cExport.cmake
[0.424s] -- Up-to-date: /home/yura/firstprogram/install/turtlesim/share/turtlesim/cmake/turtlesim__rosidl_typesupport_cExport-noconfig.cmake
[0.424s] -- Up-to-date: /home/yura/firstprogram/install/turtlesim/share/turtlesim/cmake/turtlesim__rosidl_typesupport_introspection_cppExport.cmake
[0.424s] -- Up-to-date: /home/yura/firstprogram/install/turtlesim/share/turtlesim/cmake/turtlesim__rosidl_typesupport_introspection_cppExport-noconfig.cmake
[0.424s] -- Up-to-date: /home/yura/firstprogram/install/turtlesim/share/turtlesim/cmake/turtlesim__rosidl_typesupport_cppExport.cmake
[0.424s] -- Up-to-date: /home/yura/firstprogram/install/turtlesim/share/turtlesim/cmake/turtlesim__rosidl_typesupport_cppExport-noconfig.cmake
[0.424s] -- Up-to-date: /home/yura/firstprogram/install/turtlesim/share/turtlesim/cmake/export_turtlesim__rosidl_generator_pyExport.cmake
[0.424s] -- Up-to-date: /home/yura/firstprogram/install/turtlesim/share/turtlesim/cmake/export_turtlesim__rosidl_generator_pyExport-noconfig.cmake
[0.424s] -- Up-to-date: /home/yura/firstprogram/install/turtlesim/share/turtlesim/cmake/rosidl_cmake-extras.cmake
[0.424s] -- Up-to-date: /home/yura/firstprogram/install/turtlesim/share/turtlesim/cmake/ament_cmake_export_dependencies-extras.cmake
[0.424s] -- Up-to-date: /home/yura/firstprogram/install/turtlesim/share/turtlesim/cmake/ament_cmake_export_include_directories-extras.cmake
[0.424s] -- Up-to-date: /home/yura/firstprogram/install/turtlesim/share/turtlesim/cmake/ament_cmake_export_libraries-extras.cmake
[0.424s] -- Up-to-date: /home/yura/firstprogram/install/turtlesim/share/turtlesim/cmake/ament_cmake_export_targets-extras.cmake
[0.424s] -- Up-to-date: /home/yura/firstprogram/install/turtlesim/share/turtlesim/cmake/rosidl_cmake_export_typesupport_targets-extras.cmake
[0.424s] -- Up-to-date: /home/yura/firstprogram/install/turtlesim/share/turtlesim/cmake/rosidl_cmake_export_typesupport_libraries-extras.cmake
[0.424s] -- Up-to-date: /home/yura/firstprogram/install/turtlesim/share/turtlesim/cmake/turtlesimConfig.cmake
[0.424s] -- Up-to-date: /home/yura/firstprogram/install/turtlesim/share/turtlesim/cmake/turtlesimConfig-version.cmake
[0.424s] -- Up-to-date: /home/yura/firstprogram/install/turtlesim/share/turtlesim/package.xml
[0.425s] Invoked command in '/home/yura/firstprogram/build/turtlesim' returned '0': CMAKE_PREFIX_PATH=${CMAKE_PREFIX_PATH}:/opt/ros/jazzy DEBUGINFOD_URLS=https://debuginfod.ubuntu.com /usr/bin/cmake --install /home/yura/firstprogram/build/turtlesim
