[0.010s] Invoking command in '/home/yura/firstprogram/build/custom_interfaces': CMAKE_PREFIX_PATH=${CMAKE_PREFIX_PATH}:/opt/ros/jazzy DEBUGINFOD_URLS=https://debuginfod.ubuntu.com /usr/bin/cmake /home/yura/firstprogram/src/custom_interfaces -DCMAKE_INSTALL_PREFIX=/home/yura/firstprogram/install/custom_interfaces
[0.164s] -- The C compiler identification is GNU 13.3.0
[0.273s] -- The CXX compiler identification is GNU 13.3.0
[0.289s] -- Detecting C compiler ABI info
[0.365s] -- Detecting C compiler ABI info - done
[0.371s] -- Check for working C compiler: /usr/bin/cc - skipped
[0.372s] -- Detecting C compile features
[0.372s] -- Detecting C compile features - done
[0.380s] -- Detecting CXX compiler ABI info
[0.456s] -- Detecting CXX compiler ABI info - done
[0.470s] -- Check for working CXX compiler: /usr/bin/c++ - skipped
[0.471s] -- Detecting CXX compile features
[0.471s] -- Detecting CXX compile features - done
[0.474s] -- Found ament_cmake: 2.5.6 (/opt/ros/jazzy/share/ament_cmake/cmake)
[0.576s] -- Found Python3: /usr/bin/python3 (found version "3.12.3") found components: Interpreter 
[0.650s] -- Found ament_lint_auto: 0.17.5 (/opt/ros/jazzy/share/ament_lint_auto/cmake)
[0.720s] -- Added test 'lint_cmake' to check CMake code style
[0.721s] -- Added test 'xmllint' to check XML markup files
[0.722s] -- Configuring done (0.7s)
[0.723s] -- Generating done (0.0s)
[0.724s] -- Build files have been written to: /home/yura/firstprogram/build/custom_interfaces
[0.728s] Invoked command in '/home/yura/firstprogram/build/custom_interfaces' returned '0': CMAKE_PREFIX_PATH=${CMAKE_PREFIX_PATH}:/opt/ros/jazzy DEBUGINFOD_URLS=https://debuginfod.ubuntu.com /usr/bin/cmake /home/yura/firstprogram/src/custom_interfaces -DCMAKE_INSTALL_PREFIX=/home/yura/firstprogram/install/custom_interfaces
[0.728s] Invoking command in '/home/yura/firstprogram/build/custom_interfaces': CMAKE_PREFIX_PATH=${CMAKE_PREFIX_PATH}:/opt/ros/jazzy DEBUGINFOD_URLS=https://debuginfod.ubuntu.com /usr/bin/cmake --build /home/yura/firstprogram/build/custom_interfaces -- -j12 -l12
[0.759s] Invoked command in '/home/yura/firstprogram/build/custom_interfaces' returned '0': CMAKE_PREFIX_PATH=${CMAKE_PREFIX_PATH}:/opt/ros/jazzy DEBUGINFOD_URLS=https://debuginfod.ubuntu.com /usr/bin/cmake --build /home/yura/firstprogram/build/custom_interfaces -- -j12 -l12
[0.760s] Invoking command in '/home/yura/firstprogram/build/custom_interfaces': CMAKE_PREFIX_PATH=${CMAKE_PREFIX_PATH}:/opt/ros/jazzy DEBUGINFOD_URLS=https://debuginfod.ubuntu.com /usr/bin/cmake --install /home/yura/firstprogram/build/custom_interfaces
[0.767s] -- Install configuration: ""
[0.767s] -- Installing: /home/yura/firstprogram/install/custom_interfaces/share/ament_index/resource_index/package_run_dependencies/custom_interfaces
[0.767s] -- Installing: /home/yura/firstprogram/install/custom_interfaces/share/ament_index/resource_index/parent_prefix_path/custom_interfaces
[0.768s] -- Installing: /home/yura/firstprogram/install/custom_interfaces/share/custom_interfaces/environment/ament_prefix_path.sh
[0.768s] -- Installing: /home/yura/firstprogram/install/custom_interfaces/share/custom_interfaces/environment/ament_prefix_path.dsv
[0.768s] -- Installing: /home/yura/firstprogram/install/custom_interfaces/share/custom_interfaces/environment/path.sh
[0.768s] -- Installing: /home/yura/firstprogram/install/custom_interfaces/share/custom_interfaces/environment/path.dsv
[0.768s] -- Installing: /home/yura/firstprogram/install/custom_interfaces/share/custom_interfaces/local_setup.bash
[0.768s] -- Installing: /home/yura/firstprogram/install/custom_interfaces/share/custom_interfaces/local_setup.sh
[0.768s] -- Installing: /home/yura/firstprogram/install/custom_interfaces/share/custom_interfaces/local_setup.zsh
[0.768s] -- Installing: /home/yura/firstprogram/install/custom_interfaces/share/custom_interfaces/local_setup.dsv
[0.768s] -- Installing: /home/yura/firstprogram/install/custom_interfaces/share/custom_interfaces/package.dsv
[0.768s] -- Installing: /home/yura/firstprogram/install/custom_interfaces/share/ament_index/resource_index/packages/custom_interfaces
[0.769s] -- Installing: /home/yura/firstprogram/install/custom_interfaces/share/custom_interfaces/cmake/custom_interfacesConfig.cmake
[0.769s] -- Installing: /home/yura/firstprogram/install/custom_interfaces/share/custom_interfaces/cmake/custom_interfacesConfig-version.cmake
[0.769s] -- Installing: /home/yura/firstprogram/install/custom_interfaces/share/custom_interfaces/package.xml
[0.770s] Invoked command in '/home/yura/firstprogram/build/custom_interfaces' returned '0': CMAKE_PREFIX_PATH=${CMAKE_PREFIX_PATH}:/opt/ros/jazzy DEBUGINFOD_URLS=https://debuginfod.ubuntu.com /usr/bin/cmake --install /home/yura/firstprogram/build/custom_interfaces
