[0.012s] Invoking command in '/home/yura/firstprogram/build/simplepubsub': AMENT_PREFIX_PATH=/home/yura/firstprogram/install/tutorial_interfaces:/home/yura/firstprogram/install/turtlesim:${AMENT_PREFIX_PATH} CMAKE_PREFIX_PATH=/home/yura/firstprogram/install/tutorial_interfaces:/home/yura/firstprogram/install/turtlesim:/opt/ros/jazzy/opt/sdformat_vendor:/opt/ros/jazzy/opt/gz_math_vendor:/opt/ros/jazzy/opt/gz_utils_vendor:/opt/ros/jazzy/opt/gz_tools_vendor:/opt/ros/jazzy/opt/gz_cmake_vendor:/opt/ros/jazzy DEBUGINFOD_URLS=https://debuginfod.ubuntu.com LD_LIBRARY_PATH=/home/yura/firstprogram/install/tutorial_interfaces/lib:/home/yura/firstprogram/install/turtlesim/lib:${LD_LIBRARY_PATH} PYTHONPATH=/home/yura/firstprogram/install/tutorial_interfaces/lib/python3.12/site-packages:/home/yura/firstprogram/install/turtlesim/lib/python3.12/site-packages:${PYTHONPATH} /usr/bin/cmake --build /home/yura/firstprogram/build/simplepubsub -- -j12 -l12
[0.062s] [ 50%] Built target talker
[0.067s] [100%] Built target listener
[0.080s] Invoked command in '/home/yura/firstprogram/build/simplepubsub' returned '0': AMENT_PREFIX_PATH=/home/yura/firstprogram/install/tutorial_interfaces:/home/yura/firstprogram/install/turtlesim:${AMENT_PREFIX_PATH} CMAKE_PREFIX_PATH=/home/yura/firstprogram/install/tutorial_interfaces:/home/yura/firstprogram/install/turtlesim:/opt/ros/jazzy/opt/sdformat_vendor:/opt/ros/jazzy/opt/gz_math_vendor:/opt/ros/jazzy/opt/gz_utils_vendor:/opt/ros/jazzy/opt/gz_tools_vendor:/opt/ros/jazzy/opt/gz_cmake_vendor:/opt/ros/jazzy DEBUGINFOD_URLS=https://debuginfod.ubuntu.com LD_LIBRARY_PATH=/home/yura/firstprogram/install/tutorial_interfaces/lib:/home/yura/firstprogram/install/turtlesim/lib:${LD_LIBRARY_PATH} PYTHONPATH=/home/yura/firstprogram/install/tutorial_interfaces/lib/python3.12/site-packages:/home/yura/firstprogram/install/turtlesim/lib/python3.12/site-packages:${PYTHONPATH} /usr/bin/cmake --build /home/yura/firstprogram/build/simplepubsub -- -j12 -l12
[0.081s] Invoking command in '/home/yura/firstprogram/build/simplepubsub': AMENT_PREFIX_PATH=/home/yura/firstprogram/install/tutorial_interfaces:/home/yura/firstprogram/install/turtlesim:${AMENT_PREFIX_PATH} CMAKE_PREFIX_PATH=/home/yura/firstprogram/install/tutorial_interfaces:/home/yura/firstprogram/install/turtlesim:/opt/ros/jazzy/opt/sdformat_vendor:/opt/ros/jazzy/opt/gz_math_vendor:/opt/ros/jazzy/opt/gz_utils_vendor:/opt/ros/jazzy/opt/gz_tools_vendor:/opt/ros/jazzy/opt/gz_cmake_vendor:/opt/ros/jazzy DEBUGINFOD_URLS=https://debuginfod.ubuntu.com LD_LIBRARY_PATH=/home/yura/firstprogram/install/tutorial_interfaces/lib:/home/yura/firstprogram/install/turtlesim/lib:${LD_LIBRARY_PATH} PYTHONPATH=/home/yura/firstprogram/install/tutorial_interfaces/lib/python3.12/site-packages:/home/yura/firstprogram/install/turtlesim/lib/python3.12/site-packages:${PYTHONPATH} /usr/bin/cmake --install /home/yura/firstprogram/build/simplepubsub
[0.089s] -- Install configuration: ""
[0.089s] -- Up-to-date: /home/yura/firstprogram/install/simplepubsub/lib/simplepubsub/talker
[0.090s] -- Up-to-date: /home/yura/firstprogram/install/simplepubsub/lib/simplepubsub/listener
[0.090s] -- Up-to-date: /home/yura/firstprogram/install/simplepubsub/share/ament_index/resource_index/package_run_dependencies/simplepubsub
[0.090s] -- Up-to-date: /home/yura/firstprogram/install/simplepubsub/share/ament_index/resource_index/parent_prefix_path/simplepubsub
[0.090s] -- Up-to-date: /home/yura/firstprogram/install/simplepubsub/share/simplepubsub/environment/ament_prefix_path.sh
[0.090s] -- Up-to-date: /home/yura/firstprogram/install/simplepubsub/share/simplepubsub/environment/ament_prefix_path.dsv
[0.090s] -- Up-to-date: /home/yura/firstprogram/install/simplepubsub/share/simplepubsub/environment/path.sh
[0.090s] -- Up-to-date: /home/yura/firstprogram/install/simplepubsub/share/simplepubsub/environment/path.dsv
[0.090s] -- Up-to-date: /home/yura/firstprogram/install/simplepubsub/share/simplepubsub/local_setup.bash
[0.091s] -- Up-to-date: /home/yura/firstprogram/install/simplepubsub/share/simplepubsub/local_setup.sh
[0.091s] -- Up-to-date: /home/yura/firstprogram/install/simplepubsub/share/simplepubsub/local_setup.zsh
[0.091s] -- Up-to-date: /home/yura/firstprogram/install/simplepubsub/share/simplepubsub/local_setup.dsv
[0.091s] -- Installing: /home/yura/firstprogram/install/simplepubsub/share/simplepubsub/package.dsv
[0.091s] -- Up-to-date: /home/yura/firstprogram/install/simplepubsub/share/ament_index/resource_index/packages/simplepubsub
[0.091s] -- Up-to-date: /home/yura/firstprogram/install/simplepubsub/share/simplepubsub/cmake/simplepubsubConfig.cmake
[0.091s] -- Up-to-date: /home/yura/firstprogram/install/simplepubsub/share/simplepubsub/cmake/simplepubsubConfig-version.cmake
[0.091s] -- Up-to-date: /home/yura/firstprogram/install/simplepubsub/share/simplepubsub/package.xml
[0.092s] Invoked command in '/home/yura/firstprogram/build/simplepubsub' returned '0': AMENT_PREFIX_PATH=/home/yura/firstprogram/install/tutorial_interfaces:/home/yura/firstprogram/install/turtlesim:${AMENT_PREFIX_PATH} CMAKE_PREFIX_PATH=/home/yura/firstprogram/install/tutorial_interfaces:/home/yura/firstprogram/install/turtlesim:/opt/ros/jazzy/opt/sdformat_vendor:/opt/ros/jazzy/opt/gz_math_vendor:/opt/ros/jazzy/opt/gz_utils_vendor:/opt/ros/jazzy/opt/gz_tools_vendor:/opt/ros/jazzy/opt/gz_cmake_vendor:/opt/ros/jazzy DEBUGINFOD_URLS=https://debuginfod.ubuntu.com LD_LIBRARY_PATH=/home/yura/firstprogram/install/tutorial_interfaces/lib:/home/yura/firstprogram/install/turtlesim/lib:${LD_LIBRARY_PATH} PYTHONPATH=/home/yura/firstprogram/install/tutorial_interfaces/lib/python3.12/site-packages:/home/yura/firstprogram/install/turtlesim/lib/python3.12/site-packages:${PYTHONPATH} /usr/bin/cmake --install /home/yura/firstprogram/build/simplepubsub
