[0.009s] Invoking command in '/home/yura/firstprogram/build/cpp_srvcli': CMAKE_PREFIX_PATH=${CMAKE_PREFIX_PATH}:/opt/ros/jazzy DEBUGINFOD_URLS=https://debuginfod.ubuntu.com /usr/bin/cmake --build /home/yura/firstprogram/build/cpp_srvcli -- -j12 -l12
[0.026s] -- Found ament_cmake: 2.5.6 (/opt/ros/jazzy/share/ament_cmake/cmake)
[0.174s] -- Found rclcpp: 28.1.18 (/opt/ros/jazzy/share/rclcpp/cmake)
[0.191s] -- Found rosidl_generator_c: 4.6.7 (/opt/ros/jazzy/share/rosidl_generator_c/cmake)
[0.196s] -- Found rosidl_generator_cpp: 4.6.7 (/opt/ros/jazzy/share/rosidl_generator_cpp/cmake)
[0.203s] -- Using all available rosidl_typesupport_c: rosidl_typesupport_fastrtps_c;rosidl_typesupport_introspection_c
[0.211s] -- Using all available rosidl_typesupport_cpp: rosidl_typesupport_fastrtps_cpp;rosidl_typesupport_introspection_cpp
[0.249s] -- Found rmw_implementation_cmake: 7.3.3 (/opt/ros/jazzy/share/rmw_implementation_cmake/cmake)
[0.250s] -- Found rmw_fastrtps_cpp: 8.4.3 (/opt/ros/jazzy/share/rmw_fastrtps_cpp/cmake)
[0.298s] -- Using RMW implementation 'rmw_fastrtps_cpp' as default
[0.339s] -- Found ament_lint_auto: 0.17.5 (/opt/ros/jazzy/share/ament_lint_auto/cmake)
[0.396s] -- Added test 'cppcheck' to perform static code analysis on C / C++ code
[0.396s] -- Configured cppcheck include dirs: 
[0.397s] -- Configured cppcheck exclude dirs and/or files: 
[0.397s] -- Added test 'lint_cmake' to check CMake code style
[0.397s] -- Added test 'uncrustify' to check C / C++ code style
[0.397s] -- Configured uncrustify additional arguments: 
[0.397s] -- Added test 'xmllint' to check XML markup files
[0.398s] -- Configuring done (0.4s)
[0.405s] -- Generating done (0.0s)
[0.408s] -- Build files have been written to: /home/yura/firstprogram/build/cpp_srvcli
[0.439s] [ 25%] [32mBuilding CXX object CMakeFiles/client.dir/src/client.cpp.o[0m
[0.442s] [ 50%] [32mBuilding CXX object CMakeFiles/server.dir/src/sum.cpp.o[0m
[0.565s] [01m[K/home/yura/firstprogram/src/cpp_srvcli/src/client.cpp:2:10:[m[K [01;31m[Kfatal error: [m[Kexample_interfaces/srv/add_two_ints.hpp: No such file or directory
[0.565s]     2 | #include [01;31m[K"example_interfaces/srv/add_two_ints.hpp"[m[K
[0.565s]       |          [01;31m[K^~~~~~~~~~~~~~~~~~~~~~~~~~~~~~~~~~~~~~~~~[m[K
[0.565s] compilation terminated.
[0.568s] gmake[2]: *** [CMakeFiles/client.dir/build.make:76: CMakeFiles/client.dir/src/client.cpp.o] Error 1
[0.569s] gmake[1]: *** [CMakeFiles/Makefile2:165: CMakeFiles/client.dir/all] Error 2
[0.569s] gmake[1]: *** Waiting for unfinished jobs....
[1.628s] [01m[K/home/yura/firstprogram/src/cpp_srvcli/src/sum.cpp:[m[K In function ‘[01m[Kint[01;32m[K main[m[K(int, char**)[m[K’:
[1.628s] [01m[K/home/yura/firstprogram/src/cpp_srvcli/src/sum.cpp:12:19:[m[K [01;31m[Kerror: [m[K‘[01m[Kexample_interfaces[m[K’ was not declared in this scope; did you mean ‘[01m[Krcl_interfaces[m[K’?
[1.628s]    12 |   rclcpp::Service<[01;31m[Kexample_interfaces[m[K::srv::AddTwoInts>::SharedPtr service =
[1.628s]       |                   [01;31m[K^~~~~~~~~~~~~~~~~~[m[K
[1.628s]       |                   [32m[Krcl_interfaces[m[K
[1.628s] [01m[K/home/yura/firstprogram/src/cpp_srvcli/src/sum.cpp:12:54:[m[K [01;31m[Kerror: [m[Ktemplate argument 1 is invalid
[1.628s]    12 | es::srv::AddTwoInts[01;31m[K>[m[K::SharedPtr service =
[1.628s]       |                    [01;31m[K^[m[K
[1.628s] 
[1.628s] [01m[K/home/yura/firstprogram/src/cpp_srvcli/src/sum.cpp:12:67:[m[K [01;31m[Kerror: [m[Kqualified-id in declaration before ‘[01m[Kservice[m[K’
[1.628s]    12 | dTwoInts>::SharedPtr [01;31m[Kservice[m[K =
[1.628s]       |                      [01;31m[K^~~~~~~[m[K
[1.628s] 
[1.974s] gmake[2]: *** [CMakeFiles/server.dir/build.make:76: CMakeFiles/server.dir/src/sum.cpp.o] Error 1
[1.974s] gmake[1]: *** [CMakeFiles/Makefile2:139: CMakeFiles/server.dir/all] Error 2
[1.974s] gmake: *** [Makefile:146: all] Error 2
[1.976s] Invoked command in '/home/yura/firstprogram/build/cpp_srvcli' returned '2': CMAKE_PREFIX_PATH=${CMAKE_PREFIX_PATH}:/opt/ros/jazzy DEBUGINFOD_URLS=https://debuginfod.ubuntu.com /usr/bin/cmake --build /home/yura/firstprogram/build/cpp_srvcli -- -j12 -l12
