[0.008s] Invoking command in '/home/yura/firstprogram/build/tutorial_interfaces': CMAKE_PREFIX_PATH=${CMAKE_PREFIX_PATH}:/opt/ros/jazzy DEBUGINFOD_URLS=https://debuginfod.ubuntu.com /usr/bin/cmake --build /home/yura/firstprogram/build/tutorial_interfaces -- -j12 -l12
[0.028s] -- Found ament_cmake: 2.5.6 (/opt/ros/jazzy/share/ament_cmake/cmake)
[0.095s] -- Found geometry_msgs: 5.3.7 (/opt/ros/jazzy/share/geometry_msgs/cmake)
[0.112s] -- Found rosidl_generator_c: 4.6.7 (/opt/ros/jazzy/share/rosidl_generator_c/cmake)
[0.117s] -- Found rosidl_generator_cpp: 4.6.7 (/opt/ros/jazzy/share/rosidl_generator_cpp/cmake)
[0.124s] -- Using all available rosidl_typesupport_c: rosidl_typesupport_fastrtps_c;rosidl_typesupport_introspection_c
[0.132s] -- Using all available rosidl_typesupport_cpp: rosidl_typesupport_fastrtps_cpp;rosidl_typesupport_introspection_cpp
[0.157s] -- Found rosidl_default_generators: 1.6.0 (/opt/ros/jazzy/share/rosidl_default_generators/cmake)
[0.164s] -- Found rosidl_adapter: 4.6.7 (/opt/ros/jazzy/share/rosidl_adapter/cmake)
[0.363s] -- Found ament_cmake_ros: 0.12.0 (/opt/ros/jazzy/share/ament_cmake_ros/cmake)
[0.553s] -- Using all available rosidl_typesupport_c: rosidl_typesupport_fastrtps_c;rosidl_typesupport_introspection_c
[0.625s] -- Using all available rosidl_typesupport_cpp: rosidl_typesupport_fastrtps_cpp;rosidl_typesupport_introspection_cpp
[0.626s] -- Found python_cmake_module: 0.11.1 (/opt/ros/jazzy/share/python_cmake_module/cmake)
[0.811s] -- Found Python3: /usr/bin/python3 (found version "3.12.3") found components: Interpreter Development NumPy Development.Module Development.Embed 
[0.873s] -- Found Python3: /usr/bin/python3 (found version "3.12.3") found components: Interpreter 
[0.875s] -- Found ament_lint_auto: 0.17.5 (/opt/ros/jazzy/share/ament_lint_auto/cmake)
[0.880s] -- Added test 'lint_cmake' to check CMake code style
[0.881s] -- Added test 'xmllint' to check XML markup files
[0.882s] -- Configuring done (0.9s)
[0.906s] -- Generating done (0.0s)
[0.914s] -- Build files have been written to: /home/yura/firstprogram/build/tutorial_interfaces
[0.943s] [  1%] Built target tutorial_interfaces__rosidl_generator_type_description
[0.943s] [  3%] Built target tutorial_interfaces__rs
[0.952s] [  3%] Built target ament_cmake_python_copy_tutorial_interfaces
[0.959s] [  5%] Built target tutorial_interfaces__cpp
[0.963s] [ 25%] Built target tutorial_interfaces__rosidl_generator_c
[0.979s] [ 34%] Built target tutorial_interfaces__rosidl_typesupport_introspection_c
[0.984s] [ 43%] Built target tutorial_interfaces__rosidl_typesupport_fastrtps_c
[0.984s] [ 52%] Built target tutorial_interfaces__rosidl_typesupport_fastrtps_cpp
[0.984s] [ 61%] Built target tutorial_interfaces__rosidl_typesupport_c
[0.984s] [ 70%] Built target tutorial_interfaces__rosidl_typesupport_cpp
[0.986s] [ 80%] Built target tutorial_interfaces__rosidl_typesupport_introspection_cpp
[1.003s] [ 80%] Built target tutorial_interfaces
[1.019s] [ 81%] Built target tutorial_interfaces__py
[1.041s] [ 89%] Built target tutorial_interfaces__rosidl_generator_py
[1.059s] [ 92%] Built target tutorial_interfaces_s__rosidl_typesupport_c
[1.059s] [ 96%] Built target tutorial_interfaces_s__rosidl_typesupport_introspection_c
[1.060s] [100%] Built target tutorial_interfaces_s__rosidl_typesupport_fastrtps_c
[1.112s] running egg_info
[1.122s] writing tutorial_interfaces.egg-info/PKG-INFO
[1.123s] writing dependency_links to tutorial_interfaces.egg-info/dependency_links.txt
[1.123s] writing top-level names to tutorial_interfaces.egg-info/top_level.txt
[1.153s] reading manifest file 'tutorial_interfaces.egg-info/SOURCES.txt'
[1.153s] writing manifest file 'tutorial_interfaces.egg-info/SOURCES.txt'
[1.174s] [100%] Built target ament_cmake_python_build_tutorial_interfaces_egg
[1.183s] Invoked command in '/home/yura/firstprogram/build/tutorial_interfaces' returned '0': CMAKE_PREFIX_PATH=${CMAKE_PREFIX_PATH}:/opt/ros/jazzy DEBUGINFOD_URLS=https://debuginfod.ubuntu.com /usr/bin/cmake --build /home/yura/firstprogram/build/tutorial_interfaces -- -j12 -l12
[1.191s] Invoking command in '/home/yura/firstprogram/build/tutorial_interfaces': CMAKE_PREFIX_PATH=${CMAKE_PREFIX_PATH}:/opt/ros/jazzy DEBUGINFOD_URLS=https://debuginfod.ubuntu.com /usr/bin/cmake --install /home/yura/firstprogram/build/tutorial_interfaces
[1.199s] -- Install configuration: ""
[1.199s] -- Up-to-date: /home/yura/firstprogram/install/tutorial_interfaces/share/ament_index/resource_index/rosidl_interfaces/tutorial_interfaces
[1.199s] -- Up-to-date: /home/yura/firstprogram/install/tutorial_interfaces/share/tutorial_interfaces/msg/Num.json
[1.199s] -- Up-to-date: /home/yura/firstprogram/install/tutorial_interfaces/share/tutorial_interfaces/msg/Sphere.json
[1.199s] -- Up-to-date: /home/yura/firstprogram/install/tutorial_interfaces/share/tutorial_interfaces/srv/AddThreeInts.json
[1.199s] -- Up-to-date: /home/yura/firstprogram/install/tutorial_interfaces/include/tutorial_interfaces/tutorial_interfaces
[1.199s] -- Up-to-date: /home/yura/firstprogram/install/tutorial_interfaces/include/tutorial_interfaces/tutorial_interfaces/msg
[1.199s] -- Up-to-date: /home/yura/firstprogram/install/tutorial_interfaces/include/tutorial_interfaces/tutorial_interfaces/msg/num.h
[1.199s] -- Up-to-date: /home/yura/firstprogram/install/tutorial_interfaces/include/tutorial_interfaces/tutorial_interfaces/msg/sphere.h
[1.199s] -- Up-to-date: /home/yura/firstprogram/install/tutorial_interfaces/include/tutorial_interfaces/tutorial_interfaces/msg/detail
[1.199s] -- Up-to-date: /home/yura/firstprogram/install/tutorial_interfaces/include/tutorial_interfaces/tutorial_interfaces/msg/detail/num__functions.h
[1.200s] -- Up-to-date: /home/yura/firstprogram/install/tutorial_interfaces/include/tutorial_interfaces/tutorial_interfaces/msg/detail/num__description.c
[1.200s] -- Up-to-date: /home/yura/firstprogram/install/tutorial_interfaces/include/tutorial_interfaces/tutorial_interfaces/msg/detail/num__type_support.c
[1.200s] -- Up-to-date: /home/yura/firstprogram/install/tutorial_interfaces/include/tutorial_interfaces/tutorial_interfaces/msg/detail/num__functions.c
[1.200s] -- Up-to-date: /home/yura/firstprogram/install/tutorial_interfaces/include/tutorial_interfaces/tutorial_interfaces/msg/detail/sphere__functions.c
[1.200s] -- Up-to-date: /home/yura/firstprogram/install/tutorial_interfaces/include/tutorial_interfaces/tutorial_interfaces/msg/detail/sphere__type_support.c
[1.200s] -- Up-to-date: /home/yura/firstprogram/install/tutorial_interfaces/include/tutorial_interfaces/tutorial_interfaces/msg/detail/sphere__struct.h
[1.200s] -- Up-to-date: /home/yura/firstprogram/install/tutorial_interfaces/include/tutorial_interfaces/tutorial_interfaces/msg/detail/num__type_support.h
[1.200s] -- Up-to-date: /home/yura/firstprogram/install/tutorial_interfaces/include/tutorial_interfaces/tutorial_interfaces/msg/detail/sphere__type_support.h
[1.200s] -- Up-to-date: /home/yura/firstprogram/install/tutorial_interfaces/include/tutorial_interfaces/tutorial_interfaces/msg/detail/num__struct.h
[1.200s] -- Up-to-date: /home/yura/firstprogram/install/tutorial_interfaces/include/tutorial_interfaces/tutorial_interfaces/msg/detail/sphere__description.c
[1.200s] -- Up-to-date: /home/yura/firstprogram/install/tutorial_interfaces/include/tutorial_interfaces/tutorial_interfaces/msg/detail/sphere__functions.h
[1.201s] -- Up-to-date: /home/yura/firstprogram/install/tutorial_interfaces/include/tutorial_interfaces/tutorial_interfaces/msg/rosidl_generator_c__visibility_control.h
[1.201s] -- Up-to-date: /home/yura/firstprogram/install/tutorial_interfaces/include/tutorial_interfaces/tutorial_interfaces/srv
[1.201s] -- Up-to-date: /home/yura/firstprogram/install/tutorial_interfaces/include/tutorial_interfaces/tutorial_interfaces/srv/detail
[1.201s] -- Up-to-date: /home/yura/firstprogram/install/tutorial_interfaces/include/tutorial_interfaces/tutorial_interfaces/srv/detail/add_three_ints__type_support.h
[1.201s] -- Up-to-date: /home/yura/firstprogram/install/tutorial_interfaces/include/tutorial_interfaces/tutorial_interfaces/srv/detail/add_three_ints__functions.h
[1.201s] -- Up-to-date: /home/yura/firstprogram/install/tutorial_interfaces/include/tutorial_interfaces/tutorial_interfaces/srv/detail/add_three_ints__description.c
[1.201s] -- Up-to-date: /home/yura/firstprogram/install/tutorial_interfaces/include/tutorial_interfaces/tutorial_interfaces/srv/detail/add_three_ints__type_support.c
[1.201s] -- Up-to-date: /home/yura/firstprogram/install/tutorial_interfaces/include/tutorial_interfaces/tutorial_interfaces/srv/detail/add_three_ints__functions.c
[1.201s] -- Up-to-date: /home/yura/firstprogram/install/tutorial_interfaces/include/tutorial_interfaces/tutorial_interfaces/srv/detail/add_three_ints__struct.h
[1.201s] -- Up-to-date: /home/yura/firstprogram/install/tutorial_interfaces/include/tutorial_interfaces/tutorial_interfaces/srv/add_three_ints.h
[1.201s] -- Up-to-date: /home/yura/firstprogram/install/tutorial_interfaces/share/tutorial_interfaces/environment/library_path.sh
[1.201s] -- Up-to-date: /home/yura/firstprogram/install/tutorial_interfaces/share/tutorial_interfaces/environment/library_path.dsv
[1.202s] -- Up-to-date: /home/yura/firstprogram/install/tutorial_interfaces/lib/libtutorial_interfaces__rosidl_generator_c.so
[1.202s] -- Up-to-date: /home/yura/firstprogram/install/tutorial_interfaces/include/tutorial_interfaces/tutorial_interfaces
[1.202s] -- Up-to-date: /home/yura/firstprogram/install/tutorial_interfaces/include/tutorial_interfaces/tutorial_interfaces/msg
[1.202s] -- Up-to-date: /home/yura/firstprogram/install/tutorial_interfaces/include/tutorial_interfaces/tutorial_interfaces/msg/rosidl_typesupport_fastrtps_c__visibility_control.h
[1.202s] -- Up-to-date: /home/yura/firstprogram/install/tutorial_interfaces/include/tutorial_interfaces/tutorial_interfaces/msg/detail
[1.202s] -- Up-to-date: /home/yura/firstprogram/install/tutorial_interfaces/include/tutorial_interfaces/tutorial_interfaces/msg/detail/num__rosidl_typesupport_fastrtps_c.h
[1.202s] -- Up-to-date: /home/yura/firstprogram/install/tutorial_interfaces/include/tutorial_interfaces/tutorial_interfaces/msg/detail/sphere__rosidl_typesupport_fastrtps_c.h
[1.202s] -- Up-to-date: /home/yura/firstprogram/install/tutorial_interfaces/include/tutorial_interfaces/tutorial_interfaces/srv
[1.202s] -- Up-to-date: /home/yura/firstprogram/install/tutorial_interfaces/include/tutorial_interfaces/tutorial_interfaces/srv/detail
[1.202s] -- Up-to-date: /home/yura/firstprogram/install/tutorial_interfaces/include/tutorial_interfaces/tutorial_interfaces/srv/detail/add_three_ints__rosidl_typesupport_fastrtps_c.h
[1.202s] -- Up-to-date: /home/yura/firstprogram/install/tutorial_interfaces/lib/libtutorial_interfaces__rosidl_typesupport_fastrtps_c.so
[1.202s] -- Up-to-date: /home/yura/firstprogram/install/tutorial_interfaces/include/tutorial_interfaces/tutorial_interfaces
[1.202s] -- Up-to-date: /home/yura/firstprogram/install/tutorial_interfaces/include/tutorial_interfaces/tutorial_interfaces/msg
[1.202s] -- Up-to-date: /home/yura/firstprogram/install/tutorial_interfaces/include/tutorial_interfaces/tutorial_interfaces/msg/num.hpp
[1.202s] -- Up-to-date: /home/yura/firstprogram/install/tutorial_interfaces/include/tutorial_interfaces/tutorial_interfaces/msg/sphere.hpp
[1.202s] -- Up-to-date: /home/yura/firstprogram/install/tutorial_interfaces/include/tutorial_interfaces/tutorial_interfaces/msg/detail
[1.203s] -- Up-to-date: /home/yura/firstprogram/install/tutorial_interfaces/include/tutorial_interfaces/tutorial_interfaces/msg/detail/num__type_support.hpp
[1.203s] -- Up-to-date: /home/yura/firstprogram/install/tutorial_interfaces/include/tutorial_interfaces/tutorial_interfaces/msg/detail/num__builder.hpp
[1.203s] -- Up-to-date: /home/yura/firstprogram/install/tutorial_interfaces/include/tutorial_interfaces/tutorial_interfaces/msg/detail/num__traits.hpp
[1.203s] -- Up-to-date: /home/yura/firstprogram/install/tutorial_interfaces/include/tutorial_interfaces/tutorial_interfaces/msg/detail/num__struct.hpp
[1.203s] -- Up-to-date: /home/yura/firstprogram/install/tutorial_interfaces/include/tutorial_interfaces/tutorial_interfaces/msg/detail/sphere__type_support.hpp
[1.203s] -- Up-to-date: /home/yura/firstprogram/install/tutorial_interfaces/include/tutorial_interfaces/tutorial_interfaces/msg/detail/sphere__traits.hpp
[1.203s] -- Up-to-date: /home/yura/firstprogram/install/tutorial_interfaces/include/tutorial_interfaces/tutorial_interfaces/msg/detail/sphere__builder.hpp
[1.203s] -- Up-to-date: /home/yura/firstprogram/install/tutorial_interfaces/include/tutorial_interfaces/tutorial_interfaces/msg/detail/sphere__struct.hpp
[1.203s] -- Up-to-date: /home/yura/firstprogram/install/tutorial_interfaces/include/tutorial_interfaces/tutorial_interfaces/msg/rosidl_generator_cpp__visibility_control.hpp
[1.203s] -- Up-to-date: /home/yura/firstprogram/install/tutorial_interfaces/include/tutorial_interfaces/tutorial_interfaces/srv
[1.203s] -- Up-to-date: /home/yura/firstprogram/install/tutorial_interfaces/include/tutorial_interfaces/tutorial_interfaces/srv/detail
[1.203s] -- Up-to-date: /home/yura/firstprogram/install/tutorial_interfaces/include/tutorial_interfaces/tutorial_interfaces/srv/detail/add_three_ints__struct.hpp
[1.203s] -- Up-to-date: /home/yura/firstprogram/install/tutorial_interfaces/include/tutorial_interfaces/tutorial_interfaces/srv/detail/add_three_ints__type_support.hpp
[1.203s] -- Up-to-date: /home/yura/firstprogram/install/tutorial_interfaces/include/tutorial_interfaces/tutorial_interfaces/srv/detail/add_three_ints__traits.hpp
[1.203s] -- Up-to-date: /home/yura/firstprogram/install/tutorial_interfaces/include/tutorial_interfaces/tutorial_interfaces/srv/detail/add_three_ints__builder.hpp
[1.203s] -- Up-to-date: /home/yura/firstprogram/install/tutorial_interfaces/include/tutorial_interfaces/tutorial_interfaces/srv/add_three_ints.hpp
[1.203s] -- Up-to-date: /home/yura/firstprogram/install/tutorial_interfaces/include/tutorial_interfaces/tutorial_interfaces
[1.203s] -- Up-to-date: /home/yura/firstprogram/install/tutorial_interfaces/include/tutorial_interfaces/tutorial_interfaces/msg
[1.203s] -- Up-to-date: /home/yura/firstprogram/install/tutorial_interfaces/include/tutorial_interfaces/tutorial_interfaces/msg/rosidl_typesupport_fastrtps_cpp__visibility_control.h
[1.203s] -- Up-to-date: /home/yura/firstprogram/install/tutorial_interfaces/include/tutorial_interfaces/tutorial_interfaces/msg/detail
[1.203s] -- Up-to-date: /home/yura/firstprogram/install/tutorial_interfaces/include/tutorial_interfaces/tutorial_interfaces/msg/detail/dds_fastrtps
[1.203s] -- Up-to-date: /home/yura/firstprogram/install/tutorial_interfaces/include/tutorial_interfaces/tutorial_interfaces/msg/detail/num__rosidl_typesupport_fastrtps_cpp.hpp
[1.203s] -- Up-to-date: /home/yura/firstprogram/install/tutorial_interfaces/include/tutorial_interfaces/tutorial_interfaces/msg/detail/sphere__rosidl_typesupport_fastrtps_cpp.hpp
[1.203s] -- Up-to-date: /home/yura/firstprogram/install/tutorial_interfaces/include/tutorial_interfaces/tutorial_interfaces/srv
[1.203s] -- Up-to-date: /home/yura/firstprogram/install/tutorial_interfaces/include/tutorial_interfaces/tutorial_interfaces/srv/detail
[1.203s] -- Up-to-date: /home/yura/firstprogram/install/tutorial_interfaces/include/tutorial_interfaces/tutorial_interfaces/srv/detail/dds_fastrtps
[1.203s] -- Up-to-date: /home/yura/firstprogram/install/tutorial_interfaces/include/tutorial_interfaces/tutorial_interfaces/srv/detail/add_three_ints__rosidl_typesupport_fastrtps_cpp.hpp
[1.203s] -- Up-to-date: /home/yura/firstprogram/install/tutorial_interfaces/lib/libtutorial_interfaces__rosidl_typesupport_fastrtps_cpp.so
[1.203s] -- Up-to-date: /home/yura/firstprogram/install/tutorial_interfaces/include/tutorial_interfaces/tutorial_interfaces
[1.203s] -- Up-to-date: /home/yura/firstprogram/install/tutorial_interfaces/include/tutorial_interfaces/tutorial_interfaces/msg
[1.203s] -- Up-to-date: /home/yura/firstprogram/install/tutorial_interfaces/include/tutorial_interfaces/tutorial_interfaces/msg/detail
[1.204s] -- Up-to-date: /home/yura/firstprogram/install/tutorial_interfaces/include/tutorial_interfaces/tutorial_interfaces/msg/detail/num__rosidl_typesupport_introspection_c.h
[1.204s] -- Up-to-date: /home/yura/firstprogram/install/tutorial_interfaces/include/tutorial_interfaces/tutorial_interfaces/msg/detail/num__type_support.c
[1.204s] -- Up-to-date: /home/yura/firstprogram/install/tutorial_interfaces/include/tutorial_interfaces/tutorial_interfaces/msg/detail/sphere__rosidl_typesupport_introspection_c.h
[1.204s] -- Up-to-date: /home/yura/firstprogram/install/tutorial_interfaces/include/tutorial_interfaces/tutorial_interfaces/msg/detail/sphere__type_support.c
[1.204s] -- Up-to-date: /home/yura/firstprogram/install/tutorial_interfaces/include/tutorial_interfaces/tutorial_interfaces/msg/rosidl_typesupport_introspection_c__visibility_control.h
[1.204s] -- Up-to-date: /home/yura/firstprogram/install/tutorial_interfaces/include/tutorial_interfaces/tutorial_interfaces/srv
[1.204s] -- Up-to-date: /home/yura/firstprogram/install/tutorial_interfaces/include/tutorial_interfaces/tutorial_interfaces/srv/detail
[1.204s] -- Up-to-date: /home/yura/firstprogram/install/tutorial_interfaces/include/tutorial_interfaces/tutorial_interfaces/srv/detail/add_three_ints__rosidl_typesupport_introspection_c.h
[1.204s] -- Up-to-date: /home/yura/firstprogram/install/tutorial_interfaces/include/tutorial_interfaces/tutorial_interfaces/srv/detail/add_three_ints__type_support.c
[1.204s] -- Up-to-date: /home/yura/firstprogram/install/tutorial_interfaces/lib/libtutorial_interfaces__rosidl_typesupport_introspection_c.so
[1.204s] -- Up-to-date: /home/yura/firstprogram/install/tutorial_interfaces/lib/libtutorial_interfaces__rosidl_typesupport_c.so
[1.204s] -- Up-to-date: /home/yura/firstprogram/install/tutorial_interfaces/include/tutorial_interfaces/tutorial_interfaces
[1.204s] -- Up-to-date: /home/yura/firstprogram/install/tutorial_interfaces/include/tutorial_interfaces/tutorial_interfaces/msg
[1.204s] -- Up-to-date: /home/yura/firstprogram/install/tutorial_interfaces/include/tutorial_interfaces/tutorial_interfaces/msg/detail
[1.204s] -- Up-to-date: /home/yura/firstprogram/install/tutorial_interfaces/include/tutorial_interfaces/tutorial_interfaces/msg/detail/sphere__rosidl_typesupport_introspection_cpp.hpp
[1.204s] -- Up-to-date: /home/yura/firstprogram/install/tutorial_interfaces/include/tutorial_interfaces/tutorial_interfaces/msg/detail/num__rosidl_typesupport_introspection_cpp.hpp
[1.204s] -- Up-to-date: /home/yura/firstprogram/install/tutorial_interfaces/include/tutorial_interfaces/tutorial_interfaces/msg/detail/sphere__type_support.cpp
[1.204s] -- Up-to-date: /home/yura/firstprogram/install/tutorial_interfaces/include/tutorial_interfaces/tutorial_interfaces/msg/detail/num__type_support.cpp
[1.204s] -- Up-to-date: /home/yura/firstprogram/install/tutorial_interfaces/include/tutorial_interfaces/tutorial_interfaces/srv
[1.204s] -- Up-to-date: /home/yura/firstprogram/install/tutorial_interfaces/include/tutorial_interfaces/tutorial_interfaces/srv/detail
[1.204s] -- Up-to-date: /home/yura/firstprogram/install/tutorial_interfaces/include/tutorial_interfaces/tutorial_interfaces/srv/detail/add_three_ints__type_support.cpp
[1.204s] -- Up-to-date: /home/yura/firstprogram/install/tutorial_interfaces/include/tutorial_interfaces/tutorial_interfaces/srv/detail/add_three_ints__rosidl_typesupport_introspection_cpp.hpp
[1.204s] -- Up-to-date: /home/yura/firstprogram/install/tutorial_interfaces/lib/libtutorial_interfaces__rosidl_typesupport_introspection_cpp.so
[1.204s] -- Up-to-date: /home/yura/firstprogram/install/tutorial_interfaces/lib/libtutorial_interfaces__rosidl_typesupport_cpp.so
[1.204s] -- Up-to-date: /home/yura/firstprogram/install/tutorial_interfaces/share/tutorial_interfaces/environment/pythonpath.sh
[1.204s] -- Up-to-date: /home/yura/firstprogram/install/tutorial_interfaces/share/tutorial_interfaces/environment/pythonpath.dsv
[1.204s] -- Up-to-date: /home/yura/firstprogram/install/tutorial_interfaces/lib/python3.12/site-packages/tutorial_interfaces-0.0.0-py3.12.egg-info
[1.204s] -- Installing: /home/yura/firstprogram/install/tutorial_interfaces/lib/python3.12/site-packages/tutorial_interfaces-0.0.0-py3.12.egg-info/PKG-INFO
[1.204s] -- Installing: /home/yura/firstprogram/install/tutorial_interfaces/lib/python3.12/site-packages/tutorial_interfaces-0.0.0-py3.12.egg-info/dependency_links.txt
[1.204s] -- Installing: /home/yura/firstprogram/install/tutorial_interfaces/lib/python3.12/site-packages/tutorial_interfaces-0.0.0-py3.12.egg-info/SOURCES.txt
[1.204s] -- Installing: /home/yura/firstprogram/install/tutorial_interfaces/lib/python3.12/site-packages/tutorial_interfaces-0.0.0-py3.12.egg-info/top_level.txt
[1.204s] -- Up-to-date: /home/yura/firstprogram/install/tutorial_interfaces/lib/python3.12/site-packages/tutorial_interfaces
[1.205s] -- Up-to-date: /home/yura/firstprogram/install/tutorial_interfaces/lib/python3.12/site-packages/tutorial_interfaces/_tutorial_interfaces_s.ep.rosidl_typesupport_introspection_c.c
[1.205s] -- Up-to-date: /home/yura/firstprogram/install/tutorial_interfaces/lib/python3.12/site-packages/tutorial_interfaces/tutorial_interfaces_s__rosidl_typesupport_c.so
[1.205s] -- Up-to-date: /home/yura/firstprogram/install/tutorial_interfaces/lib/python3.12/site-packages/tutorial_interfaces/msg
[1.205s] -- Up-to-date: /home/yura/firstprogram/install/tutorial_interfaces/lib/python3.12/site-packages/tutorial_interfaces/msg/_sphere.py
[1.205s] -- Up-to-date: /home/yura/firstprogram/install/tutorial_interfaces/lib/python3.12/site-packages/tutorial_interfaces/msg/_num.py
[1.205s] -- Up-to-date: /home/yura/firstprogram/install/tutorial_interfaces/lib/python3.12/site-packages/tutorial_interfaces/msg/__init__.py
[1.205s] -- Up-to-date: /home/yura/firstprogram/install/tutorial_interfaces/lib/python3.12/site-packages/tutorial_interfaces/msg/_num_s.c
[1.205s] -- Up-to-date: /home/yura/firstprogram/install/tutorial_interfaces/lib/python3.12/site-packages/tutorial_interfaces/msg/_sphere_s.c
[1.205s] -- Up-to-date: /home/yura/firstprogram/install/tutorial_interfaces/lib/python3.12/site-packages/tutorial_interfaces/_tutorial_interfaces_s.ep.rosidl_typesupport_fastrtps_c.c
[1.205s] -- Up-to-date: /home/yura/firstprogram/install/tutorial_interfaces/lib/python3.12/site-packages/tutorial_interfaces/tutorial_interfaces_s__rosidl_typesupport_fastrtps_c.so
[1.205s] -- Installing: /home/yura/firstprogram/install/tutorial_interfaces/lib/python3.12/site-packages/tutorial_interfaces/__init__.py
[1.205s] -- Up-to-date: /home/yura/firstprogram/install/tutorial_interfaces/lib/python3.12/site-packages/tutorial_interfaces/srv
[1.205s] -- Up-to-date: /home/yura/firstprogram/install/tutorial_interfaces/lib/python3.12/site-packages/tutorial_interfaces/srv/_add_three_ints.py
[1.205s] -- Up-to-date: /home/yura/firstprogram/install/tutorial_interfaces/lib/python3.12/site-packages/tutorial_interfaces/srv/_add_three_ints_s.c
[1.205s] -- Up-to-date: /home/yura/firstprogram/install/tutorial_interfaces/lib/python3.12/site-packages/tutorial_interfaces/srv/__init__.py
[1.205s] -- Up-to-date: /home/yura/firstprogram/install/tutorial_interfaces/lib/python3.12/site-packages/tutorial_interfaces/_tutorial_interfaces_s.ep.rosidl_typesupport_c.c
[1.205s] -- Up-to-date: /home/yura/firstprogram/install/tutorial_interfaces/lib/python3.12/site-packages/tutorial_interfaces/tutorial_interfaces_s__rosidl_typesupport_introspection_c.so
[1.228s] Listing '/home/yura/firstprogram/install/tutorial_interfaces/lib/python3.12/site-packages/tutorial_interfaces'...
[1.228s] Compiling '/home/yura/firstprogram/install/tutorial_interfaces/lib/python3.12/site-packages/tutorial_interfaces/__init__.py'...
[1.228s] Listing '/home/yura/firstprogram/install/tutorial_interfaces/lib/python3.12/site-packages/tutorial_interfaces/msg'...
[1.228s] Listing '/home/yura/firstprogram/install/tutorial_interfaces/lib/python3.12/site-packages/tutorial_interfaces/srv'...
[1.232s] -- Up-to-date: /home/yura/firstprogram/install/tutorial_interfaces/lib/python3.12/site-packages/tutorial_interfaces/tutorial_interfaces_s__rosidl_typesupport_fastrtps_c.so
[1.232s] -- Up-to-date: /home/yura/firstprogram/install/tutorial_interfaces/lib/python3.12/site-packages/tutorial_interfaces/tutorial_interfaces_s__rosidl_typesupport_introspection_c.so
[1.232s] -- Up-to-date: /home/yura/firstprogram/install/tutorial_interfaces/lib/python3.12/site-packages/tutorial_interfaces/tutorial_interfaces_s__rosidl_typesupport_c.so
[1.232s] -- Up-to-date: /home/yura/firstprogram/install/tutorial_interfaces/lib/libtutorial_interfaces__rosidl_generator_py.so
[1.232s] -- Up-to-date: /home/yura/firstprogram/install/tutorial_interfaces/share/ament_index/resource_index/rust_packages/tutorial_interfaces
[1.232s] -- Up-to-date: /home/yura/firstprogram/install/tutorial_interfaces/share/tutorial_interfaces/rust
[1.232s] -- Up-to-date: /home/yura/firstprogram/install/tutorial_interfaces/share/tutorial_interfaces/rust/Cargo.toml
[1.232s] -- Up-to-date: /home/yura/firstprogram/install/tutorial_interfaces/share/tutorial_interfaces/rust/src
[1.232s] -- Up-to-date: /home/yura/firstprogram/install/tutorial_interfaces/share/tutorial_interfaces/rust/src/msg.rs
[1.232s] -- Up-to-date: /home/yura/firstprogram/install/tutorial_interfaces/share/tutorial_interfaces/rust/src/msg
[1.232s] -- Up-to-date: /home/yura/firstprogram/install/tutorial_interfaces/share/tutorial_interfaces/rust/src/msg/rmw.rs
[1.232s] -- Up-to-date: /home/yura/firstprogram/install/tutorial_interfaces/share/tutorial_interfaces/rust/src/srv.rs
[1.233s] -- Up-to-date: /home/yura/firstprogram/install/tutorial_interfaces/share/tutorial_interfaces/rust/src/srv
[1.233s] -- Up-to-date: /home/yura/firstprogram/install/tutorial_interfaces/share/tutorial_interfaces/rust/src/srv/rmw.rs
[1.233s] -- Up-to-date: /home/yura/firstprogram/install/tutorial_interfaces/share/tutorial_interfaces/rust/src/lib.rs
[1.233s] -- Up-to-date: /home/yura/firstprogram/install/tutorial_interfaces/share/tutorial_interfaces/rust/build.rs
[1.233s] -- Up-to-date: /home/yura/firstprogram/install/tutorial_interfaces/share/tutorial_interfaces/msg/Num.idl
[1.233s] -- Up-to-date: /home/yura/firstprogram/install/tutorial_interfaces/share/tutorial_interfaces/msg/Sphere.idl
[1.233s] -- Up-to-date: /home/yura/firstprogram/install/tutorial_interfaces/share/tutorial_interfaces/srv/AddThreeInts.idl
[1.233s] -- Installing: /home/yura/firstprogram/install/tutorial_interfaces/share/tutorial_interfaces/msg/Num.msg
[1.233s] -- Installing: /home/yura/firstprogram/install/tutorial_interfaces/share/tutorial_interfaces/msg/Sphere.msg
[1.233s] -- Installing: /home/yura/firstprogram/install/tutorial_interfaces/share/tutorial_interfaces/srv/AddThreeInts.srv
[1.233s] -- Up-to-date: /home/yura/firstprogram/install/tutorial_interfaces/share/ament_index/resource_index/package_run_dependencies/tutorial_interfaces
[1.233s] -- Installing: /home/yura/firstprogram/install/tutorial_interfaces/share/ament_index/resource_index/parent_prefix_path/tutorial_interfaces
[1.233s] -- Up-to-date: /home/yura/firstprogram/install/tutorial_interfaces/share/tutorial_interfaces/environment/ament_prefix_path.sh
[1.233s] -- Up-to-date: /home/yura/firstprogram/install/tutorial_interfaces/share/tutorial_interfaces/environment/ament_prefix_path.dsv
[1.233s] -- Up-to-date: /home/yura/firstprogram/install/tutorial_interfaces/share/tutorial_interfaces/environment/path.sh
[1.233s] -- Up-to-date: /home/yura/firstprogram/install/tutorial_interfaces/share/tutorial_interfaces/environment/path.dsv
[1.233s] -- Up-to-date: /home/yura/firstprogram/install/tutorial_interfaces/share/tutorial_interfaces/local_setup.bash
[1.233s] -- Up-to-date: /home/yura/firstprogram/install/tutorial_interfaces/share/tutorial_interfaces/local_setup.sh
[1.233s] -- Up-to-date: /home/yura/firstprogram/install/tutorial_interfaces/share/tutorial_interfaces/local_setup.zsh
[1.233s] -- Up-to-date: /home/yura/firstprogram/install/tutorial_interfaces/share/tutorial_interfaces/local_setup.dsv
[1.233s] -- Installing: /home/yura/firstprogram/install/tutorial_interfaces/share/tutorial_interfaces/package.dsv
[1.233s] -- Up-to-date: /home/yura/firstprogram/install/tutorial_interfaces/share/ament_index/resource_index/packages/tutorial_interfaces
[1.233s] -- Up-to-date: /home/yura/firstprogram/install/tutorial_interfaces/share/tutorial_interfaces/cmake/export_tutorial_interfaces__rosidl_generator_cExport.cmake
[1.233s] -- Up-to-date: /home/yura/firstprogram/install/tutorial_interfaces/share/tutorial_interfaces/cmake/export_tutorial_interfaces__rosidl_generator_cExport-noconfig.cmake
[1.233s] -- Up-to-date: /home/yura/firstprogram/install/tutorial_interfaces/share/tutorial_interfaces/cmake/export_tutorial_interfaces__rosidl_typesupport_fastrtps_cExport.cmake
[1.233s] -- Up-to-date: /home/yura/firstprogram/install/tutorial_interfaces/share/tutorial_interfaces/cmake/export_tutorial_interfaces__rosidl_typesupport_fastrtps_cExport-noconfig.cmake
[1.234s] -- Up-to-date: /home/yura/firstprogram/install/tutorial_interfaces/share/tutorial_interfaces/cmake/export_tutorial_interfaces__rosidl_generator_cppExport.cmake
[1.234s] -- Up-to-date: /home/yura/firstprogram/install/tutorial_interfaces/share/tutorial_interfaces/cmake/export_tutorial_interfaces__rosidl_typesupport_fastrtps_cppExport.cmake
[1.234s] -- Up-to-date: /home/yura/firstprogram/install/tutorial_interfaces/share/tutorial_interfaces/cmake/export_tutorial_interfaces__rosidl_typesupport_fastrtps_cppExport-noconfig.cmake
[1.234s] -- Up-to-date: /home/yura/firstprogram/install/tutorial_interfaces/share/tutorial_interfaces/cmake/tutorial_interfaces__rosidl_typesupport_introspection_cExport.cmake
[1.234s] -- Up-to-date: /home/yura/firstprogram/install/tutorial_interfaces/share/tutorial_interfaces/cmake/tutorial_interfaces__rosidl_typesupport_introspection_cExport-noconfig.cmake
[1.234s] -- Up-to-date: /home/yura/firstprogram/install/tutorial_interfaces/share/tutorial_interfaces/cmake/tutorial_interfaces__rosidl_typesupport_cExport.cmake
[1.234s] -- Up-to-date: /home/yura/firstprogram/install/tutorial_interfaces/share/tutorial_interfaces/cmake/tutorial_interfaces__rosidl_typesupport_cExport-noconfig.cmake
[1.234s] -- Up-to-date: /home/yura/firstprogram/install/tutorial_interfaces/share/tutorial_interfaces/cmake/tutorial_interfaces__rosidl_typesupport_introspection_cppExport.cmake
[1.234s] -- Up-to-date: /home/yura/firstprogram/install/tutorial_interfaces/share/tutorial_interfaces/cmake/tutorial_interfaces__rosidl_typesupport_introspection_cppExport-noconfig.cmake
[1.234s] -- Up-to-date: /home/yura/firstprogram/install/tutorial_interfaces/share/tutorial_interfaces/cmake/tutorial_interfaces__rosidl_typesupport_cppExport.cmake
[1.234s] -- Up-to-date: /home/yura/firstprogram/install/tutorial_interfaces/share/tutorial_interfaces/cmake/tutorial_interfaces__rosidl_typesupport_cppExport-noconfig.cmake
[1.234s] -- Up-to-date: /home/yura/firstprogram/install/tutorial_interfaces/share/tutorial_interfaces/cmake/export_tutorial_interfaces__rosidl_generator_pyExport.cmake
[1.234s] -- Up-to-date: /home/yura/firstprogram/install/tutorial_interfaces/share/tutorial_interfaces/cmake/export_tutorial_interfaces__rosidl_generator_pyExport-noconfig.cmake
[1.234s] -- Up-to-date: /home/yura/firstprogram/install/tutorial_interfaces/share/tutorial_interfaces/cmake/rosidl_cmake-extras.cmake
[1.234s] -- Up-to-date: /home/yura/firstprogram/install/tutorial_interfaces/share/tutorial_interfaces/cmake/ament_cmake_export_dependencies-extras.cmake
[1.234s] -- Up-to-date: /home/yura/firstprogram/install/tutorial_interfaces/share/tutorial_interfaces/cmake/ament_cmake_export_include_directories-extras.cmake
[1.234s] -- Up-to-date: /home/yura/firstprogram/install/tutorial_interfaces/share/tutorial_interfaces/cmake/ament_cmake_export_libraries-extras.cmake
[1.234s] -- Up-to-date: /home/yura/firstprogram/install/tutorial_interfaces/share/tutorial_interfaces/cmake/ament_cmake_export_targets-extras.cmake
[1.234s] -- Up-to-date: /home/yura/firstprogram/install/tutorial_interfaces/share/tutorial_interfaces/cmake/rosidl_cmake_export_typesupport_targets-extras.cmake
[1.234s] -- Up-to-date: /home/yura/firstprogram/install/tutorial_interfaces/share/tutorial_interfaces/cmake/rosidl_cmake_export_typesupport_libraries-extras.cmake
[1.234s] -- Up-to-date: /home/yura/firstprogram/install/tutorial_interfaces/share/tutorial_interfaces/cmake/tutorial_interfacesConfig.cmake
[1.234s] -- Up-to-date: /home/yura/firstprogram/install/tutorial_interfaces/share/tutorial_interfaces/cmake/tutorial_interfacesConfig-version.cmake
[1.234s] -- Installing: /home/yura/firstprogram/install/tutorial_interfaces/share/tutorial_interfaces/package.xml
[1.235s] Invoked command in '/home/yura/firstprogram/build/tutorial_interfaces' returned '0': CMAKE_PREFIX_PATH=${CMAKE_PREFIX_PATH}:/opt/ros/jazzy DEBUGINFOD_URLS=https://debuginfod.ubuntu.com /usr/bin/cmake --install /home/yura/firstprogram/build/tutorial_interfaces
