[0.014s] Invoking command in '/home/yura/firstprogram/build/custom_interfaces': CMAKE_PREFIX_PATH=${CMAKE_PREFIX_PATH}:/opt/ros/jazzy DEBUGINFOD_URLS=https://debuginfod.ubuntu.com /usr/bin/cmake --build /home/yura/firstprogram/build/custom_interfaces -- -j12 -l12
[0.032s] -- Found ament_cmake: 2.5.6 (/opt/ros/jazzy/share/ament_cmake/cmake)
[0.226s] -- Found custom_interfaces: 0.0.0 (/home/yura/firstprogram/install/custom_interfaces/share/custom_interfaces/cmake)
[0.229s] -- Found rosidl_default_generators: 1.6.0 (/opt/ros/jazzy/share/rosidl_default_generators/cmake)
[0.235s] -- Using all available rosidl_typesupport_c: rosidl_typesupport_fastrtps_c;rosidl_typesupport_introspection_c
[0.271s] -- Using all available rosidl_typesupport_cpp: rosidl_typesupport_fastrtps_cpp;rosidl_typesupport_introspection_cpp
[0.316s] -- Found rosidl_adapter: 4.6.7 (/opt/ros/jazzy/share/rosidl_adapter/cmake)
[0.524s] [31mCMake Error at /opt/ros/jazzy/share/rosidl_adapter/cmake/rosidl_adapt_interfaces.cmake:57 (message):
[0.525s]   execute_process(/usr/bin/python3 -m rosidl_adapter --package-name
[0.525s]   custom_interfaces --arguments-file
[0.525s]   /home/yura/firstprogram/build/custom_interfaces/rosidl_adapter__arguments__custom_interfaces.json
[0.525s]   --output-dir
[0.525s]   /home/yura/firstprogram/build/custom_interfaces/rosidl_adapter/custom_interfaces
[0.525s]   --output-file
[0.525s]   /home/yura/firstprogram/build/custom_interfaces/rosidl_adapter/custom_interfaces.idls)
[0.525s]   returned error code 1:
[0.525s] 
[0.525s]   Traceback (most recent call last):
[0.525s] 
[0.525s]     File "<frozen runpy>", line 198, in _run_module_as_main
[0.525s]     File "<frozen runpy>", line 88, in _run_code
[0.525s]     File "/opt/ros/jazzy/lib/python3.12/site-packages/rosidl_adapter/__main__.py", line 19, in <module>
[0.525s]       sys.exit(main())
[0.525s]                ^^^^^^
[0.525s]     File "/opt/ros/jazzy/lib/python3.12/site-packages/rosidl_adapter/main.py", line 53, in main
[0.525s]       abs_idl_file = convert_to_idl(
[0.525s]                      ^^^^^^^^^^^^^^^
[0.525s]     File "/opt/ros/jazzy/lib/python3.12/site-packages/rosidl_adapter/__init__.py", line 19, in convert_to_idl
[0.525s]       return convert_msg_to_idl(
[0.525s]              ^^^^^^^^^^^^^^^^^^^
[0.525s]     File "/opt/ros/jazzy/lib/python3.12/site-packages/rosidl_adapter/msg/__init__.py", line 28, in convert_msg_to_idl
[0.525s]       msg = parse_message_string(package_name, input_file.stem, content)
[0.525s]             ^^^^^^^^^^^^^^^^^^^^^^^^^^^^^^^^^^^^^^^^^^^^^^^^^^^^^^^^^^^^
[0.525s]     File "/opt/ros/jazzy/lib/python3.12/site-packages/rosidl_adapter/parser.py", line 545, in parse_message_string
[0.525s]       msg = MessageSpecification(pkg_name, msg_name, fields, constants)
[0.525s]             ^^^^^^^^^^^^^^^^^^^^^^^^^^^^^^^^^^^^^^^^^^^^^^^^^^^^^^^^^^^
[0.526s]     File "/opt/ros/jazzy/lib/python3.12/site-packages/rosidl_adapter/parser.py", line 389, in __init__
[0.526s]       self.base_type = BaseType(
[0.526s]                        ^^^^^^^^^
[0.526s]     File "/opt/ros/jazzy/lib/python3.12/site-packages/rosidl_adapter/parser.py", line 206, in __init__
[0.526s]       raise InvalidResourceName(
[0.526s] 
[0.526s]   rosidl_adapter.parser.InvalidResourceName: 'coord' is an invalid message
[0.526s]   name.  It should have the pattern '^[A-Z][A-Za-z0-9]*$'
[0.526s] 
[0.526s] Call Stack (most recent call first):
[0.526s]   /opt/ros/jazzy/share/rosidl_cmake/cmake/rosidl_generate_interfaces.cmake:132 (rosidl_adapt_interfaces)
[0.526s]   CMakeLists.txt:13 (rosidl_generate_interfaces)
[0.526s] 
[0.526s] [0m
[0.526s] -- Configuring incomplete, errors occurred!
[0.529s] gmake: *** [Makefile:226: cmake_check_build_system] Error 1
[0.531s] Invoked command in '/home/yura/firstprogram/build/custom_interfaces' returned '2': CMAKE_PREFIX_PATH=${CMAKE_PREFIX_PATH}:/opt/ros/jazzy DEBUGINFOD_URLS=https://debuginfod.ubuntu.com /usr/bin/cmake --build /home/yura/firstprogram/build/custom_interfaces -- -j12 -l12
