[0.011s] Invoking command in '/home/yura/firstprogram/build/cpp_pubsub': CMAKE_PREFIX_PATH=${CMAKE_PREFIX_PATH}:/opt/ros/jazzy DEBUGINFOD_URLS=https://debuginfod.ubuntu.com /usr/bin/cmake --build /home/yura/firstprogram/build/cpp_pubsub -- -j12 -l12
[0.027s] -- Found ament_cmake: 2.5.6 (/opt/ros/jazzy/share/ament_cmake/cmake)
[0.171s] -- Found rclcpp: 28.1.18 (/opt/ros/jazzy/share/rclcpp/cmake)
[0.188s] -- Found rosidl_generator_c: 4.6.7 (/opt/ros/jazzy/share/rosidl_generator_c/cmake)
[0.193s] -- Found rosidl_generator_cpp: 4.6.7 (/opt/ros/jazzy/share/rosidl_generator_cpp/cmake)
[0.200s] -- Using all available rosidl_typesupport_c: rosidl_typesupport_fastrtps_c;rosidl_typesupport_introspection_c
[0.208s] -- Using all available rosidl_typesupport_cpp: rosidl_typesupport_fastrtps_cpp;rosidl_typesupport_introspection_cpp
[0.246s] -- Found rmw_implementation_cmake: 7.3.3 (/opt/ros/jazzy/share/rmw_implementation_cmake/cmake)
[0.247s] -- Found rmw_fastrtps_cpp: 8.4.3 (/opt/ros/jazzy/share/rmw_fastrtps_cpp/cmake)
[0.297s] -- Using RMW implementation 'rmw_fastrtps_cpp' as default
[0.338s] -- Found std_msgs: 5.3.7 (/opt/ros/jazzy/share/std_msgs/cmake)
[0.346s] -- Found tutorial_interfaces: 0.0.0 (/home/yura/firstprogram/install/tutorial_interfaces/share/tutorial_interfaces/cmake)
[0.369s] -- Found ament_lint_auto: 0.17.5 (/opt/ros/jazzy/share/ament_lint_auto/cmake)
[0.429s] -- Added test 'cppcheck' to perform static code analysis on C / C++ code
[0.430s] -- Configured cppcheck include dirs: 
[0.430s] -- Configured cppcheck exclude dirs and/or files: 
[0.430s] -- Added test 'lint_cmake' to check CMake code style
[0.430s] -- Added test 'uncrustify' to check C / C++ code style
[0.430s] -- Configured uncrustify additional arguments: 
[0.430s] -- Added test 'xmllint' to check XML markup files
[0.431s] -- Configuring done (0.4s)
[0.444s] -- Generating done (0.0s)
[0.448s] -- Build files have been written to: /home/yura/firstprogram/build/cpp_pubsub
[0.483s] [ 25%] [32mBuilding CXX object CMakeFiles/talker.dir/src/publisher_lambda_function.cpp.o[0m
[0.485s] [ 50%] [32mBuilding CXX object CMakeFiles/listener.dir/src/subscriber_lambda_function.cpp.o[0m
[1.785s] [01m[K/home/yura/firstprogram/src/cpp_pubsub/src/publisher_lambda_function.cpp:[m[K In constructor ‘[01m[KMinimalPublisher::[01;32m[KMinimalPublisher[m[K()[m[K’:
[1.785s] [01m[K/home/yura/firstprogram/src/cpp_pubsub/src/publisher_lambda_function.cpp:15:24:[m[K [01;31m[Kerror: [m[K‘[01m[Kclass MinimalPublisher[m[K’ has no member named ‘[01m[Kcreatecolcon[m[K’
[1.785s]    15 | publisher_ = this->[01;31m[Kcreatecolcon[m[K build --packages-select cpp_pubsub_publisher<tutorial_interfaces::msg::Num>("topic", 10);  // CHANGE
[1.785s]       |                    [01;31m[K^~~~~~~~~~~~[m[K
[1.785s] 
[1.795s] [01m[K/home/yura/firstprogram/src/cpp_pubsub/src/subscriber_lambda_function.cpp:10:2:[m[K [01;31m[Kerror: [m[K‘[01m[Kcolcon[m[K’ does not name a type
[1.796s]    10 | {[01;31m[Kcolcon[m[K build --packages-select cpp_pubsub
[1.796s]       |  [01;31m[K^~~~~~[m[K
[2.136s] In file included from [01m[K/usr/include/c++/13/bits/alloc_traits.h:33[m[K,
[2.136s]                  from [01m[K/usr/include/c++/13/ext/alloc_traits.h:34[m[K,
[2.136s]                  from [01m[K/usr/include/c++/13/bits/hashtable_policy.h:39[m[K,
[2.137s]                  from [01m[K/usr/include/c++/13/bits/hashtable.h:35[m[K,
[2.137s]                  from [01m[K/usr/include/c++/13/bits/unordered_map.h:33[m[K,
[2.137s]                  from [01m[K/usr/include/c++/13/unordered_map:41[m[K,
[2.137s]                  from [01m[K/usr/include/c++/13/functional:63[m[K,
[2.137s]                  from [01m[K/home/yura/firstprogram/src/cpp_pubsub/src/subscriber_lambda_function.cpp:1[m[K:
[2.137s] /usr/include/c++/13/bits/stl_construct.h: In instantiation of ‘[01m[Kvoid std::[01;32m[K_Construct[m[K(_Tp*, _Args&& ...) [35m[K[with _Tp = MinimalSubscriber; _Args = {}][m[K[m[K’:
[2.137s] [01m[K/usr/include/c++/13/bits/alloc_traits.h:661:19:[m[K   required from ‘[01m[Kstatic void std::allocator_traits<std::allocator<void> >::[01;32m[Kconstruct[m[K(allocator_type&, _Up*, _Args&& ...) [35m[K[with _Up = MinimalSubscriber; _Args = {}; allocator_type = std::allocator<void>][m[K[m[K’
[2.137s] [01m[K/usr/include/c++/13/bits/shared_ptr_base.h:604:39:[m[K   required from ‘[01m[Kstd::_Sp_counted_ptr_inplace<_Tp, _Alloc, _Lp>::[01;32m[K_Sp_counted_ptr_inplace[m[K(_Alloc, _Args&& ...) [35m[K[with _Args = {}; _Tp = MinimalSubscriber; _Alloc = std::allocator<void>; __gnu_cxx::_Lock_policy _Lp = __gnu_cxx::_S_atomic][m[K[m[K’
[2.137s] [01m[K/usr/include/c++/13/bits/shared_ptr_base.h:971:16:[m[K   required from ‘[01m[Kstd::__shared_count<_Lp>::[01;32m[K__shared_count[m[K(_Tp*&, std::_Sp_alloc_shared_tag<_Alloc>, _Args&& ...) [35m[K[with _Tp = MinimalSubscriber; _Alloc = std::allocator<void>; _Args = {}; __gnu_cxx::_Lock_policy _Lp = __gnu_cxx::_S_atomic][m[K[m[K’
[2.137s] [01m[K/usr/include/c++/13/bits/shared_ptr_base.h:1712:14:[m[K   required from ‘[01m[Kstd::__shared_ptr<_Tp, _Lp>::[01;32m[K__shared_ptr[m[K(std::_Sp_alloc_shared_tag<_Tp>, _Args&& ...) [35m[K[with _Alloc = std::allocator<void>; _Args = {}; _Tp = MinimalSubscriber; __gnu_cxx::_Lock_policy _Lp = __gnu_cxx::_S_atomic][m[K[m[K’
[2.137s] [01m[K/usr/include/c++/13/bits/shared_ptr.h:464:59:[m[K   required from ‘[01m[Kstd::shared_ptr<_Tp>::[01;32m[Kshared_ptr[m[K(std::_Sp_alloc_shared_tag<_Tp>, _Args&& ...) [35m[K[with _Alloc = std::allocator<void>; _Args = {}; _Tp = MinimalSubscriber][m[K[m[K’
[2.137s] [01m[K/usr/include/c++/13/bits/shared_ptr.h:1009:14:[m[K   required from ‘[01m[Kstd::shared_ptr<typename std::enable_if<(! std::is_array< <template-parameter-1-1> >::value), _Tp>::type> std::[01;32m[Kmake_shared[m[K(_Args&& ...) [35m[K[with _Tp = MinimalSubscriber; _Args = {}; typename enable_if<(! is_array< <template-parameter-1-1> >::value), _Tp>::type = MinimalSubscriber][m[K[m[K’
[2.137s] [01m[K/home/yura/firstprogram/src/cpp_pubsub/src/subscriber_lambda_function.cpp:29:51:[m[K   required from here
[2.137s] [01m[K/usr/include/c++/13/bits/stl_construct.h:119:7:[m[K [01;31m[Kerror: [m[Kuse of deleted function ‘[01m[KMinimalSubscriber::[01;32m[KMinimalSubscriber[m[K()[m[K’
[2.138s]   119 |       [01;31m[K::new((void*)__p) _Tp(std::forward<_Args>(__args)...)[m[K;
[2.138s]       |       [01;31m[K^~~~~~~~~~~~~~~~~~~~~~~~~~~~~~~~~~~~~~~~~~~~~~~~~~~~~[m[K
[2.138s] [01m[K/home/yura/firstprogram/src/cpp_pubsub/src/subscriber_lambda_function.cpp:9:7:[m[K [01;36m[Knote: [m[K‘[01m[KMinimalSubscriber::[01;32m[KMinimalSubscriber[m[K()[m[K’ is implicitly deleted because the default definition would be ill-formed:
[2.138s]     9 | class [01;36m[KMinimalSubscriber[m[K : public rclcpp::Node
[2.138s]       |       [01;36m[K^~~~~~~~~~~~~~~~~[m[K
[2.138s] [01m[K/home/yura/firstprogram/src/cpp_pubsub/src/subscriber_lambda_function.cpp:9:7:[m[K [01;31m[Kerror: [m[Kno matching function for call to ‘[01m[Krclcpp::Node::Node()[m[K’
[2.138s] In file included from [01m[K/opt/ros/jazzy/include/rclcpp/rclcpp/executors/single_threaded_executor.hpp:28[m[K,
[2.138s]                  from [01m[K/opt/ros/jazzy/include/rclcpp/rclcpp/executors.hpp:22[m[K,
[2.138s]                  from [01m[K/opt/ros/jazzy/include/rclcpp/rclcpp/rclcpp.hpp:172[m[K,
[2.138s]                  from [01m[K/home/yura/firstprogram/src/cpp_pubsub/src/subscriber_lambda_function.cpp:4[m[K:
[2.138s] [01m[K/opt/ros/jazzy/include/rclcpp/rclcpp/node.hpp:1629:3:[m[K [01;36m[Knote: [m[Kcandidate: ‘[01m[Krclcpp::Node::[01;32m[KNode[m[K(const rclcpp::Node&, const std::string&)[m[K’
[2.138s]  1629 |   [01;36m[KNode[m[K(
[2.138s]       |   [01;36m[K^~~~[m[K
[2.138s] [01m[K/opt/ros/jazzy/include/rclcpp/rclcpp/node.hpp:1629:3:[m[K [01;36m[Knote: [m[K  candidate expects 2 arguments, 0 provided
[2.139s] [01m[K/opt/ros/jazzy/include/rclcpp/rclcpp/node.hpp:103:12:[m[K [01;36m[Knote: [m[Kcandidate: ‘[01m[Krclcpp::Node::[01;32m[KNode[m[K(const std::string&, const std::string&, const rclcpp::NodeOptions&)[m[K’
[2.139s]   103 |   explicit [01;36m[KNode[m[K(
[2.139s]       |            [01;36m[K^~~~[m[K
[2.139s] [01m[K/opt/ros/jazzy/include/rclcpp/rclcpp/node.hpp:103:12:[m[K [01;36m[Knote: [m[K  candidate expects 3 arguments, 0 provided
[2.139s] [01m[K/opt/ros/jazzy/include/rclcpp/rclcpp/node.hpp:91:12:[m[K [01;36m[Knote: [m[Kcandidate: ‘[01m[Krclcpp::Node::[01;32m[KNode[m[K(const std::string&, const rclcpp::NodeOptions&)[m[K’
[2.139s]    91 |   explicit [01;36m[KNode[m[K(
[2.139s]       |            [01;36m[K^~~~[m[K
[2.139s] [01m[K/opt/ros/jazzy/include/rclcpp/rclcpp/node.hpp:91:12:[m[K [01;36m[Knote: [m[K  candidate expects 2 arguments, 0 provided
[2.194s] gmake[2]: *** [CMakeFiles/listener.dir/build.make:76: CMakeFiles/listener.dir/src/subscriber_lambda_function.cpp.o] Error 1
[2.194s] gmake[1]: *** [CMakeFiles/Makefile2:165: CMakeFiles/listener.dir/all] Error 2
[2.194s] gmake[1]: *** Waiting for unfinished jobs....
[2.260s] gmake[2]: *** [CMakeFiles/talker.dir/build.make:76: CMakeFiles/talker.dir/src/publisher_lambda_function.cpp.o] Error 1
[2.260s] gmake[1]: *** [CMakeFiles/Makefile2:139: CMakeFiles/talker.dir/all] Error 2
[2.260s] gmake: *** [Makefile:146: all] Error 2
[2.262s] Invoked command in '/home/yura/firstprogram/build/cpp_pubsub' returned '2': CMAKE_PREFIX_PATH=${CMAKE_PREFIX_PATH}:/opt/ros/jazzy DEBUGINFOD_URLS=https://debuginfod.ubuntu.com /usr/bin/cmake --build /home/yura/firstprogram/build/cpp_pubsub -- -j12 -l12
