[0.010s] Invoking command in '/home/yura/firstprogram/build/custom_interfaces': CMAKE_PREFIX_PATH=${CMAKE_PREFIX_PATH}:/opt/ros/jazzy DEBUGINFOD_URLS=https://debuginfod.ubuntu.com /usr/bin/cmake --build /home/yura/firstprogram/build/custom_interfaces -- -j12 -l12
[0.087s] [  2%] Built target custom_interfaces__rosidl_generator_type_description
[0.087s] [  5%] Built target custom_interfaces__rs
[0.091s] [  5%] Built target ament_cmake_python_copy_custom_interfaces
[0.105s] [ 11%] Built target custom_interfaces__cpp
[0.105s] [ 22%] Built target custom_interfaces__rosidl_generator_c
[0.124s] [ 31%] Built target custom_interfaces__rosidl_typesupport_fastrtps_cpp
[0.125s] [ 42%] Built target custom_interfaces__rosidl_typesupport_cpp
[0.125s] [ 48%] Built target custom_interfaces__rosidl_typesupport_introspection_c
[0.125s] [ 62%] Built target custom_interfaces__rosidl_typesupport_c
[0.125s] [ 65%] Built target custom_interfaces__rosidl_typesupport_fastrtps_c
[0.127s] [ 74%] Built target custom_interfaces__rosidl_typesupport_introspection_cpp
[0.143s] [ 74%] Built target custom_interfaces
[0.162s] [ 77%] Built target custom_interfaces__py
[0.183s] [ 82%] Built target custom_interfaces__rosidl_generator_py
[0.201s] [ 88%] Built target custom_interfaces_s__rosidl_typesupport_c
[0.203s] [ 94%] Built target custom_interfaces_s__rosidl_typesupport_introspection_c
[0.203s] [100%] Built target custom_interfaces_s__rosidl_typesupport_fastrtps_c
[0.300s] running egg_info
[0.312s] writing custom_interfaces.egg-info/PKG-INFO
[0.312s] writing dependency_links to custom_interfaces.egg-info/dependency_links.txt
[0.313s] writing top-level names to custom_interfaces.egg-info/top_level.txt
[0.348s] reading manifest file 'custom_interfaces.egg-info/SOURCES.txt'
[0.349s] writing manifest file 'custom_interfaces.egg-info/SOURCES.txt'
[0.372s] [100%] Built target ament_cmake_python_build_custom_interfaces_egg
[0.381s] Invoked command in '/home/yura/firstprogram/build/custom_interfaces' returned '0': CMAKE_PREFIX_PATH=${CMAKE_PREFIX_PATH}:/opt/ros/jazzy DEBUGINFOD_URLS=https://debuginfod.ubuntu.com /usr/bin/cmake --build /home/yura/firstprogram/build/custom_interfaces -- -j12 -l12
[0.383s] Invoking command in '/home/yura/firstprogram/build/custom_interfaces': CMAKE_PREFIX_PATH=${CMAKE_PREFIX_PATH}:/opt/ros/jazzy DEBUGINFOD_URLS=https://debuginfod.ubuntu.com /usr/bin/cmake --install /home/yura/firstprogram/build/custom_interfaces
[0.392s] -- Install configuration: ""
[0.393s] -- Up-to-date: /home/yura/firstprogram/install/custom_interfaces/share/ament_index/resource_index/rosidl_interfaces/custom_interfaces
[0.393s] -- Up-to-date: /home/yura/firstprogram/install/custom_interfaces/share/custom_interfaces/msg/Coord.json
[0.393s] -- Up-to-date: /home/yura/firstprogram/install/custom_interfaces/include/custom_interfaces/custom_interfaces
[0.393s] -- Up-to-date: /home/yura/firstprogram/install/custom_interfaces/include/custom_interfaces/custom_interfaces/msg
[0.393s] -- Up-to-date: /home/yura/firstprogram/install/custom_interfaces/include/custom_interfaces/custom_interfaces/msg/detail
[0.393s] -- Up-to-date: /home/yura/firstprogram/install/custom_interfaces/include/custom_interfaces/custom_interfaces/msg/detail/coord__description.c
[0.393s] -- Up-to-date: /home/yura/firstprogram/install/custom_interfaces/include/custom_interfaces/custom_interfaces/msg/detail/coord__type_support.h
[0.393s] -- Up-to-date: /home/yura/firstprogram/install/custom_interfaces/include/custom_interfaces/custom_interfaces/msg/detail/coord__type_support.c
[0.393s] -- Up-to-date: /home/yura/firstprogram/install/custom_interfaces/include/custom_interfaces/custom_interfaces/msg/detail/coord__struct.h
[0.393s] -- Up-to-date: /home/yura/firstprogram/install/custom_interfaces/include/custom_interfaces/custom_interfaces/msg/detail/coord__functions.c
[0.393s] -- Up-to-date: /home/yura/firstprogram/install/custom_interfaces/include/custom_interfaces/custom_interfaces/msg/detail/coord__functions.h
[0.393s] -- Up-to-date: /home/yura/firstprogram/install/custom_interfaces/include/custom_interfaces/custom_interfaces/msg/rosidl_generator_c__visibility_control.h
[0.393s] -- Up-to-date: /home/yura/firstprogram/install/custom_interfaces/include/custom_interfaces/custom_interfaces/msg/coord.h
[0.393s] -- Up-to-date: /home/yura/firstprogram/install/custom_interfaces/share/custom_interfaces/environment/library_path.sh
[0.393s] -- Up-to-date: /home/yura/firstprogram/install/custom_interfaces/share/custom_interfaces/environment/library_path.dsv
[0.393s] -- Up-to-date: /home/yura/firstprogram/install/custom_interfaces/lib/libcustom_interfaces__rosidl_generator_c.so
[0.393s] -- Up-to-date: /home/yura/firstprogram/install/custom_interfaces/include/custom_interfaces/custom_interfaces
[0.394s] -- Up-to-date: /home/yura/firstprogram/install/custom_interfaces/include/custom_interfaces/custom_interfaces/msg
[0.394s] -- Up-to-date: /home/yura/firstprogram/install/custom_interfaces/include/custom_interfaces/custom_interfaces/msg/rosidl_typesupport_fastrtps_c__visibility_control.h
[0.394s] -- Up-to-date: /home/yura/firstprogram/install/custom_interfaces/include/custom_interfaces/custom_interfaces/msg/detail
[0.394s] -- Up-to-date: /home/yura/firstprogram/install/custom_interfaces/include/custom_interfaces/custom_interfaces/msg/detail/coord__rosidl_typesupport_fastrtps_c.h
[0.394s] -- Up-to-date: /home/yura/firstprogram/install/custom_interfaces/lib/libcustom_interfaces__rosidl_typesupport_fastrtps_c.so
[0.394s] -- Up-to-date: /home/yura/firstprogram/install/custom_interfaces/include/custom_interfaces/custom_interfaces
[0.394s] -- Up-to-date: /home/yura/firstprogram/install/custom_interfaces/include/custom_interfaces/custom_interfaces/msg
[0.394s] -- Up-to-date: /home/yura/firstprogram/install/custom_interfaces/include/custom_interfaces/custom_interfaces/msg/detail
[0.394s] -- Up-to-date: /home/yura/firstprogram/install/custom_interfaces/include/custom_interfaces/custom_interfaces/msg/detail/coord__type_support.c
[0.394s] -- Up-to-date: /home/yura/firstprogram/install/custom_interfaces/include/custom_interfaces/custom_interfaces/msg/detail/coord__rosidl_typesupport_introspection_c.h
[0.394s] -- Up-to-date: /home/yura/firstprogram/install/custom_interfaces/include/custom_interfaces/custom_interfaces/msg/rosidl_typesupport_introspection_c__visibility_control.h
[0.394s] -- Up-to-date: /home/yura/firstprogram/install/custom_interfaces/lib/libcustom_interfaces__rosidl_typesupport_introspection_c.so
[0.394s] -- Up-to-date: /home/yura/firstprogram/install/custom_interfaces/lib/libcustom_interfaces__rosidl_typesupport_c.so
[0.394s] -- Up-to-date: /home/yura/firstprogram/install/custom_interfaces/include/custom_interfaces/custom_interfaces
[0.394s] -- Up-to-date: /home/yura/firstprogram/install/custom_interfaces/include/custom_interfaces/custom_interfaces/msg
[0.394s] -- Up-to-date: /home/yura/firstprogram/install/custom_interfaces/include/custom_interfaces/custom_interfaces/msg/detail
[0.394s] -- Up-to-date: /home/yura/firstprogram/install/custom_interfaces/include/custom_interfaces/custom_interfaces/msg/detail/coord__type_support.hpp
[0.394s] -- Up-to-date: /home/yura/firstprogram/install/custom_interfaces/include/custom_interfaces/custom_interfaces/msg/detail/coord__struct.hpp
[0.394s] -- Up-to-date: /home/yura/firstprogram/install/custom_interfaces/include/custom_interfaces/custom_interfaces/msg/detail/coord__builder.hpp
[0.394s] -- Up-to-date: /home/yura/firstprogram/install/custom_interfaces/include/custom_interfaces/custom_interfaces/msg/detail/coord__traits.hpp
[0.394s] -- Up-to-date: /home/yura/firstprogram/install/custom_interfaces/include/custom_interfaces/custom_interfaces/msg/rosidl_generator_cpp__visibility_control.hpp
[0.394s] -- Up-to-date: /home/yura/firstprogram/install/custom_interfaces/include/custom_interfaces/custom_interfaces/msg/coord.hpp
[0.394s] -- Up-to-date: /home/yura/firstprogram/install/custom_interfaces/include/custom_interfaces/custom_interfaces
[0.394s] -- Up-to-date: /home/yura/firstprogram/install/custom_interfaces/include/custom_interfaces/custom_interfaces/msg
[0.395s] -- Up-to-date: /home/yura/firstprogram/install/custom_interfaces/include/custom_interfaces/custom_interfaces/msg/rosidl_typesupport_fastrtps_cpp__visibility_control.h
[0.395s] -- Up-to-date: /home/yura/firstprogram/install/custom_interfaces/include/custom_interfaces/custom_interfaces/msg/detail
[0.395s] -- Up-to-date: /home/yura/firstprogram/install/custom_interfaces/include/custom_interfaces/custom_interfaces/msg/detail/dds_fastrtps
[0.395s] -- Up-to-date: /home/yura/firstprogram/install/custom_interfaces/include/custom_interfaces/custom_interfaces/msg/detail/coord__rosidl_typesupport_fastrtps_cpp.hpp
[0.395s] -- Up-to-date: /home/yura/firstprogram/install/custom_interfaces/lib/libcustom_interfaces__rosidl_typesupport_fastrtps_cpp.so
[0.395s] -- Up-to-date: /home/yura/firstprogram/install/custom_interfaces/include/custom_interfaces/custom_interfaces
[0.395s] -- Up-to-date: /home/yura/firstprogram/install/custom_interfaces/include/custom_interfaces/custom_interfaces/msg
[0.395s] -- Up-to-date: /home/yura/firstprogram/install/custom_interfaces/include/custom_interfaces/custom_interfaces/msg/detail
[0.395s] -- Up-to-date: /home/yura/firstprogram/install/custom_interfaces/include/custom_interfaces/custom_interfaces/msg/detail/coord__type_support.cpp
[0.395s] -- Up-to-date: /home/yura/firstprogram/install/custom_interfaces/include/custom_interfaces/custom_interfaces/msg/detail/coord__rosidl_typesupport_introspection_cpp.hpp
[0.395s] -- Up-to-date: /home/yura/firstprogram/install/custom_interfaces/lib/libcustom_interfaces__rosidl_typesupport_introspection_cpp.so
[0.395s] -- Up-to-date: /home/yura/firstprogram/install/custom_interfaces/lib/libcustom_interfaces__rosidl_typesupport_cpp.so
[0.395s] -- Up-to-date: /home/yura/firstprogram/install/custom_interfaces/share/custom_interfaces/environment/pythonpath.sh
[0.395s] -- Up-to-date: /home/yura/firstprogram/install/custom_interfaces/share/custom_interfaces/environment/pythonpath.dsv
[0.395s] -- Up-to-date: /home/yura/firstprogram/install/custom_interfaces/lib/python3.12/site-packages/custom_interfaces-0.0.0-py3.12.egg-info
[0.395s] -- Installing: /home/yura/firstprogram/install/custom_interfaces/lib/python3.12/site-packages/custom_interfaces-0.0.0-py3.12.egg-info/PKG-INFO
[0.395s] -- Installing: /home/yura/firstprogram/install/custom_interfaces/lib/python3.12/site-packages/custom_interfaces-0.0.0-py3.12.egg-info/dependency_links.txt
[0.395s] -- Installing: /home/yura/firstprogram/install/custom_interfaces/lib/python3.12/site-packages/custom_interfaces-0.0.0-py3.12.egg-info/SOURCES.txt
[0.395s] -- Installing: /home/yura/firstprogram/install/custom_interfaces/lib/python3.12/site-packages/custom_interfaces-0.0.0-py3.12.egg-info/top_level.txt
[0.395s] -- Up-to-date: /home/yura/firstprogram/install/custom_interfaces/lib/python3.12/site-packages/custom_interfaces
[0.395s] -- Up-to-date: /home/yura/firstprogram/install/custom_interfaces/lib/python3.12/site-packages/custom_interfaces/msg
[0.395s] -- Up-to-date: /home/yura/firstprogram/install/custom_interfaces/lib/python3.12/site-packages/custom_interfaces/msg/_coord_s.c
[0.396s] -- Up-to-date: /home/yura/firstprogram/install/custom_interfaces/lib/python3.12/site-packages/custom_interfaces/msg/_coord.py
[0.396s] -- Up-to-date: /home/yura/firstprogram/install/custom_interfaces/lib/python3.12/site-packages/custom_interfaces/msg/__init__.py
[0.396s] -- Up-to-date: /home/yura/firstprogram/install/custom_interfaces/lib/python3.12/site-packages/custom_interfaces/custom_interfaces_s__rosidl_typesupport_fastrtps_c.so
[0.396s] -- Up-to-date: /home/yura/firstprogram/install/custom_interfaces/lib/python3.12/site-packages/custom_interfaces/_custom_interfaces_s.ep.rosidl_typesupport_fastrtps_c.c
[0.396s] -- Up-to-date: /home/yura/firstprogram/install/custom_interfaces/lib/python3.12/site-packages/custom_interfaces/__init__.py
[0.396s] -- Up-to-date: /home/yura/firstprogram/install/custom_interfaces/lib/python3.12/site-packages/custom_interfaces/custom_interfaces_s__rosidl_typesupport_c.so
[0.396s] -- Up-to-date: /home/yura/firstprogram/install/custom_interfaces/lib/python3.12/site-packages/custom_interfaces/_custom_interfaces_s.ep.rosidl_typesupport_c.c
[0.396s] -- Up-to-date: /home/yura/firstprogram/install/custom_interfaces/lib/python3.12/site-packages/custom_interfaces/custom_interfaces_s__rosidl_typesupport_introspection_c.so
[0.396s] -- Up-to-date: /home/yura/firstprogram/install/custom_interfaces/lib/python3.12/site-packages/custom_interfaces/_custom_interfaces_s.ep.rosidl_typesupport_introspection_c.c
[0.422s] Listing '/home/yura/firstprogram/install/custom_interfaces/lib/python3.12/site-packages/custom_interfaces'...
[0.422s] Listing '/home/yura/firstprogram/install/custom_interfaces/lib/python3.12/site-packages/custom_interfaces/msg'...
[0.427s] -- Up-to-date: /home/yura/firstprogram/install/custom_interfaces/lib/python3.12/site-packages/custom_interfaces/custom_interfaces_s__rosidl_typesupport_fastrtps_c.so
[0.428s] -- Up-to-date: /home/yura/firstprogram/install/custom_interfaces/lib/python3.12/site-packages/custom_interfaces/custom_interfaces_s__rosidl_typesupport_introspection_c.so
[0.428s] -- Up-to-date: /home/yura/firstprogram/install/custom_interfaces/lib/python3.12/site-packages/custom_interfaces/custom_interfaces_s__rosidl_typesupport_c.so
[0.429s] -- Up-to-date: /home/yura/firstprogram/install/custom_interfaces/lib/libcustom_interfaces__rosidl_generator_py.so
[0.429s] -- Up-to-date: /home/yura/firstprogram/install/custom_interfaces/share/ament_index/resource_index/rust_packages/custom_interfaces
[0.429s] -- Up-to-date: /home/yura/firstprogram/install/custom_interfaces/share/custom_interfaces/rust
[0.429s] -- Up-to-date: /home/yura/firstprogram/install/custom_interfaces/share/custom_interfaces/rust/Cargo.toml
[0.430s] -- Up-to-date: /home/yura/firstprogram/install/custom_interfaces/share/custom_interfaces/rust/src
[0.430s] -- Up-to-date: /home/yura/firstprogram/install/custom_interfaces/share/custom_interfaces/rust/src/msg.rs
[0.430s] -- Up-to-date: /home/yura/firstprogram/install/custom_interfaces/share/custom_interfaces/rust/src/msg
[0.430s] -- Up-to-date: /home/yura/firstprogram/install/custom_interfaces/share/custom_interfaces/rust/src/msg/rmw.rs
[0.431s] -- Up-to-date: /home/yura/firstprogram/install/custom_interfaces/share/custom_interfaces/rust/src/lib.rs
[0.431s] -- Up-to-date: /home/yura/firstprogram/install/custom_interfaces/share/custom_interfaces/rust/build.rs
[0.431s] -- Up-to-date: /home/yura/firstprogram/install/custom_interfaces/share/custom_interfaces/msg/Coord.idl
[0.431s] -- Up-to-date: /home/yura/firstprogram/install/custom_interfaces/share/custom_interfaces/msg/Coord.msg
[0.431s] -- Up-to-date: /home/yura/firstprogram/install/custom_interfaces/share/ament_index/resource_index/package_run_dependencies/custom_interfaces
[0.431s] -- Up-to-date: /home/yura/firstprogram/install/custom_interfaces/share/ament_index/resource_index/parent_prefix_path/custom_interfaces
[0.431s] -- Up-to-date: /home/yura/firstprogram/install/custom_interfaces/share/custom_interfaces/environment/ament_prefix_path.sh
[0.432s] -- Up-to-date: /home/yura/firstprogram/install/custom_interfaces/share/custom_interfaces/environment/ament_prefix_path.dsv
[0.432s] -- Up-to-date: /home/yura/firstprogram/install/custom_interfaces/share/custom_interfaces/environment/path.sh
[0.432s] -- Up-to-date: /home/yura/firstprogram/install/custom_interfaces/share/custom_interfaces/environment/path.dsv
[0.432s] -- Up-to-date: /home/yura/firstprogram/install/custom_interfaces/share/custom_interfaces/local_setup.bash
[0.432s] -- Up-to-date: /home/yura/firstprogram/install/custom_interfaces/share/custom_interfaces/local_setup.sh
[0.432s] -- Up-to-date: /home/yura/firstprogram/install/custom_interfaces/share/custom_interfaces/local_setup.zsh
[0.432s] -- Up-to-date: /home/yura/firstprogram/install/custom_interfaces/share/custom_interfaces/local_setup.dsv
[0.433s] -- Installing: /home/yura/firstprogram/install/custom_interfaces/share/custom_interfaces/package.dsv
[0.434s] -- Up-to-date: /home/yura/firstprogram/install/custom_interfaces/share/ament_index/resource_index/packages/custom_interfaces
[0.435s] -- Up-to-date: /home/yura/firstprogram/install/custom_interfaces/share/custom_interfaces/cmake/export_custom_interfaces__rosidl_generator_cExport.cmake
[0.435s] -- Up-to-date: /home/yura/firstprogram/install/custom_interfaces/share/custom_interfaces/cmake/export_custom_interfaces__rosidl_generator_cExport-noconfig.cmake
[0.435s] -- Up-to-date: /home/yura/firstprogram/install/custom_interfaces/share/custom_interfaces/cmake/export_custom_interfaces__rosidl_typesupport_fastrtps_cExport.cmake
[0.435s] -- Up-to-date: /home/yura/firstprogram/install/custom_interfaces/share/custom_interfaces/cmake/export_custom_interfaces__rosidl_typesupport_fastrtps_cExport-noconfig.cmake
[0.435s] -- Up-to-date: /home/yura/firstprogram/install/custom_interfaces/share/custom_interfaces/cmake/custom_interfaces__rosidl_typesupport_introspection_cExport.cmake
[0.436s] -- Up-to-date: /home/yura/firstprogram/install/custom_interfaces/share/custom_interfaces/cmake/custom_interfaces__rosidl_typesupport_introspection_cExport-noconfig.cmake
[0.436s] -- Up-to-date: /home/yura/firstprogram/install/custom_interfaces/share/custom_interfaces/cmake/custom_interfaces__rosidl_typesupport_cExport.cmake
[0.436s] -- Up-to-date: /home/yura/firstprogram/install/custom_interfaces/share/custom_interfaces/cmake/custom_interfaces__rosidl_typesupport_cExport-noconfig.cmake
[0.436s] -- Up-to-date: /home/yura/firstprogram/install/custom_interfaces/share/custom_interfaces/cmake/export_custom_interfaces__rosidl_generator_cppExport.cmake
[0.438s] -- Up-to-date: /home/yura/firstprogram/install/custom_interfaces/share/custom_interfaces/cmake/export_custom_interfaces__rosidl_typesupport_fastrtps_cppExport.cmake
[0.438s] -- Up-to-date: /home/yura/firstprogram/install/custom_interfaces/share/custom_interfaces/cmake/export_custom_interfaces__rosidl_typesupport_fastrtps_cppExport-noconfig.cmake
[0.439s] -- Up-to-date: /home/yura/firstprogram/install/custom_interfaces/share/custom_interfaces/cmake/custom_interfaces__rosidl_typesupport_introspection_cppExport.cmake
[0.439s] -- Up-to-date: /home/yura/firstprogram/install/custom_interfaces/share/custom_interfaces/cmake/custom_interfaces__rosidl_typesupport_introspection_cppExport-noconfig.cmake
[0.440s] -- Up-to-date: /home/yura/firstprogram/install/custom_interfaces/share/custom_interfaces/cmake/custom_interfaces__rosidl_typesupport_cppExport.cmake
[0.440s] -- Up-to-date: /home/yura/firstprogram/install/custom_interfaces/share/custom_interfaces/cmake/custom_interfaces__rosidl_typesupport_cppExport-noconfig.cmake
[0.440s] -- Up-to-date: /home/yura/firstprogram/install/custom_interfaces/share/custom_interfaces/cmake/export_custom_interfaces__rosidl_generator_pyExport.cmake
[0.440s] -- Up-to-date: /home/yura/firstprogram/install/custom_interfaces/share/custom_interfaces/cmake/export_custom_interfaces__rosidl_generator_pyExport-noconfig.cmake
[0.441s] -- Up-to-date: /home/yura/firstprogram/install/custom_interfaces/share/custom_interfaces/cmake/rosidl_cmake-extras.cmake
[0.441s] -- Up-to-date: /home/yura/firstprogram/install/custom_interfaces/share/custom_interfaces/cmake/ament_cmake_export_include_directories-extras.cmake
[0.441s] -- Up-to-date: /home/yura/firstprogram/install/custom_interfaces/share/custom_interfaces/cmake/ament_cmake_export_libraries-extras.cmake
[0.441s] -- Up-to-date: /home/yura/firstprogram/install/custom_interfaces/share/custom_interfaces/cmake/ament_cmake_export_targets-extras.cmake
[0.442s] -- Up-to-date: /home/yura/firstprogram/install/custom_interfaces/share/custom_interfaces/cmake/rosidl_cmake_export_typesupport_targets-extras.cmake
[0.442s] -- Up-to-date: /home/yura/firstprogram/install/custom_interfaces/share/custom_interfaces/cmake/ament_cmake_export_dependencies-extras.cmake
[0.442s] -- Up-to-date: /home/yura/firstprogram/install/custom_interfaces/share/custom_interfaces/cmake/rosidl_cmake_export_typesupport_libraries-extras.cmake
[0.442s] -- Up-to-date: /home/yura/firstprogram/install/custom_interfaces/share/custom_interfaces/cmake/custom_interfacesConfig.cmake
[0.442s] -- Up-to-date: /home/yura/firstprogram/install/custom_interfaces/share/custom_interfaces/cmake/custom_interfacesConfig-version.cmake
[0.442s] -- Up-to-date: /home/yura/firstprogram/install/custom_interfaces/share/custom_interfaces/package.xml
[0.444s] Invoked command in '/home/yura/firstprogram/build/custom_interfaces' returned '0': CMAKE_PREFIX_PATH=${CMAKE_PREFIX_PATH}:/opt/ros/jazzy DEBUGINFOD_URLS=https://debuginfod.ubuntu.com /usr/bin/cmake --install /home/yura/firstprogram/build/custom_interfaces
