[0.009s] Invoking command in '/home/yura/firstprogram/build/firstprog': CMAKE_PREFIX_PATH=${CMAKE_PREFIX_PATH}:/home/yura/ros2_ws/install/python_package:/home/yura/ros2_ws/install/python:/home/yura/ros2_ws/install/py_srvcli:/home/yura/ros2_ws/install/py_pubsub:/home/yura/ros2_ws/install/launch_testing_examples:/home/yura/ros2_ws/install/examples_rclpy_pointcloud_publisher:/home/yura/ros2_ws/install/examples_rclpy_minimal_subscriber:/home/yura/ros2_ws/install/examples_rclpy_minimal_service:/home/yura/ros2_ws/install/examples_rclpy_minimal_publisher:/home/yura/ros2_ws/install/examples_rclpy_minimal_client:/home/yura/ros2_ws/install/examples_rclpy_minimal_action_server:/home/yura/ros2_ws/install/examples_rclpy_minimal_action_client:/home/yura/ros2_ws/install/examples_rclpy_guard_conditions:/home/yura/ros2_ws/install/examples_rclpy_executors:/opt/ros/jazzy DEBUGINFOD_URLS=https://debuginfod.ubuntu.com /usr/bin/cmake --build /home/yura/firstprogram/build/firstprog -- -j12 -l12
[0.047s] [100%] Built target my_node
[0.054s] Invoked command in '/home/yura/firstprogram/build/firstprog' returned '0': CMAKE_PREFIX_PATH=${CMAKE_PREFIX_PATH}:/home/yura/ros2_ws/install/python_package:/home/yura/ros2_ws/install/python:/home/yura/ros2_ws/install/py_srvcli:/home/yura/ros2_ws/install/py_pubsub:/home/yura/ros2_ws/install/launch_testing_examples:/home/yura/ros2_ws/install/examples_rclpy_pointcloud_publisher:/home/yura/ros2_ws/install/examples_rclpy_minimal_subscriber:/home/yura/ros2_ws/install/examples_rclpy_minimal_service:/home/yura/ros2_ws/install/examples_rclpy_minimal_publisher:/home/yura/ros2_ws/install/examples_rclpy_minimal_client:/home/yura/ros2_ws/install/examples_rclpy_minimal_action_server:/home/yura/ros2_ws/install/examples_rclpy_minimal_action_client:/home/yura/ros2_ws/install/examples_rclpy_guard_conditions:/home/yura/ros2_ws/install/examples_rclpy_executors:/opt/ros/jazzy DEBUGINFOD_URLS=https://debuginfod.ubuntu.com /usr/bin/cmake --build /home/yura/firstprogram/build/firstprog -- -j12 -l12
[0.064s] Invoking command in '/home/yura/firstprogram/build/firstprog': CMAKE_PREFIX_PATH=${CMAKE_PREFIX_PATH}:/home/yura/ros2_ws/install/python_package:/home/yura/ros2_ws/install/python:/home/yura/ros2_ws/install/py_srvcli:/home/yura/ros2_ws/install/py_pubsub:/home/yura/ros2_ws/install/launch_testing_examples:/home/yura/ros2_ws/install/examples_rclpy_pointcloud_publisher:/home/yura/ros2_ws/install/examples_rclpy_minimal_subscriber:/home/yura/ros2_ws/install/examples_rclpy_minimal_service:/home/yura/ros2_ws/install/examples_rclpy_minimal_publisher:/home/yura/ros2_ws/install/examples_rclpy_minimal_client:/home/yura/ros2_ws/install/examples_rclpy_minimal_action_server:/home/yura/ros2_ws/install/examples_rclpy_minimal_action_client:/home/yura/ros2_ws/install/examples_rclpy_guard_conditions:/home/yura/ros2_ws/install/examples_rclpy_executors:/opt/ros/jazzy DEBUGINFOD_URLS=https://debuginfod.ubuntu.com /usr/bin/cmake --install /home/yura/firstprogram/build/firstprog
[0.072s] -- Install configuration: ""
[0.072s] -- Up-to-date: /home/yura/firstprogram/install/firstprog/lib/firstprog/my_node
[0.072s] -- Up-to-date: /home/yura/firstprogram/install/firstprog/share/ament_index/resource_index/package_run_dependencies/firstprog
[0.072s] -- Up-to-date: /home/yura/firstprogram/install/firstprog/share/ament_index/resource_index/parent_prefix_path/firstprog
[0.072s] -- Up-to-date: /home/yura/firstprogram/install/firstprog/share/firstprog/environment/ament_prefix_path.sh
[0.072s] -- Up-to-date: /home/yura/firstprogram/install/firstprog/share/firstprog/environment/ament_prefix_path.dsv
[0.072s] -- Up-to-date: /home/yura/firstprogram/install/firstprog/share/firstprog/environment/path.sh
[0.072s] -- Up-to-date: /home/yura/firstprogram/install/firstprog/share/firstprog/environment/path.dsv
[0.073s] -- Up-to-date: /home/yura/firstprogram/install/firstprog/share/firstprog/local_setup.bash
[0.073s] -- Up-to-date: /home/yura/firstprogram/install/firstprog/share/firstprog/local_setup.sh
[0.073s] -- Up-to-date: /home/yura/firstprogram/install/firstprog/share/firstprog/local_setup.zsh
[0.074s] -- Up-to-date: /home/yura/firstprogram/install/firstprog/share/firstprog/local_setup.dsv
[0.074s] -- Up-to-date: /home/yura/firstprogram/install/firstprog/share/firstprog/package.dsv
[0.074s] -- Up-to-date: /home/yura/firstprogram/install/firstprog/share/ament_index/resource_index/packages/firstprog
[0.074s] -- Up-to-date: /home/yura/firstprogram/install/firstprog/share/firstprog/cmake/firstprogConfig.cmake
[0.074s] -- Up-to-date: /home/yura/firstprogram/install/firstprog/share/firstprog/cmake/firstprogConfig-version.cmake
[0.074s] -- Up-to-date: /home/yura/firstprogram/install/firstprog/share/firstprog/package.xml
[0.075s] Invoked command in '/home/yura/firstprogram/build/firstprog' returned '0': CMAKE_PREFIX_PATH=${CMAKE_PREFIX_PATH}:/home/yura/ros2_ws/install/python_package:/home/yura/ros2_ws/install/python:/home/yura/ros2_ws/install/py_srvcli:/home/yura/ros2_ws/install/py_pubsub:/home/yura/ros2_ws/install/launch_testing_examples:/home/yura/ros2_ws/install/examples_rclpy_pointcloud_publisher:/home/yura/ros2_ws/install/examples_rclpy_minimal_subscriber:/home/yura/ros2_ws/install/examples_rclpy_minimal_service:/home/yura/ros2_ws/install/examples_rclpy_minimal_publisher:/home/yura/ros2_ws/install/examples_rclpy_minimal_client:/home/yura/ros2_ws/install/examples_rclpy_minimal_action_server:/home/yura/ros2_ws/install/examples_rclpy_minimal_action_client:/home/yura/ros2_ws/install/examples_rclpy_guard_conditions:/home/yura/ros2_ws/install/examples_rclpy_executors:/opt/ros/jazzy DEBUGINFOD_URLS=https://debuginfod.ubuntu.com /usr/bin/cmake --install /home/yura/firstprogram/build/firstprog
